#
# There is insufficient memory for the Java Runtime Environment to continue.
# Native memory allocation (mmap) failed to map 32505856 bytes for Failed to commit area from 0x0000000089a00000 to 0x000000008b900000 of length 32505856.
# Possible reasons:
#   The system is out of physical RAM or swap space
#   The process is running with CompressedOops enabled, and the Java Heap may be blocking the growth of the native heap
# Possible solutions:
#   Reduce memory load on the system
#   Increase physical memory or swap space
#   Check if swap backing store is full
#   Decrease Java heap size (-Xmx/-Xms)
#   Decrease number of Java threads
#   Decrease Java thread stack sizes (-Xss)
#   Set larger code cache with -XX:ReservedCodeCacheSize=
#   JVM is running with Unscaled Compressed Oops mode in which the Java heap is
#     placed in the first 4GB address space. The Java Heap base address is the
#     maximum limit for the native heap growth. Please use -XX:HeapBaseMinAddress
#     to set the Java Heap base and to place the Java Heap above 4GB virtual address.
# This output file may be truncated or incomplete.
#
#  Out of Memory Error (./src/hotspot/os/windows/os_windows.cpp:3521), pid=15232, tid=2800
#
# JRE version: OpenJDK Runtime Environment (11.0.12+7) (build 11.0.12+7-b1504.28-7817840)
# Java VM: OpenJDK 64-Bit Server VM (11.0.12+7-b1504.28-7817840, mixed mode, tiered, compressed oops, g1 gc, windows-amd64)
# No core dump will be written. Minidumps are not enabled by default on client versions of Windows
#

---------------  S U M M A R Y ------------

Command Line: --add-opens=java.base/java.util=ALL-UNNAMED --add-opens=java.base/java.lang=ALL-UNNAMED --add-opens=java.base/java.lang.invoke=ALL-UNNAMED --add-opens=java.base/java.util=ALL-UNNAMED --add-opens=java.prefs/java.util.prefs=ALL-UNNAMED --add-opens=java.prefs/java.util.prefs=ALL-UNNAMED --add-opens=java.base/java.nio.charset=ALL-UNNAMED --add-opens=java.base/java.net=ALL-UNNAMED --add-opens=java.base/java.util.concurrent.atomic=ALL-UNNAMED -Xmx2048m -Dfile.encoding=UTF-8 -Duser.country=US -Duser.language=en -Duser.variant org.gradle.launcher.daemon.bootstrap.GradleDaemon 7.3.3

Host: Intel(R) Core(TM) i7-8550U CPU @ 1.80GHz, 8 cores, 7G,  Windows 10 , 64 bit Build 19041 (10.0.19041.1889)
Time: Tue Aug 16 22:27:51 2022 Pakistan Standard Time elapsed time: 8.724402 seconds (0d 0h 0m 8s)

---------------  T H R E A D  ---------------

Current thread (0x0000019b22556000):  VMThread "VM Thread" [stack: 0x0000005444000000,0x0000005444100000] [id=2800]

Stack: [0x0000005444000000,0x0000005444100000]
[error occurred during error reporting (printing stack bounds), id 0xc0000005, EXCEPTION_ACCESS_VIOLATION (0xc0000005) at pc=0x0000019b0bbe112d]

Native frames: (J=compiled Java code, j=interpreted, Vv=VM code, C=native code)
V  [jvm.dll+0x5fbcea]
V  [jvm.dll+0x731905]
V  [jvm.dll+0x732f1d]
V  [jvm.dll+0x733535]
V  [jvm.dll+0x7334eb]
V  [jvm.dll+0x5fb080]
V  [jvm.dll+0x5fb818]
C  [ntdll.dll+0xa229f]
C  [ntdll.dll+0x51454]
C  [ntdll.dll+0xa0dce]
C  0x0000019b0bbe112d

VM_Operation (0x00000054454f6db0): G1CollectForAllocation, mode: safepoint, requested by thread 0x0000019b23b30800


---------------  P R O C E S S  ---------------

Threads class SMR info:
_java_thread_list=0x0000019b2318ac30, length=123, elements={
0x0000019b080d6000, 0x0000019b2255a000, 0x0000019b22563000, 0x0000019b22ed6000,
0x0000019b22ed7000, 0x0000019b22ed9000, 0x0000019b22ede000, 0x0000019b2257b000,
0x0000019b2257d800, 0x0000019b23035000, 0x0000019b23b31800, 0x0000019b23b34800,
0x0000019b23b32800, 0x0000019b23b35800, 0x0000019b23b36800, 0x0000019b23b34000,
0x0000019b23b33000, 0x0000019b23b30800, 0x0000019b23b37000, 0x0000019b25eee000,
0x0000019b25ee8800, 0x0000019b25eef000, 0x0000019b25eeb000, 0x0000019b25eed000,
0x0000019b25eeb800, 0x0000019b25eec800, 0x0000019b25ee9000, 0x0000019b25eea000,
0x0000019b25ef1800, 0x0000019b25ef5800, 0x0000019b25eef800, 0x0000019b25ef3000,
0x0000019b25ef4800, 0x0000019b28621800, 0x0000019b28627000, 0x0000019b28628000,
0x0000019b28622800, 0x0000019b28625000, 0x0000019b28625800, 0x0000019b28626800,
0x0000019b28623000, 0x0000019b28624000, 0x0000019b29c46000, 0x0000019b29c45800,
0x0000019b29c40800, 0x0000019b29c47000, 0x0000019b29c41000, 0x0000019b29c48000,
0x0000019b29c43800, 0x0000019b29c42000, 0x0000019b29c48800, 0x0000019b29c43000,
0x0000019b29c49800, 0x0000019b29c4a000, 0x0000019b29c44800, 0x0000019b29c4c800,
0x0000019b29c4d800, 0x0000019b29c4e800, 0x0000019b29c4c000, 0x0000019b29c4b000,
0x0000019b29c4f000, 0x0000019b2858b000, 0x0000019b2858c000, 0x0000019b2858f000,
0x0000019b2858e800, 0x0000019b28592800, 0x0000019b2858d800, 0x0000019b28591800,
0x0000019b2858d000, 0x0000019b28593800, 0x0000019b28595000, 0x0000019b28594000,
0x0000019b28595800, 0x0000019b28590000, 0x0000019b28596800, 0x0000019b28591000,
0x0000019b28597800, 0x0000019b2859a000, 0x0000019b28598000, 0x0000019b28599000,
0x0000019b282d5800, 0x0000019b282db000, 0x0000019b282d7800, 0x0000019b282d6000,
0x0000019b282d9800, 0x0000019b282d8800, 0x0000019b282da000, 0x0000019b282dc800,
0x0000019b282d7000, 0x0000019b282de800, 0x0000019b282dd800, 0x0000019b282df000,
0x0000019b282e0000, 0x0000019b282e0800, 0x0000019b282e1800, 0x0000019b282dc000,
0x0000019b282e2800, 0x0000019b282e3000, 0x0000019b282e4000, 0x0000019b255c3000,
0x0000019b255c4800, 0x0000019b255c1800, 0x0000019b255c2800, 0x0000019b255c0800,
0x0000019b255c4000, 0x0000019b255c5800, 0x0000019b255c0000, 0x0000019b255c6800,
0x0000019b255c9000, 0x0000019b255cc000, 0x0000019b255c8000, 0x0000019b255c9800,
0x0000019b255ca800, 0x0000019b255cb800, 0x0000019b255cd000, 0x0000019b255c7000,
0x0000019b255ce800, 0x0000019b255cd800, 0x0000019b28d43000, 0x0000019b28d41800,
0x0000019b28d44000, 0x0000019b28d45800, 0x0000019b28d46800
}

Java Threads: ( => current thread )
  0x0000019b080d6000 JavaThread "main" [_thread_blocked, id=14480, stack(0x0000005443a00000,0x0000005443b00000)]
  0x0000019b2255a000 JavaThread "Reference Handler" daemon [_thread_blocked, id=13992, stack(0x0000005444100000,0x0000005444200000)]
  0x0000019b22563000 JavaThread "Finalizer" daemon [_thread_blocked, id=12788, stack(0x0000005444200000,0x0000005444300000)]
  0x0000019b22ed6000 JavaThread "Signal Dispatcher" daemon [_thread_blocked, id=4704, stack(0x0000005444300000,0x0000005444400000)]
  0x0000019b22ed7000 JavaThread "Attach Listener" daemon [_thread_blocked, id=10688, stack(0x0000005444400000,0x0000005444500000)]
  0x0000019b22ed9000 JavaThread "Service Thread" daemon [_thread_blocked, id=17036, stack(0x0000005444500000,0x0000005444600000)]
  0x0000019b22ede000 JavaThread "C2 CompilerThread0" daemon [_thread_in_native, id=8980, stack(0x0000005444600000,0x0000005444700000)]
  0x0000019b2257b000 JavaThread "C1 CompilerThread0" daemon [_thread_blocked, id=16756, stack(0x0000005444700000,0x0000005444800000)]
  0x0000019b2257d800 JavaThread "Sweeper thread" daemon [_thread_blocked, id=18276, stack(0x0000005444800000,0x0000005444900000)]
  0x0000019b23035000 JavaThread "Common-Cleaner" daemon [_thread_blocked, id=7888, stack(0x0000005444900000,0x0000005444a00000)]
  0x0000019b23b31800 JavaThread "Daemon health stats" [_thread_blocked, id=7700, stack(0x0000005444e00000,0x0000005444f00000)]
  0x0000019b23b34800 JavaThread "Incoming local TCP Connector on port 19092" [_thread_in_native, id=13608, stack(0x0000005444b00000,0x0000005444c00000)]
  0x0000019b23b32800 JavaThread "C2 CompilerThread1" daemon [_thread_blocked, id=15344, stack(0x0000005444f00000,0x0000005445000000)]
  0x0000019b23b35800 JavaThread "Daemon periodic checks" [_thread_blocked, id=11508, stack(0x0000005445000000,0x0000005445100000)]
  0x0000019b23b36800 JavaThread "Daemon" [_thread_blocked, id=8220, stack(0x0000005445100000,0x0000005445200000)]
  0x0000019b23b34000 JavaThread "Handler for socket connection from /127.0.0.1:19092 to /127.0.0.1:19093" [_thread_in_native, id=6476, stack(0x0000005445200000,0x0000005445300000)]
  0x0000019b23b33000 JavaThread "Cancel handler" [_thread_blocked, id=8240, stack(0x0000005445300000,0x0000005445400000)]
  0x0000019b23b30800 JavaThread "Daemon worker" [_thread_blocked, id=4072, stack(0x0000005445400000,0x0000005445500000)]
  0x0000019b23b37000 JavaThread "Asynchronous log dispatcher for DefaultDaemonConnection: socket connection from /127.0.0.1:19092 to /127.0.0.1:19093" [_thread_blocked, id=15476, stack(0x0000005445500000,0x0000005445600000)]
  0x0000019b25eee000 JavaThread "Stdin handler" [_thread_blocked, id=13928, stack(0x0000005445600000,0x0000005445700000)]
  0x0000019b25ee8800 JavaThread "Daemon client event forwarder" [_thread_blocked, id=11124, stack(0x0000005445700000,0x0000005445800000)]
  0x0000019b25eef000 JavaThread "Cache worker for journal cache (C:\Users\HP\.gradle\caches\journal-1)" [_thread_blocked, id=1772, stack(0x0000005445d00000,0x0000005445e00000)]
  0x0000019b25eeb000 JavaThread "File lock request listener" [_thread_in_native, id=16716, stack(0x0000005445e00000,0x0000005445f00000)]
  0x0000019b25eed000 JavaThread "Cache worker for file hash cache (C:\Users\HP\.gradle\caches\7.3.3\fileHashes)" [_thread_blocked, id=9672, stack(0x0000005445f00000,0x0000005446000000)]
  0x0000019b25eeb800 JavaThread "Cache worker for file hash cache (D:\Alovera\plant_detection\.gradle\7.3.3\fileHashes)" [_thread_blocked, id=904, stack(0x0000005446100000,0x0000005446200000)]
  0x0000019b25eec800 JavaThread "File watcher server" daemon [_thread_in_native, id=16252, stack(0x0000005446200000,0x0000005446300000)]
  0x0000019b25ee9000 JavaThread "File watcher consumer" daemon [_thread_blocked, id=13664, stack(0x0000005446300000,0x0000005446400000)]
  0x0000019b25eea000 JavaThread "Cache worker for checksums cache (D:\Alovera\plant_detection\.gradle\7.3.3\checksums)" [_thread_blocked, id=18764, stack(0x0000005446400000,0x0000005446500000)]
  0x0000019b25ef1800 JavaThread "Cache worker for cache directory md-supplier (C:\Users\HP\.gradle\caches\7.3.3\md-supplier)" [_thread_blocked, id=17820, stack(0x0000005446500000,0x0000005446600000)]
  0x0000019b25ef5800 JavaThread "Cache worker for cache directory md-rule (C:\Users\HP\.gradle\caches\7.3.3\md-rule)" [_thread_blocked, id=1700, stack(0x0000005446600000,0x0000005446700000)]
  0x0000019b25eef800 JavaThread "Cache worker for execution history cache (C:\Users\HP\.gradle\caches\7.3.3\executionHistory)" [_thread_blocked, id=8700, stack(0x0000005446700000,0x0000005446800000)]
  0x0000019b25ef3000 JavaThread "jar transforms" [_thread_blocked, id=3272, stack(0x0000005446800000,0x0000005446900000)]
  0x0000019b25ef4800 JavaThread "Cache worker for file content cache (C:\Users\HP\.gradle\caches\7.3.3\fileContent)" [_thread_blocked, id=15072, stack(0x0000005446900000,0x0000005446a00000)]
  0x0000019b28621800 JavaThread "jar transforms Thread 2" [_thread_blocked, id=3128, stack(0x0000005446a00000,0x0000005446b00000)]
  0x0000019b28627000 JavaThread "Cache worker for dependencies-accessors (D:\Alovera\plant_detection\.gradle\7.3.3\dependencies-accessors)" [_thread_blocked, id=15340, stack(0x0000005446b00000,0x0000005446c00000)]
  0x0000019b28628000 JavaThread "jar transforms Thread 3" [_thread_blocked, id=19312, stack(0x0000005446c00000,0x0000005446d00000)]
  0x0000019b28622800 JavaThread "Cache worker for Build Output Cleanup Cache (D:\Alovera\plant_detection\.gradle\buildOutputCleanup)" [_thread_blocked, id=11576, stack(0x0000005446d00000,0x0000005446e00000)]
  0x0000019b28625000 JavaThread "Unconstrained build operations" [_thread_blocked, id=9344, stack(0x0000005446e00000,0x0000005446f00000)]
  0x0000019b28625800 JavaThread "Unconstrained build operations Thread 2" [_thread_blocked, id=5980, stack(0x0000005446f00000,0x0000005447000000)]
  0x0000019b28626800 JavaThread "Unconstrained build operations Thread 3" [_thread_blocked, id=5456, stack(0x0000005447000000,0x0000005447100000)]
  0x0000019b28623000 JavaThread "Unconstrained build operations Thread 4" [_thread_blocked, id=6392, stack(0x0000005447100000,0x0000005447200000)]
  0x0000019b28624000 JavaThread "Unconstrained build operations Thread 5" [_thread_blocked, id=17864, stack(0x0000005447200000,0x0000005447300000)]
  0x0000019b29c46000 JavaThread "Unconstrained build operations Thread 6" [_thread_blocked, id=13544, stack(0x0000005447300000,0x0000005447400000)]
  0x0000019b29c45800 JavaThread "Unconstrained build operations Thread 7" [_thread_blocked, id=17088, stack(0x0000005447400000,0x0000005447500000)]
  0x0000019b29c40800 JavaThread "Unconstrained build operations Thread 8" [_thread_blocked, id=3356, stack(0x0000005447500000,0x0000005447600000)]
  0x0000019b29c47000 JavaThread "Unconstrained build operations Thread 9" [_thread_blocked, id=1316, stack(0x0000005447600000,0x0000005447700000)]
  0x0000019b29c41000 JavaThread "Unconstrained build operations Thread 10" [_thread_blocked, id=1380, stack(0x0000005447700000,0x0000005447800000)]
  0x0000019b29c48000 JavaThread "Unconstrained build operations Thread 11" [_thread_blocked, id=10796, stack(0x0000005447800000,0x0000005447900000)]
  0x0000019b29c43800 JavaThread "Unconstrained build operations Thread 12" [_thread_blocked, id=4392, stack(0x0000005447900000,0x0000005447a00000)]
  0x0000019b29c42000 JavaThread "Unconstrained build operations Thread 13" [_thread_blocked, id=19392, stack(0x0000005447a00000,0x0000005447b00000)]
  0x0000019b29c48800 JavaThread "Unconstrained build operations Thread 14" [_thread_blocked, id=13576, stack(0x0000005447b00000,0x0000005447c00000)]
  0x0000019b29c43000 JavaThread "Unconstrained build operations Thread 15" [_thread_blocked, id=5820, stack(0x0000005447c00000,0x0000005447d00000)]
  0x0000019b29c49800 JavaThread "Unconstrained build operations Thread 16" [_thread_blocked, id=7812, stack(0x0000005447d00000,0x0000005447e00000)]
  0x0000019b29c4a000 JavaThread "Unconstrained build operations Thread 17" [_thread_blocked, id=9880, stack(0x0000005447e00000,0x0000005447f00000)]
  0x0000019b29c44800 JavaThread "Unconstrained build operations Thread 18" [_thread_blocked, id=10944, stack(0x0000005447f00000,0x0000005448000000)]
  0x0000019b29c4c800 JavaThread "Unconstrained build operations Thread 19" [_thread_blocked, id=1348, stack(0x0000005448000000,0x0000005448100000)]
  0x0000019b29c4d800 JavaThread "Unconstrained build operations Thread 20" [_thread_blocked, id=2152, stack(0x0000005448100000,0x0000005448200000)]
  0x0000019b29c4e800 JavaThread "Unconstrained build operations Thread 21" [_thread_blocked, id=12496, stack(0x0000005448200000,0x0000005448300000)]
  0x0000019b29c4c000 JavaThread "Unconstrained build operations Thread 22" [_thread_blocked, id=5696, stack(0x0000005448300000,0x0000005448400000)]
  0x0000019b29c4b000 JavaThread "Unconstrained build operations Thread 23" [_thread_blocked, id=17744, stack(0x0000005448400000,0x0000005448500000)]
  0x0000019b29c4f000 JavaThread "Unconstrained build operations Thread 24" [_thread_blocked, id=15904, stack(0x0000005448500000,0x0000005448600000)]
  0x0000019b2858b000 JavaThread "Unconstrained build operations Thread 25" [_thread_blocked, id=13128, stack(0x0000005448600000,0x0000005448700000)]
  0x0000019b2858c000 JavaThread "Unconstrained build operations Thread 26" [_thread_blocked, id=15664, stack(0x0000005448700000,0x0000005448800000)]
  0x0000019b2858f000 JavaThread "Unconstrained build operations Thread 27" [_thread_blocked, id=1572, stack(0x0000005448800000,0x0000005448900000)]
  0x0000019b2858e800 JavaThread "Unconstrained build operations Thread 28" [_thread_blocked, id=16692, stack(0x0000005448900000,0x0000005448a00000)]
  0x0000019b28592800 JavaThread "Unconstrained build operations Thread 29" [_thread_blocked, id=18904, stack(0x0000005448a00000,0x0000005448b00000)]
  0x0000019b2858d800 JavaThread "Unconstrained build operations Thread 30" [_thread_blocked, id=16740, stack(0x0000005448b00000,0x0000005448c00000)]
  0x0000019b28591800 JavaThread "Unconstrained build operations Thread 31" [_thread_blocked, id=18692, stack(0x0000005448c00000,0x0000005448d00000)]
  0x0000019b2858d000 JavaThread "Unconstrained build operations Thread 32" [_thread_blocked, id=12016, stack(0x0000005448d00000,0x0000005448e00000)]
  0x0000019b28593800 JavaThread "Unconstrained build operations Thread 33" [_thread_blocked, id=17216, stack(0x0000005448e00000,0x0000005448f00000)]
  0x0000019b28595000 JavaThread "Unconstrained build operations Thread 34" [_thread_blocked, id=3256, stack(0x0000005448f00000,0x0000005449000000)]
  0x0000019b28594000 JavaThread "Unconstrained build operations Thread 35" [_thread_blocked, id=7452, stack(0x0000005449000000,0x0000005449100000)]
  0x0000019b28595800 JavaThread "Unconstrained build operations Thread 36" [_thread_blocked, id=7836, stack(0x0000005449100000,0x0000005449200000)]
  0x0000019b28590000 JavaThread "Unconstrained build operations Thread 37" [_thread_blocked, id=12584, stack(0x0000005449200000,0x0000005449300000)]
  0x0000019b28596800 JavaThread "Unconstrained build operations Thread 38" [_thread_blocked, id=14244, stack(0x0000005449300000,0x0000005449400000)]
  0x0000019b28591000 JavaThread "Unconstrained build operations Thread 39" [_thread_blocked, id=18392, stack(0x0000005449400000,0x0000005449500000)]
  0x0000019b28597800 JavaThread "Unconstrained build operations Thread 40" [_thread_blocked, id=2760, stack(0x0000005449500000,0x0000005449600000)]
  0x0000019b2859a000 JavaThread "Unconstrained build operations Thread 41" [_thread_blocked, id=17056, stack(0x0000005449600000,0x0000005449700000)]
  0x0000019b28598000 JavaThread "Unconstrained build operations Thread 42" [_thread_blocked, id=10320, stack(0x0000005449700000,0x0000005449800000)]
  0x0000019b28599000 JavaThread "Unconstrained build operations Thread 43" [_thread_blocked, id=1120, stack(0x0000005449800000,0x0000005449900000)]
  0x0000019b282d5800 JavaThread "Unconstrained build operations Thread 44" [_thread_blocked, id=15556, stack(0x0000005449900000,0x0000005449a00000)]
  0x0000019b282db000 JavaThread "Unconstrained build operations Thread 45" [_thread_blocked, id=17880, stack(0x0000005449a00000,0x0000005449b00000)]
  0x0000019b282d7800 JavaThread "Unconstrained build operations Thread 46" [_thread_blocked, id=1160, stack(0x0000005449b00000,0x0000005449c00000)]
  0x0000019b282d6000 JavaThread "Unconstrained build operations Thread 47" [_thread_blocked, id=11836, stack(0x0000005449c00000,0x0000005449d00000)]
  0x0000019b282d9800 JavaThread "Unconstrained build operations Thread 48" [_thread_blocked, id=14068, stack(0x0000005449d00000,0x0000005449e00000)]
  0x0000019b282d8800 JavaThread "Unconstrained build operations Thread 49" [_thread_blocked, id=16836, stack(0x0000005449e00000,0x0000005449f00000)]
  0x0000019b282da000 JavaThread "Unconstrained build operations Thread 50" [_thread_blocked, id=12980, stack(0x0000005449f00000,0x000000544a000000)]
  0x0000019b282dc800 JavaThread "Unconstrained build operations Thread 51" [_thread_blocked, id=1164, stack(0x000000544a000000,0x000000544a100000)]
  0x0000019b282d7000 JavaThread "Unconstrained build operations Thread 52" [_thread_blocked, id=8304, stack(0x000000544a100000,0x000000544a200000)]
  0x0000019b282de800 JavaThread "Unconstrained build operations Thread 53" [_thread_blocked, id=19004, stack(0x000000544a200000,0x000000544a300000)]
  0x0000019b282dd800 JavaThread "Unconstrained build operations Thread 54" [_thread_blocked, id=5752, stack(0x000000544a300000,0x000000544a400000)]
  0x0000019b282df000 JavaThread "Unconstrained build operations Thread 55" [_thread_blocked, id=3552, stack(0x000000544a400000,0x000000544a500000)]
  0x0000019b282e0000 JavaThread "Unconstrained build operations Thread 56" [_thread_blocked, id=10600, stack(0x000000544a500000,0x000000544a600000)]
  0x0000019b282e0800 JavaThread "Unconstrained build operations Thread 57" [_thread_blocked, id=5532, stack(0x000000544a600000,0x000000544a700000)]
  0x0000019b282e1800 JavaThread "Unconstrained build operations Thread 58" [_thread_blocked, id=3424, stack(0x000000544a700000,0x000000544a800000)]
  0x0000019b282dc000 JavaThread "Unconstrained build operations Thread 59" [_thread_blocked, id=14556, stack(0x000000544a800000,0x000000544a900000)]
  0x0000019b282e2800 JavaThread "Unconstrained build operations Thread 60" [_thread_blocked, id=11640, stack(0x000000544a900000,0x000000544aa00000)]
  0x0000019b282e3000 JavaThread "Unconstrained build operations Thread 61" [_thread_blocked, id=15396, stack(0x000000544aa00000,0x000000544ab00000)]
  0x0000019b282e4000 JavaThread "Unconstrained build operations Thread 62" [_thread_blocked, id=17232, stack(0x000000544ab00000,0x000000544ac00000)]
  0x0000019b255c3000 JavaThread "Unconstrained build operations Thread 63" [_thread_blocked, id=16428, stack(0x000000544ac00000,0x000000544ad00000)]
  0x0000019b255c4800 JavaThread "Unconstrained build operations Thread 64" [_thread_blocked, id=14000, stack(0x000000544ad00000,0x000000544ae00000)]
  0x0000019b255c1800 JavaThread "Unconstrained build operations Thread 65" [_thread_blocked, id=8292, stack(0x000000544ae00000,0x000000544af00000)]
  0x0000019b255c2800 JavaThread "Unconstrained build operations Thread 66" [_thread_blocked, id=2444, stack(0x000000544af00000,0x000000544b000000)]
  0x0000019b255c0800 JavaThread "Unconstrained build operations Thread 67" [_thread_blocked, id=4604, stack(0x000000544b000000,0x000000544b100000)]
  0x0000019b255c4000 JavaThread "Unconstrained build operations Thread 68" [_thread_blocked, id=796, stack(0x000000544b100000,0x000000544b200000)]
  0x0000019b255c5800 JavaThread "Unconstrained build operations Thread 69" [_thread_blocked, id=19076, stack(0x000000544b200000,0x000000544b300000)]
  0x0000019b255c0000 JavaThread "Unconstrained build operations Thread 70" [_thread_blocked, id=16764, stack(0x000000544b300000,0x000000544b400000)]
  0x0000019b255c6800 JavaThread "Unconstrained build operations Thread 71" [_thread_blocked, id=15748, stack(0x000000544b400000,0x000000544b500000)]
  0x0000019b255c9000 JavaThread "Unconstrained build operations Thread 72" [_thread_blocked, id=16104, stack(0x000000544b500000,0x000000544b600000)]
  0x0000019b255cc000 JavaThread "Unconstrained build operations Thread 73" [_thread_blocked, id=19240, stack(0x000000544b600000,0x000000544b700000)]
  0x0000019b255c8000 JavaThread "Unconstrained build operations Thread 74" [_thread_blocked, id=18748, stack(0x000000544b700000,0x000000544b800000)]
  0x0000019b255c9800 JavaThread "Unconstrained build operations Thread 75" [_thread_blocked, id=10200, stack(0x000000544b800000,0x000000544b900000)]
  0x0000019b255ca800 JavaThread "Unconstrained build operations Thread 76" [_thread_blocked, id=19340, stack(0x000000544b900000,0x000000544ba00000)]
  0x0000019b255cb800 JavaThread "Unconstrained build operations Thread 77" [_thread_blocked, id=9208, stack(0x000000544ba00000,0x000000544bb00000)]
  0x0000019b255cd000 JavaThread "Unconstrained build operations Thread 78" [_thread_blocked, id=15128, stack(0x000000544bb00000,0x000000544bc00000)]
  0x0000019b255c7000 JavaThread "Unconstrained build operations Thread 79" [_thread_blocked, id=16368, stack(0x000000544bc00000,0x000000544bd00000)]
  0x0000019b255ce800 JavaThread "Unconstrained build operations Thread 80" [_thread_blocked, id=17804, stack(0x000000544bd00000,0x000000544be00000)]
  0x0000019b255cd800 JavaThread "jar transforms Thread 4" [_thread_blocked, id=1020, stack(0x000000544be00000,0x000000544bf00000)]
  0x0000019b28d43000 JavaThread "jar transforms Thread 5" [_thread_blocked, id=5904, stack(0x000000544bf00000,0x000000544c000000)]
  0x0000019b28d41800 JavaThread "jar transforms Thread 6" [_thread_blocked, id=17552, stack(0x000000544c000000,0x000000544c100000)]
  0x0000019b28d44000 JavaThread "jar transforms Thread 7" [_thread_blocked, id=3756, stack(0x000000544c100000,0x000000544c200000)]
  0x0000019b28d45800 JavaThread "jar transforms Thread 8" [_thread_blocked, id=11848, stack(0x000000544c200000,0x000000544c300000)]
  0x0000019b28d46800 JavaThread "Memory manager" [_thread_blocked, id=8284, stack(0x000000544c300000,0x000000544c400000)]

Other Threads:
=>0x0000019b22556000 VMThread "VM Thread" [stack: 0x0000005444000000,0x0000005444100000] [id=2800]
  0x0000019b2303e000 WatcherThread [stack: 0x0000005444a00000,0x0000005444b00000] [id=11652]
  0x0000019b080f0000 GCTaskThread "GC Thread#0" [stack: 0x0000005443b00000,0x0000005443c00000] [id=17712]
  0x0000019b23321000 GCTaskThread "GC Thread#1" [stack: 0x0000005444c00000,0x0000005444d00000] [id=14008]
  0x0000019b234f6800 GCTaskThread "GC Thread#2" [stack: 0x0000005444d00000,0x0000005444e00000] [id=17668]
  0x0000019b24864800 GCTaskThread "GC Thread#3" [stack: 0x0000005445800000,0x0000005445900000] [id=17444]
  0x0000019b250ae800 GCTaskThread "GC Thread#4" [stack: 0x0000005445900000,0x0000005445a00000] [id=6284]
  0x0000019b230de800 GCTaskThread "GC Thread#5" [stack: 0x0000005445a00000,0x0000005445b00000] [id=17092]
  0x0000019b24e68000 GCTaskThread "GC Thread#6" [stack: 0x0000005445b00000,0x0000005445c00000] [id=9348]
  0x0000019b24f64000 GCTaskThread "GC Thread#7" [stack: 0x0000005445c00000,0x0000005445d00000] [id=11384]
  0x0000019b08121800 ConcurrentGCThread "G1 Main Marker" [stack: 0x0000005443c00000,0x0000005443d00000] [id=15104]
  0x0000019b08123000 ConcurrentGCThread "G1 Conc#0" [stack: 0x0000005443d00000,0x0000005443e00000] [id=2692]
  0x0000019b24f68000 ConcurrentGCThread "G1 Conc#1" [stack: 0x0000005446000000,0x0000005446100000] [id=18380]
  0x0000019b081ae800 ConcurrentGCThread "G1 Refine#0" [stack: 0x0000005443e00000,0x0000005443f00000] [id=12092]
  0x0000019b223a6800 ConcurrentGCThread "G1 Young RemSet Sampling" [stack: 0x0000005443f00000,0x0000005444000000] [id=16904]

Threads with active compile tasks:
C2 CompilerThread0   8766 6096       4       org.objectweb.asm.MethodWriter::computeAllFrames (510 bytes)
C2 CompilerThread1   8766 5991       4       org.gradle.internal.instantiation.generator.AbstractClassGenerator$InjectionAnnotationValidator::validateMethod (502 bytes)

VM state:at safepoint (normal execution)

VM Mutex/Monitor currently owned by a thread:  ([mutex/lock_event])
[0x0000019b080d2750] Threads_lock - owner thread: 0x0000019b22556000
[0x0000019b080d2630] Heap_lock - owner thread: 0x0000019b23b30800

Heap address: 0x0000000080000000, size: 2048 MB, Compressed Oops mode: 32-bit
Narrow klass base: 0x0000000000000000, Narrow klass shift: 3
Compressed class space size: 1073741824 Address: 0x0000000100000000

Heap:
 garbage-first heap   total 189440K, used 51978K [0x0000000080000000, 0x0000000100000000)
  region size 1024K, 5 young (5120K), 5 survivors (5120K)
 Metaspace       used 63151K, capacity 64760K, committed 64904K, reserved 1105920K
  class space    used 8037K, capacity 8616K, committed 8656K, reserved 1048576K
Heap Regions: E=young(eden), S=young(survivor), O=old, HS=humongous(starts), HC=humongous(continues), CS=collection set, F=free, A=archive, TAMS=top-at-mark-start (previous, next)
|   0|0x0000000080000000, 0x0000000080100000, 0x0000000080100000|100%| O|  |TAMS 0x0000000080100000, 0x0000000080100000| Untracked 
|   1|0x0000000080100000, 0x0000000080200000, 0x0000000080200000|100%| O|  |TAMS 0x0000000080200000, 0x0000000080200000| Untracked 
|   2|0x0000000080200000, 0x0000000080300000, 0x0000000080300000|100%| O|  |TAMS 0x0000000080300000, 0x0000000080300000| Untracked 
|   3|0x0000000080300000, 0x0000000080400000, 0x0000000080400000|100%|HS|  |TAMS 0x0000000080400000, 0x0000000080400000| Complete 
|   4|0x0000000080400000, 0x0000000080500000, 0x0000000080500000|100%|HC|  |TAMS 0x0000000080500000, 0x0000000080500000| Complete 
|   5|0x0000000080500000, 0x0000000080600000, 0x0000000080600000|100%|HC|  |TAMS 0x0000000080600000, 0x0000000080600000| Complete 
|   6|0x0000000080600000, 0x0000000080700000, 0x0000000080700000|100%| O|  |TAMS 0x0000000080700000, 0x0000000080700000| Untracked 
|   7|0x0000000080700000, 0x0000000080800000, 0x0000000080800000|100%| O|  |TAMS 0x0000000080800000, 0x0000000080800000| Untracked 
|   8|0x0000000080800000, 0x0000000080900000, 0x0000000080900000|100%| O|  |TAMS 0x0000000080900000, 0x0000000080900000| Untracked 
|   9|0x0000000080900000, 0x0000000080a00000, 0x0000000080a00000|100%| O|  |TAMS 0x0000000080a00000, 0x0000000080a00000| Untracked 
|  10|0x0000000080a00000, 0x0000000080b00000, 0x0000000080b00000|100%| O|  |TAMS 0x0000000080b00000, 0x0000000080b00000| Untracked 
|  11|0x0000000080b00000, 0x0000000080c00000, 0x0000000080c00000|100%| O|  |TAMS 0x0000000080c00000, 0x0000000080c00000| Untracked 
|  12|0x0000000080c00000, 0x0000000080d00000, 0x0000000080d00000|100%| O|  |TAMS 0x0000000080d00000, 0x0000000080d00000| Untracked 
|  13|0x0000000080d00000, 0x0000000080e00000, 0x0000000080e00000|100%| O|  |TAMS 0x0000000080e00000, 0x0000000080e00000| Untracked 
|  14|0x0000000080e00000, 0x0000000080f00000, 0x0000000080f00000|100%| O|  |TAMS 0x0000000080f00000, 0x0000000080f00000| Untracked 
|  15|0x0000000080f00000, 0x0000000081000000, 0x0000000081000000|100%| O|  |TAMS 0x0000000081000000, 0x0000000081000000| Untracked 
|  16|0x0000000081000000, 0x0000000081100000, 0x0000000081100000|100%| O|  |TAMS 0x0000000081100000, 0x0000000081100000| Untracked 
|  17|0x0000000081100000, 0x0000000081200000, 0x0000000081200000|100%| O|  |TAMS 0x0000000081200000, 0x0000000081200000| Untracked 
|  18|0x0000000081200000, 0x0000000081300000, 0x0000000081300000|100%| O|  |TAMS 0x0000000081300000, 0x0000000081300000| Untracked 
|  19|0x0000000081300000, 0x0000000081400000, 0x0000000081400000|100%| O|  |TAMS 0x0000000081400000, 0x0000000081400000| Untracked 
|  20|0x0000000081400000, 0x0000000081500000, 0x0000000081500000|100%| O|  |TAMS 0x0000000081500000, 0x0000000081500000| Untracked 
|  21|0x0000000081500000, 0x0000000081600000, 0x0000000081600000|100%| O|  |TAMS 0x0000000081600000, 0x0000000081600000| Untracked 
|  22|0x0000000081600000, 0x0000000081700000, 0x0000000081700000|100%| O|  |TAMS 0x0000000081700000, 0x0000000081700000| Untracked 
|  23|0x0000000081700000, 0x0000000081800000, 0x0000000081800000|100%| O|  |TAMS 0x0000000081800000, 0x0000000081800000| Untracked 
|  24|0x0000000081800000, 0x0000000081900000, 0x0000000081900000|100%| O|  |TAMS 0x0000000081900000, 0x0000000081900000| Untracked 
|  25|0x0000000081900000, 0x0000000081a00000, 0x0000000081a00000|100%| O|  |TAMS 0x0000000081a00000, 0x0000000081a00000| Untracked 
|  26|0x0000000081a00000, 0x0000000081b00000, 0x0000000081b00000|100%| O|  |TAMS 0x0000000081b00000, 0x0000000081b00000| Untracked 
|  27|0x0000000081b00000, 0x0000000081c00000, 0x0000000081c00000|100%|HS|  |TAMS 0x0000000081c00000, 0x0000000081c00000| Complete 
|  28|0x0000000081c00000, 0x0000000081d00000, 0x0000000081d00000|100%|HS|  |TAMS 0x0000000081d00000, 0x0000000081d00000| Complete 
|  29|0x0000000081d00000, 0x0000000081e00000, 0x0000000081e00000|100%|HS|  |TAMS 0x0000000081e00000, 0x0000000081e00000| Complete 
|  30|0x0000000081e00000, 0x0000000081f00000, 0x0000000081f00000|100%|HC|  |TAMS 0x0000000081f00000, 0x0000000081f00000| Complete 
|  31|0x0000000081f00000, 0x0000000082000000, 0x0000000082000000|100%| O|  |TAMS 0x0000000082000000, 0x0000000082000000| Untracked 
|  32|0x0000000082000000, 0x0000000082100000, 0x0000000082100000|100%| O|  |TAMS 0x0000000082100000, 0x0000000082100000| Untracked 
|  33|0x0000000082100000, 0x0000000082200000, 0x0000000082200000|100%| O|  |TAMS 0x0000000082200000, 0x0000000082200000| Untracked 
|  34|0x0000000082200000, 0x0000000082300000, 0x0000000082300000|100%| O|  |TAMS 0x0000000082300000, 0x0000000082300000| Untracked 
|  35|0x0000000082300000, 0x0000000082400000, 0x0000000082400000|100%| O|  |TAMS 0x0000000082400000, 0x0000000082400000| Untracked 
|  36|0x0000000082400000, 0x0000000082500000, 0x0000000082500000|100%| O|  |TAMS 0x0000000082500000, 0x0000000082500000| Untracked 
|  37|0x0000000082500000, 0x0000000082600000, 0x0000000082600000|100%| O|  |TAMS 0x0000000082600000, 0x0000000082600000| Untracked 
|  38|0x0000000082600000, 0x0000000082700000, 0x0000000082700000|100%| O|  |TAMS 0x0000000082700000, 0x0000000082700000| Untracked 
|  39|0x0000000082700000, 0x0000000082800000, 0x0000000082800000|100%| O|  |TAMS 0x0000000082800000, 0x0000000082800000| Untracked 
|  40|0x0000000082800000, 0x0000000082900000, 0x0000000082900000|100%| O|  |TAMS 0x0000000082900000, 0x0000000082900000| Untracked 
|  41|0x0000000082900000, 0x0000000082a00000, 0x0000000082a00000|100%| O|  |TAMS 0x0000000082a00000, 0x0000000082a00000| Untracked 
|  42|0x0000000082a00000, 0x0000000082b00000, 0x0000000082b00000|100%| O|  |TAMS 0x0000000082b00000, 0x0000000082b00000| Untracked 
|  43|0x0000000082b00000, 0x0000000082c00000, 0x0000000082c00000|100%| O|  |TAMS 0x0000000082c00000, 0x0000000082c00000| Untracked 
|  44|0x0000000082c00000, 0x0000000082d00000, 0x0000000082d00000|100%| O|  |TAMS 0x0000000082d00000, 0x0000000082d00000| Untracked 
|  45|0x0000000082d00000, 0x0000000082e00000, 0x0000000082e00000|100%| O|  |TAMS 0x0000000082e00000, 0x0000000082e00000| Untracked 
|  46|0x0000000082e00000, 0x0000000082e53600, 0x0000000082f00000| 32%| O|  |TAMS 0x0000000082e53600, 0x0000000082e53600| Untracked 
|  47|0x0000000082f00000, 0x0000000082f00000, 0x0000000083000000|  0%| F|  |TAMS 0x0000000082f00000, 0x0000000082f00000| Untracked 
|  48|0x0000000083000000, 0x0000000083000000, 0x0000000083100000|  0%| F|  |TAMS 0x0000000083000000, 0x0000000083000000| Untracked 
|  49|0x0000000083100000, 0x0000000083100000, 0x0000000083200000|  0%| F|  |TAMS 0x0000000083100000, 0x0000000083100000| Untracked 
|  50|0x0000000083200000, 0x0000000083200000, 0x0000000083300000|  0%| F|  |TAMS 0x0000000083200000, 0x0000000083200000| Untracked 
|  51|0x0000000083300000, 0x0000000083300000, 0x0000000083400000|  0%| F|  |TAMS 0x0000000083300000, 0x0000000083300000| Untracked 
|  52|0x0000000083400000, 0x0000000083400000, 0x0000000083500000|  0%| F|  |TAMS 0x0000000083400000, 0x0000000083400000| Untracked 
|  53|0x0000000083500000, 0x0000000083500000, 0x0000000083600000|  0%| F|  |TAMS 0x0000000083500000, 0x0000000083500000| Untracked 
|  54|0x0000000083600000, 0x0000000083600000, 0x0000000083700000|  0%| F|  |TAMS 0x0000000083600000, 0x0000000083600000| Untracked 
|  55|0x0000000083700000, 0x0000000083700000, 0x0000000083800000|  0%| F|  |TAMS 0x0000000083700000, 0x0000000083700000| Untracked 
|  56|0x0000000083800000, 0x0000000083800000, 0x0000000083900000|  0%| F|  |TAMS 0x0000000083800000, 0x0000000083800000| Untracked 
|  57|0x0000000083900000, 0x0000000083900000, 0x0000000083a00000|  0%| F|  |TAMS 0x0000000083900000, 0x0000000083900000| Untracked 
|  58|0x0000000083a00000, 0x0000000083a00000, 0x0000000083b00000|  0%| F|  |TAMS 0x0000000083a00000, 0x0000000083a00000| Untracked 
|  59|0x0000000083b00000, 0x0000000083b00000, 0x0000000083c00000|  0%| F|  |TAMS 0x0000000083b00000, 0x0000000083b00000| Untracked 
|  60|0x0000000083c00000, 0x0000000083c00000, 0x0000000083d00000|  0%| F|  |TAMS 0x0000000083c00000, 0x0000000083c00000| Untracked 
|  61|0x0000000083d00000, 0x0000000083d00000, 0x0000000083e00000|  0%| F|  |TAMS 0x0000000083d00000, 0x0000000083d00000| Untracked 
|  62|0x0000000083e00000, 0x0000000083e00000, 0x0000000083f00000|  0%| F|  |TAMS 0x0000000083e00000, 0x0000000083e00000| Untracked 
|  63|0x0000000083f00000, 0x0000000083f00000, 0x0000000084000000|  0%| F|  |TAMS 0x0000000083f00000, 0x0000000083f00000| Untracked 
|  64|0x0000000084000000, 0x0000000084000000, 0x0000000084100000|  0%| F|  |TAMS 0x0000000084000000, 0x0000000084000000| Untracked 
|  65|0x0000000084100000, 0x0000000084100000, 0x0000000084200000|  0%| F|  |TAMS 0x0000000084100000, 0x0000000084100000| Untracked 
|  66|0x0000000084200000, 0x0000000084200000, 0x0000000084300000|  0%| F|  |TAMS 0x0000000084200000, 0x0000000084200000| Untracked 
|  67|0x0000000084300000, 0x0000000084300000, 0x0000000084400000|  0%| F|  |TAMS 0x0000000084300000, 0x0000000084300000| Untracked 
|  68|0x0000000084400000, 0x0000000084400000, 0x0000000084500000|  0%| F|  |TAMS 0x0000000084400000, 0x0000000084400000| Untracked 
|  69|0x0000000084500000, 0x0000000084500000, 0x0000000084600000|  0%| F|  |TAMS 0x0000000084500000, 0x0000000084500000| Untracked 
|  70|0x0000000084600000, 0x0000000084600000, 0x0000000084700000|  0%| F|  |TAMS 0x0000000084600000, 0x0000000084600000| Untracked 
|  71|0x0000000084700000, 0x0000000084700000, 0x0000000084800000|  0%| F|  |TAMS 0x0000000084700000, 0x0000000084700000| Untracked 
|  72|0x0000000084800000, 0x0000000084800000, 0x0000000084900000|  0%| F|  |TAMS 0x0000000084800000, 0x0000000084800000| Untracked 
|  73|0x0000000084900000, 0x0000000084900000, 0x0000000084a00000|  0%| F|  |TAMS 0x0000000084900000, 0x0000000084900000| Untracked 
|  74|0x0000000084a00000, 0x0000000084a00000, 0x0000000084b00000|  0%| F|  |TAMS 0x0000000084a00000, 0x0000000084a00000| Untracked 
|  75|0x0000000084b00000, 0x0000000084b00000, 0x0000000084c00000|  0%| F|  |TAMS 0x0000000084b00000, 0x0000000084b00000| Untracked 
|  76|0x0000000084c00000, 0x0000000084c00000, 0x0000000084d00000|  0%| F|  |TAMS 0x0000000084c00000, 0x0000000084c00000| Untracked 
|  77|0x0000000084d00000, 0x0000000084d00000, 0x0000000084e00000|  0%| F|  |TAMS 0x0000000084d00000, 0x0000000084d00000| Untracked 
|  78|0x0000000084e00000, 0x0000000084e00000, 0x0000000084f00000|  0%| F|  |TAMS 0x0000000084e00000, 0x0000000084e00000| Untracked 
|  79|0x0000000084f00000, 0x0000000084f00000, 0x0000000085000000|  0%| F|  |TAMS 0x0000000084f00000, 0x0000000084f00000| Untracked 
|  80|0x0000000085000000, 0x0000000085000000, 0x0000000085100000|  0%| F|  |TAMS 0x0000000085000000, 0x0000000085000000| Untracked 
|  81|0x0000000085100000, 0x0000000085100000, 0x0000000085200000|  0%| F|  |TAMS 0x0000000085100000, 0x0000000085100000| Untracked 
|  82|0x0000000085200000, 0x0000000085200000, 0x0000000085300000|  0%| F|  |TAMS 0x0000000085200000, 0x0000000085200000| Untracked 
|  83|0x0000000085300000, 0x0000000085300000, 0x0000000085400000|  0%| F|  |TAMS 0x0000000085300000, 0x0000000085300000| Untracked 
|  84|0x0000000085400000, 0x0000000085400000, 0x0000000085500000|  0%| F|  |TAMS 0x0000000085400000, 0x0000000085400000| Untracked 
|  85|0x0000000085500000, 0x0000000085500000, 0x0000000085600000|  0%| F|  |TAMS 0x0000000085500000, 0x0000000085500000| Untracked 
|  86|0x0000000085600000, 0x0000000085600000, 0x0000000085700000|  0%| F|  |TAMS 0x0000000085600000, 0x0000000085600000| Untracked 
|  87|0x0000000085700000, 0x0000000085700000, 0x0000000085800000|  0%| F|  |TAMS 0x0000000085700000, 0x0000000085700000| Untracked 
|  88|0x0000000085800000, 0x0000000085800000, 0x0000000085900000|  0%| F|  |TAMS 0x0000000085800000, 0x0000000085800000| Untracked 
|  89|0x0000000085900000, 0x0000000085900000, 0x0000000085a00000|  0%| F|  |TAMS 0x0000000085900000, 0x0000000085900000| Untracked 
|  90|0x0000000085a00000, 0x0000000085a00000, 0x0000000085b00000|  0%| F|  |TAMS 0x0000000085a00000, 0x0000000085a00000| Untracked 
|  91|0x0000000085b00000, 0x0000000085b00000, 0x0000000085c00000|  0%| F|  |TAMS 0x0000000085b00000, 0x0000000085b00000| Untracked 
|  92|0x0000000085c00000, 0x0000000085c00000, 0x0000000085d00000|  0%| F|  |TAMS 0x0000000085c00000, 0x0000000085c00000| Untracked 
|  93|0x0000000085d00000, 0x0000000085d00000, 0x0000000085e00000|  0%| F|  |TAMS 0x0000000085d00000, 0x0000000085d00000| Untracked 
|  94|0x0000000085e00000, 0x0000000085e00000, 0x0000000085f00000|  0%| F|  |TAMS 0x0000000085e00000, 0x0000000085e00000| Untracked 
|  95|0x0000000085f00000, 0x0000000085f00000, 0x0000000086000000|  0%| F|  |TAMS 0x0000000085f00000, 0x0000000085f00000| Untracked 
|  96|0x0000000086000000, 0x0000000086000000, 0x0000000086100000|  0%| F|  |TAMS 0x0000000086000000, 0x0000000086000000| Untracked 
|  97|0x0000000086100000, 0x0000000086100000, 0x0000000086200000|  0%| F|  |TAMS 0x0000000086100000, 0x0000000086100000| Untracked 
|  98|0x0000000086200000, 0x0000000086200000, 0x0000000086300000|  0%| F|  |TAMS 0x0000000086200000, 0x0000000086200000| Untracked 
|  99|0x0000000086300000, 0x0000000086300000, 0x0000000086400000|  0%| F|  |TAMS 0x0000000086300000, 0x0000000086300000| Untracked 
| 100|0x0000000086400000, 0x0000000086400000, 0x0000000086500000|  0%| F|  |TAMS 0x0000000086400000, 0x0000000086400000| Untracked 
| 101|0x0000000086500000, 0x0000000086500000, 0x0000000086600000|  0%| F|  |TAMS 0x0000000086500000, 0x0000000086500000| Untracked 
| 102|0x0000000086600000, 0x0000000086600000, 0x0000000086700000|  0%| F|  |TAMS 0x0000000086600000, 0x0000000086600000| Untracked 
| 103|0x0000000086700000, 0x000000008676f3c0, 0x0000000086800000| 43%| S|CS|TAMS 0x0000000086700000, 0x0000000086700000| Complete 
| 104|0x0000000086800000, 0x0000000086900000, 0x0000000086900000|100%| S|CS|TAMS 0x0000000086800000, 0x0000000086800000| Complete 
| 105|0x0000000086900000, 0x0000000086a00000, 0x0000000086a00000|100%| S|CS|TAMS 0x0000000086900000, 0x0000000086900000| Complete 
| 106|0x0000000086a00000, 0x0000000086b00000, 0x0000000086b00000|100%| S|CS|TAMS 0x0000000086a00000, 0x0000000086a00000| Complete 
| 107|0x0000000086b00000, 0x0000000086c00000, 0x0000000086c00000|100%| S|CS|TAMS 0x0000000086b00000, 0x0000000086b00000| Complete 
| 108|0x0000000086c00000, 0x0000000086c00000, 0x0000000086d00000|  0%| F|  |TAMS 0x0000000086c00000, 0x0000000086c00000| Untracked 
| 109|0x0000000086d00000, 0x0000000086d00000, 0x0000000086e00000|  0%| F|  |TAMS 0x0000000086d00000, 0x0000000086d00000| Untracked 
| 110|0x0000000086e00000, 0x0000000086e00000, 0x0000000086f00000|  0%| F|  |TAMS 0x0000000086e00000, 0x0000000086e00000| Untracked 
| 111|0x0000000086f00000, 0x0000000086f00000, 0x0000000087000000|  0%| F|  |TAMS 0x0000000086f00000, 0x0000000086f00000| Untracked 
| 112|0x0000000087000000, 0x0000000087000000, 0x0000000087100000|  0%| F|  |TAMS 0x0000000087000000, 0x0000000087000000| Untracked 
| 113|0x0000000087100000, 0x0000000087100000, 0x0000000087200000|  0%| F|  |TAMS 0x0000000087100000, 0x0000000087100000| Untracked 
| 114|0x0000000087200000, 0x0000000087200000, 0x0000000087300000|  0%| F|  |TAMS 0x0000000087200000, 0x0000000087200000| Untracked 
| 115|0x0000000087300000, 0x0000000087300000, 0x0000000087400000|  0%| F|  |TAMS 0x0000000087300000, 0x0000000087300000| Untracked 
| 116|0x0000000087400000, 0x0000000087400000, 0x0000000087500000|  0%| F|  |TAMS 0x0000000087400000, 0x0000000087400000| Untracked 
| 117|0x0000000087500000, 0x0000000087500000, 0x0000000087600000|  0%| F|  |TAMS 0x0000000087500000, 0x0000000087500000| Untracked 
| 118|0x0000000087600000, 0x0000000087600000, 0x0000000087700000|  0%| F|  |TAMS 0x0000000087600000, 0x0000000087600000| Untracked 
| 119|0x0000000087700000, 0x0000000087700000, 0x0000000087800000|  0%| F|  |TAMS 0x0000000087700000, 0x0000000087700000| Untracked 
| 120|0x0000000087800000, 0x0000000087800000, 0x0000000087900000|  0%| F|  |TAMS 0x0000000087800000, 0x0000000087800000| Untracked 
| 121|0x0000000087900000, 0x0000000087900000, 0x0000000087a00000|  0%| F|  |TAMS 0x0000000087900000, 0x0000000087900000| Untracked 
| 122|0x0000000087a00000, 0x0000000087a00000, 0x0000000087b00000|  0%| F|  |TAMS 0x0000000087a00000, 0x0000000087a00000| Untracked 
| 123|0x0000000087b00000, 0x0000000087b00000, 0x0000000087c00000|  0%| F|  |TAMS 0x0000000087b00000, 0x0000000087b00000| Untracked 
| 124|0x0000000087c00000, 0x0000000087c00000, 0x0000000087d00000|  0%| F|  |TAMS 0x0000000087c00000, 0x0000000087c00000| Untracked 
| 125|0x0000000087d00000, 0x0000000087d00000, 0x0000000087e00000|  0%| F|  |TAMS 0x0000000087d00000, 0x0000000087d00000| Untracked 
| 126|0x0000000087e00000, 0x0000000087e00000, 0x0000000087f00000|  0%| F|  |TAMS 0x0000000087e00000, 0x0000000087e00000| Untracked 
| 127|0x0000000087f00000, 0x0000000087f00000, 0x0000000088000000|  0%| F|  |TAMS 0x0000000087f00000, 0x0000000087f00000| Untracked 
| 128|0x0000000088000000, 0x0000000088000000, 0x0000000088100000|  0%| F|  |TAMS 0x0000000088000000, 0x0000000088000000| Untracked 
| 129|0x0000000088100000, 0x0000000088100000, 0x0000000088200000|  0%| F|  |TAMS 0x0000000088100000, 0x0000000088100000| Untracked 
| 130|0x0000000088200000, 0x0000000088200000, 0x0000000088300000|  0%| F|  |TAMS 0x0000000088200000, 0x0000000088200000| Untracked 
| 131|0x0000000088300000, 0x0000000088300000, 0x0000000088400000|  0%| F|  |TAMS 0x0000000088300000, 0x0000000088300000| Untracked 
| 132|0x0000000088400000, 0x0000000088400000, 0x0000000088500000|  0%| F|  |TAMS 0x0000000088400000, 0x0000000088400000| Untracked 
| 133|0x0000000088500000, 0x0000000088500000, 0x0000000088600000|  0%| F|  |TAMS 0x0000000088500000, 0x0000000088500000| Untracked 
| 134|0x0000000088600000, 0x0000000088600000, 0x0000000088700000|  0%| F|  |TAMS 0x0000000088600000, 0x0000000088600000| Untracked 
| 135|0x0000000088700000, 0x0000000088700000, 0x0000000088800000|  0%| F|  |TAMS 0x0000000088700000, 0x0000000088700000| Untracked 
| 136|0x0000000088800000, 0x0000000088800000, 0x0000000088900000|  0%| F|  |TAMS 0x0000000088800000, 0x0000000088800000| Untracked 
| 137|0x0000000088900000, 0x0000000088900000, 0x0000000088a00000|  0%| F|  |TAMS 0x0000000088900000, 0x0000000088900000| Untracked 
| 138|0x0000000088a00000, 0x0000000088a00000, 0x0000000088b00000|  0%| F|  |TAMS 0x0000000088a00000, 0x0000000088a00000| Untracked 
| 139|0x0000000088b00000, 0x0000000088b00000, 0x0000000088c00000|  0%| F|  |TAMS 0x0000000088b00000, 0x0000000088b00000| Untracked 
| 140|0x0000000088c00000, 0x0000000088c00000, 0x0000000088d00000|  0%| F|  |TAMS 0x0000000088c00000, 0x0000000088c00000| Untracked 
| 141|0x0000000088d00000, 0x0000000088d00000, 0x0000000088e00000|  0%| F|  |TAMS 0x0000000088d00000, 0x0000000088d00000| Untracked 
| 142|0x0000000088e00000, 0x0000000088e00000, 0x0000000088f00000|  0%| F|  |TAMS 0x0000000088e00000, 0x0000000088e00000| Untracked 
| 143|0x0000000088f00000, 0x0000000088f00000, 0x0000000089000000|  0%| F|  |TAMS 0x0000000088f00000, 0x0000000088f00000| Untracked 
| 144|0x0000000089000000, 0x0000000089000000, 0x0000000089100000|  0%| F|  |TAMS 0x0000000089000000, 0x0000000089000000| Untracked 
| 145|0x0000000089100000, 0x0000000089100000, 0x0000000089200000|  0%| F|  |TAMS 0x0000000089100000, 0x0000000089100000| Untracked 
| 146|0x0000000089200000, 0x0000000089200000, 0x0000000089300000|  0%| F|  |TAMS 0x0000000089200000, 0x0000000089200000| Untracked 
| 147|0x0000000089300000, 0x0000000089300000, 0x0000000089400000|  0%| F|  |TAMS 0x0000000089300000, 0x0000000089300000| Untracked 
| 148|0x0000000089400000, 0x0000000089400000, 0x0000000089500000|  0%| F|  |TAMS 0x0000000089400000, 0x0000000089400000| Untracked 
| 149|0x0000000089500000, 0x0000000089500000, 0x0000000089600000|  0%| F|  |TAMS 0x0000000089500000, 0x0000000089500000| Untracked 
| 150|0x0000000089600000, 0x0000000089600000, 0x0000000089700000|  0%| F|  |TAMS 0x0000000089600000, 0x0000000089600000| Untracked 
| 151|0x0000000089700000, 0x0000000089700000, 0x0000000089800000|  0%| F|  |TAMS 0x0000000089700000, 0x0000000089700000| Untracked 
| 152|0x0000000089800000, 0x0000000089800000, 0x0000000089900000|  0%| F|  |TAMS 0x0000000089800000, 0x0000000089800000| Untracked 
| 153|0x0000000089900000, 0x0000000089900000, 0x0000000089a00000|  0%| F|  |TAMS 0x0000000089900000, 0x0000000089900000| Untracked 

Card table byte_map: [0x0000019b1b310000,0x0000019b1b710000] _byte_map_base: 0x0000019b1af10000

Marking Bits (Prev, Next): (CMBitMap*) 0x0000019b08118b70, (CMBitMap*) 0x0000019b08118b38
 Prev Bits: [0x0000019b1db10000, 0x0000019b1fb10000)
 Next Bits: [0x0000019b1bb10000, 0x0000019b1db10000)

Polling page: 0x0000019b078b0000

Metaspace:

Usage:
  Non-class:     54.83 MB capacity,    53.82 MB ( 98%) used,   865.11 KB (  2%) free+waste,   164.38 KB ( <1%) overhead. 
      Class:      8.41 MB capacity,     7.85 MB ( 93%) used,   501.06 KB (  6%) free+waste,    77.56 KB ( <1%) overhead. 
       Both:     63.24 MB capacity,    61.67 MB ( 98%) used,     1.33 MB (  2%) free+waste,   241.94 KB ( <1%) overhead. 

Virtual space:
  Non-class space:       56.00 MB reserved,      54.93 MB ( 98%) committed 
      Class space:        1.00 GB reserved,       8.45 MB ( <1%) committed 
             Both:        1.05 GB reserved,      63.38 MB (  6%) committed 

Chunk freelists:
   Non-Class:  40.00 KB
       Class:  24.00 KB
        Both:  64.00 KB

MaxMetaspaceSize: 17179869184.00 GB
CompressedClassSpaceSize: 1.00 GB
Initial GC threshold: 20.80 MB
Current GC threshold: 98.97 MB
CDS: off

CodeHeap 'non-profiled nmethods': size=120000Kb used=3229Kb max_used=3229Kb free=116770Kb
 bounds [0x0000019b136b0000, 0x0000019b139e0000, 0x0000019b1abe0000]
CodeHeap 'profiled nmethods': size=120000Kb used=12187Kb max_used=12187Kb free=107812Kb
 bounds [0x0000019b0c180000, 0x0000019b0cd70000, 0x0000019b136b0000]
CodeHeap 'non-nmethods': size=5760Kb used=2336Kb max_used=2372Kb free=3424Kb
 bounds [0x0000019b0bbe0000, 0x0000019b0be50000, 0x0000019b0c180000]
 total_blobs=6909 nmethods=6065 adapters=756
 compilation: enabled
              stopped_count=0, restarted_count=0
 full_count=0

Compilation events (20 events):
Event: 8.689 Thread 0x0000019b23b32800 5991       4       org.gradle.internal.instantiation.generator.AbstractClassGenerator$InjectionAnnotationValidator::validateMethod (502 bytes)
Event: 8.690 Thread 0x0000019b2257b000 nmethod 6117 0x0000019b0cd5e310 code [0x0000019b0cd5e720, 0x0000019b0cd5ff08]
Event: 8.694 Thread 0x0000019b2257b000 6119       3       org.gradle.internal.instantiation.generator.AbstractClassGenerator$PropertyMetadata::addSetter (41 bytes)
Event: 8.695 Thread 0x0000019b2257b000 nmethod 6119 0x0000019b0cd60610 code [0x0000019b0cd60800, 0x0000019b0cd60cd8]
Event: 8.696 Thread 0x0000019b2257b000 6120       3       com.android.utils.StringHelper::usLocaleDecapitalize (156 bytes)
Event: 8.698 Thread 0x0000019b2257b000 nmethod 6120 0x0000019b0cd60e90 code [0x0000019b0cd61240, 0x0000019b0cd62548]
Event: 8.698 Thread 0x0000019b2257b000 6121       3       org.objectweb.asm.Frame::accept (264 bytes)
Event: 8.699 Thread 0x0000019b2257b000 nmethod 6121 0x0000019b0cd62c90 code [0x0000019b0cd62ec0, 0x0000019b0cd637d8]
Event: 8.699 Thread 0x0000019b2257b000 6122       3       org.objectweb.asm.MethodWriter::visitFrameStart (55 bytes)
Event: 8.699 Thread 0x0000019b2257b000 nmethod 6122 0x0000019b0cd63b90 code [0x0000019b0cd63d60, 0x0000019b0cd64058]
Event: 8.701 Thread 0x0000019b2257b000 6123       1       com.android.build.gradle.internal.dsl.decorator.DslDecorator$ManagedProperty::getAccess (5 bytes)
Event: 8.701 Thread 0x0000019b2257b000 nmethod 6123 0x0000019b139d7390 code [0x0000019b139d7540, 0x0000019b139d75f8]
Event: 8.701 Thread 0x0000019b2257b000 6124       3       org.objectweb.asm.Type::getOpcode (284 bytes)
Event: 8.701 Thread 0x0000019b2257b000 nmethod 6124 0x0000019b0cd64190 code [0x0000019b0cd64400, 0x0000019b0cd64f78]
Event: 8.701 Thread 0x0000019b2257b000 6125       3       org.objectweb.asm.Frame::pop (53 bytes)
Event: 8.702 Thread 0x0000019b2257b000 nmethod 6125 0x0000019b0cd65210 code [0x0000019b0cd65460, 0x0000019b0cd65bf8]
Event: 8.708 Thread 0x0000019b2257b000 6127       3       org.objectweb.asm.ByteVector::put122 (93 bytes)
Event: 8.709 Thread 0x0000019b2257b000 nmethod 6127 0x0000019b0cd65f10 code [0x0000019b0cd660e0, 0x0000019b0cd66368]
Event: 8.709 Thread 0x0000019b2257b000 6128       3       org.objectweb.asm.MethodWriter::visitTypeInsn (116 bytes)
Event: 8.709 Thread 0x0000019b2257b000 nmethod 6128 0x0000019b0cd66510 code [0x0000019b0cd66700, 0x0000019b0cd66b68]

GC Heap History (20 events):
Event: 2.759 GC heap after
{Heap after GC invocations=3 (full 0):
 garbage-first heap   total 131072K, used 16312K [0x0000000080000000, 0x0000000100000000)
  region size 1024K, 7 young (7168K), 7 survivors (7168K)
 Metaspace       used 17549K, capacity 17903K, committed 18176K, reserved 1064960K
  class space    used 2076K, capacity 2209K, committed 2304K, reserved 1048576K
}
Event: 3.042 GC heap before
{Heap before GC invocations=3 (full 0):
 garbage-first heap   total 131072K, used 46008K [0x0000000080000000, 0x0000000100000000)
  region size 1024K, 37 young (37888K), 7 survivors (7168K)
 Metaspace       used 20755K, capacity 21149K, committed 21296K, reserved 1069056K
  class space    used 2563K, capacity 2716K, committed 2816K, reserved 1048576K
}
Event: 3.052 GC heap after
{Heap after GC invocations=4 (full 0):
 garbage-first heap   total 131072K, used 17291K [0x0000000080000000, 0x0000000100000000)
  region size 1024K, 2 young (2048K), 2 survivors (2048K)
 Metaspace       used 20755K, capacity 21149K, committed 21296K, reserved 1069056K
  class space    used 2563K, capacity 2716K, committed 2816K, reserved 1048576K
}
Event: 3.599 GC heap before
{Heap before GC invocations=5 (full 0):
 garbage-first heap   total 131072K, used 69515K [0x0000000080000000, 0x0000000100000000)
  region size 1024K, 53 young (54272K), 2 survivors (2048K)
 Metaspace       used 26378K, capacity 26929K, committed 27008K, reserved 1073152K
  class space    used 3433K, capacity 3653K, committed 3712K, reserved 1048576K
}
Event: 3.603 GC heap after
{Heap after GC invocations=6 (full 0):
 garbage-first heap   total 131072K, used 19042K [0x0000000080000000, 0x0000000100000000)
  region size 1024K, 3 young (3072K), 3 survivors (3072K)
 Metaspace       used 26378K, capacity 26929K, committed 27008K, reserved 1073152K
  class space    used 3433K, capacity 3653K, committed 3712K, reserved 1048576K
}
Event: 4.360 GC heap before
{Heap before GC invocations=6 (full 0):
 garbage-first heap   total 131072K, used 76386K [0x0000000080000000, 0x0000000100000000)
  region size 1024K, 59 young (60416K), 3 survivors (3072K)
 Metaspace       used 33277K, capacity 34068K, committed 34176K, reserved 1079296K
  class space    used 4355K, capacity 4672K, committed 4736K, reserved 1048576K
}
Event: 4.366 GC heap after
{Heap after GC invocations=7 (full 0):
 garbage-first heap   total 131072K, used 21690K [0x0000000080000000, 0x0000000100000000)
  region size 1024K, 6 young (6144K), 6 survivors (6144K)
 Metaspace       used 33277K, capacity 34068K, committed 34176K, reserved 1079296K
  class space    used 4355K, capacity 4672K, committed 4736K, reserved 1048576K
}
Event: 4.443 GC heap before
{Heap before GC invocations=7 (full 0):
 garbage-first heap   total 131072K, used 23738K [0x0000000080000000, 0x0000000100000000)
  region size 1024K, 9 young (9216K), 6 survivors (6144K)
 Metaspace       used 35011K, capacity 35835K, committed 35920K, reserved 1081344K
  class space    used 4558K, capacity 4879K, committed 4944K, reserved 1048576K
}
Event: 4.450 GC heap after
{Heap after GC invocations=8 (full 0):
 garbage-first heap   total 131072K, used 22649K [0x0000000080000000, 0x0000000100000000)
  region size 1024K, 6 young (6144K), 6 survivors (6144K)
 Metaspace       used 35011K, capacity 35835K, committed 35920K, reserved 1081344K
  class space    used 4558K, capacity 4879K, committed 4944K, reserved 1048576K
}
Event: 5.117 GC heap before
{Heap before GC invocations=9 (full 0):
 garbage-first heap   total 131072K, used 82041K [0x0000000080000000, 0x0000000100000000)
  region size 1024K, 62 young (63488K), 6 survivors (6144K)
 Metaspace       used 39422K, capacity 40369K, committed 40528K, reserved 1085440K
  class space    used 5057K, capacity 5385K, committed 5456K, reserved 1048576K
}
Event: 5.128 GC heap after
{Heap after GC invocations=10 (full 0):
 garbage-first heap   total 131072K, used 28119K [0x0000000080000000, 0x0000000100000000)
  region size 1024K, 8 young (8192K), 8 survivors (8192K)
 Metaspace       used 39422K, capacity 40369K, committed 40528K, reserved 1085440K
  class space    used 5057K, capacity 5385K, committed 5456K, reserved 1048576K
}
Event: 5.840 GC heap before
{Heap before GC invocations=10 (full 0):
 garbage-first heap   total 131072K, used 86487K [0x0000000080000000, 0x0000000100000000)
  region size 1024K, 64 young (65536K), 8 survivors (8192K)
 Metaspace       used 44649K, capacity 45778K, committed 45904K, reserved 1089536K
  class space    used 5735K, capacity 6131K, committed 6224K, reserved 1048576K
}
Event: 5.851 GC heap after
{Heap after GC invocations=11 (full 0):
 garbage-first heap   total 157696K, used 30587K [0x0000000080000000, 0x0000000100000000)
  region size 1024K, 8 young (8192K), 8 survivors (8192K)
 Metaspace       used 44649K, capacity 45778K, committed 45904K, reserved 1089536K
  class space    used 5735K, capacity 6131K, committed 6224K, reserved 1048576K
}
Event: 6.638 GC heap before
{Heap before GC invocations=11 (full 0):
 garbage-first heap   total 157696K, used 100219K [0x0000000080000000, 0x0000000100000000)
  region size 1024K, 76 young (77824K), 8 survivors (8192K)
 Metaspace       used 48171K, capacity 49414K, committed 49744K, reserved 1091584K
  class space    used 6191K, capacity 6640K, committed 6736K, reserved 1048576K
}
Event: 6.650 GC heap after
{Heap after GC invocations=12 (full 0):
 garbage-first heap   total 157696K, used 34303K [0x0000000080000000, 0x0000000100000000)
  region size 1024K, 7 young (7168K), 7 survivors (7168K)
 Metaspace       used 48171K, capacity 49414K, committed 49744K, reserved 1091584K
  class space    used 6191K, capacity 6640K, committed 6736K, reserved 1048576K
}
Event: 7.928 GC heap before
{Heap before GC invocations=12 (full 0):
 garbage-first heap   total 157696K, used 121343K [0x0000000080000000, 0x0000000100000000)
  region size 1024K, 88 young (90112K), 7 survivors (7168K)
 Metaspace       used 57243K, capacity 58731K, committed 58832K, reserved 1099776K
  class space    used 7284K, capacity 7806K, committed 7888K, reserved 1048576K
}
Event: 7.940 GC heap after
{Heap after GC invocations=13 (full 0):
 garbage-first heap   total 157696K, used 46714K [0x0000000080000000, 0x0000000100000000)
  region size 1024K, 11 young (11264K), 11 survivors (11264K)
 Metaspace       used 57243K, capacity 58731K, committed 58832K, reserved 1099776K
  class space    used 7284K, capacity 7806K, committed 7888K, reserved 1048576K
}
Event: 8.075 GC heap before
{Heap before GC invocations=13 (full 0):
 garbage-first heap   total 157696K, used 54906K [0x0000000080000000, 0x0000000100000000)
  region size 1024K, 20 young (20480K), 11 survivors (11264K)
 Metaspace       used 58650K, capacity 60098K, committed 60296K, reserved 1101824K
  class space    used 7487K, capacity 8028K, committed 8144K, reserved 1048576K
}
Event: 8.090 GC heap after
{Heap after GC invocations=14 (full 0):
 garbage-first heap   total 157696K, used 49051K [0x0000000080000000, 0x0000000100000000)
  region size 1024K, 2 young (2048K), 2 survivors (2048K)
 Metaspace       used 58650K, capacity 60098K, committed 60296K, reserved 1101824K
  class space    used 7487K, capacity 8028K, committed 8144K, reserved 1048576K
}
Event: 8.713 GC heap before
{Heap before GC invocations=15 (full 0):
 garbage-first heap   total 157696K, used 93083K [0x0000000080000000, 0x0000000100000000)
  region size 1024K, 46 young (47104K), 2 survivors (2048K)
 Metaspace       used 63151K, capacity 64760K, committed 64904K, reserved 1105920K
  class space    used 8037K, capacity 8616K, committed 8656K, reserved 1048576K
}

Deoptimization events (20 events):
Event: 8.337 Thread 0x0000019b23b30800 Uncommon trap: trap_request=0xffffff4d fr.pc=0x0000019b13947ea8 relative=0x0000000000000268
Event: 8.337 Thread 0x0000019b23b30800 Uncommon trap: reason=unstable_if action=reinterpret pc=0x0000019b13947ea8 method=java.util.LinkedHashMap.get(Ljava/lang/Object;)Ljava/lang/Object; @ 20 c2
Event: 8.337 Thread 0x0000019b23b30800 DEOPT PACKING pc=0x0000019b13947ea8 sp=0x00000054454f4160
Event: 8.337 Thread 0x0000019b23b30800 DEOPT UNPACKING pc=0x0000019b0bc2a1af sp=0x00000054454f4118 mode 2
Event: 8.344 Thread 0x0000019b23b30800 Uncommon trap: trap_request=0xffffff4d fr.pc=0x0000019b13795754 relative=0x0000000000000414
Event: 8.344 Thread 0x0000019b23b30800 Uncommon trap: reason=unstable_if action=reinterpret pc=0x0000019b13795754 method=java.lang.StringLatin1.regionMatchesCI([BI[BII)Z @ 66 c2
Event: 8.344 Thread 0x0000019b23b30800 DEOPT PACKING pc=0x0000019b13795754 sp=0x00000054454f3eb0
Event: 8.344 Thread 0x0000019b23b30800 DEOPT UNPACKING pc=0x0000019b0bc2a1af sp=0x00000054454f3e40 mode 2
Event: 8.353 Thread 0x0000019b23b30800 DEOPT PACKING pc=0x0000019b0ccba363 sp=0x00000054454f3cc0
Event: 8.353 Thread 0x0000019b23b30800 DEOPT UNPACKING pc=0x0000019b0bc2a95e sp=0x00000054454f3180 mode 0
Event: 8.353 Thread 0x0000019b23b30800 DEOPT PACKING pc=0x0000019b0ccb9bd0 sp=0x00000054454f3c70
Event: 8.353 Thread 0x0000019b23b30800 DEOPT UNPACKING pc=0x0000019b0bc2a95e sp=0x00000054454f30e8 mode 0
Event: 8.453 Thread 0x0000019b23b30800 Uncommon trap: trap_request=0xffffffcc fr.pc=0x0000019b139b8e14 relative=0x00000000000010f4
Event: 8.454 Thread 0x0000019b23b30800 Uncommon trap: reason=intrinsic_or_type_checked_inlining action=make_not_entrant pc=0x0000019b139b8e14 method=java.util.ArrayList.toArray([Ljava/lang/Object;)[Ljava/lang/Object; @ 36 c2
Event: 8.454 Thread 0x0000019b23b30800 DEOPT PACKING pc=0x0000019b139b8e14 sp=0x00000054454ec820
Event: 8.454 Thread 0x0000019b23b30800 DEOPT UNPACKING pc=0x0000019b0bc2a1af sp=0x00000054454ec778 mode 2
Event: 8.546 Thread 0x0000019b23b30800 Uncommon trap: trap_request=0xffffffcc fr.pc=0x0000019b13992970 relative=0x0000000000001050
Event: 8.547 Thread 0x0000019b23b30800 Uncommon trap: reason=intrinsic_or_type_checked_inlining action=make_not_entrant pc=0x0000019b13992970 method=java.util.ArrayList.toArray([Ljava/lang/Object;)[Ljava/lang/Object; @ 36 c2
Event: 8.547 Thread 0x0000019b23b30800 DEOPT PACKING pc=0x0000019b13992970 sp=0x00000054454f5080
Event: 8.547 Thread 0x0000019b23b30800 DEOPT UNPACKING pc=0x0000019b0bc2a1af sp=0x00000054454f4fd8 mode 2

Classes redefined (0 events):
No events

Internal exceptions (20 events):
Event: 7.047 Thread 0x0000019b25ee8800 Exception <a 'java/lang/NoSuchMethodError'{0x00000000881bd998}: <clinit>> (0x00000000881bd998) thrown at [./src/hotspot/share/prims/jni.cpp, line 1365]
Event: 7.049 Thread 0x0000019b25ee8800 Exception <a 'java/lang/NoSuchMethodError'{0x00000000881cff20}: <clinit>> (0x00000000881cff20) thrown at [./src/hotspot/share/prims/jni.cpp, line 1365]
Event: 7.050 Thread 0x0000019b25ee8800 Exception <a 'java/lang/NoSuchMethodError'{0x00000000881da468}: <clinit>> (0x00000000881da468) thrown at [./src/hotspot/share/prims/jni.cpp, line 1365]
Event: 7.052 Thread 0x0000019b25ee8800 Exception <a 'java/lang/NoSuchMethodError'{0x00000000881ee358}: <clinit>> (0x00000000881ee358) thrown at [./src/hotspot/share/prims/jni.cpp, line 1365]
Event: 7.059 Thread 0x0000019b23b30800 Exception <a 'java/lang/ClassNotFoundException'{0x0000000088074700}: build_5agklr0ja7836q1mjobagcwjBeanInfo> (0x0000000088074700) thrown at [./src/hotspot/share/classfile/systemDictionary.cpp, line 231]
Event: 7.060 Thread 0x0000019b23b30800 Exception <a 'java/lang/ClassNotFoundException'{0x000000008807f698}: build_5agklr0ja7836q1mjobagcwjCustomizer> (0x000000008807f698) thrown at [./src/hotspot/share/classfile/systemDictionary.cpp, line 231]
Event: 7.088 Thread 0x0000019b23b30800 Exception <a 'java/lang/ClassNotFoundException'{0x0000000087e52078}: org/gradle/api/internal/plugins/DefaultObjectConfigurationActionBeanInfo> (0x0000000087e52078) thrown at [./src/hotspot/share/classfile/systemDictionary.cpp, line 231]
Event: 7.088 Thread 0x0000019b23b30800 Exception <a 'java/lang/ClassNotFoundException'{0x0000000087e87630}: org/gradle/api/internal/plugins/DefaultObjectConfigurationActionCustomizer> (0x0000000087e87630) thrown at [./src/hotspot/share/classfile/systemDictionary.cpp, line 231]
Event: 7.220 Thread 0x0000019b23b30800 Exception <a 'java/lang/NoSuchMethodError'{0x00000000874a2b88}: 'java.lang.Object java.lang.invoke.DirectMethodHandle$Holder.invokeStatic(java.lang.Object, java.lang.Object, java.lang.Object, java.lang.Object, int)'> (0x00000000874a2b88) thrown at [./src/hotspot/share/interpreter/linkResolver.cpp, line 773]
Event: 7.221 Thread 0x0000019b23b30800 Exception <a 'java/lang/NoSuchMethodError'{0x00000000874a7580}: 'java.lang.Object java.lang.invoke.DirectMethodHandle$Holder.invokeSpecial(java.lang.Object, java.lang.Object, java.lang.Object, java.lang.Object, java.lang.Object, int)'> (0x00000000874a7580) thrown at [./src/hotspot/share/interpreter/linkResolver.cpp, line 773]
Event: 7.221 Thread 0x0000019b23b30800 Exception <a 'java/lang/NoSuchMethodError'{0x00000000874abbc0}: 'java.lang.Object java.lang.invoke.Invokers$Holder.linkToTargetMethod(java.lang.Object, java.lang.Object, java.lang.Object, int, java.lang.Object)'> (0x00000000874abbc0) thrown at [./src/hotspot/share/interpreter/linkResolver.cpp, line 773]
Event: 7.436 Thread 0x0000019b23b30800 Exception <a 'java/lang/NoSuchMethodError'{0x00000000866df6b8}: 'java.lang.Object java.lang.invoke.DirectMethodHandle$Holder.invokeSpecial(java.lang.Object, java.lang.Object, int, int, java.lang.Object, java.lang.Object, java.lang.Object)'> (0x00000000866df6b8) thrown at [./src/hotspot/share/interpreter/linkResolver.cpp, line 773]
Event: 7.436 Thread 0x0000019b23b30800 Exception <a 'java/lang/NoSuchMethodError'{0x00000000866e3c38}: 'java.lang.Object java.lang.invoke.DelegatingMethodHandle$Holder.reinvoke_L(java.lang.Object, int, int, java.lang.Object, java.lang.Object, java.lang.Object)'> (0x00000000866e3c38) thrown at [./src/hotspot/share/interpreter/linkResolver.cpp, line 773]
Event: 7.668 Thread 0x0000019b23b30800 Exception <a 'java/lang/NoSuchMethodError'{0x00000000859e4a38}: 'int java.lang.invoke.DirectMethodHandle$Holder.invokeInterface(java.lang.Object, java.lang.Object, java.lang.Object, java.lang.Object)'> (0x00000000859e4a38) thrown at [./src/hotspot/share/interpreter/linkResolver.cpp, line 773]
Event: 7.920 Thread 0x0000019b23b30800 Exception <a 'java/lang/NoSuchMethodError'{0x0000000084287238}: 'void java.lang.invoke.DirectMethodHandle$Holder.invokeInterface(java.lang.Object, java.lang.Object, java.lang.Object, java.lang.Object)'> (0x0000000084287238) thrown at [./src/hotspot/share/interpreter/linkResolver.cpp, line 773]
Event: 8.058 Thread 0x0000019b23b30800 Exception <a 'java/lang/IncompatibleClassChangeError'{0x0000000089117b68}: Found class java.lang.Object, but interface was expected> (0x0000000089117b68) thrown at [./src/hotspot/share/interpreter/linkResolver.cpp, line 839]
Event: 8.132 Thread 0x0000019b23b30800 Implicit null exception at 0x0000019b1397d55f to 0x0000019b1397f348
Event: 8.236 Thread 0x0000019b23b30800 Implicit null exception at 0x0000019b1394e52d to 0x0000019b1394e7c8
Event: 8.280 Thread 0x0000019b23b30800 Implicit null exception at 0x0000019b1382bbac to 0x0000019b1382bd5a
Event: 8.403 Thread 0x0000019b23b30800 Exception <a 'sun/nio/fs/WindowsException'{0x00000000882aab80}> (0x00000000882aab80) thrown at [./src/hotspot/share/prims/jni.cpp, line 615]

Events (20 events):
Event: 8.691 loading class java/security/KeyStore done
Event: 8.691 loading class java/security/KeyStore$1
Event: 8.691 loading class java/security/KeyStore$1 done
Event: 8.692 loading class com/android/build/gradle/internal/dsl/BundleOptionsDeviceTier$AgpDecorated
Event: 8.692 loading class com/android/build/gradle/internal/dsl/BundleOptionsDeviceTier$AgpDecorated done
Event: 8.696 loading class com/android/build/gradle/internal/dsl/BundleOptionsStoreArchive$AgpDecorated
Event: 8.696 loading class com/android/build/gradle/internal/dsl/BundleOptionsStoreArchive$AgpDecorated done
Event: 8.699 loading class com/android/build/gradle/internal/dsl/BundleOptionsTexture$AgpDecorated
Event: 8.699 loading class com/android/build/gradle/internal/dsl/BundleOptionsTexture$AgpDecorated done
Event: 8.703 loading class com/android/build/gradle/internal/dsl/ApplicationPublishingImpl$AgpDecorated
Event: 8.703 loading class com/android/build/gradle/internal/dsl/ApplicationPublishingImpl$AgpDecorated done
Event: 8.704 loading class com/android/build/api/dsl/SingleVariant
Event: 8.704 loading class com/android/build/api/dsl/SingleVariant done
Event: 8.704 loading class com/android/build/api/dsl/PublishingOptions
Event: 8.704 loading class com/android/build/api/dsl/PublishingOptions done
Event: 8.707 loading class com/android/build/gradle/internal/dsl/AaptOptions$AgpDecorated
Event: 8.707 loading class com/android/build/gradle/internal/dsl/AaptOptions$AgpDecorated done
Event: 8.712 loading class com/android/build/gradle/internal/dsl/LintImpl$AgpDecorated
Event: 8.712 loading class com/android/build/gradle/internal/dsl/LintImpl$AgpDecorated done
Event: 8.713 Executing VM operation: G1CollectForAllocation


Dynamic libraries:
0x00007ff66bff0000 - 0x00007ff66bffa000 	C:\Program Files\Android\Android Studio\jre\bin\java.exe
0x00007ffd6e470000 - 0x00007ffd6e668000 	C:\WINDOWS\SYSTEM32\ntdll.dll
0x00007ffd24c80000 - 0x00007ffd24c97000 	C:\Program Files\AVG\Antivirus\aswhook.dll
0x00007ffd6c670000 - 0x00007ffd6c72d000 	C:\WINDOWS\System32\KERNEL32.DLL
0x00007ffd6bdd0000 - 0x00007ffd6c09e000 	C:\WINDOWS\System32\KERNELBASE.dll
0x00007ffd6c1e0000 - 0x00007ffd6c2e0000 	C:\WINDOWS\System32\ucrtbase.dll
0x00007ffd4fa20000 - 0x00007ffd4fa37000 	C:\Program Files\Android\Android Studio\jre\bin\VCRUNTIME140.dll
0x00007ffd35e70000 - 0x00007ffd35e89000 	C:\Program Files\Android\Android Studio\jre\bin\jli.dll
0x00007ffd6c4d0000 - 0x00007ffd6c670000 	C:\WINDOWS\System32\USER32.dll
0x00007ffd50b50000 - 0x00007ffd50dea000 	C:\WINDOWS\WinSxS\amd64_microsoft.windows.common-controls_6595b64144ccf1df_6.0.19041.1110_none_60b5254171f9507e\COMCTL32.dll
0x00007ffd6c1b0000 - 0x00007ffd6c1d2000 	C:\WINDOWS\System32\win32u.dll
0x00007ffd6c740000 - 0x00007ffd6c76a000 	C:\WINDOWS\System32\GDI32.dll
0x00007ffd6e240000 - 0x00007ffd6e2de000 	C:\WINDOWS\System32\msvcrt.dll
0x00007ffd6c0a0000 - 0x00007ffd6c1ab000 	C:\WINDOWS\System32\gdi32full.dll
0x00007ffd6c3a0000 - 0x00007ffd6c43d000 	C:\WINDOWS\System32\msvcp_win.dll
0x00007ffd6e350000 - 0x00007ffd6e380000 	C:\WINDOWS\System32\IMM32.DLL
0x00007ffd28040000 - 0x00007ffd280dd000 	C:\Program Files\Android\Android Studio\jre\bin\msvcp140.dll
0x00007ffd1bd90000 - 0x00007ffd1c875000 	C:\Program Files\Android\Android Studio\jre\bin\server\jvm.dll
0x00007ffd6e060000 - 0x00007ffd6e10e000 	C:\WINDOWS\System32\ADVAPI32.dll
0x00007ffd6cf40000 - 0x00007ffd6cfdc000 	C:\WINDOWS\System32\sechost.dll
0x00007ffd6cb30000 - 0x00007ffd6cc55000 	C:\WINDOWS\System32\RPCRT4.dll
0x00007ffd6c730000 - 0x00007ffd6c738000 	C:\WINDOWS\System32\PSAPI.DLL
0x00007ffd52db0000 - 0x00007ffd52db9000 	C:\WINDOWS\SYSTEM32\WSOCK32.dll
0x00007ffd53210000 - 0x00007ffd53237000 	C:\WINDOWS\SYSTEM32\WINMM.dll
0x00007ffd5b750000 - 0x00007ffd5b75a000 	C:\WINDOWS\SYSTEM32\VERSION.dll
0x00007ffd6e2e0000 - 0x00007ffd6e34b000 	C:\WINDOWS\System32\WS2_32.dll
0x00007ffd6a3e0000 - 0x00007ffd6a3f2000 	C:\WINDOWS\SYSTEM32\kernel.appcore.dll
0x00007ffd61800000 - 0x00007ffd61811000 	C:\Program Files\Android\Android Studio\jre\bin\verify.dll
0x00007ffd6a110000 - 0x00007ffd6a2f4000 	C:\WINDOWS\SYSTEM32\DBGHELP.DLL
0x00007ffd56f20000 - 0x00007ffd56f4c000 	C:\WINDOWS\SYSTEM32\dbgcore.DLL
0x00007ffd6c440000 - 0x00007ffd6c4c2000 	C:\WINDOWS\System32\bcryptPrimitives.dll
0x00007ffd3bf40000 - 0x00007ffd3bf69000 	C:\Program Files\Android\Android Studio\jre\bin\java.dll
0x00007ffd67340000 - 0x00007ffd6734b000 	C:\Program Files\Android\Android Studio\jre\bin\jimage.dll
0x00007ffd3bf20000 - 0x00007ffd3bf38000 	C:\Program Files\Android\Android Studio\jre\bin\zip.dll
0x00007ffd6d160000 - 0x00007ffd6d8a4000 	C:\WINDOWS\System32\SHELL32.dll
0x00007ffd698a0000 - 0x00007ffd6a034000 	C:\WINDOWS\SYSTEM32\windows.storage.dll
0x00007ffd6c7d0000 - 0x00007ffd6cb24000 	C:\WINDOWS\System32\combase.dll
0x00007ffd6b440000 - 0x00007ffd6b470000 	C:\WINDOWS\SYSTEM32\Wldp.dll
0x00007ffd6e380000 - 0x00007ffd6e42d000 	C:\WINDOWS\System32\SHCORE.dll
0x00007ffd6cd40000 - 0x00007ffd6cd95000 	C:\WINDOWS\System32\shlwapi.dll
0x00007ffd6bad0000 - 0x00007ffd6baef000 	C:\WINDOWS\SYSTEM32\profapi.dll
0x00007ffd3bf00000 - 0x00007ffd3bf1a000 	C:\Program Files\Android\Android Studio\jre\bin\net.dll
0x00007ffd5c190000 - 0x00007ffd5c29a000 	C:\WINDOWS\SYSTEM32\WINHTTP.dll
0x00007ffd6b220000 - 0x00007ffd6b28a000 	C:\WINDOWS\system32\mswsock.dll
0x00007ffd3bee0000 - 0x00007ffd3bef4000 	C:\Program Files\Android\Android Studio\jre\bin\nio.dll
0x00007ffd22a40000 - 0x00007ffd22a67000 	C:\Users\HP\.gradle\native\e1d6ef7f7dcc3fd88c89a11ec53ec762bb8ba0a96d01ffa2cd45eb1d1d8dd5c5\windows-amd64\native-platform.dll
0x00007ffd22200000 - 0x00007ffd22344000 	C:\Users\HP\.gradle\native\5664cfc778a61ccfe75a443a1ab52a65af34e5dc3c78e0209fed803814484fcb\windows-amd64\native-platform-file-events.dll
0x00007ffd672c0000 - 0x00007ffd672ca000 	C:\Program Files\Android\Android Studio\jre\bin\management.dll
0x00007ffd615d0000 - 0x00007ffd615dd000 	C:\Program Files\Android\Android Studio\jre\bin\management_ext.dll
0x00007ffd6b480000 - 0x00007ffd6b498000 	C:\WINDOWS\SYSTEM32\CRYPTSP.dll
0x00007ffd6abc0000 - 0x00007ffd6abf4000 	C:\WINDOWS\system32\rsaenh.dll
0x00007ffd6bcf0000 - 0x00007ffd6bd17000 	C:\WINDOWS\System32\bcrypt.dll
0x00007ffd6ba50000 - 0x00007ffd6ba7e000 	C:\WINDOWS\SYSTEM32\USERENV.dll
0x00007ffd6b3b0000 - 0x00007ffd6b3bc000 	C:\WINDOWS\SYSTEM32\CRYPTBASE.dll
0x00007ffd6af30000 - 0x00007ffd6af6b000 	C:\WINDOWS\SYSTEM32\IPHLPAPI.DLL
0x00007ffd6dea0000 - 0x00007ffd6dea8000 	C:\WINDOWS\System32\NSI.dll
0x00007ffd57610000 - 0x00007ffd57627000 	C:\WINDOWS\SYSTEM32\dhcpcsvc6.DLL
0x00007ffd5b7f0000 - 0x00007ffd5b80d000 	C:\WINDOWS\SYSTEM32\dhcpcsvc.DLL
0x00007ffd6af70000 - 0x00007ffd6b03a000 	C:\WINDOWS\SYSTEM32\DNSAPI.dll

dbghelp: loaded successfully - version: 4.0.5 - missing functions: none
symbol engine: initialized successfully - sym options: 0x614 - pdb path: .;C:\Program Files\Android\Android Studio\jre\bin;C:\WINDOWS\SYSTEM32;C:\Program Files\AVG\Antivirus;C:\WINDOWS\WinSxS\amd64_microsoft.windows.common-controls_6595b64144ccf1df_6.0.19041.1110_none_60b5254171f9507e;C:\Program Files\Android\Android Studio\jre\bin\server;C:\Users\HP\.gradle\native\e1d6ef7f7dcc3fd88c89a11ec53ec762bb8ba0a96d01ffa2cd45eb1d1d8dd5c5\windows-amd64;C:\Users\HP\.gradle\native\5664cfc778a61ccfe75a443a1ab52a65af34e5dc3c78e0209fed803814484fcb\windows-amd64

VM Arguments:
jvm_args: --add-opens=java.base/java.util=ALL-UNNAMED --add-opens=java.base/java.lang=ALL-UNNAMED --add-opens=java.base/java.lang.invoke=ALL-UNNAMED --add-opens=java.base/java.util=ALL-UNNAMED --add-opens=java.prefs/java.util.prefs=ALL-UNNAMED --add-opens=java.prefs/java.util.prefs=ALL-UNNAMED --add-opens=java.base/java.nio.charset=ALL-UNNAMED --add-opens=java.base/java.net=ALL-UNNAMED --add-opens=java.base/java.util.concurrent.atomic=ALL-UNNAMED -Xmx2048m -Dfile.encoding=UTF-8 -Duser.country=US -Duser.language=en -Duser.variant 
java_command: org.gradle.launcher.daemon.bootstrap.GradleDaemon 7.3.3
java_class_path (initial): C:\Users\HP\.gradle\wrapper\dists\gradle-7.3.3-bin\6a41zxkdtcxs8rphpq6y0069z\gradle-7.3.3\lib\gradle-launcher-7.3.3.jar
Launcher Type: SUN_STANDARD

[Global flags]
     intx CICompilerCount                          = 4                                         {product} {ergonomic}
     uint ConcGCThreads                            = 2                                         {product} {ergonomic}
     uint G1ConcRefinementThreads                  = 8                                         {product} {ergonomic}
   size_t G1HeapRegionSize                         = 1048576                                   {product} {ergonomic}
    uintx GCDrainStackTargetSize                   = 64                                        {product} {ergonomic}
   size_t InitialHeapSize                          = 134217728                                 {product} {ergonomic}
   size_t MarkStackSize                            = 4194304                                   {product} {ergonomic}
   size_t MaxHeapSize                              = 2147483648                                {product} {command line}
   size_t MaxNewSize                               = 1287651328                                {product} {ergonomic}
   size_t MinHeapDeltaBytes                        = 1048576                                   {product} {ergonomic}
    uintx NonNMethodCodeHeapSize                   = 5836300                                {pd product} {ergonomic}
    uintx NonProfiledCodeHeapSize                  = 122910970                              {pd product} {ergonomic}
    uintx ProfiledCodeHeapSize                     = 122910970                              {pd product} {ergonomic}
    uintx ReservedCodeCacheSize                    = 251658240                              {pd product} {ergonomic}
     bool SegmentedCodeCache                       = true                                      {product} {ergonomic}
     bool UseCompressedClassPointers               = true                                 {lp64_product} {ergonomic}
     bool UseCompressedOops                        = true                                 {lp64_product} {ergonomic}
     bool UseG1GC                                  = true                                      {product} {ergonomic}
     bool UseLargePagesIndividualAllocation        = false                                  {pd product} {ergonomic}

Logging:
Log output configuration:
 #0: stdout all=warning uptime,level,tags
 #1: stderr all=off uptime,level,tags

Environment Variables:
JAVA_HOME=C:\Program Files\Java\jdk-18.0.1.1
PATH=;;;;;C:\Program Files\Common Files\Oracle\Java\javapath;C:\Program Files (x86)\Common Files\Intel\Shared Libraries\redist\intel64_win\compiler;C:\Windows\system32;C:\Windows;C:\Windows\System32\Wbem;C:\Windows\System32\WindowsPowerShell\v1.0\;C:\Windows\System32\OpenSSH\;C:\Program Files\NVIDIA Corporation\NVIDIA NvDLISR;C:\Users\HP\anaconda3;C:\Users\HP\anaconda3\Library\mingw-w64\bin;C:\Users\HP\anaconda3\Library\usr\bin;C:\Users\HP\anaconda3\Library\bin;C:\Users\HP\anaconda3\Scripts;C:\Program Files (x86)\Microsoft Visual Studio\Shared\Python37_64;C:\adb;C:\Program Files\Java\jdk-15.0.2\bin;C:\Program Files\Git\cmd;C:\WINDOWS\system32;C:\WINDOWS;C:\WINDOWS\System32\Wbem;C:\WINDOWS\System32\WindowsPowerShell\v1.0\;C:\WINDOWS\System32\OpenSSH\;C:\Program Files\Docker\Docker\resources\bin;C:\ProgramData\DockerDesktop\version-bin;C:\Program Files\MongoDB\Server\5.0\bin;C:\Users\HP\AppData\Local\Programs\Python\Python310\Scripts;C:\Program Files\dotnet\;C:\Program Files\Cloudflare\Cloudflare WARP\;C:\Program Files\JetBrains\IntelliJ IDEA Community Edition 2020.3.2\bin;;C:\Users\HP\AppData\Local\Microsoft\WindowsApps;C:\AdditionalPackages\protoc\bin;C:\Program Files (x86)\Dev-Cpp\MinGW64\bin;C:\Program Files\heroku\bin;C:\Program Files (x86)\Java\jre1.8.0_331\bin;C:\Program Files (x86)\Java\jre1.8.0_202\bin;C:\Users\HP\.dotnet\tools;C:\Program Files\Java\jdk-18.0.1.1\bin;C:\Users\HP\AppData\Roaming\Microsoft\Windows\Start Menu\Programs\Python 3.9;C:\Users\HP\AppData\Local\Programs\Python\Python39\;C:\Users\HP\AppData\Local\Programs\Python\Python39\Scripts\;
USERNAME=HP
OS=Windows_NT
PROCESSOR_IDENTIFIER=Intel64 Family 6 Model 142 Stepping 10, GenuineIntel



---------------  S Y S T E M  ---------------

OS: Windows 10 , 64 bit Build 19041 (10.0.19041.1889)
OS uptime: 3 days 10:34 hours
Hyper-V role detected

CPU:total 8 (initial active 8) (4 cores per cpu, 2 threads per core) family 6 model 142 stepping 10 microcode 0xe0, cmov, cx8, fxsr, mmx, sse, sse2, sse3, ssse3, sse4.1, sse4.2, popcnt, avx, avx2, aes, clmul, erms, 3dnowpref, lzcnt, ht, tsc, tscinvbit, bmi1, bmi2, adx, fma

Memory: 4k page, system-wide physical 8083M (416M free)
TotalPageFile size 29887M (AvailPageFile size 26M)
current process WorkingSet (physical memory assigned to process): 348M, peak: 352M
current process commit charge ("private bytes"): 397M, peak: 426M

vm_info: OpenJDK 64-Bit Server VM (11.0.12+7-b1504.28-7817840) for windows-amd64 JRE (11.0.12+7-b1504.28-7817840), built on Oct 13 2021 22:12:33 by "builder" with MS VC++ 14.0 (VS2015)

END.
