#
# There is insufficient memory for the Java Runtime Environment to continue.
# Native memory allocation (malloc) failed to allocate 2640976 bytes for Chunk::new
# Possible reasons:
#   The system is out of physical RAM or swap space
#   The process is running with CompressedOops enabled, and the Java Heap may be blocking the growth of the native heap
# Possible solutions:
#   Reduce memory load on the system
#   Increase physical memory or swap space
#   Check if swap backing store is full
#   Decrease Java heap size (-Xmx/-Xms)
#   Decrease number of Java threads
#   Decrease Java thread stack sizes (-Xss)
#   Set larger code cache with -XX:ReservedCodeCacheSize=
#   JVM is running with Unscaled Compressed Oops mode in which the Java heap is
#     placed in the first 4GB address space. The Java Heap base address is the
#     maximum limit for the native heap growth. Please use -XX:HeapBaseMinAddress
#     to set the Java Heap base and to place the Java Heap above 4GB virtual address.
# This output file may be truncated or incomplete.
#
#  Out of Memory Error (./src/hotspot/share/memory/arena.cpp:197), pid=18668, tid=11272
#
# JRE version: OpenJDK Runtime Environment (11.0.12+7) (build 11.0.12+7-b1504.28-7817840)
# Java VM: OpenJDK 64-Bit Server VM (11.0.12+7-b1504.28-7817840, mixed mode, tiered, compressed oops, g1 gc, windows-amd64)
# No core dump will be written. Minidumps are not enabled by default on client versions of Windows
#

---------------  S U M M A R Y ------------

Command Line: --add-opens=java.base/java.util=ALL-UNNAMED --add-opens=java.base/java.lang=ALL-UNNAMED --add-opens=java.base/java.lang.invoke=ALL-UNNAMED --add-opens=java.base/java.util=ALL-UNNAMED --add-opens=java.prefs/java.util.prefs=ALL-UNNAMED --add-opens=java.prefs/java.util.prefs=ALL-UNNAMED --add-opens=java.base/java.nio.charset=ALL-UNNAMED --add-opens=java.base/java.net=ALL-UNNAMED --add-opens=java.base/java.util.concurrent.atomic=ALL-UNNAMED -Xmx2048m -Dfile.encoding=UTF-8 -Duser.country=US -Duser.language=en -Duser.variant org.gradle.launcher.daemon.bootstrap.GradleDaemon 7.3.3

Host: Intel(R) Core(TM) i7-8550U CPU @ 1.80GHz, 8 cores, 7G,  Windows 10 , 64 bit Build 19041 (10.0.19041.1889)
Time: Tue Aug 16 22:29:01 2022 Pakistan Standard Time elapsed time: 11.091077 seconds (0d 0h 0m 11s)

---------------  T H R E A D  ---------------

Current thread (0x0000016915c60800):  JavaThread "C2 CompilerThread0" daemon [_thread_in_native, id=11272, stack(0x0000005c7da00000,0x0000005c7db00000)]


Current CompileTask:
C2:  11091 7089       4       com.sun.beans.TypeResolver::resolve (37 bytes)

Stack: [0x0000005c7da00000,0x0000005c7db00000]
Native frames: (J=compiled Java code, j=interpreted, Vv=VM code, C=native code)
V  [jvm.dll+0x5fbcea]
V  [jvm.dll+0x731905]
V  [jvm.dll+0x732f1d]
V  [jvm.dll+0x7335d3]
V  [jvm.dll+0x247bf8]
V  [jvm.dll+0xc018c]
V  [jvm.dll+0xc06cc]
V  [jvm.dll+0x35b31d]
V  [jvm.dll+0x19d0bc]
V  [jvm.dll+0x20070e]
V  [jvm.dll+0x1ff794]
V  [jvm.dll+0x18868c]
V  [jvm.dll+0x20e0d7]
V  [jvm.dll+0x20c901]
V  [jvm.dll+0x6f9b7f]
V  [jvm.dll+0x6f26a5]
V  [jvm.dll+0x5fabf6]
C  [ucrtbase.dll+0x21bb2]
C  [KERNEL32.DLL+0x17034]
C  [ntdll.dll+0x52651]


---------------  P R O C E S S  ---------------

Threads class SMR info:
_java_thread_list=0x000001691e5b1ae0, length=123, elements={
0x000001697ae43800, 0x00000169152da000, 0x00000169152e4000, 0x0000016915c57000,
0x0000016915c58000, 0x0000016915c59800, 0x0000016915c60800, 0x00000169152f5800,
0x00000169152f9000, 0x0000016915db4800, 0x0000016917284000, 0x0000016915ff6800,
0x00000169176d9000, 0x0000016916132800, 0x0000016917d4c000, 0x00000169185cc800,
0x00000169176cc000, 0x0000016918866800, 0x0000016918423000, 0x0000016918645800,
0x0000016918643000, 0x0000016918643800, 0x0000016918644800, 0x00000169193c1800,
0x00000169193c7000, 0x00000169193c3800, 0x00000169193c8000, 0x00000169193c3000,
0x00000169193c6000, 0x00000169193c4800, 0x00000169193c9800, 0x00000169193ca800,
0x00000169193cc000, 0x00000169193c8800, 0x00000169193d0000, 0x00000169193cf000,
0x000001691b8c9000, 0x000001691b8cc800, 0x000001691b8cb000, 0x000001691b8cd800,
0x000001691b8ca000, 0x000001691b8c7800, 0x000001691b8ce000, 0x000001691b8cb800,
0x000001691b8c8800, 0x000001691b8d3000, 0x000001691b8cf800, 0x000001691b8d0800,
0x000001691b8d4000, 0x000001691b8cf000, 0x000001691b8d4800, 0x000001691b8d5800,
0x000001691b8d6000, 0x000001691b8d1800, 0x000001691b8d2000, 0x000001691cd83800,
0x000001691cd89000, 0x000001691cd86800, 0x000001691cd88000, 0x000001691cd8a000,
0x000001691cd87800, 0x000001691cd84000, 0x000001691cd85800, 0x000001691cd8a800,
0x000001691cd85000, 0x000001691cd8e000, 0x000001691cd8e800, 0x000001691cd8c800,
0x000001691cd90800, 0x000001691cd91000, 0x000001691cd8b800, 0x000001691cd8f800,
0x000001691cd8d000, 0x000001691cd92000, 0x000001691980c800, 0x000001691980b000,
0x000001691980d000, 0x000001691980e000, 0x000001691980f800, 0x000001691980f000,
0x000001691980a000, 0x0000016919810800, 0x0000016919811800, 0x000001691980b800,
0x0000016919812000, 0x0000016919816000, 0x0000016919814000, 0x0000016919818800,
0x0000016919813000, 0x0000016919814800, 0x0000016919817000, 0x0000016919818000,
0x0000016919815800, 0x000001691c763000, 0x000001691c764800, 0x000001691c763800,
0x000001691c75f800, 0x000001691c760800, 0x000001691c75f000, 0x000001691c767000,
0x000001691c765800, 0x000001691c766000, 0x000001691c762000, 0x000001691c761800,
0x000001691c769800, 0x000001691c76c000, 0x000001691c76a800, 0x000001691c76c800,
0x000001691c768800, 0x000001691c76d800, 0x000001691c768000, 0x000001691c76b000,
0x00000169193ed000, 0x00000169193eb000, 0x00000169193ed800, 0x00000169193e9800,
0x00000169193e8000, 0x00000169193ee800, 0x00000169193ec000, 0x00000169193e8800,
0x00000169193ea800, 0x0000016917252000, 0x00000169193ef000
}

Java Threads: ( => current thread )
  0x000001697ae43800 JavaThread "main" [_thread_blocked, id=2668, stack(0x0000005c7ce00000,0x0000005c7cf00000)]
  0x00000169152da000 JavaThread "Reference Handler" daemon [_thread_blocked, id=13000, stack(0x0000005c7d500000,0x0000005c7d600000)]
  0x00000169152e4000 JavaThread "Finalizer" daemon [_thread_blocked, id=9508, stack(0x0000005c7d600000,0x0000005c7d700000)]
  0x0000016915c57000 JavaThread "Signal Dispatcher" daemon [_thread_blocked, id=624, stack(0x0000005c7d700000,0x0000005c7d800000)]
  0x0000016915c58000 JavaThread "Attach Listener" daemon [_thread_blocked, id=14164, stack(0x0000005c7d800000,0x0000005c7d900000)]
  0x0000016915c59800 JavaThread "Service Thread" daemon [_thread_blocked, id=9128, stack(0x0000005c7d900000,0x0000005c7da00000)]
=>0x0000016915c60800 JavaThread "C2 CompilerThread0" daemon [_thread_in_native, id=11272, stack(0x0000005c7da00000,0x0000005c7db00000)]
  0x00000169152f5800 JavaThread "C1 CompilerThread0" daemon [_thread_blocked, id=5076, stack(0x0000005c7db00000,0x0000005c7dc00000)]
  0x00000169152f9000 JavaThread "Sweeper thread" daemon [_thread_blocked, id=14252, stack(0x0000005c7dc00000,0x0000005c7dd00000)]
  0x0000016915db4800 JavaThread "Common-Cleaner" daemon [_thread_blocked, id=15464, stack(0x0000005c7dd00000,0x0000005c7de00000)]
  0x0000016917284000 JavaThread "Daemon health stats" [_thread_blocked, id=10896, stack(0x0000005c7e300000,0x0000005c7e400000)]
  0x0000016915ff6800 JavaThread "Incoming local TCP Connector on port 19122" [_thread_in_native, id=3852, stack(0x0000005c7df00000,0x0000005c7e000000)]
  0x00000169176d9000 JavaThread "Daemon periodic checks" [_thread_blocked, id=14656, stack(0x0000005c7e000000,0x0000005c7e100000)]
  0x0000016916132800 JavaThread "Daemon" [_thread_blocked, id=18164, stack(0x0000005c7e400000,0x0000005c7e500000)]
  0x0000016917d4c000 JavaThread "Handler for socket connection from /127.0.0.1:19122 to /127.0.0.1:19123" [_thread_in_native, id=2192, stack(0x0000005c7e500000,0x0000005c7e600000)]
  0x00000169185cc800 JavaThread "Cancel handler" [_thread_blocked, id=96, stack(0x0000005c7e600000,0x0000005c7e700000)]
  0x00000169176cc000 JavaThread "Daemon worker" [_thread_in_vm, id=17892, stack(0x0000005c7e700000,0x0000005c7e800000)]
  0x0000016918866800 JavaThread "Asynchronous log dispatcher for DefaultDaemonConnection: socket connection from /127.0.0.1:19122 to /127.0.0.1:19123" [_thread_blocked, id=18060, stack(0x0000005c7e800000,0x0000005c7e900000)]
  0x0000016918423000 JavaThread "Stdin handler" [_thread_blocked, id=18244, stack(0x0000005c7e900000,0x0000005c7ea00000)]
  0x0000016918645800 JavaThread "Daemon client event forwarder" [_thread_blocked, id=7380, stack(0x0000005c7ea00000,0x0000005c7eb00000)]
  0x0000016918643000 JavaThread "Cache worker for journal cache (C:\Users\HP\.gradle\caches\journal-1)" [_thread_blocked, id=17148, stack(0x0000005c7f000000,0x0000005c7f100000)]
  0x0000016918643800 JavaThread "File lock request listener" [_thread_in_native, id=3044, stack(0x0000005c7f100000,0x0000005c7f200000)]
  0x0000016918644800 JavaThread "Cache worker for file hash cache (C:\Users\HP\.gradle\caches\7.3.3\fileHashes)" [_thread_blocked, id=15148, stack(0x0000005c7f200000,0x0000005c7f300000)]
  0x00000169193c1800 JavaThread "Cache worker for file hash cache (D:\Alovera\plant_detection\.gradle\7.3.3\fileHashes)" [_thread_blocked, id=4668, stack(0x0000005c7f500000,0x0000005c7f600000)]
  0x00000169193c7000 JavaThread "File watcher server" daemon [_thread_in_native, id=15252, stack(0x0000005c7f700000,0x0000005c7f800000)]
  0x00000169193c3800 JavaThread "File watcher consumer" daemon [_thread_blocked, id=12372, stack(0x0000005c7f800000,0x0000005c7f900000)]
  0x00000169193c8000 JavaThread "Cache worker for checksums cache (D:\Alovera\plant_detection\.gradle\7.3.3\checksums)" [_thread_blocked, id=1748, stack(0x0000005c7f900000,0x0000005c7fa00000)]
  0x00000169193c3000 JavaThread "Cache worker for cache directory md-supplier (C:\Users\HP\.gradle\caches\7.3.3\md-supplier)" [_thread_blocked, id=11692, stack(0x0000005c7fa00000,0x0000005c7fb00000)]
  0x00000169193c6000 JavaThread "Cache worker for cache directory md-rule (C:\Users\HP\.gradle\caches\7.3.3\md-rule)" [_thread_blocked, id=5652, stack(0x0000005c7fb00000,0x0000005c7fc00000)]
  0x00000169193c4800 JavaThread "Cache worker for execution history cache (C:\Users\HP\.gradle\caches\7.3.3\executionHistory)" [_thread_blocked, id=18760, stack(0x0000005c7fc00000,0x0000005c7fd00000)]
  0x00000169193c9800 JavaThread "jar transforms" [_thread_blocked, id=12024, stack(0x0000005c7fd00000,0x0000005c7fe00000)]
  0x00000169193ca800 JavaThread "Cache worker for file content cache (C:\Users\HP\.gradle\caches\7.3.3\fileContent)" [_thread_blocked, id=5412, stack(0x0000005c7fe00000,0x0000005c7ff00000)]
  0x00000169193cc000 JavaThread "jar transforms Thread 2" [_thread_blocked, id=10336, stack(0x0000005c7ff00000,0x0000005c80000000)]
  0x00000169193c8800 JavaThread "Cache worker for dependencies-accessors (D:\Alovera\plant_detection\.gradle\7.3.3\dependencies-accessors)" [_thread_blocked, id=9456, stack(0x0000005c00000000,0x0000005c00100000)]
  0x00000169193d0000 JavaThread "jar transforms Thread 3" [_thread_blocked, id=13280, stack(0x0000005c00100000,0x0000005c00200000)]
  0x00000169193cf000 JavaThread "Cache worker for Build Output Cleanup Cache (D:\Alovera\plant_detection\.gradle\buildOutputCleanup)" [_thread_blocked, id=3828, stack(0x0000005c00200000,0x0000005c00300000)]
  0x000001691b8c9000 JavaThread "Unconstrained build operations" [_thread_blocked, id=5872, stack(0x0000005c00300000,0x0000005c00400000)]
  0x000001691b8cc800 JavaThread "Unconstrained build operations Thread 2" [_thread_blocked, id=16412, stack(0x0000005c00400000,0x0000005c00500000)]
  0x000001691b8cb000 JavaThread "Unconstrained build operations Thread 3" [_thread_blocked, id=2560, stack(0x0000005c00500000,0x0000005c00600000)]
  0x000001691b8cd800 JavaThread "Unconstrained build operations Thread 4" [_thread_blocked, id=16388, stack(0x0000005c00600000,0x0000005c00700000)]
  0x000001691b8ca000 JavaThread "Unconstrained build operations Thread 5" [_thread_blocked, id=3832, stack(0x0000005c00700000,0x0000005c00800000)]
  0x000001691b8c7800 JavaThread "Unconstrained build operations Thread 6" [_thread_blocked, id=13936, stack(0x0000005c00800000,0x0000005c00900000)]
  0x000001691b8ce000 JavaThread "Unconstrained build operations Thread 7" [_thread_blocked, id=2872, stack(0x0000005c00900000,0x0000005c00a00000)]
  0x000001691b8cb800 JavaThread "Unconstrained build operations Thread 8" [_thread_blocked, id=18984, stack(0x0000005c00a00000,0x0000005c00b00000)]
  0x000001691b8c8800 JavaThread "Unconstrained build operations Thread 9" [_thread_blocked, id=12352, stack(0x0000005c00b00000,0x0000005c00c00000)]
  0x000001691b8d3000 JavaThread "Unconstrained build operations Thread 10" [_thread_blocked, id=16748, stack(0x0000005c00c00000,0x0000005c00d00000)]
  0x000001691b8cf800 JavaThread "Unconstrained build operations Thread 11" [_thread_blocked, id=10536, stack(0x0000005c00d00000,0x0000005c00e00000)]
  0x000001691b8d0800 JavaThread "Unconstrained build operations Thread 12" [_thread_blocked, id=8904, stack(0x0000005c00e00000,0x0000005c00f00000)]
  0x000001691b8d4000 JavaThread "Unconstrained build operations Thread 13" [_thread_blocked, id=11828, stack(0x0000005c00f00000,0x0000005c01000000)]
  0x000001691b8cf000 JavaThread "Unconstrained build operations Thread 14" [_thread_blocked, id=18236, stack(0x0000005c01000000,0x0000005c01100000)]
  0x000001691b8d4800 JavaThread "Unconstrained build operations Thread 15" [_thread_blocked, id=17732, stack(0x0000005c01100000,0x0000005c01200000)]
  0x000001691b8d5800 JavaThread "Unconstrained build operations Thread 16" [_thread_blocked, id=16380, stack(0x0000005c01200000,0x0000005c01300000)]
  0x000001691b8d6000 JavaThread "Unconstrained build operations Thread 17" [_thread_blocked, id=13564, stack(0x0000005c01300000,0x0000005c01400000)]
  0x000001691b8d1800 JavaThread "Unconstrained build operations Thread 18" [_thread_blocked, id=10304, stack(0x0000005c01400000,0x0000005c01500000)]
  0x000001691b8d2000 JavaThread "Unconstrained build operations Thread 19" [_thread_blocked, id=4048, stack(0x0000005c01500000,0x0000005c01600000)]
  0x000001691cd83800 JavaThread "Unconstrained build operations Thread 20" [_thread_blocked, id=6900, stack(0x0000005c01600000,0x0000005c01700000)]
  0x000001691cd89000 JavaThread "Unconstrained build operations Thread 21" [_thread_blocked, id=3528, stack(0x0000005c01700000,0x0000005c01800000)]
  0x000001691cd86800 JavaThread "Unconstrained build operations Thread 22" [_thread_blocked, id=2228, stack(0x0000005c01800000,0x0000005c01900000)]
  0x000001691cd88000 JavaThread "Unconstrained build operations Thread 23" [_thread_blocked, id=6528, stack(0x0000005c01900000,0x0000005c01a00000)]
  0x000001691cd8a000 JavaThread "Unconstrained build operations Thread 24" [_thread_blocked, id=11916, stack(0x0000005c01a00000,0x0000005c01b00000)]
  0x000001691cd87800 JavaThread "Unconstrained build operations Thread 25" [_thread_blocked, id=14944, stack(0x0000005c01b00000,0x0000005c01c00000)]
  0x000001691cd84000 JavaThread "Unconstrained build operations Thread 26" [_thread_blocked, id=16588, stack(0x0000005c01c00000,0x0000005c01d00000)]
  0x000001691cd85800 JavaThread "Unconstrained build operations Thread 27" [_thread_blocked, id=11976, stack(0x0000005c01d00000,0x0000005c01e00000)]
  0x000001691cd8a800 JavaThread "Unconstrained build operations Thread 28" [_thread_blocked, id=17708, stack(0x0000005c01e00000,0x0000005c01f00000)]
  0x000001691cd85000 JavaThread "Unconstrained build operations Thread 29" [_thread_blocked, id=7088, stack(0x0000005c01f00000,0x0000005c02000000)]
  0x000001691cd8e000 JavaThread "Unconstrained build operations Thread 30" [_thread_blocked, id=660, stack(0x0000005c02000000,0x0000005c02100000)]
  0x000001691cd8e800 JavaThread "Unconstrained build operations Thread 31" [_thread_blocked, id=13320, stack(0x0000005c02100000,0x0000005c02200000)]
  0x000001691cd8c800 JavaThread "Unconstrained build operations Thread 32" [_thread_blocked, id=10612, stack(0x0000005c02200000,0x0000005c02300000)]
  0x000001691cd90800 JavaThread "Unconstrained build operations Thread 33" [_thread_blocked, id=4068, stack(0x0000005c02300000,0x0000005c02400000)]
  0x000001691cd91000 JavaThread "Unconstrained build operations Thread 34" [_thread_blocked, id=1588, stack(0x0000005c02400000,0x0000005c02500000)]
  0x000001691cd8b800 JavaThread "Unconstrained build operations Thread 35" [_thread_blocked, id=16560, stack(0x0000005c02500000,0x0000005c02600000)]
  0x000001691cd8f800 JavaThread "Unconstrained build operations Thread 36" [_thread_blocked, id=18640, stack(0x0000005c02600000,0x0000005c02700000)]
  0x000001691cd8d000 JavaThread "Unconstrained build operations Thread 37" [_thread_blocked, id=18980, stack(0x0000005c02700000,0x0000005c02800000)]
  0x000001691cd92000 JavaThread "Unconstrained build operations Thread 38" [_thread_blocked, id=15204, stack(0x0000005c02800000,0x0000005c02900000)]
  0x000001691980c800 JavaThread "Unconstrained build operations Thread 39" [_thread_blocked, id=12548, stack(0x0000005c02900000,0x0000005c02a00000)]
  0x000001691980b000 JavaThread "Unconstrained build operations Thread 40" [_thread_blocked, id=16820, stack(0x0000005c02a00000,0x0000005c02b00000)]
  0x000001691980d000 JavaThread "Unconstrained build operations Thread 41" [_thread_blocked, id=9604, stack(0x0000005c02b00000,0x0000005c02c00000)]
  0x000001691980e000 JavaThread "Unconstrained build operations Thread 42" [_thread_blocked, id=3276, stack(0x0000005c02c00000,0x0000005c02d00000)]
  0x000001691980f800 JavaThread "Unconstrained build operations Thread 43" [_thread_blocked, id=11464, stack(0x0000005c02d00000,0x0000005c02e00000)]
  0x000001691980f000 JavaThread "Unconstrained build operations Thread 44" [_thread_blocked, id=17496, stack(0x0000005c02e00000,0x0000005c02f00000)]
  0x000001691980a000 JavaThread "Unconstrained build operations Thread 45" [_thread_blocked, id=5896, stack(0x0000005c02f00000,0x0000005c03000000)]
  0x0000016919810800 JavaThread "Unconstrained build operations Thread 46" [_thread_blocked, id=17136, stack(0x0000005c03000000,0x0000005c03100000)]
  0x0000016919811800 JavaThread "Unconstrained build operations Thread 47" [_thread_blocked, id=4568, stack(0x0000005c03100000,0x0000005c03200000)]
  0x000001691980b800 JavaThread "Unconstrained build operations Thread 48" [_thread_blocked, id=6012, stack(0x0000005c03200000,0x0000005c03300000)]
  0x0000016919812000 JavaThread "Unconstrained build operations Thread 49" [_thread_blocked, id=428, stack(0x0000005c03300000,0x0000005c03400000)]
  0x0000016919816000 JavaThread "Unconstrained build operations Thread 50" [_thread_blocked, id=18352, stack(0x0000005c03400000,0x0000005c03500000)]
  0x0000016919814000 JavaThread "Unconstrained build operations Thread 51" [_thread_blocked, id=19384, stack(0x0000005c03500000,0x0000005c03600000)]
  0x0000016919818800 JavaThread "Unconstrained build operations Thread 52" [_thread_blocked, id=11120, stack(0x0000005c03600000,0x0000005c03700000)]
  0x0000016919813000 JavaThread "Unconstrained build operations Thread 53" [_thread_blocked, id=14300, stack(0x0000005c03700000,0x0000005c03800000)]
  0x0000016919814800 JavaThread "Unconstrained build operations Thread 54" [_thread_blocked, id=360, stack(0x0000005c03800000,0x0000005c03900000)]
  0x0000016919817000 JavaThread "Unconstrained build operations Thread 55" [_thread_blocked, id=9560, stack(0x0000005c03900000,0x0000005c03a00000)]
  0x0000016919818000 JavaThread "Unconstrained build operations Thread 56" [_thread_blocked, id=16884, stack(0x0000005c03a00000,0x0000005c03b00000)]
  0x0000016919815800 JavaThread "Unconstrained build operations Thread 57" [_thread_blocked, id=18208, stack(0x0000005c03b00000,0x0000005c03c00000)]
  0x000001691c763000 JavaThread "Unconstrained build operations Thread 58" [_thread_blocked, id=7972, stack(0x0000005c03c00000,0x0000005c03d00000)]
  0x000001691c764800 JavaThread "Unconstrained build operations Thread 59" [_thread_blocked, id=16124, stack(0x0000005c03d00000,0x0000005c03e00000)]
  0x000001691c763800 JavaThread "Unconstrained build operations Thread 60" [_thread_blocked, id=12528, stack(0x0000005c03e00000,0x0000005c03f00000)]
  0x000001691c75f800 JavaThread "Unconstrained build operations Thread 61" [_thread_blocked, id=13956, stack(0x0000005c03f00000,0x0000005c04000000)]
  0x000001691c760800 JavaThread "Unconstrained build operations Thread 62" [_thread_blocked, id=1824, stack(0x0000005c04000000,0x0000005c04100000)]
  0x000001691c75f000 JavaThread "Unconstrained build operations Thread 63" [_thread_blocked, id=14472, stack(0x0000005c04100000,0x0000005c04200000)]
  0x000001691c767000 JavaThread "Unconstrained build operations Thread 64" [_thread_blocked, id=2160, stack(0x0000005c04200000,0x0000005c04300000)]
  0x000001691c765800 JavaThread "Unconstrained build operations Thread 65" [_thread_blocked, id=2108, stack(0x0000005c04300000,0x0000005c04400000)]
  0x000001691c766000 JavaThread "Unconstrained build operations Thread 66" [_thread_blocked, id=10040, stack(0x0000005c04400000,0x0000005c04500000)]
  0x000001691c762000 JavaThread "Unconstrained build operations Thread 67" [_thread_blocked, id=12204, stack(0x0000005c04500000,0x0000005c04600000)]
  0x000001691c761800 JavaThread "Unconstrained build operations Thread 68" [_thread_blocked, id=7420, stack(0x0000005c04600000,0x0000005c04700000)]
  0x000001691c769800 JavaThread "Unconstrained build operations Thread 69" [_thread_blocked, id=2704, stack(0x0000005c04700000,0x0000005c04800000)]
  0x000001691c76c000 JavaThread "Unconstrained build operations Thread 70" [_thread_blocked, id=18136, stack(0x0000005c04800000,0x0000005c04900000)]
  0x000001691c76a800 JavaThread "Unconstrained build operations Thread 71" [_thread_blocked, id=11940, stack(0x0000005c04900000,0x0000005c04a00000)]
  0x000001691c76c800 JavaThread "Unconstrained build operations Thread 72" [_thread_blocked, id=13348, stack(0x0000005c04a00000,0x0000005c04b00000)]
  0x000001691c768800 JavaThread "Unconstrained build operations Thread 73" [_thread_blocked, id=11408, stack(0x0000005c04b00000,0x0000005c04c00000)]
  0x000001691c76d800 JavaThread "Unconstrained build operations Thread 74" [_thread_blocked, id=4208, stack(0x0000005c04c00000,0x0000005c04d00000)]
  0x000001691c768000 JavaThread "Unconstrained build operations Thread 75" [_thread_blocked, id=288, stack(0x0000005c04d00000,0x0000005c04e00000)]
  0x000001691c76b000 JavaThread "Unconstrained build operations Thread 76" [_thread_blocked, id=16312, stack(0x0000005c04e00000,0x0000005c04f00000)]
  0x00000169193ed000 JavaThread "Unconstrained build operations Thread 77" [_thread_blocked, id=15656, stack(0x0000005c04f00000,0x0000005c05000000)]
  0x00000169193eb000 JavaThread "Unconstrained build operations Thread 78" [_thread_blocked, id=1216, stack(0x0000005c05000000,0x0000005c05100000)]
  0x00000169193ed800 JavaThread "Unconstrained build operations Thread 79" [_thread_blocked, id=13628, stack(0x0000005c05100000,0x0000005c05200000)]
  0x00000169193e9800 JavaThread "Unconstrained build operations Thread 80" [_thread_blocked, id=11412, stack(0x0000005c05200000,0x0000005c05300000)]
  0x00000169193e8000 JavaThread "jar transforms Thread 4" [_thread_blocked, id=2960, stack(0x0000005c05300000,0x0000005c05400000)]
  0x00000169193ee800 JavaThread "jar transforms Thread 5" [_thread_blocked, id=17416, stack(0x0000005c05400000,0x0000005c05500000)]
  0x00000169193ec000 JavaThread "jar transforms Thread 6" [_thread_blocked, id=19412, stack(0x0000005c05500000,0x0000005c05600000)]
  0x00000169193e8800 JavaThread "jar transforms Thread 7" [_thread_blocked, id=9944, stack(0x0000005c05600000,0x0000005c05700000)]
  0x00000169193ea800 JavaThread "jar transforms Thread 8" [_thread_blocked, id=3060, stack(0x0000005c05700000,0x0000005c05800000)]
  0x0000016917252000 JavaThread "C2 CompilerThread1" daemon [_thread_blocked, id=15948, stack(0x0000005c05800000,0x0000005c05900000)]
  0x00000169193ef000 JavaThread "Memory manager" [_thread_blocked, id=17724, stack(0x0000005c05900000,0x0000005c05a00000)]

Other Threads:
  0x00000169152d7800 VMThread "VM Thread" [stack: 0x0000005c7d400000,0x0000005c7d500000] [id=5488]
  0x0000016915dd6000 WatcherThread [stack: 0x0000005c7de00000,0x0000005c7df00000] [id=8048]
  0x000001697ae5c800 GCTaskThread "GC Thread#0" [stack: 0x0000005c7cf00000,0x0000005c7d000000] [id=4804]
  0x0000016916d9c800 GCTaskThread "GC Thread#1" [stack: 0x0000005c7e100000,0x0000005c7e200000] [id=18444]
  0x0000016916a41800 GCTaskThread "GC Thread#2" [stack: 0x0000005c7e200000,0x0000005c7e300000] [id=1156]
  0x0000016917b16800 GCTaskThread "GC Thread#3" [stack: 0x0000005c7eb00000,0x0000005c7ec00000] [id=17256]
  0x0000016917d7d000 GCTaskThread "GC Thread#4" [stack: 0x0000005c7ec00000,0x0000005c7ed00000] [id=19196]
  0x0000016917d70000 GCTaskThread "GC Thread#5" [stack: 0x0000005c7ed00000,0x0000005c7ee00000] [id=11808]
  0x0000016918653800 GCTaskThread "GC Thread#6" [stack: 0x0000005c7ee00000,0x0000005c7ef00000] [id=6852]
  0x00000169176e3800 GCTaskThread "GC Thread#7" [stack: 0x0000005c7ef00000,0x0000005c7f000000] [id=17192]
  0x000001697ae90800 ConcurrentGCThread "G1 Main Marker" [stack: 0x0000005c7d000000,0x0000005c7d100000] [id=5932]
  0x000001697ae92000 ConcurrentGCThread "G1 Conc#0" [stack: 0x0000005c7d100000,0x0000005c7d200000] [id=5036]
  0x00000169180c9000 ConcurrentGCThread "G1 Conc#1" [stack: 0x0000005c7f300000,0x0000005c7f400000] [id=7756]
  0x0000016915124800 ConcurrentGCThread "G1 Refine#0" [stack: 0x0000005c7d200000,0x0000005c7d300000] [id=1776]
  0x0000016915125000 ConcurrentGCThread "G1 Young RemSet Sampling" [stack: 0x0000005c7d300000,0x0000005c7d400000] [id=13632]

Threads with active compile tasks:
C2 CompilerThread0  11145 7089       4       com.sun.beans.TypeResolver::resolve (37 bytes)
C2 CompilerThread1  11145 7090   !   4       com.sun.beans.TypeResolver::resolve (261 bytes)

VM state:not at safepoint (normal execution)

VM Mutex/Monitor currently owned by a thread: None

Heap address: 0x0000000080000000, size: 2048 MB, Compressed Oops mode: 32-bit
Narrow klass base: 0x0000000000000000, Narrow klass shift: 3
Compressed class space size: 1073741824 Address: 0x0000000100000000

Heap:
 garbage-first heap   total 189440K, used 100994K [0x0000000080000000, 0x0000000100000000)
  region size 1024K, 49 young (50176K), 11 survivors (11264K)
 Metaspace       used 75428K, capacity 77194K, committed 77228K, reserved 1116160K
  class space    used 9855K, capacity 10466K, committed 10496K, reserved 1048576K
Heap Regions: E=young(eden), S=young(survivor), O=old, HS=humongous(starts), HC=humongous(continues), CS=collection set, F=free, A=archive, TAMS=top-at-mark-start (previous, next)
|   0|0x0000000080000000, 0x0000000080100000, 0x0000000080100000|100%| O|  |TAMS 0x0000000080100000, 0x0000000080000000| Untracked 
|   1|0x0000000080100000, 0x0000000080200000, 0x0000000080200000|100%| O|  |TAMS 0x0000000080200000, 0x0000000080100000| Untracked 
|   2|0x0000000080200000, 0x0000000080300000, 0x0000000080300000|100%| O|  |TAMS 0x0000000080300000, 0x0000000080200000| Untracked 
|   3|0x0000000080300000, 0x0000000080400000, 0x0000000080400000|100%|HS|  |TAMS 0x0000000080400000, 0x0000000080300000| Complete 
|   4|0x0000000080400000, 0x0000000080500000, 0x0000000080500000|100%|HC|  |TAMS 0x0000000080500000, 0x0000000080400000| Complete 
|   5|0x0000000080500000, 0x0000000080600000, 0x0000000080600000|100%|HC|  |TAMS 0x0000000080600000, 0x0000000080500000| Complete 
|   6|0x0000000080600000, 0x0000000080700000, 0x0000000080700000|100%| O|  |TAMS 0x0000000080700000, 0x0000000080600000| Untracked 
|   7|0x0000000080700000, 0x0000000080800000, 0x0000000080800000|100%| O|  |TAMS 0x0000000080800000, 0x0000000080700000| Untracked 
|   8|0x0000000080800000, 0x0000000080900000, 0x0000000080900000|100%| O|  |TAMS 0x0000000080900000, 0x0000000080800000| Untracked 
|   9|0x0000000080900000, 0x0000000080a00000, 0x0000000080a00000|100%| O|  |TAMS 0x0000000080a00000, 0x0000000080900000| Untracked 
|  10|0x0000000080a00000, 0x0000000080b00000, 0x0000000080b00000|100%| O|  |TAMS 0x0000000080b00000, 0x0000000080a00000| Untracked 
|  11|0x0000000080b00000, 0x0000000080c00000, 0x0000000080c00000|100%| O|  |TAMS 0x0000000080c00000, 0x0000000080b00000| Untracked 
|  12|0x0000000080c00000, 0x0000000080d00000, 0x0000000080d00000|100%| O|  |TAMS 0x0000000080d00000, 0x0000000080c00000| Untracked 
|  13|0x0000000080d00000, 0x0000000080e00000, 0x0000000080e00000|100%| O|  |TAMS 0x0000000080e00000, 0x0000000080d00000| Untracked 
|  14|0x0000000080e00000, 0x0000000080f00000, 0x0000000080f00000|100%| O|  |TAMS 0x0000000080f00000, 0x0000000080e00000| Untracked 
|  15|0x0000000080f00000, 0x0000000081000000, 0x0000000081000000|100%| O|  |TAMS 0x0000000081000000, 0x0000000080f00000| Untracked 
|  16|0x0000000081000000, 0x0000000081100000, 0x0000000081100000|100%|HS|  |TAMS 0x0000000081100000, 0x0000000081000000| Complete 
|  17|0x0000000081100000, 0x0000000081200000, 0x0000000081200000|100%| O|  |TAMS 0x0000000081200000, 0x0000000081100000| Untracked 
|  18|0x0000000081200000, 0x0000000081300000, 0x0000000081300000|100%| O|  |TAMS 0x0000000081300000, 0x0000000081200000| Untracked 
|  19|0x0000000081300000, 0x0000000081400000, 0x0000000081400000|100%| O|  |TAMS 0x0000000081400000, 0x0000000081300000| Untracked 
|  20|0x0000000081400000, 0x0000000081500000, 0x0000000081500000|100%| O|  |TAMS 0x0000000081500000, 0x0000000081400000| Untracked 
|  21|0x0000000081500000, 0x0000000081600000, 0x0000000081600000|100%| O|  |TAMS 0x0000000081600000, 0x0000000081500000| Untracked 
|  22|0x0000000081600000, 0x0000000081700000, 0x0000000081700000|100%| O|  |TAMS 0x0000000081700000, 0x0000000081600000| Untracked 
|  23|0x0000000081700000, 0x0000000081800000, 0x0000000081800000|100%| O|  |TAMS 0x0000000081800000, 0x0000000081700000| Untracked 
|  24|0x0000000081800000, 0x0000000081900000, 0x0000000081900000|100%| O|  |TAMS 0x0000000081900000, 0x0000000081800000| Untracked 
|  25|0x0000000081900000, 0x0000000081a00000, 0x0000000081a00000|100%| O|  |TAMS 0x0000000081a00000, 0x0000000081900000| Untracked 
|  26|0x0000000081a00000, 0x0000000081b00000, 0x0000000081b00000|100%| O|  |TAMS 0x0000000081b00000, 0x0000000081a00000| Untracked 
|  27|0x0000000081b00000, 0x0000000081c00000, 0x0000000081c00000|100%| O|  |TAMS 0x0000000081c00000, 0x0000000081b00000| Untracked 
|  28|0x0000000081c00000, 0x0000000081d00000, 0x0000000081d00000|100%|HS|  |TAMS 0x0000000081d00000, 0x0000000081c00000| Complete 
|  29|0x0000000081d00000, 0x0000000081e00000, 0x0000000081e00000|100%|HS|  |TAMS 0x0000000081e00000, 0x0000000081d00000| Complete 
|  30|0x0000000081e00000, 0x0000000081f00000, 0x0000000081f00000|100%|HC|  |TAMS 0x0000000081f00000, 0x0000000081e00000| Complete 
|  31|0x0000000081f00000, 0x0000000082000000, 0x0000000082000000|100%| O|  |TAMS 0x0000000082000000, 0x0000000081f00000| Untracked 
|  32|0x0000000082000000, 0x0000000082100000, 0x0000000082100000|100%| O|  |TAMS 0x0000000082100000, 0x0000000082000000| Untracked 
|  33|0x0000000082100000, 0x0000000082200000, 0x0000000082200000|100%| O|  |TAMS 0x0000000082200000, 0x0000000082100000| Untracked 
|  34|0x0000000082200000, 0x0000000082300000, 0x0000000082300000|100%| O|  |TAMS 0x0000000082300000, 0x0000000082200000| Untracked 
|  35|0x0000000082300000, 0x0000000082400000, 0x0000000082400000|100%| O|  |TAMS 0x0000000082400000, 0x0000000082300000| Untracked 
|  36|0x0000000082400000, 0x0000000082500000, 0x0000000082500000|100%| O|  |TAMS 0x0000000082500000, 0x0000000082400000| Untracked 
|  37|0x0000000082500000, 0x0000000082600000, 0x0000000082600000|100%| O|  |TAMS 0x0000000082600000, 0x0000000082500000| Untracked 
|  38|0x0000000082600000, 0x0000000082700000, 0x0000000082700000|100%| O|  |TAMS 0x0000000082700000, 0x0000000082600000| Untracked 
|  39|0x0000000082700000, 0x0000000082800000, 0x0000000082800000|100%| O|  |TAMS 0x0000000082800000, 0x0000000082700000| Untracked 
|  40|0x0000000082800000, 0x0000000082900000, 0x0000000082900000|100%| O|  |TAMS 0x0000000082900000, 0x0000000082800000| Untracked 
|  41|0x0000000082900000, 0x0000000082a00000, 0x0000000082a00000|100%| O|  |TAMS 0x0000000082a00000, 0x0000000082900000| Untracked 
|  42|0x0000000082a00000, 0x0000000082b00000, 0x0000000082b00000|100%| O|  |TAMS 0x0000000082b00000, 0x0000000082a00000| Untracked 
|  43|0x0000000082b00000, 0x0000000082c00000, 0x0000000082c00000|100%| O|  |TAMS 0x0000000082b62800, 0x0000000082b00000| Untracked 
|  44|0x0000000082c00000, 0x0000000082d00000, 0x0000000082d00000|100%| O|  |TAMS 0x0000000082c00000, 0x0000000082c00000| Untracked 
|  45|0x0000000082d00000, 0x0000000082e00000, 0x0000000082e00000|100%| O|  |TAMS 0x0000000082d00000, 0x0000000082d00000| Untracked 
|  46|0x0000000082e00000, 0x0000000082f00000, 0x0000000082f00000|100%| O|  |TAMS 0x0000000082e00000, 0x0000000082e00000| Untracked 
|  47|0x0000000082f00000, 0x0000000083000000, 0x0000000083000000|100%| O|  |TAMS 0x0000000082f00000, 0x0000000082f00000| Untracked 
|  48|0x0000000083000000, 0x0000000083100000, 0x0000000083100000|100%| O|  |TAMS 0x0000000083000000, 0x0000000083000000| Untracked 
|  49|0x0000000083100000, 0x0000000083200000, 0x0000000083200000|100%| O|  |TAMS 0x0000000083100000, 0x0000000083100000| Untracked 
|  50|0x0000000083200000, 0x00000000832a0a00, 0x0000000083300000| 62%| O|  |TAMS 0x0000000083200000, 0x0000000083200000| Untracked 
|  51|0x0000000083300000, 0x0000000083300000, 0x0000000083400000|  0%| F|  |TAMS 0x0000000083300000, 0x0000000083300000| Untracked 
|  52|0x0000000083400000, 0x0000000083400000, 0x0000000083500000|  0%| F|  |TAMS 0x0000000083400000, 0x0000000083400000| Untracked 
|  53|0x0000000083500000, 0x0000000083500000, 0x0000000083600000|  0%| F|  |TAMS 0x0000000083500000, 0x0000000083500000| Untracked 
|  54|0x0000000083600000, 0x0000000083600000, 0x0000000083700000|  0%| F|  |TAMS 0x0000000083600000, 0x0000000083600000| Untracked 
|  55|0x0000000083700000, 0x0000000083700000, 0x0000000083800000|  0%| F|  |TAMS 0x0000000083700000, 0x0000000083700000| Untracked 
|  56|0x0000000083800000, 0x0000000083800000, 0x0000000083900000|  0%| F|  |TAMS 0x0000000083800000, 0x0000000083800000| Untracked 
|  57|0x0000000083900000, 0x0000000083900000, 0x0000000083a00000|  0%| F|  |TAMS 0x0000000083900000, 0x0000000083900000| Untracked 
|  58|0x0000000083a00000, 0x0000000083a00000, 0x0000000083b00000|  0%| F|  |TAMS 0x0000000083a00000, 0x0000000083a00000| Untracked 
|  59|0x0000000083b00000, 0x0000000083b00000, 0x0000000083c00000|  0%| F|  |TAMS 0x0000000083b00000, 0x0000000083b00000| Untracked 
|  60|0x0000000083c00000, 0x0000000083c00000, 0x0000000083d00000|  0%| F|  |TAMS 0x0000000083c00000, 0x0000000083c00000| Untracked 
|  61|0x0000000083d00000, 0x0000000083d00000, 0x0000000083e00000|  0%| F|  |TAMS 0x0000000083d00000, 0x0000000083d00000| Untracked 
|  62|0x0000000083e00000, 0x0000000083e00000, 0x0000000083f00000|  0%| F|  |TAMS 0x0000000083e00000, 0x0000000083e00000| Untracked 
|  63|0x0000000083f00000, 0x0000000083f00000, 0x0000000084000000|  0%| F|  |TAMS 0x0000000083f00000, 0x0000000083f00000| Untracked 
|  64|0x0000000084000000, 0x0000000084000000, 0x0000000084100000|  0%| F|  |TAMS 0x0000000084000000, 0x0000000084000000| Untracked 
|  65|0x0000000084100000, 0x0000000084100000, 0x0000000084200000|  0%| F|  |TAMS 0x0000000084100000, 0x0000000084100000| Untracked 
|  66|0x0000000084200000, 0x0000000084200000, 0x0000000084300000|  0%| F|  |TAMS 0x0000000084200000, 0x0000000084200000| Untracked 
|  67|0x0000000084300000, 0x0000000084300000, 0x0000000084400000|  0%| F|  |TAMS 0x0000000084300000, 0x0000000084300000| Untracked 
|  68|0x0000000084400000, 0x0000000084400000, 0x0000000084500000|  0%| F|  |TAMS 0x0000000084400000, 0x0000000084400000| Untracked 
|  69|0x0000000084500000, 0x0000000084500000, 0x0000000084600000|  0%| F|  |TAMS 0x0000000084500000, 0x0000000084500000| Untracked 
|  70|0x0000000084600000, 0x0000000084600000, 0x0000000084700000|  0%| F|  |TAMS 0x0000000084600000, 0x0000000084600000| Untracked 
|  71|0x0000000084700000, 0x0000000084700000, 0x0000000084800000|  0%| F|  |TAMS 0x0000000084700000, 0x0000000084700000| Untracked 
|  72|0x0000000084800000, 0x0000000084800000, 0x0000000084900000|  0%| F|  |TAMS 0x0000000084800000, 0x0000000084800000| Untracked 
|  73|0x0000000084900000, 0x0000000084900000, 0x0000000084a00000|  0%| F|  |TAMS 0x0000000084900000, 0x0000000084900000| Untracked 
|  74|0x0000000084a00000, 0x0000000084a00000, 0x0000000084b00000|  0%| F|  |TAMS 0x0000000084a00000, 0x0000000084a00000| Untracked 
|  75|0x0000000084b00000, 0x0000000084b00000, 0x0000000084c00000|  0%| F|  |TAMS 0x0000000084b00000, 0x0000000084b00000| Untracked 
|  76|0x0000000084c00000, 0x0000000084c00000, 0x0000000084d00000|  0%| F|  |TAMS 0x0000000084c00000, 0x0000000084c00000| Untracked 
|  77|0x0000000084d00000, 0x0000000084d00000, 0x0000000084e00000|  0%| F|  |TAMS 0x0000000084d00000, 0x0000000084d00000| Untracked 
|  78|0x0000000084e00000, 0x0000000084e00000, 0x0000000084f00000|  0%| F|  |TAMS 0x0000000084e00000, 0x0000000084e00000| Untracked 
|  79|0x0000000084f00000, 0x0000000084f00000, 0x0000000085000000|  0%| F|  |TAMS 0x0000000084f00000, 0x0000000084f00000| Untracked 
|  80|0x0000000085000000, 0x0000000085000000, 0x0000000085100000|  0%| F|  |TAMS 0x0000000085000000, 0x0000000085000000| Untracked 
|  81|0x0000000085100000, 0x0000000085100000, 0x0000000085200000|  0%| F|  |TAMS 0x0000000085100000, 0x0000000085100000| Untracked 
|  82|0x0000000085200000, 0x0000000085200000, 0x0000000085300000|  0%| F|  |TAMS 0x0000000085200000, 0x0000000085200000| Untracked 
|  83|0x0000000085300000, 0x0000000085300000, 0x0000000085400000|  0%| F|  |TAMS 0x0000000085300000, 0x0000000085300000| Untracked 
|  84|0x0000000085400000, 0x0000000085400000, 0x0000000085500000|  0%| F|  |TAMS 0x0000000085400000, 0x0000000085400000| Untracked 
|  85|0x0000000085500000, 0x0000000085500000, 0x0000000085600000|  0%| F|  |TAMS 0x0000000085500000, 0x0000000085500000| Untracked 
|  86|0x0000000085600000, 0x0000000085600000, 0x0000000085700000|  0%| F|  |TAMS 0x0000000085600000, 0x0000000085600000| Untracked 
|  87|0x0000000085700000, 0x0000000085700000, 0x0000000085800000|  0%| F|  |TAMS 0x0000000085700000, 0x0000000085700000| Untracked 
|  88|0x0000000085800000, 0x0000000085800000, 0x0000000085900000|  0%| F|  |TAMS 0x0000000085800000, 0x0000000085800000| Untracked 
|  89|0x0000000085900000, 0x0000000085900000, 0x0000000085a00000|  0%| F|  |TAMS 0x0000000085900000, 0x0000000085900000| Untracked 
|  90|0x0000000085a00000, 0x0000000085a00000, 0x0000000085b00000|  0%| F|  |TAMS 0x0000000085a00000, 0x0000000085a00000| Untracked 
|  91|0x0000000085b00000, 0x0000000085b00000, 0x0000000085c00000|  0%| F|  |TAMS 0x0000000085b00000, 0x0000000085b00000| Untracked 
|  92|0x0000000085c00000, 0x0000000085c00000, 0x0000000085d00000|  0%| F|  |TAMS 0x0000000085c00000, 0x0000000085c00000| Untracked 
|  93|0x0000000085d00000, 0x0000000085d00000, 0x0000000085e00000|  0%| F|  |TAMS 0x0000000085d00000, 0x0000000085d00000| Untracked 
|  94|0x0000000085e00000, 0x0000000085e00000, 0x0000000085f00000|  0%| F|  |TAMS 0x0000000085e00000, 0x0000000085e00000| Untracked 
|  95|0x0000000085f00000, 0x0000000085f00000, 0x0000000086000000|  0%| F|  |TAMS 0x0000000085f00000, 0x0000000085f00000| Untracked 
|  96|0x0000000086000000, 0x0000000086000000, 0x0000000086100000|  0%| F|  |TAMS 0x0000000086000000, 0x0000000086000000| Untracked 
|  97|0x0000000086100000, 0x0000000086100000, 0x0000000086200000|  0%| F|  |TAMS 0x0000000086100000, 0x0000000086100000| Untracked 
|  98|0x0000000086200000, 0x0000000086200000, 0x0000000086300000|  0%| F|  |TAMS 0x0000000086200000, 0x0000000086200000| Untracked 
|  99|0x0000000086300000, 0x0000000086400000, 0x0000000086400000|100%| S|CS|TAMS 0x0000000086300000, 0x0000000086300000| Complete 
| 100|0x0000000086400000, 0x0000000086500000, 0x0000000086500000|100%| S|CS|TAMS 0x0000000086400000, 0x0000000086400000| Complete 
| 101|0x0000000086500000, 0x0000000086600000, 0x0000000086600000|100%| S|CS|TAMS 0x0000000086500000, 0x0000000086500000| Complete 
| 102|0x0000000086600000, 0x0000000086700000, 0x0000000086700000|100%| S|CS|TAMS 0x0000000086600000, 0x0000000086600000| Complete 
| 103|0x0000000086700000, 0x0000000086800000, 0x0000000086800000|100%| S|CS|TAMS 0x0000000086700000, 0x0000000086700000| Complete 
| 104|0x0000000086800000, 0x0000000086900000, 0x0000000086900000|100%| S|CS|TAMS 0x0000000086800000, 0x0000000086800000| Complete 
| 105|0x0000000086900000, 0x0000000086a00000, 0x0000000086a00000|100%| S|CS|TAMS 0x0000000086900000, 0x0000000086900000| Complete 
| 106|0x0000000086a00000, 0x0000000086b00000, 0x0000000086b00000|100%| S|CS|TAMS 0x0000000086a00000, 0x0000000086a00000| Complete 
| 107|0x0000000086b00000, 0x0000000086c00000, 0x0000000086c00000|100%| S|CS|TAMS 0x0000000086b00000, 0x0000000086b00000| Complete 
| 108|0x0000000086c00000, 0x0000000086d00000, 0x0000000086d00000|100%| S|CS|TAMS 0x0000000086c00000, 0x0000000086c00000| Complete 
| 109|0x0000000086d00000, 0x0000000086e00000, 0x0000000086e00000|100%| S|CS|TAMS 0x0000000086d00000, 0x0000000086d00000| Complete 
| 110|0x0000000086e00000, 0x0000000086e00000, 0x0000000086f00000|  0%| F|  |TAMS 0x0000000086e00000, 0x0000000086e00000| Untracked 
| 111|0x0000000086f00000, 0x0000000086f00000, 0x0000000087000000|  0%| F|  |TAMS 0x0000000086f00000, 0x0000000086f00000| Untracked 
| 112|0x0000000087000000, 0x0000000087000000, 0x0000000087100000|  0%| F|  |TAMS 0x0000000087000000, 0x0000000087000000| Untracked 
| 113|0x0000000087100000, 0x0000000087100000, 0x0000000087200000|  0%| F|  |TAMS 0x0000000087100000, 0x0000000087100000| Untracked 
| 114|0x0000000087200000, 0x0000000087200000, 0x0000000087300000|  0%| F|  |TAMS 0x0000000087200000, 0x0000000087200000| Untracked 
| 115|0x0000000087300000, 0x0000000087300000, 0x0000000087400000|  0%| F|  |TAMS 0x0000000087300000, 0x0000000087300000| Untracked 
| 116|0x0000000087400000, 0x0000000087400000, 0x0000000087500000|  0%| F|  |TAMS 0x0000000087400000, 0x0000000087400000| Untracked 
| 117|0x0000000087500000, 0x0000000087500000, 0x0000000087600000|  0%| F|  |TAMS 0x0000000087500000, 0x0000000087500000| Untracked 
| 118|0x0000000087600000, 0x0000000087600000, 0x0000000087700000|  0%| F|  |TAMS 0x0000000087600000, 0x0000000087600000| Untracked 
| 119|0x0000000087700000, 0x0000000087700000, 0x0000000087800000|  0%| F|  |TAMS 0x0000000087700000, 0x0000000087700000| Untracked 
| 120|0x0000000087800000, 0x0000000087800000, 0x0000000087900000|  0%| F|  |TAMS 0x0000000087800000, 0x0000000087800000| Untracked 
| 121|0x0000000087900000, 0x0000000087900000, 0x0000000087a00000|  0%| F|  |TAMS 0x0000000087900000, 0x0000000087900000| Untracked 
| 122|0x0000000087a00000, 0x0000000087a00000, 0x0000000087b00000|  0%| F|  |TAMS 0x0000000087a00000, 0x0000000087a00000| Untracked 
| 123|0x0000000087b00000, 0x0000000087b00000, 0x0000000087c00000|  0%| F|  |TAMS 0x0000000087b00000, 0x0000000087b00000| Untracked 
| 124|0x0000000087c00000, 0x0000000087c00000, 0x0000000087d00000|  0%| F|  |TAMS 0x0000000087c00000, 0x0000000087c00000| Untracked 
| 125|0x0000000087d00000, 0x0000000087d00000, 0x0000000087e00000|  0%| F|  |TAMS 0x0000000087d00000, 0x0000000087d00000| Untracked 
| 126|0x0000000087e00000, 0x0000000087e00000, 0x0000000087f00000|  0%| F|  |TAMS 0x0000000087e00000, 0x0000000087e00000| Untracked 
| 127|0x0000000087f00000, 0x0000000087f00000, 0x0000000088000000|  0%| F|  |TAMS 0x0000000087f00000, 0x0000000087f00000| Untracked 
| 128|0x0000000088000000, 0x0000000088000000, 0x0000000088100000|  0%| F|  |TAMS 0x0000000088000000, 0x0000000088000000| Untracked 
| 129|0x0000000088100000, 0x0000000088100000, 0x0000000088200000|  0%| F|  |TAMS 0x0000000088100000, 0x0000000088100000| Untracked 
| 130|0x0000000088200000, 0x0000000088200000, 0x0000000088300000|  0%| F|  |TAMS 0x0000000088200000, 0x0000000088200000| Untracked 
| 131|0x0000000088300000, 0x0000000088300000, 0x0000000088400000|  0%| F|  |TAMS 0x0000000088300000, 0x0000000088300000| Untracked 
| 132|0x0000000088400000, 0x0000000088400000, 0x0000000088500000|  0%| F|  |TAMS 0x0000000088400000, 0x0000000088400000| Untracked 
| 133|0x0000000088500000, 0x0000000088500000, 0x0000000088600000|  0%| F|  |TAMS 0x0000000088500000, 0x0000000088500000| Untracked 
| 134|0x0000000088600000, 0x0000000088600000, 0x0000000088700000|  0%| F|  |TAMS 0x0000000088600000, 0x0000000088600000| Untracked 
| 135|0x0000000088700000, 0x0000000088700000, 0x0000000088800000|  0%| F|  |TAMS 0x0000000088700000, 0x0000000088700000| Untracked 
| 136|0x0000000088800000, 0x0000000088800000, 0x0000000088900000|  0%| F|  |TAMS 0x0000000088800000, 0x0000000088800000| Untracked 
| 137|0x0000000088900000, 0x0000000088900000, 0x0000000088a00000|  0%| F|  |TAMS 0x0000000088900000, 0x0000000088900000| Untracked 
| 138|0x0000000088a00000, 0x0000000088a00000, 0x0000000088b00000|  0%| F|  |TAMS 0x0000000088a00000, 0x0000000088a00000| Untracked 
| 139|0x0000000088b00000, 0x0000000088b00000, 0x0000000088c00000|  0%| F|  |TAMS 0x0000000088b00000, 0x0000000088b00000| Untracked 
| 140|0x0000000088c00000, 0x0000000088c00000, 0x0000000088d00000|  0%| F|  |TAMS 0x0000000088c00000, 0x0000000088c00000| Untracked 
| 141|0x0000000088d00000, 0x0000000088d00000, 0x0000000088e00000|  0%| F|  |TAMS 0x0000000088d00000, 0x0000000088d00000| Untracked 
| 142|0x0000000088e00000, 0x0000000088e00000, 0x0000000088f00000|  0%| F|  |TAMS 0x0000000088e00000, 0x0000000088e00000| Untracked 
| 143|0x0000000088f00000, 0x0000000088f00000, 0x0000000089000000|  0%| F|  |TAMS 0x0000000088f00000, 0x0000000088f00000| Untracked 
| 144|0x0000000089000000, 0x0000000089000000, 0x0000000089100000|  0%| F|  |TAMS 0x0000000089000000, 0x0000000089000000| Untracked 
| 145|0x0000000089100000, 0x0000000089100000, 0x0000000089200000|  0%| F|  |TAMS 0x0000000089100000, 0x0000000089100000| Untracked 
| 146|0x0000000089200000, 0x0000000089300000, 0x0000000089300000|100%| E|  |TAMS 0x0000000089200000, 0x0000000089200000| Complete 
| 147|0x0000000089300000, 0x0000000089400000, 0x0000000089400000|100%| E|CS|TAMS 0x0000000089300000, 0x0000000089300000| Complete 
| 148|0x0000000089400000, 0x0000000089500000, 0x0000000089500000|100%| E|CS|TAMS 0x0000000089400000, 0x0000000089400000| Complete 
| 149|0x0000000089500000, 0x0000000089600000, 0x0000000089600000|100%| E|CS|TAMS 0x0000000089500000, 0x0000000089500000| Complete 
| 150|0x0000000089600000, 0x0000000089700000, 0x0000000089700000|100%| E|CS|TAMS 0x0000000089600000, 0x0000000089600000| Complete 
| 151|0x0000000089700000, 0x0000000089800000, 0x0000000089800000|100%| E|CS|TAMS 0x0000000089700000, 0x0000000089700000| Complete 
| 152|0x0000000089800000, 0x0000000089900000, 0x0000000089900000|100%| E|CS|TAMS 0x0000000089800000, 0x0000000089800000| Complete 
| 153|0x0000000089900000, 0x0000000089a00000, 0x0000000089a00000|100%| E|CS|TAMS 0x0000000089900000, 0x0000000089900000| Complete 
| 154|0x0000000089a00000, 0x0000000089b00000, 0x0000000089b00000|100%| E|CS|TAMS 0x0000000089a00000, 0x0000000089a00000| Complete 
| 155|0x0000000089b00000, 0x0000000089c00000, 0x0000000089c00000|100%| E|CS|TAMS 0x0000000089b00000, 0x0000000089b00000| Complete 
| 156|0x0000000089c00000, 0x0000000089d00000, 0x0000000089d00000|100%| E|CS|TAMS 0x0000000089c00000, 0x0000000089c00000| Complete 
| 157|0x0000000089d00000, 0x0000000089e00000, 0x0000000089e00000|100%| E|CS|TAMS 0x0000000089d00000, 0x0000000089d00000| Complete 
| 158|0x0000000089e00000, 0x0000000089f00000, 0x0000000089f00000|100%| E|CS|TAMS 0x0000000089e00000, 0x0000000089e00000| Complete 
| 159|0x0000000089f00000, 0x000000008a000000, 0x000000008a000000|100%| E|CS|TAMS 0x0000000089f00000, 0x0000000089f00000| Complete 
| 160|0x000000008a000000, 0x000000008a100000, 0x000000008a100000|100%| E|CS|TAMS 0x000000008a000000, 0x000000008a000000| Complete 
| 161|0x000000008a100000, 0x000000008a200000, 0x000000008a200000|100%| E|CS|TAMS 0x000000008a100000, 0x000000008a100000| Complete 
| 162|0x000000008a200000, 0x000000008a300000, 0x000000008a300000|100%| E|CS|TAMS 0x000000008a200000, 0x000000008a200000| Complete 
| 163|0x000000008a300000, 0x000000008a400000, 0x000000008a400000|100%| E|CS|TAMS 0x000000008a300000, 0x000000008a300000| Complete 
| 164|0x000000008a400000, 0x000000008a500000, 0x000000008a500000|100%| E|CS|TAMS 0x000000008a400000, 0x000000008a400000| Complete 
| 165|0x000000008a500000, 0x000000008a600000, 0x000000008a600000|100%| E|CS|TAMS 0x000000008a500000, 0x000000008a500000| Complete 
| 166|0x000000008a600000, 0x000000008a700000, 0x000000008a700000|100%| E|CS|TAMS 0x000000008a600000, 0x000000008a600000| Complete 
| 167|0x000000008a700000, 0x000000008a800000, 0x000000008a800000|100%| E|CS|TAMS 0x000000008a700000, 0x000000008a700000| Complete 
| 168|0x000000008a800000, 0x000000008a900000, 0x000000008a900000|100%| E|CS|TAMS 0x000000008a800000, 0x000000008a800000| Complete 
| 169|0x000000008a900000, 0x000000008aa00000, 0x000000008aa00000|100%| E|CS|TAMS 0x000000008a900000, 0x000000008a900000| Complete 
| 170|0x000000008aa00000, 0x000000008ab00000, 0x000000008ab00000|100%| E|CS|TAMS 0x000000008aa00000, 0x000000008aa00000| Complete 
| 171|0x000000008ab00000, 0x000000008ac00000, 0x000000008ac00000|100%| E|CS|TAMS 0x000000008ab00000, 0x000000008ab00000| Complete 
| 172|0x000000008ac00000, 0x000000008ad00000, 0x000000008ad00000|100%| E|CS|TAMS 0x000000008ac00000, 0x000000008ac00000| Complete 
| 173|0x000000008ad00000, 0x000000008ae00000, 0x000000008ae00000|100%| E|CS|TAMS 0x000000008ad00000, 0x000000008ad00000| Complete 
| 174|0x000000008ae00000, 0x000000008af00000, 0x000000008af00000|100%| E|CS|TAMS 0x000000008ae00000, 0x000000008ae00000| Complete 
| 175|0x000000008af00000, 0x000000008b000000, 0x000000008b000000|100%| E|CS|TAMS 0x000000008af00000, 0x000000008af00000| Complete 
| 176|0x000000008b000000, 0x000000008b100000, 0x000000008b100000|100%| E|CS|TAMS 0x000000008b000000, 0x000000008b000000| Complete 
| 177|0x000000008b100000, 0x000000008b200000, 0x000000008b200000|100%| E|CS|TAMS 0x000000008b100000, 0x000000008b100000| Complete 
| 178|0x000000008b200000, 0x000000008b300000, 0x000000008b300000|100%| E|CS|TAMS 0x000000008b200000, 0x000000008b200000| Complete 
| 179|0x000000008b300000, 0x000000008b400000, 0x000000008b400000|100%| E|CS|TAMS 0x000000008b300000, 0x000000008b300000| Complete 
| 180|0x000000008b400000, 0x000000008b500000, 0x000000008b500000|100%| E|CS|TAMS 0x000000008b400000, 0x000000008b400000| Complete 
| 181|0x000000008b500000, 0x000000008b600000, 0x000000008b600000|100%| E|CS|TAMS 0x000000008b500000, 0x000000008b500000| Complete 
| 182|0x000000008b600000, 0x000000008b700000, 0x000000008b700000|100%| E|CS|TAMS 0x000000008b600000, 0x000000008b600000| Complete 
| 183|0x000000008b700000, 0x000000008b800000, 0x000000008b800000|100%| E|CS|TAMS 0x000000008b700000, 0x000000008b700000| Complete 
| 184|0x000000008b800000, 0x000000008b900000, 0x000000008b900000|100%| E|CS|TAMS 0x000000008b800000, 0x000000008b800000| Complete 

Card table byte_map: [0x000001697f080000,0x000001697f480000] _byte_map_base: 0x000001697ec80000

Marking Bits (Prev, Next): (CMBitMap*) 0x000001697ae87b38, (CMBitMap*) 0x000001697ae87b70
 Prev Bits: [0x000001690f000000, 0x0000016911000000)
 Next Bits: [0x0000016911000000, 0x0000016913000000)

Polling page: 0x0000016978dd0000

Metaspace:

Usage:
  Non-class:     65.23 MB capacity,    64.09 MB ( 98%) used,   984.59 KB (  1%) free+waste,   182.63 KB ( <1%) overhead. 
      Class:     10.25 MB capacity,     9.63 MB ( 94%) used,   546.61 KB (  5%) free+waste,    85.19 KB ( <1%) overhead. 
       Both:     75.48 MB capacity,    73.72 MB ( 98%) used,     1.50 MB (  2%) free+waste,   267.81 KB ( <1%) overhead. 

Virtual space:
  Non-class space:       66.00 MB reserved,      65.42 MB (>99%) committed 
      Class space:        1.00 GB reserved,      10.38 MB (  1%) committed 
             Both:        1.06 GB reserved,      75.79 MB (  7%) committed 

Chunk freelists:
   Non-Class:  4.00 KB
       Class:  30.00 KB
        Both:  34.00 KB

MaxMetaspaceSize: 17179869184.00 GB
CompressedClassSpaceSize: 1.00 GB
Initial GC threshold: 20.80 MB
Current GC threshold: 109.03 MB
CDS: off

CodeHeap 'non-profiled nmethods': size=120000Kb used=4299Kb max_used=4299Kb free=115700Kb
 bounds [0x0000016907ad0000, 0x0000016907f10000, 0x000001690f000000]
CodeHeap 'profiled nmethods': size=120000Kb used=15572Kb max_used=15572Kb free=104427Kb
 bounds [0x00000169005a0000, 0x00000169014e0000, 0x0000016907ad0000]
CodeHeap 'non-nmethods': size=5760Kb used=2370Kb max_used=2409Kb free=3389Kb
 bounds [0x0000016900000000, 0x0000016900270000, 0x00000169005a0000]
 total_blobs=8052 nmethods=7173 adapters=791
 compilation: enabled
              stopped_count=0, restarted_count=0
 full_count=0

Compilation events (20 events):
Event: 10.945 Thread 0x00000169152f5800 7204       3       com.google.gson.internal.$Gson$Preconditions::checkArgument (13 bytes)
Event: 10.946 Thread 0x00000169152f5800 nmethod 7204 0x00000169014caa90 code [0x00000169014cac60, 0x00000169014cae28]
Event: 10.946 Thread 0x00000169152f5800 7205       3       jdk.internal.misc.Unsafe::objectFieldOffset (18 bytes)
Event: 10.946 Thread 0x00000169152f5800 nmethod 7205 0x00000169014caf10 code [0x00000169014cb0e0, 0x00000169014cb2f8]
Event: 10.953 Thread 0x00000169152f5800 7206       3       com.google.common.base.Preconditions::checkPositionIndex (8 bytes)
Event: 10.953 Thread 0x00000169152f5800 nmethod 7206 0x00000169014cb410 code [0x00000169014cb5e0, 0x00000169014cb898]
Event: 10.953 Thread 0x00000169152f5800 7207       3       com.google.common.base.Preconditions::checkPositionIndex (25 bytes)
Event: 10.954 Thread 0x00000169152f5800 nmethod 7207 0x00000169014cba10 code [0x00000169014cbbe0, 0x00000169014cbe38]
Event: 10.992 Thread 0x00000169152f5800 7208       3       kotlin.reflect.jvm.internal.pcollections.HashPMap::getEntries (22 bytes)
Event: 10.993 Thread 0x00000169152f5800 nmethod 7208 0x00000169014cbf90 code [0x00000169014cc160, 0x00000169014cc4a8]
Event: 10.993 Thread 0x00000169152f5800 7209       3       kotlin.reflect.jvm.internal.pcollections.IntTreePMap::get (10 bytes)
Event: 10.993 Thread 0x00000169152f5800 nmethod 7209 0x00000169014cc610 code [0x00000169014cc7c0, 0x00000169014cc908]
Event: 11.004 Thread 0x00000169152f5800 7210       3       kotlin.jvm.internal.Reflection::getOrCreateKotlinClass (8 bytes)
Event: 11.004 Thread 0x00000169152f5800 nmethod 7210 0x00000169014cca10 code [0x00000169014ccbe0, 0x00000169014ccd68]
Event: 11.004 Thread 0x00000169152f5800 7211       3       kotlin.reflect.jvm.internal.ReflectionFactoryImpl::getOrCreateKotlinClass (5 bytes)
Event: 11.004 Thread 0x00000169152f5800 nmethod 7211 0x00000169014cce90 code [0x00000169014cd040, 0x00000169014cd168]
Event: 11.006 Thread 0x00000169152f5800 7212       3       java.util.jar.JarFile$JarFileEntry::getRealName (5 bytes)
Event: 11.006 Thread 0x00000169152f5800 nmethod 7212 0x00000169014cd210 code [0x00000169014cd3c0, 0x00000169014cd4d8]
Event: 11.056 Thread 0x00000169152f5800 7213       3       java.util.jar.JarFile::getVersionedEntry (85 bytes)
Event: 11.059 Thread 0x00000169152f5800 nmethod 7213 0x00000169014cd590 code [0x00000169014cd880, 0x00000169014ce888]

GC Heap History (20 events):
Event: 2.739 GC heap before
{Heap before GC invocations=2 (full 0):
 garbage-first heap   total 131072K, used 43668K [0x0000000080000000, 0x0000000100000000)
  region size 1024K, 38 young (38912K), 10 survivors (10240K)
 Metaspace       used 20690K, capacity 21086K, committed 21248K, reserved 1067008K
  class space    used 2550K, capacity 2711K, committed 2816K, reserved 1048576K
}
Event: 2.747 GC heap after
{Heap after GC invocations=3 (full 0):
 garbage-first heap   total 131072K, used 17149K [0x0000000080000000, 0x0000000100000000)
  region size 1024K, 2 young (2048K), 2 survivors (2048K)
 Metaspace       used 20690K, capacity 21086K, committed 21248K, reserved 1067008K
  class space    used 2550K, capacity 2711K, committed 2816K, reserved 1048576K
}
Event: 3.359 GC heap before
{Heap before GC invocations=4 (full 0):
 garbage-first heap   total 131072K, used 75517K [0x0000000080000000, 0x0000000100000000)
  region size 1024K, 59 young (60416K), 2 survivors (2048K)
 Metaspace       used 26834K, capacity 27440K, committed 27648K, reserved 1073152K
  class space    used 3502K, capacity 3733K, committed 3840K, reserved 1048576K
}
Event: 3.363 GC heap after
{Heap after GC invocations=5 (full 0):
 garbage-first heap   total 131072K, used 19050K [0x0000000080000000, 0x0000000100000000)
  region size 1024K, 4 young (4096K), 4 survivors (4096K)
 Metaspace       used 26834K, capacity 27440K, committed 27648K, reserved 1073152K
  class space    used 3502K, capacity 3733K, committed 3840K, reserved 1048576K
}
Event: 4.101 GC heap before
{Heap before GC invocations=5 (full 0):
 garbage-first heap   total 131072K, used 73322K [0x0000000080000000, 0x0000000100000000)
  region size 1024K, 58 young (59392K), 4 survivors (4096K)
 Metaspace       used 34873K, capacity 35734K, committed 35840K, reserved 1081344K
  class space    used 4531K, capacity 4839K, committed 4864K, reserved 1048576K
}
Event: 4.115 GC heap after
{Heap after GC invocations=6 (full 0):
 garbage-first heap   total 131072K, used 22039K [0x0000000080000000, 0x0000000100000000)
  region size 1024K, 6 young (6144K), 6 survivors (6144K)
 Metaspace       used 34873K, capacity 35734K, committed 35840K, reserved 1081344K
  class space    used 4531K, capacity 4839K, committed 4864K, reserved 1048576K
}
Event: 4.887 GC heap before
{Heap before GC invocations=7 (full 0):
 garbage-first heap   total 131072K, used 91671K [0x0000000080000000, 0x0000000100000000)
  region size 1024K, 72 young (73728K), 6 survivors (6144K)
 Metaspace       used 40202K, capacity 41171K, committed 41344K, reserved 1085440K
  class space    used 5144K, capacity 5474K, committed 5504K, reserved 1048576K
}
Event: 4.896 GC heap after
{Heap after GC invocations=8 (full 0):
 garbage-first heap   total 131072K, used 27557K [0x0000000080000000, 0x0000000100000000)
  region size 1024K, 9 young (9216K), 9 survivors (9216K)
 Metaspace       used 40202K, capacity 41171K, committed 41344K, reserved 1085440K
  class space    used 5144K, capacity 5474K, committed 5504K, reserved 1048576K
}
Event: 5.631 GC heap before
{Heap before GC invocations=8 (full 0):
 garbage-first heap   total 131072K, used 94117K [0x0000000080000000, 0x0000000100000000)
  region size 1024K, 73 young (74752K), 9 survivors (9216K)
 Metaspace       used 45891K, capacity 46969K, committed 47104K, reserved 1089536K
  class space    used 5918K, capacity 6290K, committed 6400K, reserved 1048576K
}
Event: 5.641 GC heap after
{Heap after GC invocations=9 (full 0):
 garbage-first heap   total 157696K, used 29643K [0x0000000080000000, 0x0000000100000000)
  region size 1024K, 3 young (3072K), 3 survivors (3072K)
 Metaspace       used 45891K, capacity 46969K, committed 47104K, reserved 1089536K
  class space    used 5918K, capacity 6290K, committed 6400K, reserved 1048576K
}
Event: 6.587 GC heap before
{Heap before GC invocations=9 (full 0):
 garbage-first heap   total 157696K, used 111563K [0x0000000080000000, 0x0000000100000000)
  region size 1024K, 80 young (81920K), 3 survivors (3072K)
 Metaspace       used 49286K, capacity 50732K, committed 50944K, reserved 1093632K
  class space    used 6327K, capacity 6823K, committed 6912K, reserved 1048576K
}
Event: 6.599 GC heap after
{Heap after GC invocations=10 (full 0):
 garbage-first heap   total 157696K, used 44032K [0x0000000080000000, 0x0000000100000000)
  region size 1024K, 10 young (10240K), 10 survivors (10240K)
 Metaspace       used 49286K, capacity 50732K, committed 50944K, reserved 1093632K
  class space    used 6327K, capacity 6823K, committed 6912K, reserved 1048576K
}
Event: 7.601 GC heap before
{Heap before GC invocations=10 (full 0):
 garbage-first heap   total 157696K, used 106496K [0x0000000080000000, 0x0000000100000000)
  region size 1024K, 72 young (73728K), 10 survivors (10240K)
 Metaspace       used 58364K, capacity 59797K, committed 59948K, reserved 1101824K
  class space    used 7456K, capacity 7964K, committed 8064K, reserved 1048576K
}
Event: 7.630 GC heap after
{Heap after GC invocations=11 (full 0):
 garbage-first heap   total 157696K, used 47054K [0x0000000080000000, 0x0000000100000000)
  region size 1024K, 3 young (3072K), 3 survivors (3072K)
 Metaspace       used 58364K, capacity 59797K, committed 59948K, reserved 1101824K
  class space    used 7456K, capacity 7964K, committed 8064K, reserved 1048576K
}
Event: 8.812 GC heap before
{Heap before GC invocations=12 (full 0):
 garbage-first heap   total 157696K, used 115662K [0x0000000080000000, 0x0000000100000000)
  region size 1024K, 69 young (70656K), 3 survivors (3072K)
 Metaspace       used 64913K, capacity 66530K, committed 66604K, reserved 1107968K
  class space    used 8274K, capacity 8832K, committed 8832K, reserved 1048576K
}
Event: 8.832 GC heap after
{Heap after GC invocations=13 (full 0):
 garbage-first heap   total 157696K, used 52546K [0x0000000080000000, 0x0000000100000000)
  region size 1024K, 8 young (8192K), 8 survivors (8192K)
 Metaspace       used 64913K, capacity 66530K, committed 66604K, reserved 1107968K
  class space    used 8274K, capacity 8832K, committed 8832K, reserved 1048576K
}
Event: 9.628 GC heap before
{Heap before GC invocations=14 (full 0):
 garbage-first heap   total 157696K, used 119106K [0x0000000080000000, 0x0000000100000000)
  region size 1024K, 73 young (74752K), 8 survivors (8192K)
 Metaspace       used 67664K, capacity 69370K, committed 69676K, reserved 1110016K
  class space    used 8702K, capacity 9303K, committed 9344K, reserved 1048576K
}
Event: 9.642 GC heap after
{Heap after GC invocations=15 (full 0):
 garbage-first heap   total 189440K, used 57013K [0x0000000080000000, 0x0000000100000000)
  region size 1024K, 6 young (6144K), 6 survivors (6144K)
 Metaspace       used 67664K, capacity 69370K, committed 69676K, reserved 1110016K
  class space    used 8702K, capacity 9303K, committed 9344K, reserved 1048576K
}
Event: 10.627 GC heap before
{Heap before GC invocations=15 (full 0):
 garbage-first heap   total 189440K, used 133813K [0x0000000080000000, 0x0000000100000000)
  region size 1024K, 81 young (82944K), 6 survivors (6144K)
 Metaspace       used 71848K, capacity 73617K, committed 73772K, reserved 1114112K
  class space    used 9378K, capacity 10004K, committed 10112K, reserved 1048576K
}
Event: 10.643 GC heap after
{Heap after GC invocations=16 (full 0):
 garbage-first heap   total 189440K, used 63106K [0x0000000080000000, 0x0000000100000000)
  region size 1024K, 11 young (11264K), 11 survivors (11264K)
 Metaspace       used 71848K, capacity 73617K, committed 73772K, reserved 1114112K
  class space    used 9378K, capacity 10004K, committed 10112K, reserved 1048576K
}

Deoptimization events (20 events):
Event: 10.402 Thread 0x00000169176cc000 Uncommon trap: trap_request=0xffffffde fr.pc=0x0000016907db4538 relative=0x0000000000000c18
Event: 10.403 Thread 0x00000169176cc000 Uncommon trap: reason=class_check action=maybe_recompile pc=0x0000016907db4538 method=org.codehaus.groovy.reflection.ParameterTypes.getParametersTypes0()V @ 16 c2
Event: 10.403 Thread 0x00000169176cc000 DEOPT PACKING pc=0x0000016907db4538 sp=0x0000005c7e7f8340
Event: 10.403 Thread 0x00000169176cc000 DEOPT UNPACKING pc=0x000001690004a1af sp=0x0000005c7e7f82c8 mode 2
Event: 10.412 Thread 0x00000169176cc000 Uncommon trap: trap_request=0xffffffde fr.pc=0x0000016907db4538 relative=0x0000000000000c18
Event: 10.413 Thread 0x00000169176cc000 Uncommon trap: reason=class_check action=maybe_recompile pc=0x0000016907db4538 method=org.codehaus.groovy.reflection.ParameterTypes.getParametersTypes0()V @ 16 c2
Event: 10.413 Thread 0x00000169176cc000 DEOPT PACKING pc=0x0000016907db4538 sp=0x0000005c7e7f8320
Event: 10.413 Thread 0x00000169176cc000 DEOPT UNPACKING pc=0x000001690004a1af sp=0x0000005c7e7f82a8 mode 2
Event: 10.437 Thread 0x00000169176cc000 Uncommon trap: trap_request=0xffffff4d fr.pc=0x0000016907e88ec4 relative=0x0000000000000444
Event: 10.437 Thread 0x00000169176cc000 Uncommon trap: reason=unstable_if action=reinterpret pc=0x0000016907e88ec4 method=org.codehaus.groovy.runtime.metaclass.MetaMethodIndex.copyNonPrivateNonNewMetaMethods(Lorg/codehaus/groovy/runtime/metaclass/MetaMethodIndex$Entry;Lorg/codehaus/groovy/runti
Event: 10.437 Thread 0x00000169176cc000 DEOPT PACKING pc=0x0000016907e88ec4 sp=0x0000005c7e7f6b10
Event: 10.437 Thread 0x00000169176cc000 DEOPT UNPACKING pc=0x000001690004a1af sp=0x0000005c7e7f6ac8 mode 2
Event: 10.884 Thread 0x00000169176cc000 Uncommon trap: trap_request=0xffffff4d fr.pc=0x0000016907e77608 relative=0x00000000000002e8
Event: 10.884 Thread 0x00000169176cc000 Uncommon trap: reason=unstable_if action=reinterpret pc=0x0000016907e77608 method=com.google.gson.stream.JsonReader.doPeek()I @ 525 c2
Event: 10.884 Thread 0x00000169176cc000 DEOPT PACKING pc=0x0000016907e77608 sp=0x0000005c7e7f92b0
Event: 10.884 Thread 0x00000169176cc000 DEOPT UNPACKING pc=0x000001690004a1af sp=0x0000005c7e7f9230 mode 2
Event: 11.050 Thread 0x00000169176cc000 Uncommon trap: trap_request=0xffffff4d fr.pc=0x0000016907be3938 relative=0x0000000000000838
Event: 11.050 Thread 0x00000169176cc000 Uncommon trap: reason=unstable_if action=reinterpret pc=0x0000016907be3938 method=java.util.jar.JarFile.getVersionedEntry(Ljava/lang/String;Ljava/util/jar/JarEntry;)Ljava/util/jar/JarEntry; @ 67 c2
Event: 11.050 Thread 0x00000169176cc000 DEOPT PACKING pc=0x0000016907be3938 sp=0x0000005c7e7f5b60
Event: 11.050 Thread 0x00000169176cc000 DEOPT UNPACKING pc=0x000001690004a1af sp=0x0000005c7e7f5b48 mode 2

Classes redefined (0 events):
No events

Internal exceptions (20 events):
Event: 10.644 Thread 0x00000169176cc000 Exception <a 'java/lang/ClassNotFoundException'{0x000000008b839520}: com/android/build/gradle/internal/api/DefaultAndroidSourceSetCustomizer> (0x000000008b839520) thrown at [./src/hotspot/share/classfile/systemDictionary.cpp, line 231]
Event: 10.646 Thread 0x00000169176cc000 Exception <a 'java/lang/ClassNotFoundException'{0x000000008b8ae390}: com/android/build/gradle/internal/api/DefaultAndroidSourceSet_DecoratedCustomizer> (0x000000008b8ae390) thrown at [./src/hotspot/share/classfile/systemDictionary.cpp, line 231]
Event: 10.650 Thread 0x00000169176cc000 Exception <a 'java/lang/ClassNotFoundException'{0x000000008b73ad00}: com/android/build/gradle/internal/api/DefaultAndroidSourceDirectorySetBeanInfo> (0x000000008b73ad00) thrown at [./src/hotspot/share/classfile/systemDictionary.cpp, line 231]
Event: 10.650 Thread 0x00000169176cc000 Exception <a 'java/lang/ClassNotFoundException'{0x000000008b758b68}: com/android/build/gradle/internal/api/DefaultAndroidSourceDirectorySetCustomizer> (0x000000008b758b68) thrown at [./src/hotspot/share/classfile/systemDictionary.cpp, line 231]
Event: 10.655 Thread 0x00000169176cc000 Exception <a 'java/lang/ClassNotFoundException'{0x000000008b7b9960}: com/android/build/gradle/internal/api/DefaultAndroidSourceFileBeanInfo> (0x000000008b7b9960) thrown at [./src/hotspot/share/classfile/systemDictionary.cpp, line 231]
Event: 10.655 Thread 0x00000169176cc000 Exception <a 'java/lang/ClassNotFoundException'{0x000000008b7d6340}: com/android/build/gradle/internal/api/DefaultAndroidSourceFileCustomizer> (0x000000008b7d6340) thrown at [./src/hotspot/share/classfile/systemDictionary.cpp, line 231]
Event: 10.660 Thread 0x00000169176cc000 Exception <a 'java/lang/ClassNotFoundException'{0x000000008b64ed78}: com/android/build/gradle/internal/dsl/ExternalNativeBuild_DecoratedBeanInfo> (0x000000008b64ed78) thrown at [./src/hotspot/share/classfile/systemDictionary.cpp, line 231]
Event: 10.661 Thread 0x00000169176cc000 Exception <a 'java/lang/ClassNotFoundException'{0x000000008b6698d8}: com/android/build/gradle/internal/dsl/ExternalNativeBuildBeanInfo> (0x000000008b6698d8) thrown at [./src/hotspot/share/classfile/systemDictionary.cpp, line 231]
Event: 10.662 Thread 0x00000169176cc000 Exception <a 'java/lang/ClassNotFoundException'{0x000000008b685250}: com/android/build/gradle/internal/dsl/ExternalNativeBuildCustomizer> (0x000000008b685250) thrown at [./src/hotspot/share/classfile/systemDictionary.cpp, line 231]
Event: 10.663 Thread 0x00000169176cc000 Exception <a 'java/lang/ClassNotFoundException'{0x000000008b6acca0}: com/android/build/gradle/internal/dsl/ExternalNativeBuild_DecoratedCustomizer> (0x000000008b6acca0) thrown at [./src/hotspot/share/classfile/systemDictionary.cpp, line 231]
Event: 10.667 Thread 0x00000169176cc000 Exception <a 'java/lang/ClassNotFoundException'{0x000000008b509558}: com/android/build/gradle/internal/dsl/CmakeOptions_DecoratedBeanInfo> (0x000000008b509558) thrown at [./src/hotspot/share/classfile/systemDictionary.cpp, line 231]
Event: 10.667 Thread 0x00000169176cc000 Exception <a 'java/lang/ClassNotFoundException'{0x000000008b524208}: com/android/build/gradle/internal/dsl/CmakeOptionsBeanInfo> (0x000000008b524208) thrown at [./src/hotspot/share/classfile/systemDictionary.cpp, line 231]
Event: 10.668 Thread 0x00000169176cc000 Exception <a 'java/lang/ClassNotFoundException'{0x000000008b53f480}: com/android/build/gradle/internal/dsl/CmakeOptionsCustomizer> (0x000000008b53f480) thrown at [./src/hotspot/share/classfile/systemDictionary.cpp, line 231]
Event: 10.669 Thread 0x00000169176cc000 Exception <a 'java/lang/ClassNotFoundException'{0x000000008b5631e8}: com/android/build/gradle/internal/dsl/CmakeOptions_DecoratedCustomizer> (0x000000008b5631e8) thrown at [./src/hotspot/share/classfile/systemDictionary.cpp, line 231]
Event: 10.674 Thread 0x00000169176cc000 Exception <a 'java/lang/ClassNotFoundException'{0x000000008b5b1710}: java/io/FileBeanInfo> (0x000000008b5b1710) thrown at [./src/hotspot/share/classfile/systemDictionary.cpp, line 231]
Event: 10.674 Thread 0x00000169176cc000 Exception <a 'java/lang/ClassNotFoundException'{0x000000008b5be288}: java/io/FileCustomizer> (0x000000008b5be288) thrown at [./src/hotspot/share/classfile/systemDictionary.cpp, line 231]
Event: 10.759 Thread 0x00000169176cc000 Exception <a 'sun/nio/fs/WindowsException'{0x000000008b0a4100}> (0x000000008b0a4100) thrown at [./src/hotspot/share/prims/jni.cpp, line 615]
Event: 10.759 Thread 0x00000169176cc000 Exception <a 'sun/nio/fs/WindowsException'{0x000000008b0a44c0}> (0x000000008b0a44c0) thrown at [./src/hotspot/share/prims/jni.cpp, line 615]
Event: 10.875 Thread 0x00000169176cc000 Exception <a 'sun/nio/fs/WindowsException'{0x000000008a91a468}> (0x000000008a91a468) thrown at [./src/hotspot/share/prims/jni.cpp, line 615]
Event: 10.946 Thread 0x00000169176cc000 Exception <a 'sun/nio/fs/WindowsException'{0x000000008a645778}> (0x000000008a645778) thrown at [./src/hotspot/share/prims/jni.cpp, line 615]

Events (20 events):
Event: 11.083 loading class kotlin/reflect/jvm/internal/impl/load/java/JavaClassesTracker$Default
Event: 11.083 loading class kotlin/reflect/jvm/internal/impl/load/java/JavaClassesTracker$Default done
Event: 11.083 loading class kotlin/reflect/jvm/internal/impl/load/java/JavaClassesTracker
Event: 11.083 loading class kotlin/reflect/jvm/internal/impl/load/java/JavaClassesTracker done
Event: 11.083 loading class kotlin/reflect/jvm/internal/impl/types/checker/NewKotlinTypeChecker
Event: 11.083 loading class kotlin/reflect/jvm/internal/impl/types/checker/NewKotlinTypeChecker done
Event: 11.084 loading class kotlin/reflect/jvm/internal/impl/types/checker/KotlinTypeChecker
Event: 11.084 loading class kotlin/reflect/jvm/internal/impl/types/checker/KotlinTypeChecker done
Event: 11.084 loading class kotlin/reflect/jvm/internal/impl/types/checker/NewKotlinTypeChecker$Companion
Event: 11.084 loading class kotlin/reflect/jvm/internal/impl/types/checker/NewKotlinTypeChecker$Companion done
Event: 11.084 loading class kotlin/reflect/jvm/internal/impl/types/checker/NewKotlinTypeCheckerImpl
Event: 11.084 loading class kotlin/reflect/jvm/internal/impl/types/checker/NewKotlinTypeCheckerImpl done
Event: 11.085 loading class kotlin/reflect/jvm/internal/impl/types/checker/KotlinTypeRefiner$Default
Event: 11.085 loading class kotlin/reflect/jvm/internal/impl/types/checker/KotlinTypeRefiner$Default done
Event: 11.085 loading class kotlin/reflect/jvm/internal/impl/types/checker/KotlinTypeRefiner
Event: 11.085 loading class kotlin/reflect/jvm/internal/impl/types/checker/KotlinTypeRefiner done
Event: 11.086 loading class kotlin/reflect/jvm/internal/impl/types/checker/KotlinTypePreparator$Default
Event: 11.086 loading class kotlin/reflect/jvm/internal/impl/types/checker/KotlinTypePreparator$Default done
Event: 11.087 loading class kotlin/reflect/jvm/internal/impl/types/checker/KotlinTypePreparator
Event: 11.087 loading class kotlin/reflect/jvm/internal/impl/types/checker/KotlinTypePreparator done


Dynamic libraries:
0x00007ff66bff0000 - 0x00007ff66bffa000 	C:\Program Files\Android\Android Studio\jre\bin\java.exe
0x00007ffd6e470000 - 0x00007ffd6e668000 	C:\WINDOWS\SYSTEM32\ntdll.dll
0x00007ffd24c80000 - 0x00007ffd24c97000 	C:\Program Files\AVG\Antivirus\aswhook.dll
0x00007ffd6c670000 - 0x00007ffd6c72d000 	C:\WINDOWS\System32\KERNEL32.DLL
0x00007ffd6bdd0000 - 0x00007ffd6c09e000 	C:\WINDOWS\System32\KERNELBASE.dll
0x00007ffd6c1e0000 - 0x00007ffd6c2e0000 	C:\WINDOWS\System32\ucrtbase.dll
0x00007ffd60be0000 - 0x00007ffd60bf9000 	C:\Program Files\Android\Android Studio\jre\bin\jli.dll
0x00007ffd60bc0000 - 0x00007ffd60bd7000 	C:\Program Files\Android\Android Studio\jre\bin\VCRUNTIME140.dll
0x00007ffd6c4d0000 - 0x00007ffd6c670000 	C:\WINDOWS\System32\USER32.dll
0x00007ffd50b50000 - 0x00007ffd50dea000 	C:\WINDOWS\WinSxS\amd64_microsoft.windows.common-controls_6595b64144ccf1df_6.0.19041.1110_none_60b5254171f9507e\COMCTL32.dll
0x00007ffd6c1b0000 - 0x00007ffd6c1d2000 	C:\WINDOWS\System32\win32u.dll
0x00007ffd6e240000 - 0x00007ffd6e2de000 	C:\WINDOWS\System32\msvcrt.dll
0x00007ffd6c740000 - 0x00007ffd6c76a000 	C:\WINDOWS\System32\GDI32.dll
0x00007ffd6c0a0000 - 0x00007ffd6c1ab000 	C:\WINDOWS\System32\gdi32full.dll
0x00007ffd6c3a0000 - 0x00007ffd6c43d000 	C:\WINDOWS\System32\msvcp_win.dll
0x00007ffd6e350000 - 0x00007ffd6e380000 	C:\WINDOWS\System32\IMM32.DLL
0x00007ffd28040000 - 0x00007ffd280dd000 	C:\Program Files\Android\Android Studio\jre\bin\msvcp140.dll
0x00007ffd1bd90000 - 0x00007ffd1c875000 	C:\Program Files\Android\Android Studio\jre\bin\server\jvm.dll
0x00007ffd6e060000 - 0x00007ffd6e10e000 	C:\WINDOWS\System32\ADVAPI32.dll
0x00007ffd6cf40000 - 0x00007ffd6cfdc000 	C:\WINDOWS\System32\sechost.dll
0x00007ffd6cb30000 - 0x00007ffd6cc55000 	C:\WINDOWS\System32\RPCRT4.dll
0x00007ffd6c730000 - 0x00007ffd6c738000 	C:\WINDOWS\System32\PSAPI.DLL
0x00007ffd52db0000 - 0x00007ffd52db9000 	C:\WINDOWS\SYSTEM32\WSOCK32.dll
0x00007ffd53210000 - 0x00007ffd53237000 	C:\WINDOWS\SYSTEM32\WINMM.dll
0x00007ffd5b750000 - 0x00007ffd5b75a000 	C:\WINDOWS\SYSTEM32\VERSION.dll
0x00007ffd6e2e0000 - 0x00007ffd6e34b000 	C:\WINDOWS\System32\WS2_32.dll
0x00007ffd6a3e0000 - 0x00007ffd6a3f2000 	C:\WINDOWS\SYSTEM32\kernel.appcore.dll
0x00007ffd61800000 - 0x00007ffd61811000 	C:\Program Files\Android\Android Studio\jre\bin\verify.dll
0x00007ffd6a110000 - 0x00007ffd6a2f4000 	C:\WINDOWS\SYSTEM32\DBGHELP.DLL
0x00007ffd56f20000 - 0x00007ffd56f4c000 	C:\WINDOWS\SYSTEM32\dbgcore.DLL
0x00007ffd6c440000 - 0x00007ffd6c4c2000 	C:\WINDOWS\System32\bcryptPrimitives.dll
0x00007ffd3bf40000 - 0x00007ffd3bf69000 	C:\Program Files\Android\Android Studio\jre\bin\java.dll
0x00007ffd67340000 - 0x00007ffd6734b000 	C:\Program Files\Android\Android Studio\jre\bin\jimage.dll
0x00007ffd3bf20000 - 0x00007ffd3bf38000 	C:\Program Files\Android\Android Studio\jre\bin\zip.dll
0x00007ffd6d160000 - 0x00007ffd6d8a4000 	C:\WINDOWS\System32\SHELL32.dll
0x00007ffd698a0000 - 0x00007ffd6a034000 	C:\WINDOWS\SYSTEM32\windows.storage.dll
0x00007ffd6c7d0000 - 0x00007ffd6cb24000 	C:\WINDOWS\System32\combase.dll
0x00007ffd6b440000 - 0x00007ffd6b470000 	C:\WINDOWS\SYSTEM32\Wldp.dll
0x00007ffd6e380000 - 0x00007ffd6e42d000 	C:\WINDOWS\System32\SHCORE.dll
0x00007ffd6cd40000 - 0x00007ffd6cd95000 	C:\WINDOWS\System32\shlwapi.dll
0x00007ffd6bad0000 - 0x00007ffd6baef000 	C:\WINDOWS\SYSTEM32\profapi.dll
0x00007ffd3bf00000 - 0x00007ffd3bf1a000 	C:\Program Files\Android\Android Studio\jre\bin\net.dll
0x00007ffd5c190000 - 0x00007ffd5c29a000 	C:\WINDOWS\SYSTEM32\WINHTTP.dll
0x00007ffd6b220000 - 0x00007ffd6b28a000 	C:\WINDOWS\system32\mswsock.dll
0x00007ffd3bee0000 - 0x00007ffd3bef4000 	C:\Program Files\Android\Android Studio\jre\bin\nio.dll
0x00007ffd22a40000 - 0x00007ffd22a67000 	C:\Users\HP\.gradle\native\e1d6ef7f7dcc3fd88c89a11ec53ec762bb8ba0a96d01ffa2cd45eb1d1d8dd5c5\windows-amd64\native-platform.dll
0x00007ffd22200000 - 0x00007ffd22344000 	C:\Users\HP\.gradle\native\5664cfc778a61ccfe75a443a1ab52a65af34e5dc3c78e0209fed803814484fcb\windows-amd64\native-platform-file-events.dll
0x00007ffd672c0000 - 0x00007ffd672ca000 	C:\Program Files\Android\Android Studio\jre\bin\management.dll
0x00007ffd615d0000 - 0x00007ffd615dd000 	C:\Program Files\Android\Android Studio\jre\bin\management_ext.dll
0x00007ffd6b480000 - 0x00007ffd6b498000 	C:\WINDOWS\SYSTEM32\CRYPTSP.dll
0x00007ffd6abc0000 - 0x00007ffd6abf4000 	C:\WINDOWS\system32\rsaenh.dll
0x00007ffd6bcf0000 - 0x00007ffd6bd17000 	C:\WINDOWS\System32\bcrypt.dll
0x00007ffd6ba50000 - 0x00007ffd6ba7e000 	C:\WINDOWS\SYSTEM32\USERENV.dll
0x00007ffd6b3b0000 - 0x00007ffd6b3bc000 	C:\WINDOWS\SYSTEM32\CRYPTBASE.dll
0x00007ffd6af30000 - 0x00007ffd6af6b000 	C:\WINDOWS\SYSTEM32\IPHLPAPI.DLL
0x00007ffd6dea0000 - 0x00007ffd6dea8000 	C:\WINDOWS\System32\NSI.dll
0x00007ffd57610000 - 0x00007ffd57627000 	C:\WINDOWS\SYSTEM32\dhcpcsvc6.DLL
0x00007ffd5b7f0000 - 0x00007ffd5b80d000 	C:\WINDOWS\SYSTEM32\dhcpcsvc.DLL
0x00007ffd6af70000 - 0x00007ffd6b03a000 	C:\WINDOWS\SYSTEM32\DNSAPI.dll

dbghelp: loaded successfully - version: 4.0.5 - missing functions: none
symbol engine: initialized successfully - sym options: 0x614 - pdb path: .;C:\Program Files\Android\Android Studio\jre\bin;C:\WINDOWS\SYSTEM32;C:\Program Files\AVG\Antivirus;C:\WINDOWS\WinSxS\amd64_microsoft.windows.common-controls_6595b64144ccf1df_6.0.19041.1110_none_60b5254171f9507e;C:\Program Files\Android\Android Studio\jre\bin\server;C:\Users\HP\.gradle\native\e1d6ef7f7dcc3fd88c89a11ec53ec762bb8ba0a96d01ffa2cd45eb1d1d8dd5c5\windows-amd64;C:\Users\HP\.gradle\native\5664cfc778a61ccfe75a443a1ab52a65af34e5dc3c78e0209fed803814484fcb\windows-amd64

VM Arguments:
jvm_args: --add-opens=java.base/java.util=ALL-UNNAMED --add-opens=java.base/java.lang=ALL-UNNAMED --add-opens=java.base/java.lang.invoke=ALL-UNNAMED --add-opens=java.base/java.util=ALL-UNNAMED --add-opens=java.prefs/java.util.prefs=ALL-UNNAMED --add-opens=java.prefs/java.util.prefs=ALL-UNNAMED --add-opens=java.base/java.nio.charset=ALL-UNNAMED --add-opens=java.base/java.net=ALL-UNNAMED --add-opens=java.base/java.util.concurrent.atomic=ALL-UNNAMED -Xmx2048m -Dfile.encoding=UTF-8 -Duser.country=US -Duser.language=en -Duser.variant 
java_command: org.gradle.launcher.daemon.bootstrap.GradleDaemon 7.3.3
java_class_path (initial): C:\Users\HP\.gradle\wrapper\dists\gradle-7.3.3-bin\6a41zxkdtcxs8rphpq6y0069z\gradle-7.3.3\lib\gradle-launcher-7.3.3.jar
Launcher Type: SUN_STANDARD

[Global flags]
     intx CICompilerCount                          = 4                                         {product} {ergonomic}
     uint ConcGCThreads                            = 2                                         {product} {ergonomic}
     uint G1ConcRefinementThreads                  = 8                                         {product} {ergonomic}
   size_t G1HeapRegionSize                         = 1048576                                   {product} {ergonomic}
    uintx GCDrainStackTargetSize                   = 64                                        {product} {ergonomic}
   size_t InitialHeapSize                          = 134217728                                 {product} {ergonomic}
   size_t MarkStackSize                            = 4194304                                   {product} {ergonomic}
   size_t MaxHeapSize                              = 2147483648                                {product} {command line}
   size_t MaxNewSize                               = 1287651328                                {product} {ergonomic}
   size_t MinHeapDeltaBytes                        = 1048576                                   {product} {ergonomic}
    uintx NonNMethodCodeHeapSize                   = 5836300                                {pd product} {ergonomic}
    uintx NonProfiledCodeHeapSize                  = 122910970                              {pd product} {ergonomic}
    uintx ProfiledCodeHeapSize                     = 122910970                              {pd product} {ergonomic}
    uintx ReservedCodeCacheSize                    = 251658240                              {pd product} {ergonomic}
     bool SegmentedCodeCache                       = true                                      {product} {ergonomic}
     bool UseCompressedClassPointers               = true                                 {lp64_product} {ergonomic}
     bool UseCompressedOops                        = true                                 {lp64_product} {ergonomic}
     bool UseG1GC                                  = true                                      {product} {ergonomic}
     bool UseLargePagesIndividualAllocation        = false                                  {pd product} {ergonomic}

Logging:
Log output configuration:
 #0: stdout all=warning uptime,level,tags
 #1: stderr all=off uptime,level,tags

Environment Variables:
JAVA_HOME=C:\Program Files\Java\jdk-18.0.1.1
PATH=;;;;;C:\Program Files\Common Files\Oracle\Java\javapath;C:\Program Files (x86)\Common Files\Intel\Shared Libraries\redist\intel64_win\compiler;C:\Windows\system32;C:\Windows;C:\Windows\System32\Wbem;C:\Windows\System32\WindowsPowerShell\v1.0\;C:\Windows\System32\OpenSSH\;C:\Program Files\NVIDIA Corporation\NVIDIA NvDLISR;C:\Users\HP\anaconda3;C:\Users\HP\anaconda3\Library\mingw-w64\bin;C:\Users\HP\anaconda3\Library\usr\bin;C:\Users\HP\anaconda3\Library\bin;C:\Users\HP\anaconda3\Scripts;C:\Program Files (x86)\Microsoft Visual Studio\Shared\Python37_64;C:\adb;C:\Program Files\Java\jdk-15.0.2\bin;C:\Program Files\Git\cmd;C:\WINDOWS\system32;C:\WINDOWS;C:\WINDOWS\System32\Wbem;C:\WINDOWS\System32\WindowsPowerShell\v1.0\;C:\WINDOWS\System32\OpenSSH\;C:\Program Files\Docker\Docker\resources\bin;C:\ProgramData\DockerDesktop\version-bin;C:\Program Files\MongoDB\Server\5.0\bin;C:\Users\HP\AppData\Local\Programs\Python\Python310\Scripts;C:\Program Files\dotnet\;C:\Program Files\Cloudflare\Cloudflare WARP\;C:\Program Files\JetBrains\IntelliJ IDEA Community Edition 2020.3.2\bin;;C:\Users\HP\AppData\Local\Microsoft\WindowsApps;C:\AdditionalPackages\protoc\bin;C:\Program Files (x86)\Dev-Cpp\MinGW64\bin;C:\Program Files\heroku\bin;C:\Program Files (x86)\Java\jre1.8.0_331\bin;C:\Program Files (x86)\Java\jre1.8.0_202\bin;C:\Users\HP\.dotnet\tools;C:\Program Files\Java\jdk-18.0.1.1\bin;C:\Users\HP\AppData\Roaming\Microsoft\Windows\Start Menu\Programs\Python 3.9;C:\Users\HP\AppData\Local\Programs\Python\Python39\;C:\Users\HP\AppData\Local\Programs\Python\Python39\Scripts\;
USERNAME=HP
OS=Windows_NT
PROCESSOR_IDENTIFIER=Intel64 Family 6 Model 142 Stepping 10, GenuineIntel



---------------  S Y S T E M  ---------------

OS: Windows 10 , 64 bit Build 19041 (10.0.19041.1889)
OS uptime: 3 days 10:35 hours
Hyper-V role detected

CPU:total 8 (initial active 8) (4 cores per cpu, 2 threads per core) family 6 model 142 stepping 10 microcode 0xe0, cmov, cx8, fxsr, mmx, sse, sse2, sse3, ssse3, sse4.1, sse4.2, popcnt, avx, avx2, aes, clmul, erms, 3dnowpref, lzcnt, ht, tsc, tscinvbit, bmi1, bmi2, adx, fma

Memory: 4k page, system-wide physical 8083M (440M free)
TotalPageFile size 29887M (AvailPageFile size 5M)
current process WorkingSet (physical memory assigned to process): 425M, peak: 430M
current process commit charge ("private bytes"): 467M, peak: 471M

vm_info: OpenJDK 64-Bit Server VM (11.0.12+7-b1504.28-7817840) for windows-amd64 JRE (11.0.12+7-b1504.28-7817840), built on Oct 13 2021 22:12:33 by "builder" with MS VC++ 14.0 (VS2015)

END.
