#
# There is insufficient memory for the Java Runtime Environment to continue.
# Native memory allocation (mmap) failed to map 32505856 bytes for Failed to commit area from 0x0000000089a00000 to 0x000000008b900000 of length 32505856.
# Possible reasons:
#   The system is out of physical RAM or swap space
#   The process is running with CompressedOops enabled, and the Java Heap may be blocking the growth of the native heap
# Possible solutions:
#   Reduce memory load on the system
#   Increase physical memory or swap space
#   Check if swap backing store is full
#   Decrease Java heap size (-Xmx/-Xms)
#   Decrease number of Java threads
#   Decrease Java thread stack sizes (-Xss)
#   Set larger code cache with -XX:ReservedCodeCacheSize=
#   JVM is running with Unscaled Compressed Oops mode in which the Java heap is
#     placed in the first 4GB address space. The Java Heap base address is the
#     maximum limit for the native heap growth. Please use -XX:HeapBaseMinAddress
#     to set the Java Heap base and to place the Java Heap above 4GB virtual address.
# This output file may be truncated or incomplete.
#
#  Out of Memory Error (./src/hotspot/os/windows/os_windows.cpp:3521), pid=13048, tid=18416
#
# JRE version: OpenJDK Runtime Environment (11.0.12+7) (build 11.0.12+7-b1504.28-7817840)
# Java VM: OpenJDK 64-Bit Server VM (11.0.12+7-b1504.28-7817840, mixed mode, tiered, compressed oops, g1 gc, windows-amd64)
# No core dump will be written. Minidumps are not enabled by default on client versions of Windows
#

---------------  S U M M A R Y ------------

Command Line: --add-opens=java.base/java.util=ALL-UNNAMED --add-opens=java.base/java.lang=ALL-UNNAMED --add-opens=java.base/java.lang.invoke=ALL-UNNAMED --add-opens=java.base/java.util=ALL-UNNAMED --add-opens=java.prefs/java.util.prefs=ALL-UNNAMED --add-opens=java.prefs/java.util.prefs=ALL-UNNAMED --add-opens=java.base/java.nio.charset=ALL-UNNAMED --add-opens=java.base/java.net=ALL-UNNAMED --add-opens=java.base/java.util.concurrent.atomic=ALL-UNNAMED -Xmx2048m -Dfile.encoding=UTF-8 -Duser.country=US -Duser.language=en -Duser.variant org.gradle.launcher.daemon.bootstrap.GradleDaemon 7.3.3

Host: Intel(R) Core(TM) i7-8550U CPU @ 1.80GHz, 8 cores, 7G,  Windows 10 , 64 bit Build 19041 (10.0.19041.1889)
Time: Tue Aug 16 22:28:41 2022 Pakistan Standard Time elapsed time: 10.962699 seconds (0d 0h 0m 10s)

---------------  T H R E A D  ---------------

Current thread (0x000001e24c684800):  VMThread "VM Thread" [stack: 0x000000a393400000,0x000000a393500000] [id=18416]

Stack: [0x000000a393400000,0x000000a393500000]
[error occurred during error reporting (printing stack bounds), id 0xc0000005, EXCEPTION_ACCESS_VIOLATION (0xc0000005) at pc=0x000001e2354c112d]

Native frames: (J=compiled Java code, j=interpreted, Vv=VM code, C=native code)
V  [jvm.dll+0x5fbcea]
V  [jvm.dll+0x731905]
V  [jvm.dll+0x732f1d]
V  [jvm.dll+0x733535]
V  [jvm.dll+0x7334eb]
V  [jvm.dll+0x5fb080]
V  [jvm.dll+0x5fb818]
C  [ntdll.dll+0xa229f]
C  [ntdll.dll+0x51454]
C  [ntdll.dll+0xa0dce]
C  0x000001e2354c112d

VM_Operation (0x000000a3947f9240): G1CollectForAllocation, mode: safepoint, requested by thread 0x000001e24dbae800


---------------  P R O C E S S  ---------------

Threads class SMR info:
_java_thread_list=0x000001e253bf9670, length=123, elements={
0x000001e2319b4000, 0x000001e24be6e800, 0x000001e24be78000, 0x000001e24c6d7000,
0x000001e24c6d8000, 0x000001e24c6da000, 0x000001e24c6e7000, 0x000001e24c6ed800,
0x000001e24c6ee800, 0x000001e24c84a800, 0x000001e24f763800, 0x000001e24c8fa800,
0x000001e24cf4c000, 0x000001e24df66000, 0x000001e24da9a000, 0x000001e24f73b800,
0x000001e24dbae800, 0x000001e24ec2c800, 0x000001e24e8e5000, 0x000001e24ef06000,
0x000001e24ef07800, 0x000001e24ef06800, 0x000001e24ef04800, 0x000001e24ef08800,
0x000001e24ef05000, 0x000001e24ef02800, 0x000001e24ef03800, 0x000001e251bdc800,
0x000001e251bdd000, 0x000001e251bd7800, 0x000001e251bdb800, 0x000001e251bda000,
0x000001e251be0800, 0x000001e251be2000, 0x000001e251be3000, 0x000001e251be3800,
0x000001e251be4800, 0x000001e251be5800, 0x000001e251bdf800, 0x000001e251be6000,
0x000001e24e8d1800, 0x000001e24e8cd000, 0x000001e24e8cd800, 0x000001e24e8d1000,
0x000001e24e8cc000, 0x000001e24e8ce800, 0x000001e24e8d2800, 0x000001e24e8d3800,
0x000001e24e8d4000, 0x000001e24e8d5000, 0x000001e24e8cf000, 0x000001e24e8d0000,
0x000001e24e8d7800, 0x000001e24e8d6000, 0x000001e24e8d8000, 0x000001e24e8d6800,
0x000001e24e8d9000, 0x000001e24e8da000, 0x000001e24e8da800, 0x000001e25250d000,
0x000001e25250f800, 0x000001e252510000, 0x000001e252511000, 0x000001e252512000,
0x000001e25250e800, 0x000001e252512800, 0x000001e252513800, 0x000001e25250e000,
0x000001e252517800, 0x000001e252518800, 0x000001e25251a000, 0x000001e252514800,
0x000001e252519000, 0x000001e252516800, 0x000001e25251b000, 0x000001e252515000,
0x000001e252516000, 0x000001e25251b800, 0x000001e251ae9800, 0x000001e251aee800,
0x000001e251aec000, 0x000001e251aec800, 0x000001e251aed800, 0x000001e251aeb000,
0x000001e251ae8800, 0x000001e251aea000, 0x000001e251af1800, 0x000001e251af0000,
0x000001e251af1000, 0x000001e251af2800, 0x000001e251af3000, 0x000001e251af4000,
0x000001e251aef000, 0x000001e251af5000, 0x000001e251af5800, 0x000001e251af6800,
0x000001e251af7800, 0x000001e2526be000, 0x000001e2526ba000, 0x000001e2526bf000,
0x000001e2526bb000, 0x000001e2526b9000, 0x000001e2526bb800, 0x000001e2526bc800,
0x000001e2526c1800, 0x000001e2526bf800, 0x000001e2526c0800, 0x000001e2526c2000,
0x000001e2526c3000, 0x000001e2526bd000, 0x000001e2526c5800, 0x000001e2526c6000,
0x000001e2526c4000, 0x000001e2526c7000, 0x000001e2526c8000, 0x000001e2526c4800,
0x000001e251a34800, 0x000001e251a35800, 0x000001e251a36800, 0x000001e251a30800,
0x000001e251a34000, 0x000001e251a37000, 0x000001e251a31800
}

Java Threads: ( => current thread )
  0x000001e2319b4000 JavaThread "main" [_thread_blocked, id=13456, stack(0x000000a392e00000,0x000000a392f00000)]
  0x000001e24be6e800 JavaThread "Reference Handler" daemon [_thread_blocked, id=3152, stack(0x000000a393500000,0x000000a393600000)]
  0x000001e24be78000 JavaThread "Finalizer" daemon [_thread_blocked, id=18232, stack(0x000000a393600000,0x000000a393700000)]
  0x000001e24c6d7000 JavaThread "Signal Dispatcher" daemon [_thread_blocked, id=17392, stack(0x000000a393700000,0x000000a393800000)]
  0x000001e24c6d8000 JavaThread "Attach Listener" daemon [_thread_blocked, id=5796, stack(0x000000a393800000,0x000000a393900000)]
  0x000001e24c6da000 JavaThread "Service Thread" daemon [_thread_blocked, id=8672, stack(0x000000a393900000,0x000000a393a00000)]
  0x000001e24c6e7000 JavaThread "C2 CompilerThread0" daemon [_thread_blocked, id=2484, stack(0x000000a393a00000,0x000000a393b00000)]
  0x000001e24c6ed800 JavaThread "C1 CompilerThread0" daemon [_thread_blocked, id=19424, stack(0x000000a393b00000,0x000000a393c00000)]
  0x000001e24c6ee800 JavaThread "Sweeper thread" daemon [_thread_blocked, id=19216, stack(0x000000a393c00000,0x000000a393d00000)]
  0x000001e24c84a800 JavaThread "Common-Cleaner" daemon [_thread_blocked, id=16888, stack(0x000000a393d00000,0x000000a393e00000)]
  0x000001e24f763800 JavaThread "Daemon health stats" [_thread_blocked, id=7888, stack(0x000000a394300000,0x000000a394400000)]
  0x000001e24c8fa800 JavaThread "Incoming local TCP Connector on port 19116" [_thread_in_native, id=7700, stack(0x000000a393f00000,0x000000a394000000)]
  0x000001e24cf4c000 JavaThread "Daemon periodic checks" [_thread_blocked, id=14480, stack(0x000000a394000000,0x000000a394100000)]
  0x000001e24df66000 JavaThread "Daemon" [_thread_blocked, id=13608, stack(0x000000a394400000,0x000000a394500000)]
  0x000001e24da9a000 JavaThread "Handler for socket connection from /127.0.0.1:19116 to /127.0.0.1:19117" [_thread_in_native, id=15344, stack(0x000000a394500000,0x000000a394600000)]
  0x000001e24f73b800 JavaThread "Cancel handler" [_thread_blocked, id=11508, stack(0x000000a394600000,0x000000a394700000)]
  0x000001e24dbae800 JavaThread "Daemon worker" [_thread_blocked, id=8220, stack(0x000000a394700000,0x000000a394800000)]
  0x000001e24ec2c800 JavaThread "Asynchronous log dispatcher for DefaultDaemonConnection: socket connection from /127.0.0.1:19116 to /127.0.0.1:19117" [_thread_blocked, id=4072, stack(0x000000a394800000,0x000000a394900000)]
  0x000001e24e8e5000 JavaThread "Stdin handler" [_thread_blocked, id=13928, stack(0x000000a394900000,0x000000a394a00000)]
  0x000001e24ef06000 JavaThread "Daemon client event forwarder" [_thread_blocked, id=17444, stack(0x000000a394a00000,0x000000a394b00000)]
  0x000001e24ef07800 JavaThread "Cache worker for journal cache (C:\Users\HP\.gradle\caches\journal-1)" [_thread_blocked, id=1772, stack(0x000000a395000000,0x000000a395100000)]
  0x000001e24ef06800 JavaThread "File lock request listener" [_thread_in_native, id=16716, stack(0x000000a395100000,0x000000a395200000)]
  0x000001e24ef04800 JavaThread "Cache worker for file hash cache (C:\Users\HP\.gradle\caches\7.3.3\fileHashes)" [_thread_blocked, id=9672, stack(0x000000a395200000,0x000000a395300000)]
  0x000001e24ef08800 JavaThread "Cache worker for file hash cache (D:\Alovera\plant_detection\.gradle\7.3.3\fileHashes)" [_thread_blocked, id=18764, stack(0x000000a395500000,0x000000a395600000)]
  0x000001e24ef05000 JavaThread "File watcher server" daemon [_thread_in_native, id=2040, stack(0x000000a395600000,0x000000a395700000)]
  0x000001e24ef02800 JavaThread "File watcher consumer" daemon [_thread_blocked, id=17820, stack(0x000000a395700000,0x000000a395800000)]
  0x000001e24ef03800 JavaThread "Cache worker for checksums cache (D:\Alovera\plant_detection\.gradle\7.3.3\checksums)" [_thread_blocked, id=8700, stack(0x000000a395800000,0x000000a395900000)]
  0x000001e251bdc800 JavaThread "Cache worker for cache directory md-supplier (C:\Users\HP\.gradle\caches\7.3.3\md-supplier)" [_thread_blocked, id=3272, stack(0x000000a395900000,0x000000a395a00000)]
  0x000001e251bdd000 JavaThread "Cache worker for cache directory md-rule (C:\Users\HP\.gradle\caches\7.3.3\md-rule)" [_thread_blocked, id=15072, stack(0x000000a395a00000,0x000000a395b00000)]
  0x000001e251bd7800 JavaThread "Cache worker for execution history cache (C:\Users\HP\.gradle\caches\7.3.3\executionHistory)" [_thread_blocked, id=3128, stack(0x000000a395b00000,0x000000a395c00000)]
  0x000001e251bdb800 JavaThread "jar transforms" [_thread_blocked, id=17864, stack(0x000000a395c00000,0x000000a395d00000)]
  0x000001e251bda000 JavaThread "Cache worker for file content cache (C:\Users\HP\.gradle\caches\7.3.3\fileContent)" [_thread_blocked, id=17088, stack(0x000000a395d00000,0x000000a395e00000)]
  0x000001e251be0800 JavaThread "jar transforms Thread 2" [_thread_blocked, id=3356, stack(0x000000a395e00000,0x000000a395f00000)]
  0x000001e251be2000 JavaThread "Cache worker for dependencies-accessors (D:\Alovera\plant_detection\.gradle\7.3.3\dependencies-accessors)" [_thread_blocked, id=1316, stack(0x000000a395f00000,0x000000a396000000)]
  0x000001e251be3000 JavaThread "jar transforms Thread 3" [_thread_blocked, id=10796, stack(0x000000a396000000,0x000000a396100000)]
  0x000001e251be3800 JavaThread "Cache worker for Build Output Cleanup Cache (D:\Alovera\plant_detection\.gradle\buildOutputCleanup)" [_thread_blocked, id=19392, stack(0x000000a396100000,0x000000a396200000)]
  0x000001e251be4800 JavaThread "Unconstrained build operations" [_thread_blocked, id=13576, stack(0x000000a396200000,0x000000a396300000)]
  0x000001e251be5800 JavaThread "Unconstrained build operations Thread 2" [_thread_blocked, id=5820, stack(0x000000a396300000,0x000000a396400000)]
  0x000001e251bdf800 JavaThread "Unconstrained build operations Thread 3" [_thread_blocked, id=7812, stack(0x000000a396400000,0x000000a396500000)]
  0x000001e251be6000 JavaThread "Unconstrained build operations Thread 4" [_thread_blocked, id=9880, stack(0x000000a396500000,0x000000a396600000)]
  0x000001e24e8d1800 JavaThread "Unconstrained build operations Thread 5" [_thread_blocked, id=10944, stack(0x000000a396600000,0x000000a396700000)]
  0x000001e24e8cd000 JavaThread "Unconstrained build operations Thread 6" [_thread_blocked, id=1348, stack(0x000000a396700000,0x000000a396800000)]
  0x000001e24e8cd800 JavaThread "Unconstrained build operations Thread 7" [_thread_blocked, id=2152, stack(0x000000a396800000,0x000000a396900000)]
  0x000001e24e8d1000 JavaThread "Unconstrained build operations Thread 8" [_thread_blocked, id=12496, stack(0x000000a396900000,0x000000a396a00000)]
  0x000001e24e8cc000 JavaThread "Unconstrained build operations Thread 9" [_thread_blocked, id=5696, stack(0x000000a396a00000,0x000000a396b00000)]
  0x000001e24e8ce800 JavaThread "Unconstrained build operations Thread 10" [_thread_blocked, id=17744, stack(0x000000a396b00000,0x000000a396c00000)]
  0x000001e24e8d2800 JavaThread "Unconstrained build operations Thread 11" [_thread_blocked, id=15904, stack(0x000000a396c00000,0x000000a396d00000)]
  0x000001e24e8d3800 JavaThread "Unconstrained build operations Thread 12" [_thread_blocked, id=13128, stack(0x000000a396d00000,0x000000a396e00000)]
  0x000001e24e8d4000 JavaThread "Unconstrained build operations Thread 13" [_thread_blocked, id=15664, stack(0x000000a396e00000,0x000000a396f00000)]
  0x000001e24e8d5000 JavaThread "Unconstrained build operations Thread 14" [_thread_blocked, id=1572, stack(0x000000a396f00000,0x000000a397000000)]
  0x000001e24e8cf000 JavaThread "Unconstrained build operations Thread 15" [_thread_blocked, id=16692, stack(0x000000a397000000,0x000000a397100000)]
  0x000001e24e8d0000 JavaThread "Unconstrained build operations Thread 16" [_thread_blocked, id=18904, stack(0x000000a397100000,0x000000a397200000)]
  0x000001e24e8d7800 JavaThread "Unconstrained build operations Thread 17" [_thread_blocked, id=16740, stack(0x000000a397200000,0x000000a397300000)]
  0x000001e24e8d6000 JavaThread "Unconstrained build operations Thread 18" [_thread_blocked, id=18692, stack(0x000000a397300000,0x000000a397400000)]
  0x000001e24e8d8000 JavaThread "Unconstrained build operations Thread 19" [_thread_blocked, id=12016, stack(0x000000a397400000,0x000000a397500000)]
  0x000001e24e8d6800 JavaThread "Unconstrained build operations Thread 20" [_thread_blocked, id=17216, stack(0x000000a397500000,0x000000a397600000)]
  0x000001e24e8d9000 JavaThread "Unconstrained build operations Thread 21" [_thread_blocked, id=3256, stack(0x000000a397600000,0x000000a397700000)]
  0x000001e24e8da000 JavaThread "Unconstrained build operations Thread 22" [_thread_blocked, id=7452, stack(0x000000a397700000,0x000000a397800000)]
  0x000001e24e8da800 JavaThread "Unconstrained build operations Thread 23" [_thread_blocked, id=7836, stack(0x000000a397800000,0x000000a397900000)]
  0x000001e25250d000 JavaThread "Unconstrained build operations Thread 24" [_thread_blocked, id=12584, stack(0x000000a397900000,0x000000a397a00000)]
  0x000001e25250f800 JavaThread "Unconstrained build operations Thread 25" [_thread_blocked, id=14244, stack(0x000000a397a00000,0x000000a397b00000)]
  0x000001e252510000 JavaThread "Unconstrained build operations Thread 26" [_thread_blocked, id=18392, stack(0x000000a397b00000,0x000000a397c00000)]
  0x000001e252511000 JavaThread "Unconstrained build operations Thread 27" [_thread_blocked, id=2760, stack(0x000000a397c00000,0x000000a397d00000)]
  0x000001e252512000 JavaThread "Unconstrained build operations Thread 28" [_thread_blocked, id=17056, stack(0x000000a397d00000,0x000000a397e00000)]
  0x000001e25250e800 JavaThread "Unconstrained build operations Thread 29" [_thread_blocked, id=10320, stack(0x000000a397e00000,0x000000a397f00000)]
  0x000001e252512800 JavaThread "Unconstrained build operations Thread 30" [_thread_blocked, id=1120, stack(0x000000a397f00000,0x000000a398000000)]
  0x000001e252513800 JavaThread "Unconstrained build operations Thread 31" [_thread_blocked, id=15556, stack(0x000000a398000000,0x000000a398100000)]
  0x000001e25250e000 JavaThread "Unconstrained build operations Thread 32" [_thread_blocked, id=17880, stack(0x000000a398100000,0x000000a398200000)]
  0x000001e252517800 JavaThread "Unconstrained build operations Thread 33" [_thread_blocked, id=1160, stack(0x000000a398200000,0x000000a398300000)]
  0x000001e252518800 JavaThread "Unconstrained build operations Thread 34" [_thread_blocked, id=11836, stack(0x000000a398300000,0x000000a398400000)]
  0x000001e25251a000 JavaThread "Unconstrained build operations Thread 35" [_thread_blocked, id=14068, stack(0x000000a398400000,0x000000a398500000)]
  0x000001e252514800 JavaThread "Unconstrained build operations Thread 36" [_thread_blocked, id=16836, stack(0x000000a398500000,0x000000a398600000)]
  0x000001e252519000 JavaThread "Unconstrained build operations Thread 37" [_thread_blocked, id=12980, stack(0x000000a398600000,0x000000a398700000)]
  0x000001e252516800 JavaThread "Unconstrained build operations Thread 38" [_thread_blocked, id=1164, stack(0x000000a398700000,0x000000a398800000)]
  0x000001e25251b000 JavaThread "Unconstrained build operations Thread 39" [_thread_blocked, id=8304, stack(0x000000a398800000,0x000000a398900000)]
  0x000001e252515000 JavaThread "Unconstrained build operations Thread 40" [_thread_blocked, id=19004, stack(0x000000a398900000,0x000000a398a00000)]
  0x000001e252516000 JavaThread "Unconstrained build operations Thread 41" [_thread_blocked, id=5752, stack(0x000000a398a00000,0x000000a398b00000)]
  0x000001e25251b800 JavaThread "Unconstrained build operations Thread 42" [_thread_blocked, id=3552, stack(0x000000a398b00000,0x000000a398c00000)]
  0x000001e251ae9800 JavaThread "Unconstrained build operations Thread 43" [_thread_blocked, id=10600, stack(0x000000a398c00000,0x000000a398d00000)]
  0x000001e251aee800 JavaThread "Unconstrained build operations Thread 44" [_thread_blocked, id=5532, stack(0x000000a398d00000,0x000000a398e00000)]
  0x000001e251aec000 JavaThread "Unconstrained build operations Thread 45" [_thread_blocked, id=3424, stack(0x000000a398e00000,0x000000a398f00000)]
  0x000001e251aec800 JavaThread "Unconstrained build operations Thread 46" [_thread_blocked, id=14556, stack(0x000000a398f00000,0x000000a399000000)]
  0x000001e251aed800 JavaThread "Unconstrained build operations Thread 47" [_thread_blocked, id=11640, stack(0x000000a399000000,0x000000a399100000)]
  0x000001e251aeb000 JavaThread "Unconstrained build operations Thread 48" [_thread_blocked, id=15396, stack(0x000000a399100000,0x000000a399200000)]
  0x000001e251ae8800 JavaThread "Unconstrained build operations Thread 49" [_thread_blocked, id=17232, stack(0x000000a399200000,0x000000a399300000)]
  0x000001e251aea000 JavaThread "Unconstrained build operations Thread 50" [_thread_blocked, id=16428, stack(0x000000a399300000,0x000000a399400000)]
  0x000001e251af1800 JavaThread "Unconstrained build operations Thread 51" [_thread_blocked, id=14000, stack(0x000000a399400000,0x000000a399500000)]
  0x000001e251af0000 JavaThread "Unconstrained build operations Thread 52" [_thread_blocked, id=8292, stack(0x000000a399500000,0x000000a399600000)]
  0x000001e251af1000 JavaThread "Unconstrained build operations Thread 53" [_thread_blocked, id=2444, stack(0x000000a399600000,0x000000a399700000)]
  0x000001e251af2800 JavaThread "Unconstrained build operations Thread 54" [_thread_blocked, id=4604, stack(0x000000a399700000,0x000000a399800000)]
  0x000001e251af3000 JavaThread "Unconstrained build operations Thread 55" [_thread_blocked, id=796, stack(0x000000a399800000,0x000000a399900000)]
  0x000001e251af4000 JavaThread "Unconstrained build operations Thread 56" [_thread_blocked, id=19076, stack(0x000000a399900000,0x000000a399a00000)]
  0x000001e251aef000 JavaThread "Unconstrained build operations Thread 57" [_thread_blocked, id=16764, stack(0x000000a399a00000,0x000000a399b00000)]
  0x000001e251af5000 JavaThread "Unconstrained build operations Thread 58" [_thread_blocked, id=15748, stack(0x000000a399b00000,0x000000a399c00000)]
  0x000001e251af5800 JavaThread "Unconstrained build operations Thread 59" [_thread_blocked, id=16104, stack(0x000000a399c00000,0x000000a399d00000)]
  0x000001e251af6800 JavaThread "Unconstrained build operations Thread 60" [_thread_blocked, id=19240, stack(0x000000a399d00000,0x000000a399e00000)]
  0x000001e251af7800 JavaThread "Unconstrained build operations Thread 61" [_thread_blocked, id=18748, stack(0x000000a399e00000,0x000000a399f00000)]
  0x000001e2526be000 JavaThread "Unconstrained build operations Thread 62" [_thread_blocked, id=10200, stack(0x000000a399f00000,0x000000a39a000000)]
  0x000001e2526ba000 JavaThread "Unconstrained build operations Thread 63" [_thread_blocked, id=19340, stack(0x000000a39a000000,0x000000a39a100000)]
  0x000001e2526bf000 JavaThread "Unconstrained build operations Thread 64" [_thread_blocked, id=9208, stack(0x000000a39a100000,0x000000a39a200000)]
  0x000001e2526bb000 JavaThread "Unconstrained build operations Thread 65" [_thread_blocked, id=15128, stack(0x000000a39a200000,0x000000a39a300000)]
  0x000001e2526b9000 JavaThread "Unconstrained build operations Thread 66" [_thread_blocked, id=16368, stack(0x000000a39a300000,0x000000a39a400000)]
  0x000001e2526bb800 JavaThread "Unconstrained build operations Thread 67" [_thread_blocked, id=17804, stack(0x000000a39a400000,0x000000a39a500000)]
  0x000001e2526bc800 JavaThread "Unconstrained build operations Thread 68" [_thread_blocked, id=1020, stack(0x000000a39a500000,0x000000a39a600000)]
  0x000001e2526c1800 JavaThread "Unconstrained build operations Thread 69" [_thread_blocked, id=5904, stack(0x000000a39a600000,0x000000a39a700000)]
  0x000001e2526bf800 JavaThread "Unconstrained build operations Thread 70" [_thread_blocked, id=17552, stack(0x000000a39a700000,0x000000a39a800000)]
  0x000001e2526c0800 JavaThread "Unconstrained build operations Thread 71" [_thread_blocked, id=3756, stack(0x000000a39a800000,0x000000a39a900000)]
  0x000001e2526c2000 JavaThread "Unconstrained build operations Thread 72" [_thread_blocked, id=11848, stack(0x000000a39a900000,0x000000a39aa00000)]
  0x000001e2526c3000 JavaThread "Unconstrained build operations Thread 73" [_thread_blocked, id=8284, stack(0x000000a39aa00000,0x000000a39ab00000)]
  0x000001e2526bd000 JavaThread "Unconstrained build operations Thread 74" [_thread_blocked, id=2800, stack(0x000000a39ab00000,0x000000a39ac00000)]
  0x000001e2526c5800 JavaThread "Unconstrained build operations Thread 75" [_thread_blocked, id=11512, stack(0x000000a39ac00000,0x000000a39ad00000)]
  0x000001e2526c6000 JavaThread "Unconstrained build operations Thread 76" [_thread_blocked, id=16332, stack(0x000000a39ad00000,0x000000a39ae00000)]
  0x000001e2526c4000 JavaThread "Unconstrained build operations Thread 77" [_thread_blocked, id=19144, stack(0x000000a39ae00000,0x000000a39af00000)]
  0x000001e2526c7000 JavaThread "Unconstrained build operations Thread 78" [_thread_blocked, id=12536, stack(0x000000a39af00000,0x000000a39b000000)]
  0x000001e2526c8000 JavaThread "Unconstrained build operations Thread 79" [_thread_blocked, id=9304, stack(0x000000a39b000000,0x000000a39b100000)]
  0x000001e2526c4800 JavaThread "Unconstrained build operations Thread 80" [_thread_blocked, id=13716, stack(0x000000a39b100000,0x000000a39b200000)]
  0x000001e251a34800 JavaThread "jar transforms Thread 4" [_thread_blocked, id=5784, stack(0x000000a39b200000,0x000000a39b300000)]
  0x000001e251a35800 JavaThread "jar transforms Thread 5" [_thread_blocked, id=18972, stack(0x000000a39b300000,0x000000a39b400000)]
  0x000001e251a36800 JavaThread "jar transforms Thread 6" [_thread_blocked, id=1264, stack(0x000000a39b400000,0x000000a39b500000)]
  0x000001e251a30800 JavaThread "jar transforms Thread 7" [_thread_blocked, id=3404, stack(0x000000a39b500000,0x000000a39b600000)]
  0x000001e251a34000 JavaThread "jar transforms Thread 8" [_thread_blocked, id=7704, stack(0x000000a39b600000,0x000000a39b700000)]
  0x000001e251a37000 JavaThread "Memory manager" [_thread_blocked, id=13636, stack(0x000000a39b700000,0x000000a39b800000)]
  0x000001e251a31800 JavaThread "C2 CompilerThread1" daemon [_thread_blocked, id=15772, stack(0x000000a395400000,0x000000a395500000)]

Other Threads:
=>0x000001e24c684800 VMThread "VM Thread" [stack: 0x000000a393400000,0x000000a393500000] [id=18416]
  0x000001e24c863000 WatcherThread [stack: 0x000000a393e00000,0x000000a393f00000] [id=17712]
  0x000001e2319ce800 GCTaskThread "GC Thread#0" [stack: 0x000000a392f00000,0x000000a393000000] [id=1780]
  0x000001e24d72b000 GCTaskThread "GC Thread#1" [stack: 0x000000a394100000,0x000000a394200000] [id=4704]
  0x000001e24d0f5800 GCTaskThread "GC Thread#2" [stack: 0x000000a394200000,0x000000a394300000] [id=10688]
  0x000001e24e184800 GCTaskThread "GC Thread#3" [stack: 0x000000a394b00000,0x000000a394c00000] [id=6284]
  0x000001e24deec000 GCTaskThread "GC Thread#4" [stack: 0x000000a394c00000,0x000000a394d00000] [id=17092]
  0x000001e24deed000 GCTaskThread "GC Thread#5" [stack: 0x000000a394d00000,0x000000a394e00000] [id=9348]
  0x000001e24f7ce800 GCTaskThread "GC Thread#6" [stack: 0x000000a394e00000,0x000000a394f00000] [id=11384]
  0x000001e24f7cf000 GCTaskThread "GC Thread#7" [stack: 0x000000a394f00000,0x000000a395000000] [id=15476]
  0x000001e231a00000 ConcurrentGCThread "G1 Main Marker" [stack: 0x000000a393000000,0x000000a393100000] [id=1564]
  0x000001e231a01800 ConcurrentGCThread "G1 Conc#0" [stack: 0x000000a393100000,0x000000a393200000] [id=2060]
  0x000001e24f0db000 ConcurrentGCThread "G1 Conc#1" [stack: 0x000000a395300000,0x000000a395400000] [id=18380]
  0x000001e24bcc1800 ConcurrentGCThread "G1 Refine#0" [stack: 0x000000a393200000,0x000000a393300000] [id=9280]
  0x000001e24bcc2800 ConcurrentGCThread "G1 Young RemSet Sampling" [stack: 0x000000a393300000,0x000000a393400000] [id=17296]

Threads with active compile tasks:
C2 CompilerThread0  10992 7541       4       com.android.build.gradle.internal.cxx.settings.ParseMacroStringKt::tokenizeMacroString (457 bytes)
C1 CompilerThread0  10992 7548       3       kotlin.collections.MapsKt__MapsKt::toMap (138 bytes)
C2 CompilerThread1  10992 7519       4       java.lang.Class::getMethod (59 bytes)

VM state:at safepoint (normal execution)

VM Mutex/Monitor currently owned by a thread:  ([mutex/lock_event])
[0x000001e2319afae0] Threads_lock - owner thread: 0x000001e24c684800
[0x000001e2319b10d0] Heap_lock - owner thread: 0x000001e24dbae800

Heap address: 0x0000000080000000, size: 2048 MB, Compressed Oops mode: 32-bit
Narrow klass base: 0x0000000000000000, Narrow klass shift: 3
Compressed class space size: 1073741824 Address: 0x0000000100000000

Heap:
 garbage-first heap   total 189440K, used 66661K [0x0000000080000000, 0x0000000100000000)
  region size 1024K, 3 young (3072K), 3 survivors (3072K)
 Metaspace       used 79152K, capacity 80912K, committed 81092K, reserved 1120256K
  class space    used 10350K, capacity 10985K, committed 11104K, reserved 1048576K
Heap Regions: E=young(eden), S=young(survivor), O=old, HS=humongous(starts), HC=humongous(continues), CS=collection set, F=free, A=archive, TAMS=top-at-mark-start (previous, next)
|   0|0x0000000080000000, 0x0000000080100000, 0x0000000080100000|100%| O|  |TAMS 0x0000000080100000, 0x0000000080100000| Untracked 
|   1|0x0000000080100000, 0x0000000080200000, 0x0000000080200000|100%| O|  |TAMS 0x0000000080200000, 0x0000000080200000| Untracked 
|   2|0x0000000080200000, 0x0000000080300000, 0x0000000080300000|100%| O|  |TAMS 0x0000000080300000, 0x0000000080300000| Untracked 
|   3|0x0000000080300000, 0x0000000080400000, 0x0000000080400000|100%|HS|  |TAMS 0x0000000080400000, 0x0000000080400000| Complete 
|   4|0x0000000080400000, 0x0000000080500000, 0x0000000080500000|100%|HC|  |TAMS 0x0000000080500000, 0x0000000080500000| Complete 
|   5|0x0000000080500000, 0x0000000080600000, 0x0000000080600000|100%|HC|  |TAMS 0x0000000080600000, 0x0000000080600000| Complete 
|   6|0x0000000080600000, 0x0000000080700000, 0x0000000080700000|100%| O|  |TAMS 0x0000000080700000, 0x0000000080700000| Untracked 
|   7|0x0000000080700000, 0x0000000080800000, 0x0000000080800000|100%| O|  |TAMS 0x0000000080800000, 0x0000000080800000| Untracked 
|   8|0x0000000080800000, 0x0000000080900000, 0x0000000080900000|100%| O|  |TAMS 0x0000000080900000, 0x0000000080900000| Untracked 
|   9|0x0000000080900000, 0x0000000080a00000, 0x0000000080a00000|100%| O|  |TAMS 0x0000000080a00000, 0x0000000080a00000| Untracked 
|  10|0x0000000080a00000, 0x0000000080b00000, 0x0000000080b00000|100%| O|  |TAMS 0x0000000080b00000, 0x0000000080b00000| Untracked 
|  11|0x0000000080b00000, 0x0000000080c00000, 0x0000000080c00000|100%| O|  |TAMS 0x0000000080c00000, 0x0000000080c00000| Untracked 
|  12|0x0000000080c00000, 0x0000000080d00000, 0x0000000080d00000|100%| O|  |TAMS 0x0000000080d00000, 0x0000000080d00000| Untracked 
|  13|0x0000000080d00000, 0x0000000080e00000, 0x0000000080e00000|100%| O|  |TAMS 0x0000000080e00000, 0x0000000080e00000| Untracked 
|  14|0x0000000080e00000, 0x0000000080f00000, 0x0000000080f00000|100%| O|  |TAMS 0x0000000080f00000, 0x0000000080f00000| Untracked 
|  15|0x0000000080f00000, 0x0000000081000000, 0x0000000081000000|100%| O|  |TAMS 0x0000000081000000, 0x0000000081000000| Untracked 
|  16|0x0000000081000000, 0x0000000081100000, 0x0000000081100000|100%|HS|  |TAMS 0x0000000081100000, 0x0000000081100000| Complete 
|  17|0x0000000081100000, 0x0000000081200000, 0x0000000081200000|100%| O|  |TAMS 0x0000000081200000, 0x0000000081200000| Untracked 
|  18|0x0000000081200000, 0x0000000081300000, 0x0000000081300000|100%| O|  |TAMS 0x0000000081300000, 0x0000000081300000| Untracked 
|  19|0x0000000081300000, 0x0000000081400000, 0x0000000081400000|100%| O|  |TAMS 0x0000000081400000, 0x0000000081400000| Untracked 
|  20|0x0000000081400000, 0x0000000081500000, 0x0000000081500000|100%| O|  |TAMS 0x0000000081500000, 0x0000000081500000| Untracked 
|  21|0x0000000081500000, 0x0000000081600000, 0x0000000081600000|100%| O|  |TAMS 0x0000000081600000, 0x0000000081600000| Untracked 
|  22|0x0000000081600000, 0x0000000081700000, 0x0000000081700000|100%| O|  |TAMS 0x0000000081700000, 0x0000000081700000| Untracked 
|  23|0x0000000081700000, 0x0000000081800000, 0x0000000081800000|100%| O|  |TAMS 0x0000000081800000, 0x0000000081800000| Untracked 
|  24|0x0000000081800000, 0x0000000081900000, 0x0000000081900000|100%| O|  |TAMS 0x0000000081900000, 0x0000000081900000| Untracked 
|  25|0x0000000081900000, 0x0000000081a00000, 0x0000000081a00000|100%| O|  |TAMS 0x0000000081a00000, 0x0000000081a00000| Untracked 
|  26|0x0000000081a00000, 0x0000000081b00000, 0x0000000081b00000|100%| O|  |TAMS 0x0000000081b00000, 0x0000000081b00000| Untracked 
|  27|0x0000000081b00000, 0x0000000081c00000, 0x0000000081c00000|100%| O|  |TAMS 0x0000000081c00000, 0x0000000081c00000| Untracked 
|  28|0x0000000081c00000, 0x0000000081d00000, 0x0000000081d00000|100%|HS|  |TAMS 0x0000000081d00000, 0x0000000081d00000| Complete 
|  29|0x0000000081d00000, 0x0000000081e00000, 0x0000000081e00000|100%|HS|  |TAMS 0x0000000081e00000, 0x0000000081e00000| Complete 
|  30|0x0000000081e00000, 0x0000000081f00000, 0x0000000081f00000|100%|HC|  |TAMS 0x0000000081f00000, 0x0000000081f00000| Complete 
|  31|0x0000000081f00000, 0x0000000082000000, 0x0000000082000000|100%| O|  |TAMS 0x0000000082000000, 0x0000000082000000| Untracked 
|  32|0x0000000082000000, 0x0000000082100000, 0x0000000082100000|100%| O|  |TAMS 0x0000000082100000, 0x0000000082100000| Untracked 
|  33|0x0000000082100000, 0x0000000082200000, 0x0000000082200000|100%| O|  |TAMS 0x0000000082200000, 0x0000000082200000| Untracked 
|  34|0x0000000082200000, 0x0000000082300000, 0x0000000082300000|100%| O|  |TAMS 0x0000000082300000, 0x0000000082300000| Untracked 
|  35|0x0000000082300000, 0x0000000082400000, 0x0000000082400000|100%| O|  |TAMS 0x0000000082400000, 0x0000000082400000| Untracked 
|  36|0x0000000082400000, 0x0000000082500000, 0x0000000082500000|100%| O|  |TAMS 0x0000000082500000, 0x0000000082500000| Untracked 
|  37|0x0000000082500000, 0x0000000082600000, 0x0000000082600000|100%| O|  |TAMS 0x0000000082600000, 0x0000000082600000| Untracked 
|  38|0x0000000082600000, 0x0000000082700000, 0x0000000082700000|100%| O|  |TAMS 0x0000000082700000, 0x0000000082700000| Untracked 
|  39|0x0000000082700000, 0x0000000082800000, 0x0000000082800000|100%| O|  |TAMS 0x0000000082800000, 0x0000000082800000| Untracked 
|  40|0x0000000082800000, 0x0000000082900000, 0x0000000082900000|100%| O|  |TAMS 0x0000000082900000, 0x0000000082900000| Untracked 
|  41|0x0000000082900000, 0x0000000082a00000, 0x0000000082a00000|100%| O|  |TAMS 0x0000000082a00000, 0x0000000082a00000| Untracked 
|  42|0x0000000082a00000, 0x0000000082b00000, 0x0000000082b00000|100%| O|  |TAMS 0x0000000082b00000, 0x0000000082b00000| Untracked 
|  43|0x0000000082b00000, 0x0000000082c00000, 0x0000000082c00000|100%| O|  |TAMS 0x0000000082c00000, 0x0000000082c00000| Untracked 
|  44|0x0000000082c00000, 0x0000000082d00000, 0x0000000082d00000|100%| O|  |TAMS 0x0000000082d00000, 0x0000000082d00000| Untracked 
|  45|0x0000000082d00000, 0x0000000082e00000, 0x0000000082e00000|100%| O|  |TAMS 0x0000000082e00000, 0x0000000082e00000| Untracked 
|  46|0x0000000082e00000, 0x0000000082f00000, 0x0000000082f00000|100%| O|  |TAMS 0x0000000082f00000, 0x0000000082f00000| Untracked 
|  47|0x0000000082f00000, 0x0000000083000000, 0x0000000083000000|100%| O|  |TAMS 0x0000000083000000, 0x0000000083000000| Untracked 
|  48|0x0000000083000000, 0x0000000083100000, 0x0000000083100000|100%| O|  |TAMS 0x0000000083100000, 0x0000000083100000| Untracked 
|  49|0x0000000083100000, 0x0000000083200000, 0x0000000083200000|100%| O|  |TAMS 0x0000000083200000, 0x0000000083200000| Untracked 
|  50|0x0000000083200000, 0x0000000083300000, 0x0000000083300000|100%| O|  |TAMS 0x0000000083300000, 0x0000000083300000| Untracked 
|  51|0x0000000083300000, 0x0000000083400000, 0x0000000083400000|100%| O|  |TAMS 0x0000000083400000, 0x0000000083400000| Untracked 
|  52|0x0000000083400000, 0x0000000083500000, 0x0000000083500000|100%| O|  |TAMS 0x0000000083500000, 0x0000000083500000| Untracked 
|  53|0x0000000083500000, 0x0000000083600000, 0x0000000083600000|100%| O|  |TAMS 0x0000000083600000, 0x0000000083600000| Untracked 
|  54|0x0000000083600000, 0x0000000083700000, 0x0000000083700000|100%| O|  |TAMS 0x0000000083700000, 0x0000000083700000| Untracked 
|  55|0x0000000083700000, 0x0000000083800000, 0x0000000083800000|100%| O|  |TAMS 0x0000000083800000, 0x0000000083800000| Untracked 
|  56|0x0000000083800000, 0x0000000083900000, 0x0000000083900000|100%| O|  |TAMS 0x0000000083900000, 0x0000000083900000| Untracked 
|  57|0x0000000083900000, 0x0000000083a00000, 0x0000000083a00000|100%| O|  |TAMS 0x0000000083a00000, 0x0000000083a00000| Untracked 
|  58|0x0000000083a00000, 0x0000000083b00000, 0x0000000083b00000|100%| O|  |TAMS 0x0000000083a5dc00, 0x0000000083b00000| Untracked 
|  59|0x0000000083b00000, 0x0000000083c00000, 0x0000000083c00000|100%| O|  |TAMS 0x0000000083b00000, 0x0000000083c00000| Untracked 
|  60|0x0000000083c00000, 0x0000000083d00000, 0x0000000083d00000|100%| O|  |TAMS 0x0000000083c00000, 0x0000000083d00000| Untracked 
|  61|0x0000000083d00000, 0x0000000083e00000, 0x0000000083e00000|100%| O|  |TAMS 0x0000000083d00000, 0x0000000083e00000| Untracked 
|  62|0x0000000083e00000, 0x0000000083ef8800, 0x0000000083f00000| 97%| O|  |TAMS 0x0000000083e00000, 0x0000000083ef8800| Untracked 
|  63|0x0000000083f00000, 0x0000000083f00000, 0x0000000084000000|  0%| F|  |TAMS 0x0000000083f00000, 0x0000000083f00000| Untracked 
|  64|0x0000000084000000, 0x0000000084000000, 0x0000000084100000|  0%| F|  |TAMS 0x0000000084000000, 0x0000000084000000| Untracked 
|  65|0x0000000084100000, 0x0000000084100000, 0x0000000084200000|  0%| F|  |TAMS 0x0000000084100000, 0x0000000084100000| Untracked 
|  66|0x0000000084200000, 0x0000000084200000, 0x0000000084300000|  0%| F|  |TAMS 0x0000000084200000, 0x0000000084200000| Untracked 
|  67|0x0000000084300000, 0x0000000084300000, 0x0000000084400000|  0%| F|  |TAMS 0x0000000084300000, 0x0000000084300000| Untracked 
|  68|0x0000000084400000, 0x0000000084400000, 0x0000000084500000|  0%| F|  |TAMS 0x0000000084400000, 0x0000000084400000| Untracked 
|  69|0x0000000084500000, 0x0000000084500000, 0x0000000084600000|  0%| F|  |TAMS 0x0000000084500000, 0x0000000084500000| Untracked 
|  70|0x0000000084600000, 0x0000000084600000, 0x0000000084700000|  0%| F|  |TAMS 0x0000000084600000, 0x0000000084600000| Untracked 
|  71|0x0000000084700000, 0x0000000084700000, 0x0000000084800000|  0%| F|  |TAMS 0x0000000084700000, 0x0000000084700000| Untracked 
|  72|0x0000000084800000, 0x0000000084800000, 0x0000000084900000|  0%| F|  |TAMS 0x0000000084800000, 0x0000000084800000| Untracked 
|  73|0x0000000084900000, 0x0000000084900000, 0x0000000084a00000|  0%| F|  |TAMS 0x0000000084900000, 0x0000000084900000| Untracked 
|  74|0x0000000084a00000, 0x0000000084a00000, 0x0000000084b00000|  0%| F|  |TAMS 0x0000000084a00000, 0x0000000084a00000| Untracked 
|  75|0x0000000084b00000, 0x0000000084b00000, 0x0000000084c00000|  0%| F|  |TAMS 0x0000000084b00000, 0x0000000084b00000| Untracked 
|  76|0x0000000084c00000, 0x0000000084c00000, 0x0000000084d00000|  0%| F|  |TAMS 0x0000000084c00000, 0x0000000084c00000| Untracked 
|  77|0x0000000084d00000, 0x0000000084d00000, 0x0000000084e00000|  0%| F|  |TAMS 0x0000000084d00000, 0x0000000084d00000| Untracked 
|  78|0x0000000084e00000, 0x0000000084e00000, 0x0000000084f00000|  0%| F|  |TAMS 0x0000000084e00000, 0x0000000084e00000| Untracked 
|  79|0x0000000084f00000, 0x0000000084f00000, 0x0000000085000000|  0%| F|  |TAMS 0x0000000084f00000, 0x0000000084f00000| Untracked 
|  80|0x0000000085000000, 0x0000000085000000, 0x0000000085100000|  0%| F|  |TAMS 0x0000000085000000, 0x0000000085000000| Untracked 
|  81|0x0000000085100000, 0x0000000085100000, 0x0000000085200000|  0%| F|  |TAMS 0x0000000085100000, 0x0000000085100000| Untracked 
|  82|0x0000000085200000, 0x0000000085200000, 0x0000000085300000|  0%| F|  |TAMS 0x0000000085200000, 0x0000000085200000| Untracked 
|  83|0x0000000085300000, 0x0000000085300000, 0x0000000085400000|  0%| F|  |TAMS 0x0000000085300000, 0x0000000085300000| Untracked 
|  84|0x0000000085400000, 0x0000000085400000, 0x0000000085500000|  0%| F|  |TAMS 0x0000000085400000, 0x0000000085400000| Untracked 
|  85|0x0000000085500000, 0x0000000085500000, 0x0000000085600000|  0%| F|  |TAMS 0x0000000085500000, 0x0000000085500000| Untracked 
|  86|0x0000000085600000, 0x0000000085600000, 0x0000000085700000|  0%| F|  |TAMS 0x0000000085600000, 0x0000000085600000| Untracked 
|  87|0x0000000085700000, 0x0000000085700000, 0x0000000085800000|  0%| F|  |TAMS 0x0000000085700000, 0x0000000085700000| Untracked 
|  88|0x0000000085800000, 0x0000000085800000, 0x0000000085900000|  0%| F|  |TAMS 0x0000000085800000, 0x0000000085800000| Untracked 
|  89|0x0000000085900000, 0x0000000085900000, 0x0000000085a00000|  0%| F|  |TAMS 0x0000000085900000, 0x0000000085900000| Untracked 
|  90|0x0000000085a00000, 0x0000000085a00000, 0x0000000085b00000|  0%| F|  |TAMS 0x0000000085a00000, 0x0000000085a00000| Untracked 
|  91|0x0000000085b00000, 0x0000000085b00000, 0x0000000085c00000|  0%| F|  |TAMS 0x0000000085b00000, 0x0000000085b00000| Untracked 
|  92|0x0000000085c00000, 0x0000000085c00000, 0x0000000085d00000|  0%| F|  |TAMS 0x0000000085c00000, 0x0000000085c00000| Untracked 
|  93|0x0000000085d00000, 0x0000000085d00000, 0x0000000085e00000|  0%| F|  |TAMS 0x0000000085d00000, 0x0000000085d00000| Untracked 
|  94|0x0000000085e00000, 0x0000000085e00000, 0x0000000085f00000|  0%| F|  |TAMS 0x0000000085e00000, 0x0000000085e00000| Untracked 
|  95|0x0000000085f00000, 0x0000000085f20f88, 0x0000000086000000| 12%| S|CS|TAMS 0x0000000085f00000, 0x0000000085f00000| Complete 
|  96|0x0000000086000000, 0x0000000086100000, 0x0000000086100000|100%| S|CS|TAMS 0x0000000086000000, 0x0000000086000000| Complete 
|  97|0x0000000086100000, 0x0000000086200000, 0x0000000086200000|100%| S|CS|TAMS 0x0000000086100000, 0x0000000086100000| Complete 
|  98|0x0000000086200000, 0x0000000086200000, 0x0000000086300000|  0%| F|  |TAMS 0x0000000086200000, 0x0000000086200000| Untracked 
|  99|0x0000000086300000, 0x0000000086300000, 0x0000000086400000|  0%| F|  |TAMS 0x0000000086300000, 0x0000000086300000| Untracked 
| 100|0x0000000086400000, 0x0000000086400000, 0x0000000086500000|  0%| F|  |TAMS 0x0000000086400000, 0x0000000086400000| Untracked 
| 101|0x0000000086500000, 0x0000000086500000, 0x0000000086600000|  0%| F|  |TAMS 0x0000000086500000, 0x0000000086500000| Untracked 
| 102|0x0000000086600000, 0x0000000086600000, 0x0000000086700000|  0%| F|  |TAMS 0x0000000086600000, 0x0000000086600000| Untracked 
| 103|0x0000000086700000, 0x0000000086700000, 0x0000000086800000|  0%| F|  |TAMS 0x0000000086700000, 0x0000000086700000| Untracked 
| 104|0x0000000086800000, 0x0000000086800000, 0x0000000086900000|  0%| F|  |TAMS 0x0000000086800000, 0x0000000086800000| Untracked 
| 105|0x0000000086900000, 0x0000000086900000, 0x0000000086a00000|  0%| F|  |TAMS 0x0000000086900000, 0x0000000086900000| Untracked 
| 106|0x0000000086a00000, 0x0000000086a00000, 0x0000000086b00000|  0%| F|  |TAMS 0x0000000086a00000, 0x0000000086a00000| Untracked 
| 107|0x0000000086b00000, 0x0000000086b00000, 0x0000000086c00000|  0%| F|  |TAMS 0x0000000086b00000, 0x0000000086b00000| Untracked 
| 108|0x0000000086c00000, 0x0000000086c00000, 0x0000000086d00000|  0%| F|  |TAMS 0x0000000086c00000, 0x0000000086c00000| Untracked 
| 109|0x0000000086d00000, 0x0000000086d00000, 0x0000000086e00000|  0%| F|  |TAMS 0x0000000086d00000, 0x0000000086d00000| Untracked 
| 110|0x0000000086e00000, 0x0000000086e00000, 0x0000000086f00000|  0%| F|  |TAMS 0x0000000086e00000, 0x0000000086e00000| Untracked 
| 111|0x0000000086f00000, 0x0000000086f00000, 0x0000000087000000|  0%| F|  |TAMS 0x0000000086f00000, 0x0000000086f00000| Untracked 
| 112|0x0000000087000000, 0x0000000087000000, 0x0000000087100000|  0%| F|  |TAMS 0x0000000087000000, 0x0000000087000000| Untracked 
| 113|0x0000000087100000, 0x0000000087100000, 0x0000000087200000|  0%| F|  |TAMS 0x0000000087100000, 0x0000000087100000| Untracked 
| 114|0x0000000087200000, 0x0000000087200000, 0x0000000087300000|  0%| F|  |TAMS 0x0000000087200000, 0x0000000087200000| Untracked 
| 115|0x0000000087300000, 0x0000000087300000, 0x0000000087400000|  0%| F|  |TAMS 0x0000000087300000, 0x0000000087300000| Untracked 
| 116|0x0000000087400000, 0x0000000087400000, 0x0000000087500000|  0%| F|  |TAMS 0x0000000087400000, 0x0000000087400000| Untracked 
| 117|0x0000000087500000, 0x0000000087500000, 0x0000000087600000|  0%| F|  |TAMS 0x0000000087500000, 0x0000000087500000| Untracked 
| 118|0x0000000087600000, 0x0000000087600000, 0x0000000087700000|  0%| F|  |TAMS 0x0000000087600000, 0x0000000087600000| Untracked 
| 119|0x0000000087700000, 0x0000000087700000, 0x0000000087800000|  0%| F|  |TAMS 0x0000000087700000, 0x0000000087700000| Untracked 
| 120|0x0000000087800000, 0x0000000087800000, 0x0000000087900000|  0%| F|  |TAMS 0x0000000087800000, 0x0000000087800000| Untracked 
| 121|0x0000000087900000, 0x0000000087900000, 0x0000000087a00000|  0%| F|  |TAMS 0x0000000087900000, 0x0000000087900000| Untracked 
| 122|0x0000000087a00000, 0x0000000087a00000, 0x0000000087b00000|  0%| F|  |TAMS 0x0000000087a00000, 0x0000000087a00000| Untracked 
| 123|0x0000000087b00000, 0x0000000087b00000, 0x0000000087c00000|  0%| F|  |TAMS 0x0000000087b00000, 0x0000000087b00000| Untracked 
| 124|0x0000000087c00000, 0x0000000087c00000, 0x0000000087d00000|  0%| F|  |TAMS 0x0000000087c00000, 0x0000000087c00000| Untracked 
| 125|0x0000000087d00000, 0x0000000087d00000, 0x0000000087e00000|  0%| F|  |TAMS 0x0000000087d00000, 0x0000000087d00000| Untracked 
| 126|0x0000000087e00000, 0x0000000087e00000, 0x0000000087f00000|  0%| F|  |TAMS 0x0000000087e00000, 0x0000000087e00000| Untracked 
| 127|0x0000000087f00000, 0x0000000087f00000, 0x0000000088000000|  0%| F|  |TAMS 0x0000000087f00000, 0x0000000087f00000| Untracked 
| 128|0x0000000088000000, 0x0000000088000000, 0x0000000088100000|  0%| F|  |TAMS 0x0000000088000000, 0x0000000088000000| Untracked 
| 129|0x0000000088100000, 0x0000000088100000, 0x0000000088200000|  0%| F|  |TAMS 0x0000000088100000, 0x0000000088100000| Untracked 
| 130|0x0000000088200000, 0x0000000088200000, 0x0000000088300000|  0%| F|  |TAMS 0x0000000088200000, 0x0000000088200000| Untracked 
| 131|0x0000000088300000, 0x0000000088300000, 0x0000000088400000|  0%| F|  |TAMS 0x0000000088300000, 0x0000000088300000| Untracked 
| 132|0x0000000088400000, 0x0000000088400000, 0x0000000088500000|  0%| F|  |TAMS 0x0000000088400000, 0x0000000088400000| Untracked 
| 133|0x0000000088500000, 0x0000000088500000, 0x0000000088600000|  0%| F|  |TAMS 0x0000000088500000, 0x0000000088500000| Untracked 
| 134|0x0000000088600000, 0x0000000088600000, 0x0000000088700000|  0%| F|  |TAMS 0x0000000088600000, 0x0000000088600000| Untracked 
| 135|0x0000000088700000, 0x0000000088700000, 0x0000000088800000|  0%| F|  |TAMS 0x0000000088700000, 0x0000000088700000| Untracked 
| 136|0x0000000088800000, 0x0000000088800000, 0x0000000088900000|  0%| F|  |TAMS 0x0000000088800000, 0x0000000088800000| Untracked 
| 137|0x0000000088900000, 0x0000000088900000, 0x0000000088a00000|  0%| F|  |TAMS 0x0000000088900000, 0x0000000088900000| Untracked 
| 138|0x0000000088a00000, 0x0000000088a00000, 0x0000000088b00000|  0%| F|  |TAMS 0x0000000088a00000, 0x0000000088a00000| Untracked 
| 139|0x0000000088b00000, 0x0000000088b00000, 0x0000000088c00000|  0%| F|  |TAMS 0x0000000088b00000, 0x0000000088b00000| Untracked 
| 140|0x0000000088c00000, 0x0000000088c00000, 0x0000000088d00000|  0%| F|  |TAMS 0x0000000088c00000, 0x0000000088c00000| Untracked 
| 141|0x0000000088d00000, 0x0000000088d00000, 0x0000000088e00000|  0%| F|  |TAMS 0x0000000088d00000, 0x0000000088d00000| Untracked 
| 142|0x0000000088e00000, 0x0000000088e00000, 0x0000000088f00000|  0%| F|  |TAMS 0x0000000088e00000, 0x0000000088e00000| Untracked 
| 143|0x0000000088f00000, 0x0000000088f00000, 0x0000000089000000|  0%| F|  |TAMS 0x0000000088f00000, 0x0000000088f00000| Untracked 
| 144|0x0000000089000000, 0x0000000089000000, 0x0000000089100000|  0%| F|  |TAMS 0x0000000089000000, 0x0000000089000000| Untracked 
| 145|0x0000000089100000, 0x0000000089100000, 0x0000000089200000|  0%| F|  |TAMS 0x0000000089100000, 0x0000000089100000| Untracked 
| 146|0x0000000089200000, 0x0000000089200000, 0x0000000089300000|  0%| F|  |TAMS 0x0000000089200000, 0x0000000089200000| Untracked 
| 147|0x0000000089300000, 0x0000000089300000, 0x0000000089400000|  0%| F|  |TAMS 0x0000000089300000, 0x0000000089300000| Untracked 
| 148|0x0000000089400000, 0x0000000089400000, 0x0000000089500000|  0%| F|  |TAMS 0x0000000089400000, 0x0000000089400000| Untracked 
| 149|0x0000000089500000, 0x0000000089500000, 0x0000000089600000|  0%| F|  |TAMS 0x0000000089500000, 0x0000000089500000| Untracked 
| 150|0x0000000089600000, 0x0000000089600000, 0x0000000089700000|  0%| F|  |TAMS 0x0000000089600000, 0x0000000089600000| Untracked 
| 151|0x0000000089700000, 0x0000000089700000, 0x0000000089800000|  0%| F|  |TAMS 0x0000000089700000, 0x0000000089700000| Untracked 
| 152|0x0000000089800000, 0x0000000089800000, 0x0000000089900000|  0%| F|  |TAMS 0x0000000089800000, 0x0000000089800000| Untracked 
| 153|0x0000000089900000, 0x0000000089900000, 0x0000000089a00000|  0%| F|  |TAMS 0x0000000089900000, 0x0000000089900000| Untracked 

Card table byte_map: [0x000001e244c00000,0x000001e245000000] _byte_map_base: 0x000001e244800000

Marking Bits (Prev, Next): (CMBitMap*) 0x000001e2319f74b8, (CMBitMap*) 0x000001e2319f74f0
 Prev Bits: [0x000001e245400000, 0x000001e247400000)
 Next Bits: [0x000001e247400000, 0x000001e249400000)

Polling page: 0x000001e22fb40000

Metaspace:

Usage:
  Non-class:     68.29 MB capacity,    67.19 MB ( 98%) used,   938.53 KB (  1%) free+waste,   186.38 KB ( <1%) overhead. 
      Class:     10.73 MB capacity,    10.11 MB ( 94%) used,   547.59 KB (  5%) free+waste,    86.56 KB ( <1%) overhead. 
       Both:     79.02 MB capacity,    77.30 MB ( 98%) used,     1.45 MB (  2%) free+waste,   272.94 KB ( <1%) overhead. 

Virtual space:
  Non-class space:       70.00 MB reserved,      68.35 MB ( 98%) committed 
      Class space:        1.00 GB reserved,      10.84 MB (  1%) committed 
             Both:        1.07 GB reserved,      79.19 MB (  7%) committed 

Chunk freelists:
   Non-Class:  61.00 KB
       Class:  23.00 KB
        Both:  84.00 KB

MaxMetaspaceSize: 17179869184.00 GB
CompressedClassSpaceSize: 1.00 GB
Initial GC threshold: 20.80 MB
Current GC threshold: 126.99 MB
CDS: off

CodeHeap 'non-profiled nmethods': size=120000Kb used=4214Kb max_used=4214Kb free=115785Kb
 bounds [0x000001e23cf90000, 0x000001e23d3b0000, 0x000001e2444c0000]
CodeHeap 'profiled nmethods': size=120000Kb used=15672Kb max_used=15672Kb free=104327Kb
 bounds [0x000001e235a60000, 0x000001e2369b0000, 0x000001e23cf90000]
CodeHeap 'non-nmethods': size=5760Kb used=2378Kb max_used=2411Kb free=3381Kb
 bounds [0x000001e2354c0000, 0x000001e235730000, 0x000001e235a60000]
 total_blobs=8332 nmethods=7444 adapters=798
 compilation: enabled
              stopped_count=0, restarted_count=0
 full_count=0

Compilation events (20 events):
Event: 10.941 Thread 0x000001e24c6ed800 nmethod 7539 0x000001e2369a8a10 code [0x000001e2369a8bc0, 0x000001e2369a8d18]
Event: 10.941 Thread 0x000001e24c6ed800 7535       1       com.android.build.gradle.internal.cxx.configure.CommandLineArgument$DefineProperty::getSourceArgument (5 bytes)
Event: 10.941 Thread 0x000001e24c6ed800 nmethod 7535 0x000001e23d3ad410 code [0x000001e23d3ad5c0, 0x000001e23d3ad678]
Event: 10.941 Thread 0x000001e24c6ed800 7531       3       kotlin.collections.CollectionsKt___CollectionsKt::single (74 bytes)
Event: 10.942 Thread 0x000001e24c6ed800 nmethod 7531 0x000001e2369a8e10 code [0x000001e2369a9080, 0x000001e2369a9978]
Event: 10.942 Thread 0x000001e24c6ed800 7537       3       kotlin.reflect.jvm.internal.KClassImpl::hashCode (8 bytes)
Event: 10.942 Thread 0x000001e24c6ed800 nmethod 7537 0x000001e2369a9c90 code [0x000001e2369a9e60, 0x000001e2369aa038]
Event: 10.942 Thread 0x000001e24c6ed800 7529       1       kotlin.Pair::getFirst (5 bytes)
Event: 10.942 Thread 0x000001e24c6ed800 nmethod 7529 0x000001e23d3ad710 code [0x000001e23d3ad8c0, 0x000001e23d3ad978]
Event: 10.942 Thread 0x000001e24c6ed800 7534       3       kotlin.collections.ArrayAsCollection::toArray (12 bytes)
Event: 10.942 Thread 0x000001e24c6ed800 nmethod 7534 0x000001e2369aa110 code [0x000001e2369aa2c0, 0x000001e2369aa3e8]
Event: 10.942 Thread 0x000001e24c6ed800 7543       3       java.io.File::toString (5 bytes)
Event: 10.942 Thread 0x000001e24c6ed800 nmethod 7543 0x000001e2369aa490 code [0x000001e2369aa640, 0x000001e2369aa758]
Event: 10.943 Thread 0x000001e24c6ed800 7544       3       com.android.build.gradle.internal.cxx.settings.NameTable::addAll (15 bytes)
Event: 10.943 Thread 0x000001e24c6ed800 nmethod 7544 0x000001e2369aa810 code [0x000001e2369aaa60, 0x000001e2369ab058]
Event: 10.943 Thread 0x000001e24c6ed800 7545       3       com.android.build.gradle.internal.cxx.settings.NameTable::<init> (42 bytes)
Event: 10.944 Thread 0x000001e24c6ed800 nmethod 7545 0x000001e2369ab310 code [0x000001e2369ab620, 0x000001e2369ac568]
Event: 10.944 Thread 0x000001e24c6ed800 7550       3       kotlin.collections.MapsKt__MapsKt::putAll (66 bytes)
Event: 10.945 Thread 0x000001e24c6ed800 nmethod 7550 0x000001e2369acb10 code [0x000001e2369ace00, 0x000001e2369adcd8]
Event: 10.945 Thread 0x000001e24c6ed800 7548       3       kotlin.collections.MapsKt__MapsKt::toMap (138 bytes)

GC Heap History (20 events):
Event: 4.267 GC heap after
{Heap after GC invocations=7 (full 0):
 garbage-first heap   total 131072K, used 22558K [0x0000000080000000, 0x0000000100000000)
  region size 1024K, 7 young (7168K), 7 survivors (7168K)
 Metaspace       used 35352K, capacity 36175K, committed 36480K, reserved 1081344K
  class space    used 4604K, capacity 4929K, committed 4992K, reserved 1048576K
}
Event: 5.101 GC heap before
{Heap before GC invocations=7 (full 0):
 garbage-first heap   total 131072K, used 87070K [0x0000000080000000, 0x0000000100000000)
  region size 1024K, 68 young (69632K), 7 survivors (7168K)
 Metaspace       used 39892K, capacity 40843K, committed 41088K, reserved 1085440K
  class space    used 5111K, capacity 5434K, committed 5504K, reserved 1048576K
}
Event: 5.110 GC heap after
{Heap after GC invocations=8 (full 0):
 garbage-first heap   total 131072K, used 27524K [0x0000000080000000, 0x0000000100000000)
  region size 1024K, 9 young (9216K), 9 survivors (9216K)
 Metaspace       used 39892K, capacity 40843K, committed 41088K, reserved 1085440K
  class space    used 5111K, capacity 5434K, committed 5504K, reserved 1048576K
}
Event: 5.689 GC heap before
{Heap before GC invocations=8 (full 0):
 garbage-first heap   total 131072K, used 79748K [0x0000000080000000, 0x0000000100000000)
  region size 1024K, 60 young (61440K), 9 survivors (9216K)
 Metaspace       used 44853K, capacity 45922K, committed 46080K, reserved 1089536K
  class space    used 5753K, capacity 6137K, committed 6144K, reserved 1048576K
}
Event: 5.705 GC heap after
{Heap after GC invocations=9 (full 0):
 garbage-first heap   total 131072K, used 29847K [0x0000000080000000, 0x0000000100000000)
  region size 1024K, 3 young (3072K), 3 survivors (3072K)
 Metaspace       used 44853K, capacity 45922K, committed 46080K, reserved 1089536K
  class space    used 5753K, capacity 6137K, committed 6144K, reserved 1048576K
}
Event: 6.480 GC heap before
{Heap before GC invocations=10 (full 0):
 garbage-first heap   total 131072K, used 93335K [0x0000000080000000, 0x0000000100000000)
  region size 1024K, 65 young (66560K), 3 survivors (3072K)
 Metaspace       used 48112K, capacity 49327K, committed 49356K, reserved 1091584K
  class space    used 6185K, capacity 6631K, committed 6656K, reserved 1048576K
}
Event: 6.487 GC heap after
{Heap after GC invocations=11 (full 0):
 garbage-first heap   total 157696K, used 32434K [0x0000000080000000, 0x0000000100000000)
  region size 1024K, 6 young (6144K), 6 survivors (6144K)
 Metaspace       used 48112K, capacity 49327K, committed 49356K, reserved 1091584K
  class space    used 6185K, capacity 6631K, committed 6656K, reserved 1048576K
}
Event: 7.552 GC heap before
{Heap before GC invocations=11 (full 0):
 garbage-first heap   total 157696K, used 110258K [0x0000000080000000, 0x0000000100000000)
  region size 1024K, 79 young (80896K), 6 survivors (6144K)
 Metaspace       used 55758K, capacity 57221K, committed 57292K, reserved 1099776K
  class space    used 7127K, capacity 7647K, committed 7680K, reserved 1048576K
}
Event: 7.562 GC heap after
{Heap after GC invocations=12 (full 0):
 garbage-first heap   total 157696K, used 44839K [0x0000000080000000, 0x0000000100000000)
  region size 1024K, 10 young (10240K), 10 survivors (10240K)
 Metaspace       used 55758K, capacity 57221K, committed 57292K, reserved 1099776K
  class space    used 7127K, capacity 7647K, committed 7680K, reserved 1048576K
}
Event: 8.443 GC heap before
{Heap before GC invocations=12 (full 0):
 garbage-first heap   total 157696K, used 113447K [0x0000000080000000, 0x0000000100000000)
  region size 1024K, 78 young (79872K), 10 survivors (10240K)
 Metaspace       used 63520K, capacity 65088K, committed 65228K, reserved 1105920K
  class space    used 8075K, capacity 8639K, committed 8704K, reserved 1048576K
}
Event: 8.456 GC heap after
{Heap after GC invocations=13 (full 0):
 garbage-first heap   total 157696K, used 50735K [0x0000000080000000, 0x0000000100000000)
  region size 1024K, 6 young (6144K), 6 survivors (6144K)
 Metaspace       used 63520K, capacity 65088K, committed 65228K, reserved 1105920K
  class space    used 8075K, capacity 8639K, committed 8704K, reserved 1048576K
}
Event: 9.068 GC heap before
{Heap before GC invocations=13 (full 0):
 garbage-first heap   total 157696K, used 118319K [0x0000000080000000, 0x0000000100000000)
  region size 1024K, 71 young (72704K), 6 survivors (6144K)
 Metaspace       used 65937K, capacity 67649K, committed 67916K, reserved 1107968K
  class space    used 8422K, capacity 9034K, committed 9088K, reserved 1048576K
}
Event: 9.078 GC heap after
{Heap after GC invocations=14 (full 0):
 garbage-first heap   total 157696K, used 55836K [0x0000000080000000, 0x0000000100000000)
  region size 1024K, 5 young (5120K), 5 survivors (5120K)
 Metaspace       used 65937K, capacity 67649K, committed 67916K, reserved 1107968K
  class space    used 8422K, capacity 9034K, committed 9088K, reserved 1048576K
}
Event: 9.822 GC heap before
{Heap before GC invocations=14 (full 0):
 garbage-first heap   total 157696K, used 121372K [0x0000000080000000, 0x0000000100000000)
  region size 1024K, 69 young (70656K), 5 survivors (5120K)
 Metaspace       used 71389K, capacity 73122K, committed 73420K, reserved 1112064K
  class space    used 9317K, capacity 9931K, committed 9984K, reserved 1048576K
}
Event: 9.829 GC heap after
{Heap after GC invocations=15 (full 0):
 garbage-first heap   total 157696K, used 59869K [0x0000000080000000, 0x0000000100000000)
  region size 1024K, 9 young (9216K), 9 survivors (9216K)
 Metaspace       used 71389K, capacity 73122K, committed 73420K, reserved 1112064K
  class space    used 9317K, capacity 9931K, committed 9984K, reserved 1048576K
}
Event: 10.418 GC heap before
{Heap before GC invocations=15 (full 0):
 garbage-first heap   total 157696K, used 123357K [0x0000000080000000, 0x0000000100000000)
  region size 1024K, 71 young (72704K), 9 survivors (9216K)
 Metaspace       used 75364K, capacity 77107K, committed 77260K, reserved 1116160K
  class space    used 9846K, capacity 10485K, committed 10496K, reserved 1048576K
}
Event: 10.428 GC heap after
{Heap after GC invocations=16 (full 0):
 garbage-first heap   total 157696K, used 64608K [0x0000000080000000, 0x0000000100000000)
  region size 1024K, 9 young (9216K), 9 survivors (9216K)
 Metaspace       used 75364K, capacity 77107K, committed 77260K, reserved 1116160K
  class space    used 9846K, capacity 10485K, committed 10496K, reserved 1048576K
}
Event: 10.447 GC heap before
{Heap before GC invocations=16 (full 0):
 garbage-first heap   total 157696K, used 66656K [0x0000000080000000, 0x0000000100000000)
  region size 1024K, 12 young (12288K), 9 survivors (9216K)
 Metaspace       used 75533K, capacity 77267K, committed 77356K, reserved 1116160K
  class space    used 9869K, capacity 10517K, committed 10592K, reserved 1048576K
}
Event: 10.457 GC heap after
{Heap after GC invocations=17 (full 0):
 garbage-first heap   total 157696K, used 65091K [0x0000000080000000, 0x0000000100000000)
  region size 1024K, 6 young (6144K), 6 survivors (6144K)
 Metaspace       used 75533K, capacity 77267K, committed 77356K, reserved 1116160K
  class space    used 9869K, capacity 10517K, committed 10592K, reserved 1048576K
}
Event: 10.946 GC heap before
{Heap before GC invocations=18 (full 0):
 garbage-first heap   total 157696K, used 116291K [0x0000000080000000, 0x0000000100000000)
  region size 1024K, 56 young (57344K), 6 survivors (6144K)
 Metaspace       used 79152K, capacity 80912K, committed 81092K, reserved 1120256K
  class space    used 10350K, capacity 10985K, committed 11104K, reserved 1048576K
}

Deoptimization events (20 events):
Event: 9.584 Thread 0x000001e24dbae800 DEOPT PACKING pc=0x000001e2365e96c7 sp=0x000000a3947f8a40
Event: 9.584 Thread 0x000001e24dbae800 DEOPT UNPACKING pc=0x000001e23550a95e sp=0x000000a3947f7f00 mode 0
Event: 9.631 Thread 0x000001e24dbae800 Uncommon trap: trap_request=0xffffffde fr.pc=0x000001e23d2dfff4 relative=0x0000000000000ed4
Event: 9.631 Thread 0x000001e24dbae800 Uncommon trap: reason=class_check action=maybe_recompile pc=0x000001e23d2dfff4 method=org.gradle.internal.instantiation.generator.AbstractClassGenerator$InjectionAnnotationValidator.validateMethod(Ljava/lang/reflect/Method;Lorg/gradle/internal/reflect/Pro
Event: 9.631 Thread 0x000001e24dbae800 DEOPT PACKING pc=0x000001e23d2dfff4 sp=0x000000a3947f8d10
Event: 9.631 Thread 0x000001e24dbae800 DEOPT UNPACKING pc=0x000001e23550a1af sp=0x000000a3947f8cc8 mode 2
Event: 10.255 Thread 0x000001e24dbae800 DEOPT PACKING pc=0x000001e2365e96c7 sp=0x000000a3947f94a0
Event: 10.255 Thread 0x000001e24dbae800 DEOPT UNPACKING pc=0x000001e23550a95e sp=0x000000a3947f8960 mode 0
Event: 10.364 Thread 0x000001e24dbae800 Uncommon trap: trap_request=0xffffff4d fr.pc=0x000001e23d09c338 relative=0x0000000000000838
Event: 10.364 Thread 0x000001e24dbae800 Uncommon trap: reason=unstable_if action=reinterpret pc=0x000001e23d09c338 method=java.util.jar.JarFile.getVersionedEntry(Ljava/lang/String;Ljava/util/jar/JarEntry;)Ljava/util/jar/JarEntry; @ 67 c2
Event: 10.364 Thread 0x000001e24dbae800 DEOPT PACKING pc=0x000001e23d09c338 sp=0x000000a3947f5c70
Event: 10.364 Thread 0x000001e24dbae800 DEOPT UNPACKING pc=0x000001e23550a1af sp=0x000000a3947f5c58 mode 2
Event: 10.686 Thread 0x000001e24dbae800 Uncommon trap: trap_request=0xffffff4d fr.pc=0x000001e23d1f38a8 relative=0x00000000000016a8
Event: 10.686 Thread 0x000001e24dbae800 Uncommon trap: reason=unstable_if action=reinterpret pc=0x000001e23d1f38a8 method=java.util.concurrent.ConcurrentHashMap.putVal(Ljava/lang/Object;Ljava/lang/Object;Z)Ljava/lang/Object; @ 245 c2
Event: 10.686 Thread 0x000001e24dbae800 DEOPT PACKING pc=0x000001e23d1f38a8 sp=0x000000a3947f6470
Event: 10.686 Thread 0x000001e24dbae800 DEOPT UNPACKING pc=0x000001e23550a1af sp=0x000000a3947f63f8 mode 2
Event: 10.785 Thread 0x000001e24dbae800 Uncommon trap: trap_request=0xffffffdc fr.pc=0x000001e23d39a06c relative=0x00000000000002ac
Event: 10.785 Thread 0x000001e24dbae800 Uncommon trap: reason=class_check action=make_not_entrant pc=0x000001e23d39a06c method=java.util.ArrayList.toArray([Ljava/lang/Object;)[Ljava/lang/Object; @ 21 c2
Event: 10.785 Thread 0x000001e24dbae800 DEOPT PACKING pc=0x000001e23d39a06c sp=0x000000a3947f7f30
Event: 10.785 Thread 0x000001e24dbae800 DEOPT UNPACKING pc=0x000001e23550a1af sp=0x000000a3947f7f00 mode 2

Classes redefined (0 events):
No events

Internal exceptions (20 events):
Event: 10.012 Thread 0x000001e24dbae800 Exception <a 'java/lang/ClassNotFoundException'{0x0000000087fccd60}: com/android/build/gradle/internal/api/DefaultAndroidSourceSet_DecoratedCustomizer> (0x0000000087fccd60) thrown at [./src/hotspot/share/classfile/systemDictionary.cpp, line 231]
Event: 10.015 Thread 0x000001e24dbae800 Exception <a 'java/lang/ClassNotFoundException'{0x0000000087e59760}: com/android/build/gradle/internal/api/DefaultAndroidSourceDirectorySetBeanInfo> (0x0000000087e59760) thrown at [./src/hotspot/share/classfile/systemDictionary.cpp, line 231]
Event: 10.016 Thread 0x000001e24dbae800 Exception <a 'java/lang/ClassNotFoundException'{0x0000000087e775c8}: com/android/build/gradle/internal/api/DefaultAndroidSourceDirectorySetCustomizer> (0x0000000087e775c8) thrown at [./src/hotspot/share/classfile/systemDictionary.cpp, line 231]
Event: 10.019 Thread 0x000001e24dbae800 Exception <a 'java/lang/ClassNotFoundException'{0x0000000087ed83f8}: com/android/build/gradle/internal/api/DefaultAndroidSourceFileBeanInfo> (0x0000000087ed83f8) thrown at [./src/hotspot/share/classfile/systemDictionary.cpp, line 231]
Event: 10.020 Thread 0x000001e24dbae800 Exception <a 'java/lang/ClassNotFoundException'{0x0000000087ef4dd8}: com/android/build/gradle/internal/api/DefaultAndroidSourceFileCustomizer> (0x0000000087ef4dd8) thrown at [./src/hotspot/share/classfile/systemDictionary.cpp, line 231]
Event: 10.025 Thread 0x000001e24dbae800 Exception <a 'java/lang/ClassNotFoundException'{0x0000000087d6dd38}: com/android/build/gradle/internal/dsl/ExternalNativeBuild_DecoratedBeanInfo> (0x0000000087d6dd38) thrown at [./src/hotspot/share/classfile/systemDictionary.cpp, line 231]
Event: 10.025 Thread 0x000001e24dbae800 Exception <a 'java/lang/ClassNotFoundException'{0x0000000087d88b08}: com/android/build/gradle/internal/dsl/ExternalNativeBuildBeanInfo> (0x0000000087d88b08) thrown at [./src/hotspot/share/classfile/systemDictionary.cpp, line 231]
Event: 10.025 Thread 0x000001e24dbae800 Exception <a 'java/lang/ClassNotFoundException'{0x0000000087da4210}: com/android/build/gradle/internal/dsl/ExternalNativeBuildCustomizer> (0x0000000087da4210) thrown at [./src/hotspot/share/classfile/systemDictionary.cpp, line 231]
Event: 10.026 Thread 0x000001e24dbae800 Exception <a 'java/lang/ClassNotFoundException'{0x0000000087dcbc60}: com/android/build/gradle/internal/dsl/ExternalNativeBuild_DecoratedCustomizer> (0x0000000087dcbc60) thrown at [./src/hotspot/share/classfile/systemDictionary.cpp, line 231]
Event: 10.029 Thread 0x000001e24dbae800 Exception <a 'java/lang/ClassNotFoundException'{0x0000000087c284f0}: com/android/build/gradle/internal/dsl/CmakeOptions_DecoratedBeanInfo> (0x0000000087c284f0) thrown at [./src/hotspot/share/classfile/systemDictionary.cpp, line 231]
Event: 10.030 Thread 0x000001e24dbae800 Exception <a 'java/lang/ClassNotFoundException'{0x0000000087c431a0}: com/android/build/gradle/internal/dsl/CmakeOptionsBeanInfo> (0x0000000087c431a0) thrown at [./src/hotspot/share/classfile/systemDictionary.cpp, line 231]
Event: 10.030 Thread 0x000001e24dbae800 Exception <a 'java/lang/ClassNotFoundException'{0x0000000087c5e418}: com/android/build/gradle/internal/dsl/CmakeOptionsCustomizer> (0x0000000087c5e418) thrown at [./src/hotspot/share/classfile/systemDictionary.cpp, line 231]
Event: 10.031 Thread 0x000001e24dbae800 Exception <a 'java/lang/ClassNotFoundException'{0x0000000087c823c0}: com/android/build/gradle/internal/dsl/CmakeOptions_DecoratedCustomizer> (0x0000000087c823c0) thrown at [./src/hotspot/share/classfile/systemDictionary.cpp, line 231]
Event: 10.035 Thread 0x000001e24dbae800 Exception <a 'java/lang/ClassNotFoundException'{0x0000000087cd0698}: java/io/FileBeanInfo> (0x0000000087cd0698) thrown at [./src/hotspot/share/classfile/systemDictionary.cpp, line 231]
Event: 10.035 Thread 0x000001e24dbae800 Exception <a 'java/lang/ClassNotFoundException'{0x0000000087cdd210}: java/io/FileCustomizer> (0x0000000087cdd210) thrown at [./src/hotspot/share/classfile/systemDictionary.cpp, line 231]
Event: 10.118 Thread 0x000001e24dbae800 Exception <a 'sun/nio/fs/WindowsException'{0x00000000877b45a8}> (0x00000000877b45a8) thrown at [./src/hotspot/share/prims/jni.cpp, line 615]
Event: 10.118 Thread 0x000001e24dbae800 Exception <a 'sun/nio/fs/WindowsException'{0x00000000877b4968}> (0x00000000877b4968) thrown at [./src/hotspot/share/prims/jni.cpp, line 615]
Event: 10.215 Thread 0x000001e24dbae800 Exception <a 'sun/nio/fs/WindowsException'{0x000000008702e0e8}> (0x000000008702e0e8) thrown at [./src/hotspot/share/prims/jni.cpp, line 615]
Event: 10.281 Thread 0x000001e24dbae800 Exception <a 'sun/nio/fs/WindowsException'{0x0000000086d5aef0}> (0x0000000086d5aef0) thrown at [./src/hotspot/share/prims/jni.cpp, line 615]
Event: 10.930 Thread 0x000001e24dbae800 Exception <a 'sun/nio/fs/WindowsException'{0x00000000863de8c8}> (0x00000000863de8c8) thrown at [./src/hotspot/share/prims/jni.cpp, line 615]

Events (20 events):
Event: 10.908 loading class org/gradle/api/Task done
Event: 10.908 loading class com/android/build/api/variant/impl/VariantImpl
Event: 10.908 loading class com/android/build/api/variant/impl/VariantImpl done
Event: 10.909 loading class com/android/build/gradle/internal/publishing/ComponentPublishingInfo
Event: 10.909 loading class com/android/build/gradle/internal/publishing/ComponentPublishingInfo done
Event: 10.909 loading class com/android/build/gradle/internal/dependency/ConfigurationVariantMapping
Event: 10.909 loading class com/android/build/gradle/internal/dependency/ConfigurationVariantMapping done
Event: 10.912 loading class com/android/build/gradle/tasks/VerifyLibraryResourcesTask$CreationAction
Event: 10.912 loading class com/android/build/gradle/tasks/VerifyLibraryResourcesTask$CreationAction done
Event: 10.913 loading class com/android/build/gradle/tasks/VerifyLibraryResourcesTask
Event: 10.913 loading class com/android/build/gradle/tasks/VerifyLibraryResourcesTask done
Event: 10.914 loading class com/android/build/gradle/tasks/VerifyLibraryResourcesTask$CreationAction$handleProvider$1
Event: 10.914 loading class com/android/build/gradle/tasks/VerifyLibraryResourcesTask$CreationAction$handleProvider$1 done
Event: 10.914 loading class com/android/build/gradle/internal/scope/InternalArtifactType$VERIFIED_LIBRARY_RESOURCES
Event: 10.914 loading class com/android/build/gradle/internal/scope/InternalArtifactType$VERIFIED_LIBRARY_RESOURCES done
Event: 10.914 loading class com/android/build/gradle/internal/TaskManager$createVerifyLibraryResTask$1
Event: 10.914 loading class com/android/build/gradle/internal/TaskManager$createVerifyLibraryResTask$1 done
Event: 10.915 loading class com/android/build/gradle/internal/ndk/NdkInstallStatus$NotInstalled
Event: 10.915 loading class com/android/build/gradle/internal/ndk/NdkInstallStatus$NotInstalled done
Event: 10.946 Executing VM operation: G1CollectForAllocation


Dynamic libraries:
0x00007ff66bff0000 - 0x00007ff66bffa000 	C:\Program Files\Android\Android Studio\jre\bin\java.exe
0x00007ffd6e470000 - 0x00007ffd6e668000 	C:\WINDOWS\SYSTEM32\ntdll.dll
0x00007ffd24c80000 - 0x00007ffd24c97000 	C:\Program Files\AVG\Antivirus\aswhook.dll
0x00007ffd6c670000 - 0x00007ffd6c72d000 	C:\WINDOWS\System32\KERNEL32.DLL
0x00007ffd6bdd0000 - 0x00007ffd6c09e000 	C:\WINDOWS\System32\KERNELBASE.dll
0x00007ffd6c1e0000 - 0x00007ffd6c2e0000 	C:\WINDOWS\System32\ucrtbase.dll
0x00007ffd60bc0000 - 0x00007ffd60bd9000 	C:\Program Files\Android\Android Studio\jre\bin\jli.dll
0x00007ffd60be0000 - 0x00007ffd60bf7000 	C:\Program Files\Android\Android Studio\jre\bin\VCRUNTIME140.dll
0x00007ffd6c4d0000 - 0x00007ffd6c670000 	C:\WINDOWS\System32\USER32.dll
0x00007ffd6c1b0000 - 0x00007ffd6c1d2000 	C:\WINDOWS\System32\win32u.dll
0x00007ffd50b50000 - 0x00007ffd50dea000 	C:\WINDOWS\WinSxS\amd64_microsoft.windows.common-controls_6595b64144ccf1df_6.0.19041.1110_none_60b5254171f9507e\COMCTL32.dll
0x00007ffd6c740000 - 0x00007ffd6c76a000 	C:\WINDOWS\System32\GDI32.dll
0x00007ffd6e240000 - 0x00007ffd6e2de000 	C:\WINDOWS\System32\msvcrt.dll
0x00007ffd6c0a0000 - 0x00007ffd6c1ab000 	C:\WINDOWS\System32\gdi32full.dll
0x00007ffd6c3a0000 - 0x00007ffd6c43d000 	C:\WINDOWS\System32\msvcp_win.dll
0x00007ffd6e350000 - 0x00007ffd6e380000 	C:\WINDOWS\System32\IMM32.DLL
0x00007ffd28040000 - 0x00007ffd280dd000 	C:\Program Files\Android\Android Studio\jre\bin\msvcp140.dll
0x00007ffd1bd90000 - 0x00007ffd1c875000 	C:\Program Files\Android\Android Studio\jre\bin\server\jvm.dll
0x00007ffd6e060000 - 0x00007ffd6e10e000 	C:\WINDOWS\System32\ADVAPI32.dll
0x00007ffd6cf40000 - 0x00007ffd6cfdc000 	C:\WINDOWS\System32\sechost.dll
0x00007ffd6cb30000 - 0x00007ffd6cc55000 	C:\WINDOWS\System32\RPCRT4.dll
0x00007ffd6c730000 - 0x00007ffd6c738000 	C:\WINDOWS\System32\PSAPI.DLL
0x00007ffd53210000 - 0x00007ffd53237000 	C:\WINDOWS\SYSTEM32\WINMM.dll
0x00007ffd52db0000 - 0x00007ffd52db9000 	C:\WINDOWS\SYSTEM32\WSOCK32.dll
0x00007ffd6e2e0000 - 0x00007ffd6e34b000 	C:\WINDOWS\System32\WS2_32.dll
0x00007ffd5b750000 - 0x00007ffd5b75a000 	C:\WINDOWS\SYSTEM32\VERSION.dll
0x00007ffd6a3e0000 - 0x00007ffd6a3f2000 	C:\WINDOWS\SYSTEM32\kernel.appcore.dll
0x00007ffd61800000 - 0x00007ffd61811000 	C:\Program Files\Android\Android Studio\jre\bin\verify.dll
0x00007ffd6a110000 - 0x00007ffd6a2f4000 	C:\WINDOWS\SYSTEM32\DBGHELP.DLL
0x00007ffd56f20000 - 0x00007ffd56f4c000 	C:\WINDOWS\SYSTEM32\dbgcore.DLL
0x00007ffd6c440000 - 0x00007ffd6c4c2000 	C:\WINDOWS\System32\bcryptPrimitives.dll
0x00007ffd3bf40000 - 0x00007ffd3bf69000 	C:\Program Files\Android\Android Studio\jre\bin\java.dll
0x00007ffd67340000 - 0x00007ffd6734b000 	C:\Program Files\Android\Android Studio\jre\bin\jimage.dll
0x00007ffd3bf20000 - 0x00007ffd3bf38000 	C:\Program Files\Android\Android Studio\jre\bin\zip.dll
0x00007ffd6d160000 - 0x00007ffd6d8a4000 	C:\WINDOWS\System32\SHELL32.dll
0x00007ffd698a0000 - 0x00007ffd6a034000 	C:\WINDOWS\SYSTEM32\windows.storage.dll
0x00007ffd6c7d0000 - 0x00007ffd6cb24000 	C:\WINDOWS\System32\combase.dll
0x00007ffd6b440000 - 0x00007ffd6b470000 	C:\WINDOWS\SYSTEM32\Wldp.dll
0x00007ffd6e380000 - 0x00007ffd6e42d000 	C:\WINDOWS\System32\SHCORE.dll
0x00007ffd6cd40000 - 0x00007ffd6cd95000 	C:\WINDOWS\System32\shlwapi.dll
0x00007ffd6bad0000 - 0x00007ffd6baef000 	C:\WINDOWS\SYSTEM32\profapi.dll
0x00007ffd3bf00000 - 0x00007ffd3bf1a000 	C:\Program Files\Android\Android Studio\jre\bin\net.dll
0x00007ffd5c190000 - 0x00007ffd5c29a000 	C:\WINDOWS\SYSTEM32\WINHTTP.dll
0x00007ffd6b220000 - 0x00007ffd6b28a000 	C:\WINDOWS\system32\mswsock.dll
0x00007ffd3bee0000 - 0x00007ffd3bef4000 	C:\Program Files\Android\Android Studio\jre\bin\nio.dll
0x00007ffd22a40000 - 0x00007ffd22a67000 	C:\Users\HP\.gradle\native\e1d6ef7f7dcc3fd88c89a11ec53ec762bb8ba0a96d01ffa2cd45eb1d1d8dd5c5\windows-amd64\native-platform.dll
0x00007ffd22200000 - 0x00007ffd22344000 	C:\Users\HP\.gradle\native\5664cfc778a61ccfe75a443a1ab52a65af34e5dc3c78e0209fed803814484fcb\windows-amd64\native-platform-file-events.dll
0x00007ffd672c0000 - 0x00007ffd672ca000 	C:\Program Files\Android\Android Studio\jre\bin\management.dll
0x00007ffd615d0000 - 0x00007ffd615dd000 	C:\Program Files\Android\Android Studio\jre\bin\management_ext.dll
0x00007ffd6b480000 - 0x00007ffd6b498000 	C:\WINDOWS\SYSTEM32\CRYPTSP.dll
0x00007ffd6abc0000 - 0x00007ffd6abf4000 	C:\WINDOWS\system32\rsaenh.dll
0x00007ffd6bcf0000 - 0x00007ffd6bd17000 	C:\WINDOWS\System32\bcrypt.dll
0x00007ffd6ba50000 - 0x00007ffd6ba7e000 	C:\WINDOWS\SYSTEM32\USERENV.dll
0x00007ffd6b3b0000 - 0x00007ffd6b3bc000 	C:\WINDOWS\SYSTEM32\CRYPTBASE.dll
0x00007ffd6af30000 - 0x00007ffd6af6b000 	C:\WINDOWS\SYSTEM32\IPHLPAPI.DLL
0x00007ffd6dea0000 - 0x00007ffd6dea8000 	C:\WINDOWS\System32\NSI.dll
0x00007ffd57610000 - 0x00007ffd57627000 	C:\WINDOWS\SYSTEM32\dhcpcsvc6.DLL
0x00007ffd5b7f0000 - 0x00007ffd5b80d000 	C:\WINDOWS\SYSTEM32\dhcpcsvc.DLL
0x00007ffd6af70000 - 0x00007ffd6b03a000 	C:\WINDOWS\SYSTEM32\DNSAPI.dll

dbghelp: loaded successfully - version: 4.0.5 - missing functions: none
symbol engine: initialized successfully - sym options: 0x614 - pdb path: .;C:\Program Files\Android\Android Studio\jre\bin;C:\WINDOWS\SYSTEM32;C:\Program Files\AVG\Antivirus;C:\WINDOWS\WinSxS\amd64_microsoft.windows.common-controls_6595b64144ccf1df_6.0.19041.1110_none_60b5254171f9507e;C:\Program Files\Android\Android Studio\jre\bin\server;C:\Users\HP\.gradle\native\e1d6ef7f7dcc3fd88c89a11ec53ec762bb8ba0a96d01ffa2cd45eb1d1d8dd5c5\windows-amd64;C:\Users\HP\.gradle\native\5664cfc778a61ccfe75a443a1ab52a65af34e5dc3c78e0209fed803814484fcb\windows-amd64

VM Arguments:
jvm_args: --add-opens=java.base/java.util=ALL-UNNAMED --add-opens=java.base/java.lang=ALL-UNNAMED --add-opens=java.base/java.lang.invoke=ALL-UNNAMED --add-opens=java.base/java.util=ALL-UNNAMED --add-opens=java.prefs/java.util.prefs=ALL-UNNAMED --add-opens=java.prefs/java.util.prefs=ALL-UNNAMED --add-opens=java.base/java.nio.charset=ALL-UNNAMED --add-opens=java.base/java.net=ALL-UNNAMED --add-opens=java.base/java.util.concurrent.atomic=ALL-UNNAMED -Xmx2048m -Dfile.encoding=UTF-8 -Duser.country=US -Duser.language=en -Duser.variant 
java_command: org.gradle.launcher.daemon.bootstrap.GradleDaemon 7.3.3
java_class_path (initial): C:\Users\HP\.gradle\wrapper\dists\gradle-7.3.3-bin\6a41zxkdtcxs8rphpq6y0069z\gradle-7.3.3\lib\gradle-launcher-7.3.3.jar
Launcher Type: SUN_STANDARD

[Global flags]
     intx CICompilerCount                          = 4                                         {product} {ergonomic}
     uint ConcGCThreads                            = 2                                         {product} {ergonomic}
     uint G1ConcRefinementThreads                  = 8                                         {product} {ergonomic}
   size_t G1HeapRegionSize                         = 1048576                                   {product} {ergonomic}
    uintx GCDrainStackTargetSize                   = 64                                        {product} {ergonomic}
   size_t InitialHeapSize                          = 134217728                                 {product} {ergonomic}
   size_t MarkStackSize                            = 4194304                                   {product} {ergonomic}
   size_t MaxHeapSize                              = 2147483648                                {product} {command line}
   size_t MaxNewSize                               = 1287651328                                {product} {ergonomic}
   size_t MinHeapDeltaBytes                        = 1048576                                   {product} {ergonomic}
    uintx NonNMethodCodeHeapSize                   = 5836300                                {pd product} {ergonomic}
    uintx NonProfiledCodeHeapSize                  = 122910970                              {pd product} {ergonomic}
    uintx ProfiledCodeHeapSize                     = 122910970                              {pd product} {ergonomic}
    uintx ReservedCodeCacheSize                    = 251658240                              {pd product} {ergonomic}
     bool SegmentedCodeCache                       = true                                      {product} {ergonomic}
     bool UseCompressedClassPointers               = true                                 {lp64_product} {ergonomic}
     bool UseCompressedOops                        = true                                 {lp64_product} {ergonomic}
     bool UseG1GC                                  = true                                      {product} {ergonomic}
     bool UseLargePagesIndividualAllocation        = false                                  {pd product} {ergonomic}

Logging:
Log output configuration:
 #0: stdout all=warning uptime,level,tags
 #1: stderr all=off uptime,level,tags

Environment Variables:
JAVA_HOME=C:\Program Files\Java\jdk-18.0.1.1
PATH=;;;;;C:\Program Files\Common Files\Oracle\Java\javapath;C:\Program Files (x86)\Common Files\Intel\Shared Libraries\redist\intel64_win\compiler;C:\Windows\system32;C:\Windows;C:\Windows\System32\Wbem;C:\Windows\System32\WindowsPowerShell\v1.0\;C:\Windows\System32\OpenSSH\;C:\Program Files\NVIDIA Corporation\NVIDIA NvDLISR;C:\Users\HP\anaconda3;C:\Users\HP\anaconda3\Library\mingw-w64\bin;C:\Users\HP\anaconda3\Library\usr\bin;C:\Users\HP\anaconda3\Library\bin;C:\Users\HP\anaconda3\Scripts;C:\Program Files (x86)\Microsoft Visual Studio\Shared\Python37_64;C:\adb;C:\Program Files\Java\jdk-15.0.2\bin;C:\Program Files\Git\cmd;C:\WINDOWS\system32;C:\WINDOWS;C:\WINDOWS\System32\Wbem;C:\WINDOWS\System32\WindowsPowerShell\v1.0\;C:\WINDOWS\System32\OpenSSH\;C:\Program Files\Docker\Docker\resources\bin;C:\ProgramData\DockerDesktop\version-bin;C:\Program Files\MongoDB\Server\5.0\bin;C:\Users\HP\AppData\Local\Programs\Python\Python310\Scripts;C:\Program Files\dotnet\;C:\Program Files\Cloudflare\Cloudflare WARP\;C:\Program Files\JetBrains\IntelliJ IDEA Community Edition 2020.3.2\bin;;C:\Users\HP\AppData\Local\Microsoft\WindowsApps;C:\AdditionalPackages\protoc\bin;C:\Program Files (x86)\Dev-Cpp\MinGW64\bin;C:\Program Files\heroku\bin;C:\Program Files (x86)\Java\jre1.8.0_331\bin;C:\Program Files (x86)\Java\jre1.8.0_202\bin;C:\Users\HP\.dotnet\tools;C:\Program Files\Java\jdk-18.0.1.1\bin;C:\Users\HP\AppData\Roaming\Microsoft\Windows\Start Menu\Programs\Python 3.9;C:\Users\HP\AppData\Local\Programs\Python\Python39\;C:\Users\HP\AppData\Local\Programs\Python\Python39\Scripts\;
USERNAME=HP
OS=Windows_NT
PROCESSOR_IDENTIFIER=Intel64 Family 6 Model 142 Stepping 10, GenuineIntel



---------------  S Y S T E M  ---------------

OS: Windows 10 , 64 bit Build 19041 (10.0.19041.1889)
OS uptime: 3 days 10:35 hours
Hyper-V role detected

CPU:total 8 (initial active 8) (4 cores per cpu, 2 threads per core) family 6 model 142 stepping 10 microcode 0xe0, cmov, cx8, fxsr, mmx, sse, sse2, sse3, ssse3, sse4.1, sse4.2, popcnt, avx, avx2, aes, clmul, erms, 3dnowpref, lzcnt, ht, tsc, tscinvbit, bmi1, bmi2, adx, fma

Memory: 4k page, system-wide physical 8083M (400M free)
TotalPageFile size 29887M (AvailPageFile size 0M)
current process WorkingSet (physical memory assigned to process): 378M, peak: 385M
current process commit charge ("private bytes"): 418M, peak: 449M

vm_info: OpenJDK 64-Bit Server VM (11.0.12+7-b1504.28-7817840) for windows-amd64 JRE (11.0.12+7-b1504.28-7817840), built on Oct 13 2021 22:12:33 by "builder" with MS VC++ 14.0 (VS2015)

END.
