#
# There is insufficient memory for the Java Runtime Environment to continue.
# Native memory allocation (malloc) failed to allocate 671824 bytes for Chunk::new
# Possible reasons:
#   The system is out of physical RAM or swap space
#   The process is running with CompressedOops enabled, and the Java Heap may be blocking the growth of the native heap
# Possible solutions:
#   Reduce memory load on the system
#   Increase physical memory or swap space
#   Check if swap backing store is full
#   Decrease Java heap size (-Xmx/-Xms)
#   Decrease number of Java threads
#   Decrease Java thread stack sizes (-Xss)
#   Set larger code cache with -XX:ReservedCodeCacheSize=
#   JVM is running with Unscaled Compressed Oops mode in which the Java heap is
#     placed in the first 4GB address space. The Java Heap base address is the
#     maximum limit for the native heap growth. Please use -XX:HeapBaseMinAddress
#     to set the Java Heap base and to place the Java Heap above 4GB virtual address.
# This output file may be truncated or incomplete.
#
#  Out of Memory Error (./src/hotspot/share/memory/arena.cpp:197), pid=6192, tid=14308
#
# JRE version: OpenJDK Runtime Environment (11.0.12+7) (build 11.0.12+7-b1504.28-7817840)
# Java VM: OpenJDK 64-Bit Server VM (11.0.12+7-b1504.28-7817840, mixed mode, tiered, compressed oops, g1 gc, windows-amd64)
# No core dump will be written. Minidumps are not enabled by default on client versions of Windows
#

---------------  S U M M A R Y ------------

Command Line: --add-opens=java.base/java.util=ALL-UNNAMED --add-opens=java.base/java.lang=ALL-UNNAMED --add-opens=java.base/java.lang.invoke=ALL-UNNAMED --add-opens=java.base/java.util=ALL-UNNAMED --add-opens=java.prefs/java.util.prefs=ALL-UNNAMED --add-opens=java.prefs/java.util.prefs=ALL-UNNAMED --add-opens=java.base/java.nio.charset=ALL-UNNAMED --add-opens=java.base/java.net=ALL-UNNAMED --add-opens=java.base/java.util.concurrent.atomic=ALL-UNNAMED -Xmx2048m -Dfile.encoding=UTF-8 -Duser.country=US -Duser.language=en -Duser.variant org.gradle.launcher.daemon.bootstrap.GradleDaemon 7.3.3

Host: Intel(R) Core(TM) i7-8550U CPU @ 1.80GHz, 8 cores, 7G,  Windows 10 , 64 bit Build 19041 (10.0.19041.1889)
Time: Tue Aug 16 22:27:33 2022 Pakistan Standard Time elapsed time: 47.266070 seconds (0d 0h 0m 47s)

---------------  T H R E A D  ---------------

Current thread (0x0000018028a3c000):  JavaThread "C2 CompilerThread0" daemon [_thread_in_native, id=14308, stack(0x0000005375c00000,0x0000005375d00000)]


Current CompileTask:
C2:  47266 10827       4       com.android.utils.XmlUtils::append (645 bytes)

Stack: [0x0000005375c00000,0x0000005375d00000]
Native frames: (J=compiled Java code, j=interpreted, Vv=VM code, C=native code)
V  [jvm.dll+0x5fbcea]
V  [jvm.dll+0x731905]
V  [jvm.dll+0x732f1d]
V  [jvm.dll+0x7335d3]
V  [jvm.dll+0x247bf8]
V  [jvm.dll+0xc018c]
V  [jvm.dll+0xc06cc]
V  [jvm.dll+0x1ffe21]
V  [jvm.dll+0x592ec5]
V  [jvm.dll+0x591c6e]
V  [jvm.dll+0x2004a2]
V  [jvm.dll+0x1ff794]
V  [jvm.dll+0x18868c]
V  [jvm.dll+0x20e0d7]
V  [jvm.dll+0x20c901]
V  [jvm.dll+0x6f9b7f]
V  [jvm.dll+0x6f26a5]
V  [jvm.dll+0x5fabf6]
C  [ucrtbase.dll+0x21bb2]
C  [KERNEL32.DLL+0x17034]
C  [ntdll.dll+0x52651]


---------------  P R O C E S S  ---------------

Threads class SMR info:
_java_thread_list=0x0000018030672e50, length=132, elements={
0x000001800bc25800, 0x00000180280ba000, 0x00000180280c7800, 0x0000018028a35800,
0x0000018028a36800, 0x0000018028a3a800, 0x0000018028a3c000, 0x0000018028a42800,
0x00000180280d4800, 0x0000018028b9a000, 0x000001802a181000, 0x000001802ad61000,
0x000001802ad17800, 0x000001802c5bb800, 0x000001802aab5800, 0x000001802b27d000,
0x000001802a150000, 0x0000018029cff800, 0x00000180292a5000, 0x000001802b2dd000,
0x000001802b2de000, 0x000001802b2da000, 0x000001802b2da800, 0x000001802b2db800,
0x000001802b2df000, 0x000001802b2df800, 0x000001802b2e0800, 0x000001802b2dc800,
0x000001802c673000, 0x000001802c674800, 0x000001802c672000, 0x000001802c676800,
0x000001802c678000, 0x000001802c679800, 0x000001802c679000, 0x000001802c674000,
0x000001802c67f800, 0x000001802c67a800, 0x000001802c67b000, 0x000001802c680000,
0x000001802c67d000, 0x000001802c67d800, 0x000001802c67e800, 0x000001802c681000,
0x000001802c67c000, 0x000001802e44f000, 0x000001802e44f800, 0x000001802e451800,
0x000001802e452000, 0x000001802e44d800, 0x000001802e453000, 0x000001802e454000,
0x000001802e450800, 0x000001802e44e000, 0x000001802e458800, 0x000001802e459800,
0x000001802e457000, 0x000001802e458000, 0x000001802e45a800, 0x000001802e454800,
0x000001802e455800, 0x000001802e45c000, 0x000001802e45b000, 0x000001802e456800,
0x000001802e320800, 0x000001802e321000, 0x000001802e31f800, 0x000001802e31d000,
0x000001802e31c000, 0x000001802e31e000, 0x000001802e31b800, 0x000001802e323800,
0x000001802e322800, 0x000001802e31e800, 0x000001802e327000, 0x000001802e327800,
0x000001802e324800, 0x000001802e326000, 0x000001802e322000, 0x000001802e328800,
0x000001802e329800, 0x000001802e32a000, 0x000001802e325000, 0x000001802dfe6800,
0x000001802dfe7000, 0x000001802dfea800, 0x000001802dfeb000, 0x000001802dfe8000,
0x000001802dfec000, 0x000001802dfe9800, 0x000001802dfed000, 0x000001802dfed800,
0x000001802dfee800, 0x000001802dfe8800, 0x000001802dff5000, 0x000001802dfef800,
0x000001802dff0000, 0x000001802dff3800, 0x000001802dff4000, 0x000001802dff1000,
0x000001802dff1800, 0x000001802dff2800, 0x000001802c798800, 0x000001802c795800,
0x000001802c799800, 0x000001802c79b000, 0x000001802c79a800, 0x000001802c797000,
0x000001802c798000, 0x000001802c796800, 0x000001802c7a0000, 0x000001802c79f800,
0x000001802c79e800, 0x000001802c7a1000, 0x000001802c79d000, 0x000001802c7a1800,
0x000001802c79c000, 0x000001802c7a2800, 0x000001802c7a3800, 0x000001802c79d800,
0x000001802c7a4000, 0x000001802a9ab000, 0x000001802a9a9800, 0x000001802a9aa000,
0x000001802a9ac000, 0x000001802a9a6000, 0x000001802a9a7000, 0x000001802a9a7800,
0x000001802a9ac800, 0x000001802a9ad800, 0x000001802a9ae000, 0x000001802a9a8800
}

Java Threads: ( => current thread )
  0x000001800bc25800 JavaThread "main" [_thread_blocked, id=16140, stack(0x0000005375000000,0x0000005375100000)]
  0x00000180280ba000 JavaThread "Reference Handler" daemon [_thread_blocked, id=2416, stack(0x0000005375700000,0x0000005375800000)]
  0x00000180280c7800 JavaThread "Finalizer" daemon [_thread_blocked, id=17420, stack(0x0000005375800000,0x0000005375900000)]
  0x0000018028a35800 JavaThread "Signal Dispatcher" daemon [_thread_blocked, id=15076, stack(0x0000005375900000,0x0000005375a00000)]
  0x0000018028a36800 JavaThread "Attach Listener" daemon [_thread_blocked, id=12868, stack(0x0000005375a00000,0x0000005375b00000)]
  0x0000018028a3a800 JavaThread "Service Thread" daemon [_thread_blocked, id=396, stack(0x0000005375b00000,0x0000005375c00000)]
=>0x0000018028a3c000 JavaThread "C2 CompilerThread0" daemon [_thread_in_native, id=14308, stack(0x0000005375c00000,0x0000005375d00000)]
  0x0000018028a42800 JavaThread "C1 CompilerThread0" daemon [_thread_blocked, id=13088, stack(0x0000005375d00000,0x0000005375e00000)]
  0x00000180280d4800 JavaThread "Sweeper thread" daemon [_thread_blocked, id=14136, stack(0x0000005375e00000,0x0000005375f00000)]
  0x0000018028b9a000 JavaThread "Common-Cleaner" daemon [_thread_blocked, id=10580, stack(0x0000005375f00000,0x0000005376000000)]
  0x000001802a181000 JavaThread "Daemon health stats" [_thread_blocked, id=7360, stack(0x0000005376400000,0x0000005376500000)]
  0x000001802ad61000 JavaThread "Incoming local TCP Connector on port 19086" [_thread_in_native, id=2832, stack(0x0000005376300000,0x0000005376400000)]
  0x000001802ad17800 JavaThread "Daemon periodic checks" [_thread_blocked, id=12388, stack(0x0000005376600000,0x0000005376700000)]
  0x000001802c5bb800 JavaThread "Daemon" [_thread_blocked, id=4996, stack(0x0000005376700000,0x0000005376800000)]
  0x000001802aab5800 JavaThread "Handler for socket connection from /127.0.0.1:19086 to /127.0.0.1:19087" [_thread_in_native, id=14180, stack(0x0000005376800000,0x0000005376900000)]
  0x000001802b27d000 JavaThread "Cancel handler" [_thread_blocked, id=15200, stack(0x0000005376900000,0x0000005376a00000)]
  0x000001802a150000 JavaThread "Daemon worker" [_thread_blocked, id=13684, stack(0x0000005376a00000,0x0000005376b00000)]
  0x0000018029cff800 JavaThread "Asynchronous log dispatcher for DefaultDaemonConnection: socket connection from /127.0.0.1:19086 to /127.0.0.1:19087" [_thread_blocked, id=17276, stack(0x0000005376b00000,0x0000005376c00000)]
  0x00000180292a5000 JavaThread "Stdin handler" [_thread_blocked, id=1992, stack(0x0000005376c00000,0x0000005376d00000)]
  0x000001802b2dd000 JavaThread "Daemon client event forwarder" [_thread_blocked, id=16856, stack(0x0000005376d00000,0x0000005376e00000)]
  0x000001802b2de000 JavaThread "Cache worker for journal cache (C:\Users\HP\.gradle\caches\journal-1)" [_thread_blocked, id=13836, stack(0x0000005377300000,0x0000005377400000)]
  0x000001802b2da000 JavaThread "File lock request listener" [_thread_in_native, id=5860, stack(0x0000005377400000,0x0000005377500000)]
  0x000001802b2da800 JavaThread "Cache worker for file hash cache (C:\Users\HP\.gradle\caches\7.3.3\fileHashes)" [_thread_blocked, id=18556, stack(0x0000005377500000,0x0000005377600000)]
  0x000001802b2db800 JavaThread "Cache worker for file hash cache (D:\Alovera\plant_detection\.gradle\7.3.3\fileHashes)" [_thread_blocked, id=10884, stack(0x0000005377700000,0x0000005377800000)]
  0x000001802b2df000 JavaThread "File watcher server" daemon [_thread_in_native, id=16232, stack(0x0000005377800000,0x0000005377900000)]
  0x000001802b2df800 JavaThread "File watcher consumer" daemon [_thread_blocked, id=16268, stack(0x0000005377900000,0x0000005377a00000)]
  0x000001802b2e0800 JavaThread "Cache worker for checksums cache (D:\Alovera\plant_detection\.gradle\7.3.3\checksums)" [_thread_blocked, id=8068, stack(0x0000005377a00000,0x0000005377b00000)]
  0x000001802b2dc800 JavaThread "Cache worker for cache directory md-supplier (C:\Users\HP\.gradle\caches\7.3.3\md-supplier)" [_thread_blocked, id=2580, stack(0x0000005377b00000,0x0000005377c00000)]
  0x000001802c673000 JavaThread "Cache worker for cache directory md-rule (C:\Users\HP\.gradle\caches\7.3.3\md-rule)" [_thread_blocked, id=7348, stack(0x0000005377c00000,0x0000005377d00000)]
  0x000001802c674800 JavaThread "Cache worker for execution history cache (C:\Users\HP\.gradle\caches\7.3.3\executionHistory)" [_thread_blocked, id=17424, stack(0x0000005377d00000,0x0000005377e00000)]
  0x000001802c672000 JavaThread "jar transforms" [_thread_blocked, id=7104, stack(0x0000005377e00000,0x0000005377f00000)]
  0x000001802c676800 JavaThread "Cache worker for file content cache (C:\Users\HP\.gradle\caches\7.3.3\fileContent)" [_thread_blocked, id=4708, stack(0x0000005377f00000,0x0000005378000000)]
  0x000001802c678000 JavaThread "jar transforms Thread 2" [_thread_blocked, id=8432, stack(0x0000005378000000,0x0000005378100000)]
  0x000001802c679800 JavaThread "Cache worker for dependencies-accessors (D:\Alovera\plant_detection\.gradle\7.3.3\dependencies-accessors)" [_thread_blocked, id=14592, stack(0x0000005378100000,0x0000005378200000)]
  0x000001802c679000 JavaThread "jar transforms Thread 3" [_thread_blocked, id=14372, stack(0x0000005378200000,0x0000005378300000)]
  0x000001802c674000 JavaThread "Cache worker for Build Output Cleanup Cache (D:\Alovera\plant_detection\.gradle\buildOutputCleanup)" [_thread_blocked, id=17696, stack(0x0000005378300000,0x0000005378400000)]
  0x000001802c67f800 JavaThread "Unconstrained build operations" [_thread_blocked, id=2348, stack(0x0000005378400000,0x0000005378500000)]
  0x000001802c67a800 JavaThread "Unconstrained build operations Thread 2" [_thread_blocked, id=18592, stack(0x0000005378500000,0x0000005378600000)]
  0x000001802c67b000 JavaThread "Unconstrained build operations Thread 3" [_thread_blocked, id=18504, stack(0x0000005378600000,0x0000005378700000)]
  0x000001802c680000 JavaThread "Unconstrained build operations Thread 4" [_thread_blocked, id=3340, stack(0x0000005378700000,0x0000005378800000)]
  0x000001802c67d000 JavaThread "Unconstrained build operations Thread 5" [_thread_blocked, id=1540, stack(0x0000005378800000,0x0000005378900000)]
  0x000001802c67d800 JavaThread "Unconstrained build operations Thread 6" [_thread_blocked, id=13352, stack(0x0000005378900000,0x0000005378a00000)]
  0x000001802c67e800 JavaThread "Unconstrained build operations Thread 7" [_thread_blocked, id=2932, stack(0x0000005378a00000,0x0000005378b00000)]
  0x000001802c681000 JavaThread "Unconstrained build operations Thread 8" [_thread_blocked, id=1576, stack(0x0000005378b00000,0x0000005378c00000)]
  0x000001802c67c000 JavaThread "Unconstrained build operations Thread 9" [_thread_blocked, id=16528, stack(0x0000005378c00000,0x0000005378d00000)]
  0x000001802e44f000 JavaThread "Unconstrained build operations Thread 10" [_thread_blocked, id=14228, stack(0x0000005378d00000,0x0000005378e00000)]
  0x000001802e44f800 JavaThread "Unconstrained build operations Thread 11" [_thread_blocked, id=17740, stack(0x0000005378e00000,0x0000005378f00000)]
  0x000001802e451800 JavaThread "Unconstrained build operations Thread 12" [_thread_blocked, id=18292, stack(0x0000005378f00000,0x0000005379000000)]
  0x000001802e452000 JavaThread "Unconstrained build operations Thread 13" [_thread_blocked, id=19364, stack(0x0000005379000000,0x0000005379100000)]
  0x000001802e44d800 JavaThread "Unconstrained build operations Thread 14" [_thread_blocked, id=15156, stack(0x0000005379100000,0x0000005379200000)]
  0x000001802e453000 JavaThread "Unconstrained build operations Thread 15" [_thread_blocked, id=19256, stack(0x0000005379200000,0x0000005379300000)]
  0x000001802e454000 JavaThread "Unconstrained build operations Thread 16" [_thread_blocked, id=3840, stack(0x0000005379300000,0x0000005379400000)]
  0x000001802e450800 JavaThread "Unconstrained build operations Thread 17" [_thread_blocked, id=7860, stack(0x0000005379400000,0x0000005379500000)]
  0x000001802e44e000 JavaThread "Unconstrained build operations Thread 18" [_thread_blocked, id=11644, stack(0x0000005379500000,0x0000005379600000)]
  0x000001802e458800 JavaThread "Unconstrained build operations Thread 19" [_thread_blocked, id=5336, stack(0x0000005379600000,0x0000005379700000)]
  0x000001802e459800 JavaThread "Unconstrained build operations Thread 20" [_thread_blocked, id=18844, stack(0x0000005379700000,0x0000005379800000)]
  0x000001802e457000 JavaThread "Unconstrained build operations Thread 21" [_thread_blocked, id=17916, stack(0x0000005379800000,0x0000005379900000)]
  0x000001802e458000 JavaThread "Unconstrained build operations Thread 22" [_thread_blocked, id=7424, stack(0x0000005379900000,0x0000005379a00000)]
  0x000001802e45a800 JavaThread "Unconstrained build operations Thread 23" [_thread_blocked, id=15544, stack(0x0000005379a00000,0x0000005379b00000)]
  0x000001802e454800 JavaThread "Unconstrained build operations Thread 24" [_thread_blocked, id=19172, stack(0x0000005379b00000,0x0000005379c00000)]
  0x000001802e455800 JavaThread "Unconstrained build operations Thread 25" [_thread_blocked, id=14544, stack(0x0000005379c00000,0x0000005379d00000)]
  0x000001802e45c000 JavaThread "Unconstrained build operations Thread 26" [_thread_blocked, id=12104, stack(0x0000005379d00000,0x0000005379e00000)]
  0x000001802e45b000 JavaThread "Unconstrained build operations Thread 27" [_thread_blocked, id=15488, stack(0x0000005379e00000,0x0000005379f00000)]
  0x000001802e456800 JavaThread "Unconstrained build operations Thread 28" [_thread_blocked, id=17344, stack(0x0000005379f00000,0x000000537a000000)]
  0x000001802e320800 JavaThread "Unconstrained build operations Thread 29" [_thread_blocked, id=18264, stack(0x000000537a000000,0x000000537a100000)]
  0x000001802e321000 JavaThread "Unconstrained build operations Thread 30" [_thread_blocked, id=18200, stack(0x000000537a100000,0x000000537a200000)]
  0x000001802e31f800 JavaThread "Unconstrained build operations Thread 31" [_thread_blocked, id=2476, stack(0x000000537a200000,0x000000537a300000)]
  0x000001802e31d000 JavaThread "Unconstrained build operations Thread 32" [_thread_blocked, id=18552, stack(0x000000537a300000,0x000000537a400000)]
  0x000001802e31c000 JavaThread "Unconstrained build operations Thread 33" [_thread_blocked, id=13612, stack(0x000000537a400000,0x000000537a500000)]
  0x000001802e31e000 JavaThread "Unconstrained build operations Thread 34" [_thread_blocked, id=15892, stack(0x000000537a500000,0x000000537a600000)]
  0x000001802e31b800 JavaThread "Unconstrained build operations Thread 35" [_thread_blocked, id=12928, stack(0x000000537a600000,0x000000537a700000)]
  0x000001802e323800 JavaThread "Unconstrained build operations Thread 36" [_thread_blocked, id=13424, stack(0x000000537a700000,0x000000537a800000)]
  0x000001802e322800 JavaThread "Unconstrained build operations Thread 37" [_thread_blocked, id=14020, stack(0x000000537a800000,0x000000537a900000)]
  0x000001802e31e800 JavaThread "Unconstrained build operations Thread 38" [_thread_blocked, id=11332, stack(0x000000537a900000,0x000000537aa00000)]
  0x000001802e327000 JavaThread "Unconstrained build operations Thread 39" [_thread_blocked, id=8656, stack(0x000000537aa00000,0x000000537ab00000)]
  0x000001802e327800 JavaThread "Unconstrained build operations Thread 40" [_thread_blocked, id=19324, stack(0x000000537ab00000,0x000000537ac00000)]
  0x000001802e324800 JavaThread "Unconstrained build operations Thread 41" [_thread_blocked, id=15216, stack(0x000000537ac00000,0x000000537ad00000)]
  0x000001802e326000 JavaThread "Unconstrained build operations Thread 42" [_thread_blocked, id=2304, stack(0x000000537ad00000,0x000000537ae00000)]
  0x000001802e322000 JavaThread "Unconstrained build operations Thread 43" [_thread_blocked, id=640, stack(0x000000537ae00000,0x000000537af00000)]
  0x000001802e328800 JavaThread "Unconstrained build operations Thread 44" [_thread_blocked, id=18524, stack(0x000000537af00000,0x000000537b000000)]
  0x000001802e329800 JavaThread "Unconstrained build operations Thread 45" [_thread_blocked, id=8464, stack(0x000000537b000000,0x000000537b100000)]
  0x000001802e32a000 JavaThread "Unconstrained build operations Thread 46" [_thread_blocked, id=18484, stack(0x000000537b100000,0x000000537b200000)]
  0x000001802e325000 JavaThread "Unconstrained build operations Thread 47" [_thread_blocked, id=7356, stack(0x000000537b200000,0x000000537b300000)]
  0x000001802dfe6800 JavaThread "Unconstrained build operations Thread 48" [_thread_blocked, id=9388, stack(0x000000537b300000,0x000000537b400000)]
  0x000001802dfe7000 JavaThread "Unconstrained build operations Thread 49" [_thread_blocked, id=18780, stack(0x000000537b400000,0x000000537b500000)]
  0x000001802dfea800 JavaThread "Unconstrained build operations Thread 50" [_thread_blocked, id=17060, stack(0x000000537b500000,0x000000537b600000)]
  0x000001802dfeb000 JavaThread "Unconstrained build operations Thread 51" [_thread_blocked, id=5616, stack(0x000000537b600000,0x000000537b700000)]
  0x000001802dfe8000 JavaThread "Unconstrained build operations Thread 52" [_thread_blocked, id=18036, stack(0x000000537b700000,0x000000537b800000)]
  0x000001802dfec000 JavaThread "Unconstrained build operations Thread 53" [_thread_blocked, id=13672, stack(0x000000537b800000,0x000000537b900000)]
  0x000001802dfe9800 JavaThread "Unconstrained build operations Thread 54" [_thread_blocked, id=17524, stack(0x000000537b900000,0x000000537ba00000)]
  0x000001802dfed000 JavaThread "Unconstrained build operations Thread 55" [_thread_blocked, id=8508, stack(0x000000537ba00000,0x000000537bb00000)]
  0x000001802dfed800 JavaThread "Unconstrained build operations Thread 56" [_thread_blocked, id=5924, stack(0x000000537bb00000,0x000000537bc00000)]
  0x000001802dfee800 JavaThread "Unconstrained build operations Thread 57" [_thread_blocked, id=7792, stack(0x000000537bc00000,0x000000537bd00000)]
  0x000001802dfe8800 JavaThread "Unconstrained build operations Thread 58" [_thread_blocked, id=8620, stack(0x000000537bd00000,0x000000537be00000)]
  0x000001802dff5000 JavaThread "Unconstrained build operations Thread 59" [_thread_blocked, id=9960, stack(0x000000537be00000,0x000000537bf00000)]
  0x000001802dfef800 JavaThread "Unconstrained build operations Thread 60" [_thread_blocked, id=14732, stack(0x000000537bf00000,0x000000537c000000)]
  0x000001802dff0000 JavaThread "Unconstrained build operations Thread 61" [_thread_blocked, id=10732, stack(0x000000537c000000,0x000000537c100000)]
  0x000001802dff3800 JavaThread "Unconstrained build operations Thread 62" [_thread_blocked, id=3704, stack(0x000000537c100000,0x000000537c200000)]
  0x000001802dff4000 JavaThread "Unconstrained build operations Thread 63" [_thread_blocked, id=988, stack(0x000000537c200000,0x000000537c300000)]
  0x000001802dff1000 JavaThread "Unconstrained build operations Thread 64" [_thread_blocked, id=4612, stack(0x000000537c300000,0x000000537c400000)]
  0x000001802dff1800 JavaThread "Unconstrained build operations Thread 65" [_thread_blocked, id=15024, stack(0x000000537c400000,0x000000537c500000)]
  0x000001802dff2800 JavaThread "Unconstrained build operations Thread 66" [_thread_blocked, id=10560, stack(0x000000537c500000,0x000000537c600000)]
  0x000001802c798800 JavaThread "Unconstrained build operations Thread 67" [_thread_blocked, id=19132, stack(0x000000537c600000,0x000000537c700000)]
  0x000001802c795800 JavaThread "Unconstrained build operations Thread 68" [_thread_blocked, id=17388, stack(0x000000537c700000,0x000000537c800000)]
  0x000001802c799800 JavaThread "Unconstrained build operations Thread 69" [_thread_blocked, id=12100, stack(0x000000537c800000,0x000000537c900000)]
  0x000001802c79b000 JavaThread "Unconstrained build operations Thread 70" [_thread_blocked, id=15452, stack(0x000000537c900000,0x000000537ca00000)]
  0x000001802c79a800 JavaThread "Unconstrained build operations Thread 71" [_thread_blocked, id=840, stack(0x000000537ca00000,0x000000537cb00000)]
  0x000001802c797000 JavaThread "Unconstrained build operations Thread 72" [_thread_blocked, id=5600, stack(0x000000537cb00000,0x000000537cc00000)]
  0x000001802c798000 JavaThread "Unconstrained build operations Thread 73" [_thread_blocked, id=8112, stack(0x000000537cc00000,0x000000537cd00000)]
  0x000001802c796800 JavaThread "Unconstrained build operations Thread 74" [_thread_blocked, id=7548, stack(0x000000537cd00000,0x000000537ce00000)]
  0x000001802c7a0000 JavaThread "Unconstrained build operations Thread 75" [_thread_blocked, id=14376, stack(0x000000537ce00000,0x000000537cf00000)]
  0x000001802c79f800 JavaThread "Unconstrained build operations Thread 76" [_thread_blocked, id=11688, stack(0x000000537cf00000,0x000000537d000000)]
  0x000001802c79e800 JavaThread "Unconstrained build operations Thread 77" [_thread_blocked, id=14464, stack(0x000000537d000000,0x000000537d100000)]
  0x000001802c7a1000 JavaThread "Unconstrained build operations Thread 78" [_thread_blocked, id=18252, stack(0x000000537d100000,0x000000537d200000)]
  0x000001802c79d000 JavaThread "Unconstrained build operations Thread 79" [_thread_blocked, id=7320, stack(0x000000537d200000,0x000000537d300000)]
  0x000001802c7a1800 JavaThread "Unconstrained build operations Thread 80" [_thread_blocked, id=1532, stack(0x000000537d300000,0x000000537d400000)]
  0x000001802c79c000 JavaThread "jar transforms Thread 4" [_thread_blocked, id=8988, stack(0x000000537d400000,0x000000537d500000)]
  0x000001802c7a2800 JavaThread "jar transforms Thread 5" [_thread_blocked, id=17936, stack(0x000000537d500000,0x000000537d600000)]
  0x000001802c7a3800 JavaThread "jar transforms Thread 6" [_thread_blocked, id=1192, stack(0x000000537d600000,0x000000537d700000)]
  0x000001802c79d800 JavaThread "jar transforms Thread 7" [_thread_blocked, id=16896, stack(0x000000537d700000,0x000000537d800000)]
  0x000001802c7a4000 JavaThread "jar transforms Thread 8" [_thread_blocked, id=10492, stack(0x000000537d800000,0x000000537d900000)]
  0x000001802a9ab000 JavaThread "Memory manager" [_thread_blocked, id=3324, stack(0x0000005376500000,0x0000005376600000)]
  0x000001802a9a9800 JavaThread "build event listener" [_thread_blocked, id=280, stack(0x000000537d900000,0x000000537da00000)]
  0x000001802a9aa000 JavaThread "Execution worker for ':'" [_thread_blocked, id=18104, stack(0x000000537da00000,0x000000537db00000)]
  0x000001802a9ac000 JavaThread "Execution worker for ':' Thread 2" [_thread_blocked, id=16260, stack(0x000000537db00000,0x000000537dc00000)]
  0x000001802a9a6000 JavaThread "Execution worker for ':' Thread 3" [_thread_blocked, id=3192, stack(0x000000537dc00000,0x000000537dd00000)]
  0x000001802a9a7000 JavaThread "Execution worker for ':' Thread 4" [_thread_in_vm, id=15628, stack(0x000000537dd00000,0x000000537de00000)]
  0x000001802a9a7800 JavaThread "Execution worker for ':' Thread 5" [_thread_blocked, id=13540, stack(0x000000537de00000,0x000000537df00000)]
  0x000001802a9ac800 JavaThread "Execution worker for ':' Thread 6" [_thread_blocked, id=7460, stack(0x000000537df00000,0x000000537e000000)]
  0x000001802a9ad800 JavaThread "Execution worker for ':' Thread 7" [_thread_blocked, id=18480, stack(0x000000537e000000,0x000000537e100000)]
  0x000001802a9ae000 JavaThread "Cache worker for execution history cache (D:\Alovera\plant_detection\.gradle\7.3.3\executionHistory)" [_thread_blocked, id=6716, stack(0x000000537e100000,0x000000537e200000)]
  0x000001802a9a8800 JavaThread "WorkerExecutor Queue" [_thread_in_native, id=10692, stack(0x000000537e200000,0x000000537e300000)]

Other Threads:
  0x00000180280b8000 VMThread "VM Thread" [stack: 0x0000005375600000,0x0000005375700000] [id=14724]
  0x0000018028bd8800 WatcherThread [stack: 0x0000005376000000,0x0000005376100000] [id=16788]
  0x000001800bc3f000 GCTaskThread "GC Thread#0" [stack: 0x0000005375100000,0x0000005375200000] [id=8544]
  0x00000180294ee000 GCTaskThread "GC Thread#1" [stack: 0x0000005376100000,0x0000005376200000] [id=3320]
  0x000001802971a800 GCTaskThread "GC Thread#2" [stack: 0x0000005376200000,0x0000005376300000] [id=13696]
  0x0000018029f97800 GCTaskThread "GC Thread#3" [stack: 0x0000005376e00000,0x0000005376f00000] [id=8264]
  0x0000018029a9d000 GCTaskThread "GC Thread#4" [stack: 0x0000005376f00000,0x0000005377000000] [id=19388]
  0x000001802afa5800 GCTaskThread "GC Thread#5" [stack: 0x0000005377000000,0x0000005377100000] [id=15132]
  0x000001802a92f800 GCTaskThread "GC Thread#6" [stack: 0x0000005377100000,0x0000005377200000] [id=18864]
  0x0000018028b13000 GCTaskThread "GC Thread#7" [stack: 0x0000005377200000,0x0000005377300000] [id=16096]
  0x000001800bc71800 ConcurrentGCThread "G1 Main Marker" [stack: 0x0000005375200000,0x0000005375300000] [id=17024]
  0x000001800bc72800 ConcurrentGCThread "G1 Conc#0" [stack: 0x0000005375300000,0x0000005375400000] [id=7388]
  0x000001802a355800 ConcurrentGCThread "G1 Conc#1" [stack: 0x0000005377600000,0x0000005377700000] [id=15692]
  0x000001800bcfe800 ConcurrentGCThread "G1 Refine#0" [stack: 0x0000005375400000,0x0000005375500000] [id=14476]
  0x0000018027f02800 ConcurrentGCThread "G1 Young RemSet Sampling" [stack: 0x0000005375500000,0x0000005375600000] [id=15780]

Threads with active compile tasks:
C2 CompilerThread0  47339 10827       4       com.android.utils.XmlUtils::append (645 bytes)

VM state:not at safepoint (normal execution)

VM Mutex/Monitor currently owned by a thread: None

Heap address: 0x0000000080000000, size: 2048 MB, Compressed Oops mode: 32-bit
Narrow klass base: 0x0000000000000000, Narrow klass shift: 3
Compressed class space size: 1073741824 Address: 0x0000000100000000

Heap:
 garbage-first heap   total 189440K, used 137386K [0x0000000080000000, 0x0000000100000000)
  region size 1024K, 18 young (18432K), 4 survivors (4096K)
 Metaspace       used 94655K, capacity 96909K, committed 97196K, reserved 1132544K
  class space    used 12350K, capacity 13184K, committed 13312K, reserved 1048576K
Heap Regions: E=young(eden), S=young(survivor), O=old, HS=humongous(starts), HC=humongous(continues), CS=collection set, F=free, A=archive, TAMS=top-at-mark-start (previous, next)
|   0|0x0000000080000000, 0x0000000080100000, 0x0000000080100000|100%| O|  |TAMS 0x0000000080100000, 0x0000000080000000| Updating 
|   1|0x0000000080100000, 0x0000000080200000, 0x0000000080200000|100%| O|  |TAMS 0x0000000080200000, 0x0000000080100000| Updating 
|   2|0x0000000080200000, 0x0000000080300000, 0x0000000080300000|100%| O|  |TAMS 0x0000000080300000, 0x0000000080200000| Updating 
|   3|0x0000000080300000, 0x0000000080400000, 0x0000000080400000|100%|HS|  |TAMS 0x0000000080400000, 0x0000000080300000| Complete 
|   4|0x0000000080400000, 0x0000000080500000, 0x0000000080500000|100%|HC|  |TAMS 0x0000000080500000, 0x0000000080400000| Complete 
|   5|0x0000000080500000, 0x0000000080600000, 0x0000000080600000|100%|HC|  |TAMS 0x0000000080600000, 0x0000000080500000| Complete 
|   6|0x0000000080600000, 0x0000000080700000, 0x0000000080700000|100%| O|  |TAMS 0x0000000080700000, 0x0000000080600000| Updating 
|   7|0x0000000080700000, 0x0000000080800000, 0x0000000080800000|100%| O|  |TAMS 0x0000000080800000, 0x0000000080700000| Updating 
|   8|0x0000000080800000, 0x0000000080900000, 0x0000000080900000|100%| O|  |TAMS 0x0000000080900000, 0x0000000080800000| Updating 
|   9|0x0000000080900000, 0x0000000080a00000, 0x0000000080a00000|100%| O|  |TAMS 0x0000000080a00000, 0x0000000080900000| Updating 
|  10|0x0000000080a00000, 0x0000000080b00000, 0x0000000080b00000|100%| O|  |TAMS 0x0000000080b00000, 0x0000000080a00000| Updating 
|  11|0x0000000080b00000, 0x0000000080c00000, 0x0000000080c00000|100%| O|  |TAMS 0x0000000080c00000, 0x0000000080b00000| Updating 
|  12|0x0000000080c00000, 0x0000000080d00000, 0x0000000080d00000|100%| O|  |TAMS 0x0000000080d00000, 0x0000000080c00000| Updating 
|  13|0x0000000080d00000, 0x0000000080e00000, 0x0000000080e00000|100%| O|  |TAMS 0x0000000080e00000, 0x0000000080d00000| Updating 
|  14|0x0000000080e00000, 0x0000000080f00000, 0x0000000080f00000|100%| O|  |TAMS 0x0000000080f00000, 0x0000000080e00000| Updating 
|  15|0x0000000080f00000, 0x0000000081000000, 0x0000000081000000|100%| O|  |TAMS 0x0000000081000000, 0x0000000080f00000| Updating 
|  16|0x0000000081000000, 0x0000000081100000, 0x0000000081100000|100%|HS|  |TAMS 0x0000000081100000, 0x0000000081000000| Complete 
|  17|0x0000000081100000, 0x0000000081200000, 0x0000000081200000|100%| O|  |TAMS 0x0000000081200000, 0x0000000081100000| Updating 
|  18|0x0000000081200000, 0x0000000081300000, 0x0000000081300000|100%| O|  |TAMS 0x0000000081300000, 0x0000000081200000| Updating 
|  19|0x0000000081300000, 0x0000000081400000, 0x0000000081400000|100%| O|  |TAMS 0x0000000081400000, 0x0000000081300000| Updating 
|  20|0x0000000081400000, 0x0000000081500000, 0x0000000081500000|100%| O|  |TAMS 0x0000000081500000, 0x0000000081400000| Updating 
|  21|0x0000000081500000, 0x0000000081600000, 0x0000000081600000|100%| O|  |TAMS 0x0000000081600000, 0x0000000081500000| Updating 
|  22|0x0000000081600000, 0x0000000081700000, 0x0000000081700000|100%| O|  |TAMS 0x0000000081700000, 0x0000000081600000| Updating 
|  23|0x0000000081700000, 0x0000000081800000, 0x0000000081800000|100%| O|  |TAMS 0x0000000081800000, 0x0000000081700000| Updating 
|  24|0x0000000081800000, 0x0000000081900000, 0x0000000081900000|100%| O|  |TAMS 0x0000000081900000, 0x0000000081800000| Updating 
|  25|0x0000000081900000, 0x0000000081a00000, 0x0000000081a00000|100%| O|  |TAMS 0x0000000081a00000, 0x0000000081900000| Updating 
|  26|0x0000000081a00000, 0x0000000081b00000, 0x0000000081b00000|100%| O|  |TAMS 0x0000000081b00000, 0x0000000081a00000| Updating 
|  27|0x0000000081b00000, 0x0000000081c00000, 0x0000000081c00000|100%| O|  |TAMS 0x0000000081c00000, 0x0000000081b00000| Updating 
|  28|0x0000000081c00000, 0x0000000081d00000, 0x0000000081d00000|100%|HS|  |TAMS 0x0000000081d00000, 0x0000000081c00000| Complete 
|  29|0x0000000081d00000, 0x0000000081e00000, 0x0000000081e00000|100%|HS|  |TAMS 0x0000000081e00000, 0x0000000081d00000| Complete 
|  30|0x0000000081e00000, 0x0000000081f00000, 0x0000000081f00000|100%|HC|  |TAMS 0x0000000081f00000, 0x0000000081e00000| Complete 
|  31|0x0000000081f00000, 0x0000000082000000, 0x0000000082000000|100%| O|  |TAMS 0x0000000082000000, 0x0000000081f00000| Updating 
|  32|0x0000000082000000, 0x0000000082100000, 0x0000000082100000|100%| O|  |TAMS 0x0000000082100000, 0x0000000082000000| Updating 
|  33|0x0000000082100000, 0x0000000082200000, 0x0000000082200000|100%| O|  |TAMS 0x0000000082200000, 0x0000000082100000| Updating 
|  34|0x0000000082200000, 0x0000000082300000, 0x0000000082300000|100%| O|  |TAMS 0x0000000082300000, 0x0000000082200000| Updating 
|  35|0x0000000082300000, 0x0000000082400000, 0x0000000082400000|100%| O|  |TAMS 0x0000000082400000, 0x0000000082300000| Updating 
|  36|0x0000000082400000, 0x0000000082500000, 0x0000000082500000|100%| O|  |TAMS 0x0000000082500000, 0x0000000082400000| Updating 
|  37|0x0000000082500000, 0x0000000082600000, 0x0000000082600000|100%| O|  |TAMS 0x0000000082600000, 0x0000000082500000| Updating 
|  38|0x0000000082600000, 0x0000000082700000, 0x0000000082700000|100%| O|  |TAMS 0x0000000082700000, 0x0000000082600000| Updating 
|  39|0x0000000082700000, 0x0000000082800000, 0x0000000082800000|100%| O|  |TAMS 0x0000000082800000, 0x0000000082700000| Updating 
|  40|0x0000000082800000, 0x0000000082900000, 0x0000000082900000|100%| O|  |TAMS 0x0000000082900000, 0x0000000082800000| Updating 
|  41|0x0000000082900000, 0x0000000082a00000, 0x0000000082a00000|100%| O|  |TAMS 0x0000000082a00000, 0x0000000082900000| Updating 
|  42|0x0000000082a00000, 0x0000000082b00000, 0x0000000082b00000|100%| O|  |TAMS 0x0000000082b00000, 0x0000000082a00000| Updating 
|  43|0x0000000082b00000, 0x0000000082c00000, 0x0000000082c00000|100%| O|  |TAMS 0x0000000082c00000, 0x0000000082b00000| Updating 
|  44|0x0000000082c00000, 0x0000000082d00000, 0x0000000082d00000|100%| O|  |TAMS 0x0000000082d00000, 0x0000000082c00000| Updating 
|  45|0x0000000082d00000, 0x0000000082e00000, 0x0000000082e00000|100%| O|  |TAMS 0x0000000082e00000, 0x0000000082d00000| Updating 
|  46|0x0000000082e00000, 0x0000000082f00000, 0x0000000082f00000|100%| O|  |TAMS 0x0000000082f00000, 0x0000000082e00000| Updating 
|  47|0x0000000082f00000, 0x0000000083000000, 0x0000000083000000|100%| O|  |TAMS 0x0000000083000000, 0x0000000082f00000| Updating 
|  48|0x0000000083000000, 0x0000000083100000, 0x0000000083100000|100%| O|  |TAMS 0x0000000083100000, 0x0000000083000000| Updating 
|  49|0x0000000083100000, 0x0000000083200000, 0x0000000083200000|100%| O|  |TAMS 0x0000000083200000, 0x0000000083100000| Updating 
|  50|0x0000000083200000, 0x0000000083300000, 0x0000000083300000|100%| O|  |TAMS 0x0000000083300000, 0x0000000083200000| Updating 
|  51|0x0000000083300000, 0x0000000083400000, 0x0000000083400000|100%| O|  |TAMS 0x0000000083400000, 0x0000000083300000| Updating 
|  52|0x0000000083400000, 0x0000000083500000, 0x0000000083500000|100%| O|  |TAMS 0x0000000083500000, 0x0000000083400000| Updating 
|  53|0x0000000083500000, 0x0000000083600000, 0x0000000083600000|100%| O|  |TAMS 0x0000000083600000, 0x0000000083500000| Updating 
|  54|0x0000000083600000, 0x0000000083700000, 0x0000000083700000|100%| O|  |TAMS 0x0000000083700000, 0x0000000083600000| Updating 
|  55|0x0000000083700000, 0x0000000083800000, 0x0000000083800000|100%| O|  |TAMS 0x0000000083800000, 0x0000000083700000| Updating 
|  56|0x0000000083800000, 0x0000000083900000, 0x0000000083900000|100%| O|  |TAMS 0x0000000083900000, 0x0000000083800000| Updating 
|  57|0x0000000083900000, 0x0000000083a00000, 0x0000000083a00000|100%| O|  |TAMS 0x0000000083a00000, 0x0000000083900000| Updating 
|  58|0x0000000083a00000, 0x0000000083b00000, 0x0000000083b00000|100%| O|  |TAMS 0x0000000083b00000, 0x0000000083a00000| Updating 
|  59|0x0000000083b00000, 0x0000000083c00000, 0x0000000083c00000|100%| O|  |TAMS 0x0000000083c00000, 0x0000000083b00000| Updating 
|  60|0x0000000083c00000, 0x0000000083d00000, 0x0000000083d00000|100%| O|  |TAMS 0x0000000083d00000, 0x0000000083c00000| Updating 
|  61|0x0000000083d00000, 0x0000000083e00000, 0x0000000083e00000|100%| O|  |TAMS 0x0000000083e00000, 0x0000000083d00000| Updating 
|  62|0x0000000083e00000, 0x0000000083f00000, 0x0000000083f00000|100%| O|  |TAMS 0x0000000083f00000, 0x0000000083e00000| Updating 
|  63|0x0000000083f00000, 0x0000000084000000, 0x0000000084000000|100%| O|  |TAMS 0x0000000084000000, 0x0000000083f00000| Updating 
|  64|0x0000000084000000, 0x0000000084100000, 0x0000000084100000|100%| O|  |TAMS 0x0000000084100000, 0x0000000084000000| Updating 
|  65|0x0000000084100000, 0x0000000084200000, 0x0000000084200000|100%| O|  |TAMS 0x0000000084200000, 0x0000000084100000| Updating 
|  66|0x0000000084200000, 0x0000000084300000, 0x0000000084300000|100%| O|  |TAMS 0x0000000084300000, 0x0000000084200000| Updating 
|  67|0x0000000084300000, 0x0000000084400000, 0x0000000084400000|100%| O|  |TAMS 0x0000000084400000, 0x0000000084300000| Updating 
|  68|0x0000000084400000, 0x0000000084500000, 0x0000000084500000|100%| O|  |TAMS 0x0000000084500000, 0x0000000084400000| Updating 
|  69|0x0000000084500000, 0x0000000084600000, 0x0000000084600000|100%| O|  |TAMS 0x0000000084600000, 0x0000000084500000| Updating 
|  70|0x0000000084600000, 0x0000000084700000, 0x0000000084700000|100%| O|  |TAMS 0x0000000084700000, 0x0000000084600000| Updating 
|  71|0x0000000084700000, 0x0000000084800000, 0x0000000084800000|100%| O|  |TAMS 0x0000000084800000, 0x0000000084700000| Updating 
|  72|0x0000000084800000, 0x0000000084900000, 0x0000000084900000|100%| O|  |TAMS 0x0000000084900000, 0x0000000084800000| Updating 
|  73|0x0000000084900000, 0x0000000084a00000, 0x0000000084a00000|100%| O|  |TAMS 0x0000000084a00000, 0x0000000084900000| Updating 
|  74|0x0000000084a00000, 0x0000000084b00000, 0x0000000084b00000|100%| O|  |TAMS 0x0000000084b00000, 0x0000000084a00000| Updating 
|  75|0x0000000084b00000, 0x0000000084c00000, 0x0000000084c00000|100%| O|  |TAMS 0x0000000084c00000, 0x0000000084b00000| Updating 
|  76|0x0000000084c00000, 0x0000000084d00000, 0x0000000084d00000|100%| O|  |TAMS 0x0000000084d00000, 0x0000000084c00000| Updating 
|  77|0x0000000084d00000, 0x0000000084e00000, 0x0000000084e00000|100%| O|  |TAMS 0x0000000084e00000, 0x0000000084d00000| Updating 
|  78|0x0000000084e00000, 0x0000000084f00000, 0x0000000084f00000|100%| O|  |TAMS 0x0000000084f00000, 0x0000000084e00000| Updating 
|  79|0x0000000084f00000, 0x0000000085000000, 0x0000000085000000|100%| O|  |TAMS 0x0000000085000000, 0x0000000084f00000| Updating 
|  80|0x0000000085000000, 0x0000000085100000, 0x0000000085100000|100%| O|  |TAMS 0x0000000085100000, 0x0000000085000000| Updating 
|  81|0x0000000085100000, 0x0000000085200000, 0x0000000085200000|100%| O|  |TAMS 0x0000000085200000, 0x0000000085100000| Updating 
|  82|0x0000000085200000, 0x0000000085300000, 0x0000000085300000|100%| O|  |TAMS 0x0000000085300000, 0x0000000085200000| Updating 
|  83|0x0000000085300000, 0x0000000085400000, 0x0000000085400000|100%| O|  |TAMS 0x0000000085400000, 0x0000000085300000| Updating 
|  84|0x0000000085400000, 0x0000000085500000, 0x0000000085500000|100%| O|  |TAMS 0x0000000085500000, 0x0000000085400000| Updating 
|  85|0x0000000085500000, 0x0000000085600000, 0x0000000085600000|100%| O|  |TAMS 0x0000000085600000, 0x0000000085500000| Updating 
|  86|0x0000000085600000, 0x0000000085700000, 0x0000000085700000|100%| O|  |TAMS 0x0000000085700000, 0x0000000085600000| Updating 
|  87|0x0000000085700000, 0x0000000085800000, 0x0000000085800000|100%| O|  |TAMS 0x0000000085800000, 0x0000000085700000| Updating 
|  88|0x0000000085800000, 0x0000000085900000, 0x0000000085900000|100%| O|  |TAMS 0x0000000085900000, 0x0000000085800000| Updating 
|  89|0x0000000085900000, 0x0000000085a00000, 0x0000000085a00000|100%| O|  |TAMS 0x0000000085a00000, 0x0000000085900000| Updating 
|  90|0x0000000085a00000, 0x0000000085b00000, 0x0000000085b00000|100%| O|  |TAMS 0x0000000085b00000, 0x0000000085a00000| Updating 
|  91|0x0000000085b00000, 0x0000000085c00000, 0x0000000085c00000|100%| O|  |TAMS 0x0000000085c00000, 0x0000000085b00000| Updating 
|  92|0x0000000085c00000, 0x0000000085d00000, 0x0000000085d00000|100%| O|  |TAMS 0x0000000085d00000, 0x0000000085c00000| Updating 
|  93|0x0000000085d00000, 0x0000000085e00000, 0x0000000085e00000|100%| O|  |TAMS 0x0000000085e00000, 0x0000000085d00000| Updating 
|  94|0x0000000085e00000, 0x0000000085f00000, 0x0000000085f00000|100%| O|  |TAMS 0x0000000085f00000, 0x0000000085e00000| Updating 
|  95|0x0000000085f00000, 0x0000000086000000, 0x0000000086000000|100%| O|  |TAMS 0x0000000086000000, 0x0000000085f00000| Updating 
|  96|0x0000000086000000, 0x0000000086100000, 0x0000000086100000|100%| O|  |TAMS 0x0000000086100000, 0x0000000086000000| Updating 
|  97|0x0000000086100000, 0x0000000086200000, 0x0000000086200000|100%|HS|  |TAMS 0x0000000086100000, 0x0000000086100000| Complete 
|  98|0x0000000086200000, 0x0000000086300000, 0x0000000086300000|100%|HC|  |TAMS 0x0000000086200000, 0x0000000086200000| Complete 
|  99|0x0000000086300000, 0x0000000086300000, 0x0000000086400000|  0%| F|  |TAMS 0x0000000086300000, 0x0000000086300000| Untracked 
| 100|0x0000000086400000, 0x0000000086500000, 0x0000000086500000|100%|HS|  |TAMS 0x0000000086500000, 0x0000000086400000| Complete 
| 101|0x0000000086500000, 0x0000000086600000, 0x0000000086600000|100%|HC|  |TAMS 0x0000000086600000, 0x0000000086500000| Complete 
| 102|0x0000000086600000, 0x0000000086700000, 0x0000000086700000|100%|HC|  |TAMS 0x0000000086700000, 0x0000000086600000| Complete 
| 103|0x0000000086700000, 0x0000000086800000, 0x0000000086800000|100%|HC|  |TAMS 0x0000000086800000, 0x0000000086700000| Complete 
| 104|0x0000000086800000, 0x0000000086900000, 0x0000000086900000|100%| O|  |TAMS 0x0000000086900000, 0x0000000086800000| Updating 
| 105|0x0000000086900000, 0x0000000086a00000, 0x0000000086a00000|100%| O|  |TAMS 0x0000000086a00000, 0x0000000086900000| Updating 
| 106|0x0000000086a00000, 0x0000000086b00000, 0x0000000086b00000|100%| O|  |TAMS 0x0000000086b00000, 0x0000000086a00000| Updating 
| 107|0x0000000086b00000, 0x0000000086c00000, 0x0000000086c00000|100%| O|  |TAMS 0x0000000086c00000, 0x0000000086b00000| Updating 
| 108|0x0000000086c00000, 0x0000000086d00000, 0x0000000086d00000|100%| O|  |TAMS 0x0000000086d00000, 0x0000000086c00000| Updating 
| 109|0x0000000086d00000, 0x0000000086e00000, 0x0000000086e00000|100%| O|  |TAMS 0x0000000086e00000, 0x0000000086d00000| Updating 
| 110|0x0000000086e00000, 0x0000000086f00000, 0x0000000086f00000|100%| O|  |TAMS 0x0000000086f00000, 0x0000000086e00000| Updating 
| 111|0x0000000086f00000, 0x0000000086f2a800, 0x0000000087000000| 16%| O|  |TAMS 0x0000000086f2a800, 0x0000000086f00000| Updating 
| 112|0x0000000087000000, 0x0000000087100000, 0x0000000087100000|100%|HS|  |TAMS 0x0000000087000000, 0x0000000087000000| Complete 
| 113|0x0000000087100000, 0x0000000087200000, 0x0000000087200000|100%|HC|  |TAMS 0x0000000087100000, 0x0000000087100000| Complete 
| 114|0x0000000087200000, 0x0000000087300000, 0x0000000087300000|100%|HC|  |TAMS 0x0000000087200000, 0x0000000087200000| Complete 
| 115|0x0000000087300000, 0x0000000087400000, 0x0000000087400000|100%|HC|  |TAMS 0x0000000087300000, 0x0000000087300000| Complete 
| 116|0x0000000087400000, 0x0000000087500000, 0x0000000087500000|100%|HS|  |TAMS 0x0000000087400000, 0x0000000087400000| Complete 
| 117|0x0000000087500000, 0x0000000087600000, 0x0000000087600000|100%|HC|  |TAMS 0x0000000087500000, 0x0000000087500000| Complete 
| 118|0x0000000087600000, 0x0000000087700000, 0x0000000087700000|100%|HC|  |TAMS 0x0000000087600000, 0x0000000087600000| Complete 
| 119|0x0000000087700000, 0x0000000087800000, 0x0000000087800000|100%|HC|  |TAMS 0x0000000087700000, 0x0000000087700000| Complete 
| 120|0x0000000087800000, 0x0000000087800000, 0x0000000087900000|  0%| F|  |TAMS 0x0000000087800000, 0x0000000087800000| Untracked 
| 121|0x0000000087900000, 0x0000000087900000, 0x0000000087a00000|  0%| F|  |TAMS 0x0000000087900000, 0x0000000087900000| Untracked 
| 122|0x0000000087a00000, 0x0000000087a00000, 0x0000000087b00000|  0%| F|  |TAMS 0x0000000087a00000, 0x0000000087a00000| Untracked 
| 123|0x0000000087b00000, 0x0000000087b00000, 0x0000000087c00000|  0%| F|  |TAMS 0x0000000087b00000, 0x0000000087b00000| Untracked 
| 124|0x0000000087c00000, 0x0000000087c00000, 0x0000000087d00000|  0%| F|  |TAMS 0x0000000087c00000, 0x0000000087c00000| Untracked 
| 125|0x0000000087d00000, 0x0000000087d00000, 0x0000000087e00000|  0%| F|  |TAMS 0x0000000087d00000, 0x0000000087d00000| Untracked 
| 126|0x0000000087e00000, 0x0000000087e00000, 0x0000000087f00000|  0%| F|  |TAMS 0x0000000087e00000, 0x0000000087e00000| Untracked 
| 127|0x0000000087f00000, 0x0000000087f00000, 0x0000000088000000|  0%| F|  |TAMS 0x0000000087f00000, 0x0000000087f00000| Untracked 
| 128|0x0000000088000000, 0x0000000088000000, 0x0000000088100000|  0%| F|  |TAMS 0x0000000088000000, 0x0000000088000000| Untracked 
| 129|0x0000000088100000, 0x0000000088100000, 0x0000000088200000|  0%| F|  |TAMS 0x0000000088100000, 0x0000000088100000| Untracked 
| 130|0x0000000088200000, 0x0000000088200000, 0x0000000088300000|  0%| F|  |TAMS 0x0000000088200000, 0x0000000088200000| Untracked 
| 131|0x0000000088300000, 0x0000000088300000, 0x0000000088400000|  0%| F|  |TAMS 0x0000000088300000, 0x0000000088300000| Untracked 
| 132|0x0000000088400000, 0x0000000088400000, 0x0000000088500000|  0%| F|  |TAMS 0x0000000088400000, 0x0000000088400000| Untracked 
| 133|0x0000000088500000, 0x0000000088500000, 0x0000000088600000|  0%| F|  |TAMS 0x0000000088500000, 0x0000000088500000| Untracked 
| 134|0x0000000088600000, 0x0000000088600000, 0x0000000088700000|  0%| F|  |TAMS 0x0000000088600000, 0x0000000088600000| Untracked 
| 135|0x0000000088700000, 0x0000000088700000, 0x0000000088800000|  0%| F|  |TAMS 0x0000000088700000, 0x0000000088700000| Untracked 
| 136|0x0000000088800000, 0x0000000088800000, 0x0000000088900000|  0%| F|  |TAMS 0x0000000088800000, 0x0000000088800000| Untracked 
| 137|0x0000000088900000, 0x0000000088900000, 0x0000000088a00000|  0%| F|  |TAMS 0x0000000088900000, 0x0000000088900000| Untracked 
| 138|0x0000000088a00000, 0x0000000088b00000, 0x0000000088b00000|100%| S|CS|TAMS 0x0000000088a00000, 0x0000000088a00000| Complete 
| 139|0x0000000088b00000, 0x0000000088c00000, 0x0000000088c00000|100%| S|CS|TAMS 0x0000000088b00000, 0x0000000088b00000| Complete 
| 140|0x0000000088c00000, 0x0000000088d00000, 0x0000000088d00000|100%| S|CS|TAMS 0x0000000088c00000, 0x0000000088c00000| Complete 
| 141|0x0000000088d00000, 0x0000000088e00000, 0x0000000088e00000|100%| S|CS|TAMS 0x0000000088d00000, 0x0000000088d00000| Complete 
| 142|0x0000000088e00000, 0x0000000088e00000, 0x0000000088f00000|  0%| F|  |TAMS 0x0000000088e00000, 0x0000000088e00000| Untracked 
| 143|0x0000000088f00000, 0x0000000088f00000, 0x0000000089000000|  0%| F|  |TAMS 0x0000000088f00000, 0x0000000088f00000| Untracked 
| 144|0x0000000089000000, 0x0000000089000000, 0x0000000089100000|  0%| F|  |TAMS 0x0000000089000000, 0x0000000089000000| Untracked 
| 145|0x0000000089100000, 0x0000000089100000, 0x0000000089200000|  0%| F|  |TAMS 0x0000000089100000, 0x0000000089100000| Untracked 
| 146|0x0000000089200000, 0x0000000089200000, 0x0000000089300000|  0%| F|  |TAMS 0x0000000089200000, 0x0000000089200000| Untracked 
| 147|0x0000000089300000, 0x0000000089300000, 0x0000000089400000|  0%| F|  |TAMS 0x0000000089300000, 0x0000000089300000| Untracked 
| 148|0x0000000089400000, 0x0000000089400000, 0x0000000089500000|  0%| F|  |TAMS 0x0000000089400000, 0x0000000089400000| Untracked 
| 149|0x0000000089500000, 0x0000000089500000, 0x0000000089600000|  0%| F|  |TAMS 0x0000000089500000, 0x0000000089500000| Untracked 
| 150|0x0000000089600000, 0x0000000089600000, 0x0000000089700000|  0%| F|  |TAMS 0x0000000089600000, 0x0000000089600000| Untracked 
| 151|0x0000000089700000, 0x0000000089700000, 0x0000000089800000|  0%| F|  |TAMS 0x0000000089700000, 0x0000000089700000| Untracked 
| 152|0x0000000089800000, 0x0000000089800000, 0x0000000089900000|  0%| F|  |TAMS 0x0000000089800000, 0x0000000089800000| Untracked 
| 153|0x0000000089900000, 0x0000000089900000, 0x0000000089a00000|  0%| F|  |TAMS 0x0000000089900000, 0x0000000089900000| Untracked 
| 154|0x0000000089a00000, 0x0000000089a00000, 0x0000000089b00000|  0%| F|  |TAMS 0x0000000089a00000, 0x0000000089a00000| Untracked 
| 155|0x0000000089b00000, 0x0000000089b00000, 0x0000000089c00000|  0%| F|  |TAMS 0x0000000089b00000, 0x0000000089b00000| Untracked 
| 156|0x0000000089c00000, 0x0000000089c00000, 0x0000000089d00000|  0%| F|  |TAMS 0x0000000089c00000, 0x0000000089c00000| Untracked 
| 157|0x0000000089d00000, 0x0000000089d00000, 0x0000000089e00000|  0%| F|  |TAMS 0x0000000089d00000, 0x0000000089d00000| Untracked 
| 158|0x0000000089e00000, 0x0000000089e00000, 0x0000000089f00000|  0%| F|  |TAMS 0x0000000089e00000, 0x0000000089e00000| Untracked 
| 159|0x0000000089f00000, 0x0000000089f00000, 0x000000008a000000|  0%| F|  |TAMS 0x0000000089f00000, 0x0000000089f00000| Untracked 
| 160|0x000000008a000000, 0x000000008a000000, 0x000000008a100000|  0%| F|  |TAMS 0x000000008a000000, 0x000000008a000000| Untracked 
| 161|0x000000008a100000, 0x000000008a100000, 0x000000008a200000|  0%| F|  |TAMS 0x000000008a100000, 0x000000008a100000| Untracked 
| 162|0x000000008a200000, 0x000000008a200000, 0x000000008a300000|  0%| F|  |TAMS 0x000000008a200000, 0x000000008a200000| Untracked 
| 163|0x000000008a300000, 0x000000008a300000, 0x000000008a400000|  0%| F|  |TAMS 0x000000008a300000, 0x000000008a300000| Untracked 
| 164|0x000000008a400000, 0x000000008a400000, 0x000000008a500000|  0%| F|  |TAMS 0x000000008a400000, 0x000000008a400000| Untracked 
| 165|0x000000008a500000, 0x000000008a500000, 0x000000008a600000|  0%| F|  |TAMS 0x000000008a500000, 0x000000008a500000| Untracked 
| 166|0x000000008a600000, 0x000000008a600000, 0x000000008a700000|  0%| F|  |TAMS 0x000000008a600000, 0x000000008a600000| Untracked 
| 167|0x000000008a700000, 0x000000008a700000, 0x000000008a800000|  0%| F|  |TAMS 0x000000008a700000, 0x000000008a700000| Untracked 
| 168|0x000000008a800000, 0x000000008a800000, 0x000000008a900000|  0%| F|  |TAMS 0x000000008a800000, 0x000000008a800000| Untracked 
| 169|0x000000008a900000, 0x000000008a900000, 0x000000008aa00000|  0%| F|  |TAMS 0x000000008a900000, 0x000000008a900000| Untracked 
| 170|0x000000008aa00000, 0x000000008aa06280, 0x000000008ab00000|  2%| E|  |TAMS 0x000000008aa00000, 0x000000008aa00000| Complete 
| 171|0x000000008ab00000, 0x000000008ac00000, 0x000000008ac00000|100%| E|CS|TAMS 0x000000008ab00000, 0x000000008ab00000| Complete 
| 172|0x000000008ac00000, 0x000000008ad00000, 0x000000008ad00000|100%| E|CS|TAMS 0x000000008ac00000, 0x000000008ac00000| Complete 
| 173|0x000000008ad00000, 0x000000008ae00000, 0x000000008ae00000|100%| E|CS|TAMS 0x000000008ad00000, 0x000000008ad00000| Complete 
| 174|0x000000008ae00000, 0x000000008af00000, 0x000000008af00000|100%| E|CS|TAMS 0x000000008ae00000, 0x000000008ae00000| Complete 
| 175|0x000000008af00000, 0x000000008b000000, 0x000000008b000000|100%| E|CS|TAMS 0x000000008af00000, 0x000000008af00000| Complete 
| 176|0x000000008b000000, 0x000000008b100000, 0x000000008b100000|100%| E|CS|TAMS 0x000000008b000000, 0x000000008b000000| Complete 
| 177|0x000000008b100000, 0x000000008b200000, 0x000000008b200000|100%| E|  |TAMS 0x000000008b100000, 0x000000008b100000| Complete 
| 178|0x000000008b200000, 0x000000008b300000, 0x000000008b300000|100%| E|CS|TAMS 0x000000008b200000, 0x000000008b200000| Complete 
| 179|0x000000008b300000, 0x000000008b400000, 0x000000008b400000|100%| E|CS|TAMS 0x000000008b300000, 0x000000008b300000| Complete 
| 180|0x000000008b400000, 0x000000008b500000, 0x000000008b500000|100%| E|CS|TAMS 0x000000008b400000, 0x000000008b400000| Complete 
| 181|0x000000008b500000, 0x000000008b600000, 0x000000008b600000|100%| E|CS|TAMS 0x000000008b500000, 0x000000008b500000| Complete 
| 182|0x000000008b600000, 0x000000008b700000, 0x000000008b700000|100%| E|CS|TAMS 0x000000008b600000, 0x000000008b600000| Complete 
| 183|0x000000008b700000, 0x000000008b800000, 0x000000008b800000|100%| E|CS|TAMS 0x000000008b700000, 0x000000008b700000| Complete 
| 184|0x000000008b800000, 0x000000008b900000, 0x000000008b900000|100%| E|CS|TAMS 0x000000008b800000, 0x000000008b800000| Complete 

Card table byte_map: [0x0000018020db0000,0x00000180211b0000] _byte_map_base: 0x00000180209b0000

Marking Bits (Prev, Next): (CMBitMap*) 0x000001800bc68c88, (CMBitMap*) 0x000001800bc68cc0
 Prev Bits: [0x00000180215b0000, 0x00000180235b0000)
 Next Bits: [0x00000180235b0000, 0x00000180255b0000)

Polling page: 0x000001800bd00000

Metaspace:

Usage:
  Non-class:     81.85 MB capacity,    80.46 MB ( 98%) used,     1.13 MB (  1%) free+waste,   257.81 KB ( <1%) overhead. 
      Class:     12.88 MB capacity,    12.07 MB ( 94%) used,   710.25 KB (  5%) free+waste,   117.56 KB ( <1%) overhead. 
       Both:     94.73 MB capacity,    92.54 MB ( 98%) used,     1.82 MB (  2%) free+waste,   375.38 KB ( <1%) overhead. 

Virtual space:
  Non-class space:       84.00 MB reserved,      82.17 MB ( 98%) committed 
      Class space:        1.00 GB reserved,      13.00 MB (  1%) committed 
             Both:        1.08 GB reserved,      95.17 MB (  9%) committed 

Chunk freelists:
   Non-Class:  137.00 KB
       Class:  91.00 KB
        Both:  228.00 KB

MaxMetaspaceSize: 17179869184.00 GB
CompressedClassSpaceSize: 1.00 GB
Initial GC threshold: 20.80 MB
Current GC threshold: 157.16 MB
CDS: off

CodeHeap 'non-profiled nmethods': size=120000Kb used=5022Kb max_used=5022Kb free=114978Kb
 bounds [0x0000018018a10000, 0x0000018018f00000, 0x000001801ff40000]
CodeHeap 'profiled nmethods': size=120000Kb used=21401Kb max_used=21401Kb free=98598Kb
 bounds [0x00000180114e0000, 0x00000180129d0000, 0x0000018018a10000]
CodeHeap 'non-nmethods': size=5760Kb used=2399Kb max_used=2426Kb free=3361Kb
 bounds [0x0000018010f40000, 0x00000180111b0000, 0x00000180114e0000]
 total_blobs=11590 nmethods=10673 adapters=829
 compilation: enabled
              stopped_count=0, restarted_count=0
 full_count=0

Compilation events (20 events):
Event: 47.246 Thread 0x0000018028a42800 10867   !   2       java.util.Collections$SynchronizedMap::get (25 bytes)
Event: 47.246 Thread 0x0000018028a42800 nmethod 10867 0x00000180129b0b10 code [0x00000180129b0cc0, 0x00000180129b0f88]
Event: 47.247 Thread 0x0000018028a42800 10869       1       org.gradle.internal.fingerprint.impl.AbstractFingerprintingStrategy::getDirectorySensitivity (5 bytes)
Event: 47.247 Thread 0x0000018028a42800 nmethod 10869 0x0000018018ef6910 code [0x0000018018ef6ac0, 0x0000018018ef6b78]
Event: 47.248 Thread 0x0000018028a42800 10870       2       java.util.stream.ReferencePipeline::forEach (11 bytes)
Event: 47.248 Thread 0x0000018028a42800 nmethod 10870 0x00000180129b1090 code [0x00000180129b1260, 0x00000180129b14f8]
Event: 47.248 Thread 0x0000018028a42800 10871       2       java.util.stream.ForEachOps::makeRef (15 bytes)
Event: 47.248 Thread 0x0000018028a42800 nmethod 10871 0x00000180129b1610 code [0x00000180129b17e0, 0x00000180129b1a48]
Event: 47.248 Thread 0x0000018028a42800 10872       2       java.util.stream.ForEachOps$ForEachOp$OfRef::<init> (11 bytes)
Event: 47.249 Thread 0x0000018028a42800 nmethod 10872 0x00000180129b1b90 code [0x00000180129b1d40, 0x00000180129b1e98]
Event: 47.249 Thread 0x0000018028a42800 10873       2       java.util.stream.ForEachOps$ForEachOp::<init> (10 bytes)
Event: 47.249 Thread 0x0000018028a42800 nmethod 10873 0x00000180129b1f10 code [0x00000180129b20c0, 0x00000180129b21b8]
Event: 47.249 Thread 0x0000018028a42800 10875       2       org.gradle.internal.snapshot.VfsRelativePath::lengthOfCommonPrefix (173 bytes)
Event: 47.251 Thread 0x0000018028a42800 nmethod 10875 0x00000180129b2290 code [0x00000180129b2500, 0x00000180129b2f88]
Event: 47.252 Thread 0x0000018028a42800 10876       2       com.google.common.collect.ImmutableSortedMap::forEach (49 bytes)
Event: 47.252 Thread 0x0000018028a42800 nmethod 10876 0x00000180129b3690 code [0x00000180129b38a0, 0x00000180129b3db8]
Event: 47.252 Thread 0x0000018028a42800 10877       2       org.gradle.internal.execution.history.changes.InputValueChanges::<init> (131 bytes)
Event: 47.254 Thread 0x0000018028a42800 nmethod 10877 0x00000180129b4010 code [0x00000180129b42c0, 0x00000180129b4dd8]
Event: 47.254 Thread 0x0000018028a42800 10874       1       org.gradle.api.internal.tasks.execution.DefaultTaskExecutionContext::getTaskProperties (5 bytes)
Event: 47.254 Thread 0x0000018028a42800 nmethod 10874 0x0000018018ef6c10 code [0x0000018018ef6dc0, 0x0000018018ef6e78]

GC Heap History (20 events):
Event: 43.413 GC heap before
{Heap before GC invocations=20 (full 0):
 garbage-first heap   total 131072K, used 104861K [0x0000000080000000, 0x0000000100000000)
  region size 1024K, 40 young (40960K), 2 survivors (2048K)
 Metaspace       used 79125K, capacity 80935K, committed 81068K, reserved 1120256K
  class space    used 10330K, capacity 10950K, committed 11008K, reserved 1048576K
}
Event: 43.417 GC heap after
{Heap after GC invocations=21 (full 0):
 garbage-first heap   total 131072K, used 66974K [0x0000000080000000, 0x0000000100000000)
  region size 1024K, 3 young (3072K), 3 survivors (3072K)
 Metaspace       used 79125K, capacity 80935K, committed 81068K, reserved 1120256K
  class space    used 10330K, capacity 10950K, committed 11008K, reserved 1048576K
}
Event: 43.905 GC heap before
{Heap before GC invocations=22 (full 0):
 garbage-first heap   total 131072K, used 106910K [0x0000000080000000, 0x0000000100000000)
  region size 1024K, 42 young (43008K), 3 survivors (3072K)
 Metaspace       used 81754K, capacity 83595K, committed 83884K, reserved 1122304K
  class space    used 10727K, capacity 11394K, committed 11520K, reserved 1048576K
}
Event: 43.910 GC heap after
{Heap after GC invocations=23 (full 0):
 garbage-first heap   total 131072K, used 69217K [0x0000000080000000, 0x0000000100000000)
  region size 1024K, 5 young (5120K), 5 survivors (5120K)
 Metaspace       used 81754K, capacity 83595K, committed 83884K, reserved 1122304K
  class space    used 10727K, capacity 11394K, committed 11520K, reserved 1048576K
}
Event: 44.382 GC heap before
{Heap before GC invocations=23 (full 0):
 garbage-first heap   total 131072K, used 108129K [0x0000000080000000, 0x0000000100000000)
  region size 1024K, 43 young (44032K), 5 survivors (5120K)
 Metaspace       used 86086K, capacity 88007K, committed 88236K, reserved 1126400K
  class space    used 11310K, capacity 12019K, committed 12032K, reserved 1048576K
}
Event: 44.390 GC heap after
{Heap after GC invocations=24 (full 0):
 garbage-first heap   total 131072K, used 71574K [0x0000000080000000, 0x0000000100000000)
  region size 1024K, 5 young (5120K), 5 survivors (5120K)
 Metaspace       used 86086K, capacity 88007K, committed 88236K, reserved 1126400K
  class space    used 11310K, capacity 12019K, committed 12032K, reserved 1048576K
}
Event: 44.788 GC heap before
{Heap before GC invocations=25 (full 0):
 garbage-first heap   total 131072K, used 109462K [0x0000000080000000, 0x0000000100000000)
  region size 1024K, 42 young (43008K), 5 survivors (5120K)
 Metaspace       used 87796K, capacity 89777K, committed 90028K, reserved 1126400K
  class space    used 11517K, capacity 12234K, committed 12288K, reserved 1048576K
}
Event: 44.797 GC heap after
{Heap after GC invocations=26 (full 0):
 garbage-first heap   total 131072K, used 75334K [0x0000000080000000, 0x0000000100000000)
  region size 1024K, 6 young (6144K), 6 survivors (6144K)
 Metaspace       used 87796K, capacity 89777K, committed 90028K, reserved 1126400K
  class space    used 11517K, capacity 12234K, committed 12288K, reserved 1048576K
}
Event: 45.452 GC heap before
{Heap before GC invocations=26 (full 0):
 garbage-first heap   total 131072K, used 109126K [0x0000000080000000, 0x0000000100000000)
  region size 1024K, 39 young (39936K), 6 survivors (6144K)
 Metaspace       used 90351K, capacity 92608K, committed 92844K, reserved 1130496K
  class space    used 11927K, capacity 12754K, committed 12800K, reserved 1048576K
}
Event: 45.463 GC heap after
{Heap after GC invocations=27 (full 0):
 garbage-first heap   total 131072K, used 78205K [0x0000000080000000, 0x0000000100000000)
  region size 1024K, 3 young (3072K), 3 survivors (3072K)
 Metaspace       used 90351K, capacity 92608K, committed 92844K, reserved 1130496K
  class space    used 11927K, capacity 12754K, committed 12800K, reserved 1048576K
}
Event: 45.822 GC heap before
{Heap before GC invocations=28 (full 0):
 garbage-first heap   total 131072K, used 108925K [0x0000000080000000, 0x0000000100000000)
  region size 1024K, 34 young (34816K), 3 survivors (3072K)
 Metaspace       used 90913K, capacity 93220K, committed 93484K, reserved 1130496K
  class space    used 12021K, capacity 12895K, committed 12928K, reserved 1048576K
}
Event: 45.829 GC heap after
{Heap after GC invocations=29 (full 0):
 garbage-first heap   total 157696K, used 80110K [0x0000000080000000, 0x0000000100000000)
  region size 1024K, 5 young (5120K), 5 survivors (5120K)
 Metaspace       used 90913K, capacity 93220K, committed 93484K, reserved 1130496K
  class space    used 12021K, capacity 12895K, committed 12928K, reserved 1048576K
}
Event: 46.217 GC heap before
{Heap before GC invocations=29 (full 0):
 garbage-first heap   total 157696K, used 121070K [0x0000000080000000, 0x0000000100000000)
  region size 1024K, 46 young (47104K), 5 survivors (5120K)
 Metaspace       used 91287K, capacity 93577K, committed 93868K, reserved 1130496K
  class space    used 12049K, capacity 12940K, committed 13056K, reserved 1048576K
}
Event: 46.225 GC heap after
{Heap after GC invocations=30 (full 0):
 garbage-first heap   total 157696K, used 82869K [0x0000000080000000, 0x0000000100000000)
  region size 1024K, 6 young (6144K), 6 survivors (6144K)
 Metaspace       used 91287K, capacity 93577K, committed 93868K, reserved 1130496K
  class space    used 12049K, capacity 12940K, committed 13056K, reserved 1048576K
}
Event: 46.649 GC heap before
{Heap before GC invocations=31 (full 0):
 garbage-first heap   total 157696K, used 125877K [0x0000000080000000, 0x0000000100000000)
  region size 1024K, 47 young (48128K), 6 survivors (6144K)
 Metaspace       used 92980K, capacity 95388K, committed 95532K, reserved 1132544K
  class space    used 12191K, capacity 13073K, committed 13184K, reserved 1048576K
}
Event: 46.662 GC heap after
{Heap after GC invocations=32 (full 0):
 garbage-first heap   total 157696K, used 97580K [0x0000000080000000, 0x0000000100000000)
  region size 1024K, 6 young (6144K), 6 survivors (6144K)
 Metaspace       used 92980K, capacity 95388K, committed 95532K, reserved 1132544K
  class space    used 12191K, capacity 13073K, committed 13184K, reserved 1048576K
}
Event: 46.830 GC heap before
{Heap before GC invocations=32 (full 0):
 garbage-first heap   total 157696K, used 121132K [0x0000000080000000, 0x0000000100000000)
  region size 1024K, 30 young (30720K), 6 survivors (6144K)
 Metaspace       used 93438K, capacity 95839K, committed 96044K, reserved 1132544K
  class space    used 12245K, capacity 13138K, committed 13184K, reserved 1048576K
}
Event: 46.839 GC heap after
{Heap after GC invocations=33 (full 0):
 garbage-first heap   total 157696K, used 102459K [0x0000000080000000, 0x0000000100000000)
  region size 1024K, 4 young (4096K), 4 survivors (4096K)
 Metaspace       used 93438K, capacity 95839K, committed 96044K, reserved 1132544K
  class space    used 12245K, capacity 13138K, committed 13184K, reserved 1048576K
}
Event: 47.079 GC heap before
{Heap before GC invocations=34 (full 0):
 garbage-first heap   total 157696K, used 119867K [0x0000000080000000, 0x0000000100000000)
  region size 1024K, 16 young (16384K), 4 survivors (4096K)
 Metaspace       used 93362K, capacity 95630K, committed 96044K, reserved 1132544K
  class space    used 12190K, capacity 13021K, committed 13184K, reserved 1048576K
}
Event: 47.093 GC heap after
{Heap after GC invocations=35 (full 0):
 garbage-first heap   total 189440K, used 114858K [0x0000000080000000, 0x0000000100000000)
  region size 1024K, 4 young (4096K), 4 survivors (4096K)
 Metaspace       used 93362K, capacity 95630K, committed 96044K, reserved 1132544K
  class space    used 12190K, capacity 13021K, committed 13184K, reserved 1048576K
}

Deoptimization events (20 events):
Event: 47.179 Thread 0x000001802a150000 DEOPT PACKING pc=0x00000180115189bc sp=0x0000005376af4fe0
Event: 47.179 Thread 0x000001802a150000 DEOPT UNPACKING pc=0x0000018010f8a95e sp=0x0000005376af4440 mode 0
Event: 47.181 Thread 0x000001802a150000 Uncommon trap: trap_request=0xffffff6e fr.pc=0x0000018018e89db0 relative=0x0000000000000750
Event: 47.181 Thread 0x000001802a150000 Uncommon trap: reason=speculate_class_check action=maybe_recompile pc=0x0000018018e89db0 method=sun.security.provider.DigestBase.implCompressMultiBlock([BII)I @ 11 c2
Event: 47.181 Thread 0x000001802a150000 DEOPT PACKING pc=0x0000018018e89db0 sp=0x0000005376af4240
Event: 47.181 Thread 0x000001802a150000 DEOPT UNPACKING pc=0x0000018010f8a1af sp=0x0000005376af4178 mode 2
Event: 47.245 Thread 0x000001802a9a7000 DEOPT PACKING pc=0x000001801257848e sp=0x000000537ddfba80
Event: 47.245 Thread 0x000001802a9a7000 DEOPT UNPACKING pc=0x0000018010f8a95e sp=0x000000537ddfafc8 mode 0
Event: 47.246 Thread 0x000001802a9a7000 Uncommon trap: trap_request=0xffffffc6 fr.pc=0x0000018018eba564 relative=0x0000000000000b24
Event: 47.246 Thread 0x000001802a9a7000 Uncommon trap: reason=bimorphic_or_optimized_type_check action=maybe_recompile pc=0x0000018018eba564 method=org.gradle.internal.snapshot.SnapshotUtil$1.handleAsDescendantOfChild(Lorg/gradle/internal/snapshot/VfsRelativePath;Lorg/gradle/internal/snapshot/F
Event: 47.246 Thread 0x000001802a9a7000 DEOPT PACKING pc=0x0000018018eba564 sp=0x000000537ddfb980
Event: 47.246 Thread 0x000001802a9a7000 DEOPT UNPACKING pc=0x0000018010f8a1af sp=0x000000537ddfb880 mode 2
Event: 47.249 Thread 0x000001802a9a7000 Uncommon trap: trap_request=0xffffff4d fr.pc=0x0000018018eb5cf0 relative=0x0000000000000570
Event: 47.249 Thread 0x000001802a9a7000 Uncommon trap: reason=unstable_if action=reinterpret pc=0x0000018018eb5cf0 method=org.gradle.internal.snapshot.VfsRelativePath.lengthOfCommonPrefix(Ljava/lang/String;Lorg/gradle/internal/snapshot/CaseSensitivity;)I @ 107 c2
Event: 47.249 Thread 0x000001802a9a7000 DEOPT PACKING pc=0x0000018018eb5cf0 sp=0x000000537ddfc010
Event: 47.249 Thread 0x000001802a9a7000 DEOPT UNPACKING pc=0x0000018010f8a1af sp=0x000000537ddfbf98 mode 2
Event: 47.249 Thread 0x000001802a9a7000 Uncommon trap: trap_request=0xffffff4d fr.pc=0x0000018018eaaa1c relative=0x000000000000071c
Event: 47.249 Thread 0x000001802a9a7000 Uncommon trap: reason=unstable_if action=reinterpret pc=0x0000018018eaaa1c method=org.gradle.internal.snapshot.VfsRelativePath.compareToFirstSegment(Ljava/lang/String;Lorg/gradle/internal/snapshot/CaseSensitivity;)I @ 134 c2
Event: 47.249 Thread 0x000001802a9a7000 DEOPT PACKING pc=0x0000018018eaaa1c sp=0x000000537ddfc0c0
Event: 47.249 Thread 0x000001802a9a7000 DEOPT UNPACKING pc=0x0000018010f8a1af sp=0x000000537ddfc040 mode 2

Classes redefined (0 events):
No events

Internal exceptions (20 events):
Event: 44.943 Thread 0x000001802a150000 Exception <a 'java/lang/IncompatibleClassChangeError'{0x00000000873699c0}: Found class java.lang.Object, but interface was expected> (0x00000000873699c0) thrown at [./src/hotspot/share/interpreter/linkResolver.cpp, line 839]
Event: 44.971 Thread 0x000001802b2dd000 Exception <a 'java/lang/NoSuchMethodError'{0x00000000871345e8}: <clinit>> (0x00000000871345e8) thrown at [./src/hotspot/share/prims/jni.cpp, line 1365]
Event: 44.976 Thread 0x000001802a150000 Exception <a 'java/lang/NoSuchMethodError'{0x00000000872ff6b8}: 'java.lang.Object java.lang.invoke.DirectMethodHandle$Holder.invokeInterface(java.lang.Object, java.lang.Object, int)'> (0x00000000872ff6b8) thrown at [./src/hotspot/share/interpreter/linkResolver.cpp, line 773]
Event: 44.979 Thread 0x000001802a150000 Exception <a 'java/lang/NoSuchMethodError'{0x00000000871521d0}: 'void java.lang.invoke.DirectMethodHandle$Holder.invokeStatic(java.lang.Object, java.lang.Object, java.lang.Object, int)'> (0x00000000871521d0) thrown at [./src/hotspot/share/interpreter/linkResolver.cpp, line 773]
Event: 45.016 Thread 0x000001802a150000 Implicit null exception at 0x0000018018cc0577 to 0x0000018018cc070c
Event: 45.029 Thread 0x000001802a150000 Exception <a 'java/lang/IncompatibleClassChangeError'{0x0000000086e120e8}: Found class java.lang.Object, but interface was expected> (0x0000000086e120e8) thrown at [./src/hotspot/share/interpreter/linkResolver.cpp, line 839]
Event: 45.053 Thread 0x000001802a150000 Exception <a 'java/lang/NoSuchMethodError'{0x0000000086d1de78}: 'int java.lang.invoke.DirectMethodHandle$Holder.invokeSpecial(java.lang.Object, java.lang.Object, java.lang.Object, java.lang.Object, java.lang.Object)'> (0x0000000086d1de78) thrown at [./src/hotspot/share/interpreter/linkResolver.cpp, line 773]
Event: 45.086 Thread 0x000001802a150000 Exception <a 'java/lang/NoSuchMethodError'{0x0000000086b75528}: 'int java.lang.invoke.DirectMethodHandle$Holder.invokeStaticInit(java.lang.Object, java.lang.Object, java.lang.Object, java.lang.Object, java.lang.Object)'> (0x0000000086b75528) thrown at [./src/hotspot/share/interpreter/linkResolver.cpp, line 773]
Event: 45.438 Thread 0x000001802a150000 Exception <a 'java/lang/NoSuchMethodError'{0x00000000860733e8}: 'void java.lang.invoke.DirectMethodHandle$Holder.invokeStatic(java.lang.Object, java.lang.Object, java.lang.Object, java.lang.Object, int, java.lang.Object, java.lang.Object)'> (0x00000000860733e8) thrown at [./src/hotspot/share/interpreter/linkResolver.cpp, line 773]
Event: 45.483 Thread 0x000001802c681000 Exception <a 'java/lang/NoSuchMethodError'{0x0000000087bfce28}: 'java.lang.Object java.lang.invoke.DirectMethodHandle$Holder.invokeSpecialIFC(java.lang.Object, java.lang.Object, java.lang.Object)'> (0x0000000087bfce28) thrown at [./src/hotspot/share/interpreter/linkResolver.cpp, line 773]
Event: 45.483 Thread 0x000001802c67a800 Exception <a 'java/lang/NoSuchMethodError'{0x0000000087bf81c0}: 'java.lang.Object java.lang.invoke.DirectMethodHandle$Holder.invokeSpecialIFC(java.lang.Object, java.lang.Object, java.lang.Object)'> (0x0000000087bf81c0) thrown at [./src/hotspot/share/interpreter/linkResolver.cpp, line 773]
Event: 45.483 Thread 0x000001802c67b000 Exception <a 'java/lang/NoSuchMethodError'{0x0000000087a280a8}: 'java.lang.Object java.lang.invoke.DirectMethodHandle$Holder.invokeSpecialIFC(java.lang.Object, java.lang.Object, java.lang.Object)'> (0x0000000087a280a8) thrown at [./src/hotspot/share/interpreter/linkResolver.cpp, line 773]
Event: 45.483 Thread 0x000001802c680000 Exception <a 'java/lang/NoSuchMethodError'{0x0000000087a0fa80}: 'java.lang.Object java.lang.invoke.DirectMethodHandle$Holder.invokeSpecialIFC(java.lang.Object, java.lang.Object, java.lang.Object)'> (0x0000000087a0fa80) thrown at [./src/hotspot/share/interpreter/linkResolver.cpp, line 773]
Event: 45.483 Thread 0x000001802c67f800 Exception <a 'java/lang/NoSuchMethodError'{0x0000000087a0d470}: 'java.lang.Object java.lang.invoke.DirectMethodHandle$Holder.invokeSpecialIFC(java.lang.Object, java.lang.Object, java.lang.Object)'> (0x0000000087a0d470) thrown at [./src/hotspot/share/interpreter/linkResolver.cpp, line 773]
Event: 45.483 Thread 0x000001802c67e800 Exception <a 'java/lang/NoSuchMethodError'{0x0000000087a29d70}: 'java.lang.Object java.lang.invoke.DirectMethodHandle$Holder.invokeSpecialIFC(java.lang.Object, java.lang.Object, java.lang.Object)'> (0x0000000087a29d70) thrown at [./src/hotspot/share/interpreter/linkResolver.cpp, line 773]
Event: 45.483 Thread 0x000001802c67d000 Exception <a 'java/lang/NoSuchMethodError'{0x0000000087a1eb70}: 'java.lang.Object java.lang.invoke.DirectMethodHandle$Holder.invokeSpecialIFC(java.lang.Object, java.lang.Object, java.lang.Object)'> (0x0000000087a1eb70) thrown at [./src/hotspot/share/interpreter/linkResolver.cpp, line 773]
Event: 45.738 Thread 0x000001802c67d800 Exception <a 'java/lang/NoSuchMethodError'{0x0000000086536e98}: 'void java.lang.invoke.DirectMethodHandle$Holder.invokeVirtual(java.lang.Object, java.lang.Object)'> (0x0000000086536e98) thrown at [./src/hotspot/share/interpreter/linkResolver.cpp, line 773]
Event: 47.169 Thread 0x000001802a150000 Exception <a 'java/lang/NoSuchMethodError'{0x000000008b7d7368}: <clinit>> (0x000000008b7d7368) thrown at [./src/hotspot/share/prims/jni.cpp, line 1365]
Event: 47.177 Thread 0x000001802a150000 Exception <a 'java/lang/NoSuchMethodError'{0x000000008b6562f8}: <clinit>> (0x000000008b6562f8) thrown at [./src/hotspot/share/prims/jni.cpp, line 1365]
Event: 47.181 Thread 0x000001802a150000 Exception <a 'java/lang/NoSuchMethodError'{0x000000008b6aab58}: <clinit>> (0x000000008b6aab58) thrown at [./src/hotspot/share/prims/jni.cpp, line 1365]

Events (20 events):
Event: 47.249 loading class org/codehaus/stax2/XMLStreamReader2 done
Event: 47.250 loading class org/codehaus/stax2/typed/TypedXMLStreamReader
Event: 47.250 loading class org/codehaus/stax2/typed/TypedXMLStreamReader done
Event: 47.250 loading class com/google/common/collect/MultimapBuilder$LinkedListSupplier
Event: 47.250 loading class com/google/common/collect/MultimapBuilder$LinkedListSupplier done
Event: 47.251 loading class org/codehaus/stax2/validation/Validatable
Event: 47.251 loading class org/codehaus/stax2/validation/Validatable done
Event: 47.251 loading class com/ctc/wstx/io/InputBootstrapper
Event: 47.251 loading class com/ctc/wstx/io/InputBootstrapper done
Event: 47.252 loading class org/gradle/internal/execution/history/changes/FilePathWithType
Event: 47.252 loading class org/gradle/internal/execution/history/changes/FilePathWithType done
Event: 47.252 loading class com/ctc/wstx/io/ReaderBootstrapper
Event: 47.252 loading class com/ctc/wstx/io/ReaderBootstrapper done
Event: 47.253 loading class com/google/common/collect/AbstractMultimap$Entries
Event: 47.253 loading class com/google/common/collect/AbstractMultimap$Entries done
Event: 47.253 loading class com/google/common/collect/Multimaps$Entries
Event: 47.253 loading class com/google/common/collect/Multimaps$Entries done
Event: 47.254 loading class com/ctc/wstx/io/StreamBootstrapper
Event: 47.254 loading class com/ctc/wstx/io/StreamBootstrapper done
Event: 47.255 Executing VM operation: CGC_Operation


Dynamic libraries:
0x00007ff66bff0000 - 0x00007ff66bffa000 	C:\Program Files\Android\Android Studio\jre\bin\java.exe
0x00007ffd6e470000 - 0x00007ffd6e668000 	C:\WINDOWS\SYSTEM32\ntdll.dll
0x00007ffd24c80000 - 0x00007ffd24c97000 	C:\Program Files\AVG\Antivirus\aswhook.dll
0x00007ffd6c670000 - 0x00007ffd6c72d000 	C:\WINDOWS\System32\KERNEL32.DLL
0x00007ffd6bdd0000 - 0x00007ffd6c09e000 	C:\WINDOWS\System32\KERNELBASE.dll
0x00007ffd6c1e0000 - 0x00007ffd6c2e0000 	C:\WINDOWS\System32\ucrtbase.dll
0x00007ffd29aa0000 - 0x00007ffd29ab7000 	C:\Program Files\Android\Android Studio\jre\bin\VCRUNTIME140.dll
0x00007ffd23190000 - 0x00007ffd231a9000 	C:\Program Files\Android\Android Studio\jre\bin\jli.dll
0x00007ffd6c4d0000 - 0x00007ffd6c670000 	C:\WINDOWS\System32\USER32.dll
0x00007ffd6c1b0000 - 0x00007ffd6c1d2000 	C:\WINDOWS\System32\win32u.dll
0x00007ffd6c740000 - 0x00007ffd6c76a000 	C:\WINDOWS\System32\GDI32.dll
0x00007ffd6c0a0000 - 0x00007ffd6c1ab000 	C:\WINDOWS\System32\gdi32full.dll
0x00007ffd50b50000 - 0x00007ffd50dea000 	C:\WINDOWS\WinSxS\amd64_microsoft.windows.common-controls_6595b64144ccf1df_6.0.19041.1110_none_60b5254171f9507e\COMCTL32.dll
0x00007ffd6c3a0000 - 0x00007ffd6c43d000 	C:\WINDOWS\System32\msvcp_win.dll
0x00007ffd6e240000 - 0x00007ffd6e2de000 	C:\WINDOWS\System32\msvcrt.dll
0x00007ffd6e350000 - 0x00007ffd6e380000 	C:\WINDOWS\System32\IMM32.DLL
0x00007ffd222b0000 - 0x00007ffd2234d000 	C:\Program Files\Android\Android Studio\jre\bin\msvcp140.dll
0x00007ffd1bd90000 - 0x00007ffd1c875000 	C:\Program Files\Android\Android Studio\jre\bin\server\jvm.dll
0x00007ffd6e060000 - 0x00007ffd6e10e000 	C:\WINDOWS\System32\ADVAPI32.dll
0x00007ffd6cf40000 - 0x00007ffd6cfdc000 	C:\WINDOWS\System32\sechost.dll
0x00007ffd6cb30000 - 0x00007ffd6cc55000 	C:\WINDOWS\System32\RPCRT4.dll
0x00007ffd6c730000 - 0x00007ffd6c738000 	C:\WINDOWS\System32\PSAPI.DLL
0x00007ffd5b750000 - 0x00007ffd5b75a000 	C:\WINDOWS\SYSTEM32\VERSION.dll
0x00007ffd52db0000 - 0x00007ffd52db9000 	C:\WINDOWS\SYSTEM32\WSOCK32.dll
0x00007ffd53210000 - 0x00007ffd53237000 	C:\WINDOWS\SYSTEM32\WINMM.dll
0x00007ffd6e2e0000 - 0x00007ffd6e34b000 	C:\WINDOWS\System32\ws2_32.DLL
0x00007ffd6a3e0000 - 0x00007ffd6a3f2000 	C:\WINDOWS\SYSTEM32\kernel.appcore.dll
0x00007ffd61800000 - 0x00007ffd61811000 	C:\Program Files\Android\Android Studio\jre\bin\verify.dll
0x00007ffd6a110000 - 0x00007ffd6a2f4000 	C:\WINDOWS\SYSTEM32\DBGHELP.DLL
0x00007ffd56f20000 - 0x00007ffd56f4c000 	C:\WINDOWS\SYSTEM32\dbgcore.DLL
0x00007ffd6c440000 - 0x00007ffd6c4c2000 	C:\WINDOWS\System32\bcryptPrimitives.dll
0x00007ffd3bf40000 - 0x00007ffd3bf69000 	C:\Program Files\Android\Android Studio\jre\bin\java.dll
0x00007ffd67340000 - 0x00007ffd6734b000 	C:\Program Files\Android\Android Studio\jre\bin\jimage.dll
0x00007ffd3bf20000 - 0x00007ffd3bf38000 	C:\Program Files\Android\Android Studio\jre\bin\zip.dll
0x00007ffd6d160000 - 0x00007ffd6d8a4000 	C:\WINDOWS\System32\SHELL32.dll
0x00007ffd698a0000 - 0x00007ffd6a034000 	C:\WINDOWS\SYSTEM32\windows.storage.dll
0x00007ffd6c7d0000 - 0x00007ffd6cb24000 	C:\WINDOWS\System32\combase.dll
0x00007ffd6b440000 - 0x00007ffd6b470000 	C:\WINDOWS\SYSTEM32\Wldp.dll
0x00007ffd6e380000 - 0x00007ffd6e42d000 	C:\WINDOWS\System32\SHCORE.dll
0x00007ffd6cd40000 - 0x00007ffd6cd95000 	C:\WINDOWS\System32\shlwapi.dll
0x00007ffd6bad0000 - 0x00007ffd6baef000 	C:\WINDOWS\SYSTEM32\profapi.dll
0x00007ffd3bf00000 - 0x00007ffd3bf1a000 	C:\Program Files\Android\Android Studio\jre\bin\net.dll
0x00007ffd5c190000 - 0x00007ffd5c29a000 	C:\WINDOWS\SYSTEM32\WINHTTP.dll
0x00007ffd6b220000 - 0x00007ffd6b28a000 	C:\WINDOWS\system32\mswsock.dll
0x00007ffd3bee0000 - 0x00007ffd3bef4000 	C:\Program Files\Android\Android Studio\jre\bin\nio.dll
0x00007ffd22a40000 - 0x00007ffd22a67000 	C:\Users\HP\.gradle\native\e1d6ef7f7dcc3fd88c89a11ec53ec762bb8ba0a96d01ffa2cd45eb1d1d8dd5c5\windows-amd64\native-platform.dll
0x00007ffd213e0000 - 0x00007ffd21524000 	C:\Users\HP\.gradle\native\5664cfc778a61ccfe75a443a1ab52a65af34e5dc3c78e0209fed803814484fcb\windows-amd64\native-platform-file-events.dll
0x00007ffd672c0000 - 0x00007ffd672ca000 	C:\Program Files\Android\Android Studio\jre\bin\management.dll
0x00007ffd615d0000 - 0x00007ffd615dd000 	C:\Program Files\Android\Android Studio\jre\bin\management_ext.dll
0x00007ffd6b480000 - 0x00007ffd6b498000 	C:\WINDOWS\SYSTEM32\CRYPTSP.dll
0x00007ffd6abc0000 - 0x00007ffd6abf4000 	C:\WINDOWS\system32\rsaenh.dll
0x00007ffd6bcf0000 - 0x00007ffd6bd17000 	C:\WINDOWS\System32\bcrypt.dll
0x00007ffd6ba50000 - 0x00007ffd6ba7e000 	C:\WINDOWS\SYSTEM32\USERENV.dll
0x00007ffd6b3b0000 - 0x00007ffd6b3bc000 	C:\WINDOWS\SYSTEM32\CRYPTBASE.dll
0x00007ffd6af30000 - 0x00007ffd6af6b000 	C:\WINDOWS\SYSTEM32\IPHLPAPI.DLL
0x00007ffd6dea0000 - 0x00007ffd6dea8000 	C:\WINDOWS\System32\NSI.dll
0x00007ffd57610000 - 0x00007ffd57627000 	C:\WINDOWS\SYSTEM32\dhcpcsvc6.DLL
0x00007ffd5b7f0000 - 0x00007ffd5b80d000 	C:\WINDOWS\SYSTEM32\dhcpcsvc.DLL
0x00007ffd6af70000 - 0x00007ffd6b03a000 	C:\WINDOWS\SYSTEM32\DNSAPI.dll
0x00007ffd6a850000 - 0x00007ffd6a883000 	C:\WINDOWS\SYSTEM32\ntmarta.dll

dbghelp: loaded successfully - version: 4.0.5 - missing functions: none
symbol engine: initialized successfully - sym options: 0x614 - pdb path: .;C:\Program Files\Android\Android Studio\jre\bin;C:\WINDOWS\SYSTEM32;C:\Program Files\AVG\Antivirus;C:\WINDOWS\WinSxS\amd64_microsoft.windows.common-controls_6595b64144ccf1df_6.0.19041.1110_none_60b5254171f9507e;C:\Program Files\Android\Android Studio\jre\bin\server;C:\Users\HP\.gradle\native\e1d6ef7f7dcc3fd88c89a11ec53ec762bb8ba0a96d01ffa2cd45eb1d1d8dd5c5\windows-amd64;C:\Users\HP\.gradle\native\5664cfc778a61ccfe75a443a1ab52a65af34e5dc3c78e0209fed803814484fcb\windows-amd64

VM Arguments:
jvm_args: --add-opens=java.base/java.util=ALL-UNNAMED --add-opens=java.base/java.lang=ALL-UNNAMED --add-opens=java.base/java.lang.invoke=ALL-UNNAMED --add-opens=java.base/java.util=ALL-UNNAMED --add-opens=java.prefs/java.util.prefs=ALL-UNNAMED --add-opens=java.prefs/java.util.prefs=ALL-UNNAMED --add-opens=java.base/java.nio.charset=ALL-UNNAMED --add-opens=java.base/java.net=ALL-UNNAMED --add-opens=java.base/java.util.concurrent.atomic=ALL-UNNAMED -Xmx2048m -Dfile.encoding=UTF-8 -Duser.country=US -Duser.language=en -Duser.variant 
java_command: org.gradle.launcher.daemon.bootstrap.GradleDaemon 7.3.3
java_class_path (initial): C:\Users\HP\.gradle\wrapper\dists\gradle-7.3.3-bin\6a41zxkdtcxs8rphpq6y0069z\gradle-7.3.3\lib\gradle-launcher-7.3.3.jar
Launcher Type: SUN_STANDARD

[Global flags]
     intx CICompilerCount                          = 4                                         {product} {ergonomic}
     uint ConcGCThreads                            = 2                                         {product} {ergonomic}
     uint G1ConcRefinementThreads                  = 8                                         {product} {ergonomic}
   size_t G1HeapRegionSize                         = 1048576                                   {product} {ergonomic}
    uintx GCDrainStackTargetSize                   = 64                                        {product} {ergonomic}
   size_t InitialHeapSize                          = 134217728                                 {product} {ergonomic}
   size_t MarkStackSize                            = 4194304                                   {product} {ergonomic}
   size_t MaxHeapSize                              = 2147483648                                {product} {command line}
   size_t MaxNewSize                               = 1287651328                                {product} {ergonomic}
   size_t MinHeapDeltaBytes                        = 1048576                                   {product} {ergonomic}
    uintx NonNMethodCodeHeapSize                   = 5836300                                {pd product} {ergonomic}
    uintx NonProfiledCodeHeapSize                  = 122910970                              {pd product} {ergonomic}
    uintx ProfiledCodeHeapSize                     = 122910970                              {pd product} {ergonomic}
    uintx ReservedCodeCacheSize                    = 251658240                              {pd product} {ergonomic}
     bool SegmentedCodeCache                       = true                                      {product} {ergonomic}
     bool UseCompressedClassPointers               = true                                 {lp64_product} {ergonomic}
     bool UseCompressedOops                        = true                                 {lp64_product} {ergonomic}
     bool UseG1GC                                  = true                                      {product} {ergonomic}
     bool UseLargePagesIndividualAllocation        = false                                  {pd product} {ergonomic}

Logging:
Log output configuration:
 #0: stdout all=warning uptime,level,tags
 #1: stderr all=off uptime,level,tags

Environment Variables:
JAVA_HOME=C:\Program Files\Java\jdk-18.0.1.1
PATH=;;;;;C:\Program Files\Common Files\Oracle\Java\javapath;C:\Program Files (x86)\Common Files\Intel\Shared Libraries\redist\intel64_win\compiler;C:\Windows\system32;C:\Windows;C:\Windows\System32\Wbem;C:\Windows\System32\WindowsPowerShell\v1.0\;C:\Windows\System32\OpenSSH\;C:\Program Files\NVIDIA Corporation\NVIDIA NvDLISR;C:\Users\HP\anaconda3;C:\Users\HP\anaconda3\Library\mingw-w64\bin;C:\Users\HP\anaconda3\Library\usr\bin;C:\Users\HP\anaconda3\Library\bin;C:\Users\HP\anaconda3\Scripts;C:\Program Files (x86)\Microsoft Visual Studio\Shared\Python37_64;C:\adb;C:\Program Files\Java\jdk-15.0.2\bin;C:\Program Files\Git\cmd;C:\WINDOWS\system32;C:\WINDOWS;C:\WINDOWS\System32\Wbem;C:\WINDOWS\System32\WindowsPowerShell\v1.0\;C:\WINDOWS\System32\OpenSSH\;C:\Program Files\Docker\Docker\resources\bin;C:\ProgramData\DockerDesktop\version-bin;C:\Program Files\MongoDB\Server\5.0\bin;C:\Users\HP\AppData\Local\Programs\Python\Python310\Scripts;C:\Program Files\dotnet\;C:\Program Files\Cloudflare\Cloudflare WARP\;C:\Program Files\JetBrains\IntelliJ IDEA Community Edition 2020.3.2\bin;;C:\Users\HP\AppData\Local\Microsoft\WindowsApps;C:\AdditionalPackages\protoc\bin;C:\Program Files (x86)\Dev-Cpp\MinGW64\bin;C:\Program Files\heroku\bin;C:\Program Files (x86)\Java\jre1.8.0_331\bin;C:\Program Files (x86)\Java\jre1.8.0_202\bin;C:\Users\HP\.dotnet\tools;C:\Program Files\Java\jdk-18.0.1.1\bin;C:\Users\HP\AppData\Roaming\Microsoft\Windows\Start Menu\Programs\Python 3.9;C:\Users\HP\AppData\Local\Programs\Python\Python39\;C:\Users\HP\AppData\Local\Programs\Python\Python39\Scripts\;
USERNAME=HP
OS=Windows_NT
PROCESSOR_IDENTIFIER=Intel64 Family 6 Model 142 Stepping 10, GenuineIntel



---------------  S Y S T E M  ---------------

OS: Windows 10 , 64 bit Build 19041 (10.0.19041.1889)
OS uptime: 3 days 10:34 hours
Hyper-V role detected

CPU:total 8 (initial active 8) (4 cores per cpu, 2 threads per core) family 6 model 142 stepping 10 microcode 0xe0, cmov, cx8, fxsr, mmx, sse, sse2, sse3, ssse3, sse4.1, sse4.2, popcnt, avx, avx2, aes, clmul, erms, 3dnowpref, lzcnt, ht, tsc, tscinvbit, bmi1, bmi2, adx, fma

Memory: 4k page, system-wide physical 8083M (280M free)
TotalPageFile size 29887M (AvailPageFile size 4M)
current process WorkingSet (physical memory assigned to process): 414M, peak: 416M
current process commit charge ("private bytes"): 476M, peak: 476M

vm_info: OpenJDK 64-Bit Server VM (11.0.12+7-b1504.28-7817840) for windows-amd64 JRE (11.0.12+7-b1504.28-7817840), built on Oct 13 2021 22:12:33 by "builder" with MS VC++ 14.0 (VS2015)

END.
