#
# There is insufficient memory for the Java Runtime Environment to continue.
# Native memory allocation (mmap) failed to map 32505856 bytes for Failed to commit area from 0x0000000089a00000 to 0x000000008b900000 of length 32505856.
# Possible reasons:
#   The system is out of physical RAM or swap space
#   The process is running with CompressedOops enabled, and the Java Heap may be blocking the growth of the native heap
# Possible solutions:
#   Reduce memory load on the system
#   Increase physical memory or swap space
#   Check if swap backing store is full
#   Decrease Java heap size (-Xmx/-Xms)
#   Decrease number of Java threads
#   Decrease Java thread stack sizes (-Xss)
#   Set larger code cache with -XX:ReservedCodeCacheSize=
#   JVM is running with Unscaled Compressed Oops mode in which the Java heap is
#     placed in the first 4GB address space. The Java Heap base address is the
#     maximum limit for the native heap growth. Please use -XX:HeapBaseMinAddress
#     to set the Java Heap base and to place the Java Heap above 4GB virtual address.
# This output file may be truncated or incomplete.
#
#  Out of Memory Error (./src/hotspot/os/windows/os_windows.cpp:3521), pid=17308, tid=18884
#
# JRE version: OpenJDK Runtime Environment (11.0.12+7) (build 11.0.12+7-b1504.28-7817840)
# Java VM: OpenJDK 64-Bit Server VM (11.0.12+7-b1504.28-7817840, mixed mode, tiered, compressed oops, g1 gc, windows-amd64)
# No core dump will be written. Minidumps are not enabled by default on client versions of Windows
#

---------------  S U M M A R Y ------------

Command Line: --add-opens=java.base/java.util=ALL-UNNAMED --add-opens=java.base/java.lang=ALL-UNNAMED --add-opens=java.base/java.lang.invoke=ALL-UNNAMED --add-opens=java.base/java.util=ALL-UNNAMED --add-opens=java.prefs/java.util.prefs=ALL-UNNAMED --add-opens=java.prefs/java.util.prefs=ALL-UNNAMED --add-opens=java.base/java.nio.charset=ALL-UNNAMED --add-opens=java.base/java.net=ALL-UNNAMED --add-opens=java.base/java.util.concurrent.atomic=ALL-UNNAMED -Xmx2048m -Dfile.encoding=UTF-8 -Duser.country=US -Duser.language=en -Duser.variant org.gradle.launcher.daemon.bootstrap.GradleDaemon 7.3.3

Host: Intel(R) Core(TM) i7-8550U CPU @ 1.80GHz, 8 cores, 7G,  Windows 10 , 64 bit Build 19041 (10.0.19041.1889)
Time: Tue Aug 16 22:28:15 2022 Pakistan Standard Time elapsed time: 13.401545 seconds (0d 0h 0m 13s)

---------------  T H R E A D  ---------------

Current thread (0x000001f8a04a7800):  VMThread "VM Thread" [stack: 0x0000008906700000,0x0000008906800000] [id=18884]

Stack: [0x0000008906700000,0x0000008906800000]
[error occurred during error reporting (printing stack bounds), id 0xc0000005, EXCEPTION_ACCESS_VIOLATION (0xc0000005) at pc=0x000001f889b3112d]

Native frames: (J=compiled Java code, j=interpreted, Vv=VM code, C=native code)
V  [jvm.dll+0x5fbcea]
V  [jvm.dll+0x731905]
V  [jvm.dll+0x732f1d]
V  [jvm.dll+0x733535]
V  [jvm.dll+0x7334eb]
V  [jvm.dll+0x5fb080]
V  [jvm.dll+0x5fb818]
C  [ntdll.dll+0xa229f]
C  [ntdll.dll+0x51454]
C  [ntdll.dll+0xa0dce]
C  0x000001f889b3112d

VM_Operation (0x0000008907af48c0): G1CollectForAllocation, mode: safepoint, requested by thread 0x000001f8a0f88000


---------------  P R O C E S S  ---------------

Threads class SMR info:
_java_thread_list=0x000001f8a459c770, length=123, elements={
0x000001f886027800, 0x000001f8a04ad800, 0x000001f8a04b7000, 0x000001f8a0e23800,
0x000001f8a0e25000, 0x000001f8a0e29000, 0x000001f8a0e2e000, 0x000001f8a0e32800,
0x000001f8a04ce800, 0x000001f8a0f85800, 0x000001f8a0f86800, 0x000001f8a0f87000,
0x000001f8a0f82800, 0x000001f8a0f81800, 0x000001f8a0f83000, 0x000001f8a0f84000,
0x000001f8a0f88000, 0x000001f8a0f85000, 0x000001f8a2975000, 0x000001f8a2974000,
0x000001f8a2976800, 0x000001f8a2978800, 0x000001f8a2976000, 0x000001f8a2977800,
0x000001f8a2979000, 0x000001f8a2973800, 0x000001f8a297a000, 0x000001f8a69c4000,
0x000001f8a69be000, 0x000001f8a69bf000, 0x000001f8a69c3000, 0x000001f8a69c5800,
0x000001f8a69c2000, 0x000001f8a69c7000, 0x000001f8a69c1800, 0x000001f8a69c8800,
0x000001f8a69c9800, 0x000001f8a69cb000, 0x000001f8a69ca800, 0x000001f8a69cd000,
0x000001f8a69c8000, 0x000001f8a69cc000, 0x000001f8a12fc000, 0x000001f8a12f6000,
0x000001f8a12fa800, 0x000001f8a12f8000, 0x000001f8a12fd000, 0x000001f8a12f7000,
0x000001f8a12fd800, 0x000001f8a12fe800, 0x000001f8a12f8800, 0x000001f8a12ff000,
0x000001f8a12f9800, 0x000001f8a1301000, 0x000001f8a1300000, 0x000001f8a12fb000,
0x000001f8a1303800, 0x000001f8a1304000, 0x000001f8a1305000, 0x000001f8a1301800,
0x000001f8a1302800, 0x000001f8a5fe2000, 0x000001f8a5fe2800, 0x000001f8a5fe3800,
0x000001f8a5fe1000, 0x000001f8a5fe4800, 0x000001f8a5fe5000, 0x000001f8a5fe6000,
0x000001f8a5fe0000, 0x000001f8a5fe7800, 0x000001f8a5fe8800, 0x000001f8a5fe9000,
0x000001f8a5fea000, 0x000001f8a5fe6800, 0x000001f8a5fec800, 0x000001f8a5fed800,
0x000001f8a5fee000, 0x000001f8a5fef000, 0x000001f8a5feb000, 0x000001f8a5feb800,
0x000001f8a353d800, 0x000001f8a353a800, 0x000001f8a3538000, 0x000001f8a353b000,
0x000001f8a353c000, 0x000001f8a353e800, 0x000001f8a3539000, 0x000001f8a353d000,
0x000001f8a353f800, 0x000001f8a3539800, 0x000001f8a3541000, 0x000001f8a3544000,
0x000001f8a3542000, 0x000001f8a3545000, 0x000001f8a3546000, 0x000001f8a3542800,
0x000001f8a3543800, 0x000001f8a3540000, 0x000001f8a3340000, 0x000001f8a333e000,
0x000001f8a333b800, 0x000001f8a333c800, 0x000001f8a3341800, 0x000001f8a3342000,
0x000001f8a333f000, 0x000001f8a3343000, 0x000001f8a333d800, 0x000001f8a3344000,
0x000001f8a3345800, 0x000001f8a3344800, 0x000001f8a3346800, 0x000001f8a3340800,
0x000001f8a3347000, 0x000001f8a3348000, 0x000001f8a334a800, 0x000001f8a3348800,
0x000001f8a3349800, 0x000001f8a3546800, 0x000001f8a4906800, 0x000001f8a4909000,
0x000001f8a490a800, 0x000001f8a1c1c000, 0x000001f8a4907000
}

Java Threads: ( => current thread )
  0x000001f886027800 JavaThread "main" [_thread_blocked, id=4988, stack(0x0000008906100000,0x0000008906200000)]
  0x000001f8a04ad800 JavaThread "Reference Handler" daemon [_thread_blocked, id=5652, stack(0x0000008906800000,0x0000008906900000)]
  0x000001f8a04b7000 JavaThread "Finalizer" daemon [_thread_blocked, id=18760, stack(0x0000008906900000,0x0000008906a00000)]
  0x000001f8a0e23800 JavaThread "Signal Dispatcher" daemon [_thread_blocked, id=16080, stack(0x0000008906a00000,0x0000008906b00000)]
  0x000001f8a0e25000 JavaThread "Attach Listener" daemon [_thread_blocked, id=13020, stack(0x0000008906b00000,0x0000008906c00000)]
  0x000001f8a0e29000 JavaThread "Service Thread" daemon [_thread_blocked, id=18224, stack(0x0000008906c00000,0x0000008906d00000)]
  0x000001f8a0e2e000 JavaThread "C2 CompilerThread0" daemon [_thread_in_native, id=12024, stack(0x0000008906d00000,0x0000008906e00000)]
  0x000001f8a0e32800 JavaThread "C1 CompilerThread0" daemon [_thread_blocked, id=5412, stack(0x0000008906e00000,0x0000008906f00000)]
  0x000001f8a04ce800 JavaThread "Sweeper thread" daemon [_thread_blocked, id=5048, stack(0x0000008906f00000,0x0000008907000000)]
  0x000001f8a0f85800 JavaThread "Common-Cleaner" daemon [_thread_blocked, id=9904, stack(0x0000008907000000,0x0000008907100000)]
  0x000001f8a0f86800 JavaThread "Daemon health stats" [_thread_blocked, id=13280, stack(0x0000008907600000,0x0000008907700000)]
  0x000001f8a0f87000 JavaThread "Incoming local TCP Connector on port 19110" [_thread_in_native, id=5872, stack(0x0000008907200000,0x0000008907300000)]
  0x000001f8a0f82800 JavaThread "Daemon periodic checks" [_thread_blocked, id=3828, stack(0x0000008907300000,0x0000008907400000)]
  0x000001f8a0f81800 JavaThread "Daemon" [_thread_blocked, id=16412, stack(0x0000008907700000,0x0000008907800000)]
  0x000001f8a0f83000 JavaThread "Handler for socket connection from /127.0.0.1:19110 to /127.0.0.1:19111" [_thread_in_native, id=2560, stack(0x0000008907800000,0x0000008907900000)]
  0x000001f8a0f84000 JavaThread "Cancel handler" [_thread_blocked, id=16388, stack(0x0000008907900000,0x0000008907a00000)]
  0x000001f8a0f88000 JavaThread "Daemon worker" [_thread_blocked, id=3832, stack(0x0000008907a00000,0x0000008907b00000)]
  0x000001f8a0f85000 JavaThread "Asynchronous log dispatcher for DefaultDaemonConnection: socket connection from /127.0.0.1:19110 to /127.0.0.1:19111" [_thread_blocked, id=8904, stack(0x0000008907b00000,0x0000008907c00000)]
  0x000001f8a2975000 JavaThread "Stdin handler" [_thread_blocked, id=13936, stack(0x0000008907c00000,0x0000008907d00000)]
  0x000001f8a2974000 JavaThread "Daemon client event forwarder" [_thread_blocked, id=17708, stack(0x0000008907d00000,0x0000008907e00000)]
  0x000001f8a2976800 JavaThread "Cache worker for journal cache (C:\Users\HP\.gradle\caches\journal-1)" [_thread_blocked, id=11828, stack(0x0000008908400000,0x0000008908500000)]
  0x000001f8a2978800 JavaThread "File lock request listener" [_thread_in_native, id=18236, stack(0x0000008908500000,0x0000008908600000)]
  0x000001f8a2976000 JavaThread "Cache worker for file hash cache (C:\Users\HP\.gradle\caches\7.3.3\fileHashes)" [_thread_blocked, id=17732, stack(0x0000008908600000,0x0000008908700000)]
  0x000001f8a2977800 JavaThread "Cache worker for file hash cache (D:\Alovera\plant_detection\.gradle\7.3.3\fileHashes)" [_thread_blocked, id=13564, stack(0x0000008908800000,0x0000008908900000)]
  0x000001f8a2979000 JavaThread "File watcher server" daemon [_thread_in_native, id=10304, stack(0x0000008908900000,0x0000008908a00000)]
  0x000001f8a2973800 JavaThread "File watcher consumer" daemon [_thread_blocked, id=4048, stack(0x0000008908a00000,0x0000008908b00000)]
  0x000001f8a297a000 JavaThread "Cache worker for checksums cache (D:\Alovera\plant_detection\.gradle\7.3.3\checksums)" [_thread_blocked, id=6900, stack(0x0000008908b00000,0x0000008908c00000)]
  0x000001f8a69c4000 JavaThread "Cache worker for cache directory md-supplier (C:\Users\HP\.gradle\caches\7.3.3\md-supplier)" [_thread_blocked, id=3528, stack(0x0000008908c00000,0x0000008908d00000)]
  0x000001f8a69be000 JavaThread "Cache worker for cache directory md-rule (C:\Users\HP\.gradle\caches\7.3.3\md-rule)" [_thread_blocked, id=2228, stack(0x0000008908d00000,0x0000008908e00000)]
  0x000001f8a69bf000 JavaThread "Cache worker for execution history cache (C:\Users\HP\.gradle\caches\7.3.3\executionHistory)" [_thread_blocked, id=6528, stack(0x0000008908e00000,0x0000008908f00000)]
  0x000001f8a69c3000 JavaThread "jar transforms" [_thread_blocked, id=11916, stack(0x0000008908f00000,0x0000008909000000)]
  0x000001f8a69c5800 JavaThread "Cache worker for file content cache (C:\Users\HP\.gradle\caches\7.3.3\fileContent)" [_thread_blocked, id=14944, stack(0x0000008909000000,0x0000008909100000)]
  0x000001f8a69c2000 JavaThread "jar transforms Thread 2" [_thread_blocked, id=16588, stack(0x0000008909100000,0x0000008909200000)]
  0x000001f8a69c7000 JavaThread "Cache worker for dependencies-accessors (D:\Alovera\plant_detection\.gradle\7.3.3\dependencies-accessors)" [_thread_blocked, id=11976, stack(0x0000008909200000,0x0000008909300000)]
  0x000001f8a69c1800 JavaThread "jar transforms Thread 3" [_thread_blocked, id=660, stack(0x0000008909300000,0x0000008909400000)]
  0x000001f8a69c8800 JavaThread "Cache worker for Build Output Cleanup Cache (D:\Alovera\plant_detection\.gradle\buildOutputCleanup)" [_thread_blocked, id=13320, stack(0x0000008909400000,0x0000008909500000)]
  0x000001f8a69c9800 JavaThread "Unconstrained build operations" [_thread_blocked, id=10612, stack(0x0000008909500000,0x0000008909600000)]
  0x000001f8a69cb000 JavaThread "Unconstrained build operations Thread 2" [_thread_blocked, id=4068, stack(0x0000008909600000,0x0000008909700000)]
  0x000001f8a69ca800 JavaThread "Unconstrained build operations Thread 3" [_thread_blocked, id=1588, stack(0x0000008909700000,0x0000008909800000)]
  0x000001f8a69cd000 JavaThread "Unconstrained build operations Thread 4" [_thread_blocked, id=16560, stack(0x0000008909800000,0x0000008909900000)]
  0x000001f8a69c8000 JavaThread "Unconstrained build operations Thread 5" [_thread_blocked, id=18640, stack(0x0000008909900000,0x0000008909a00000)]
  0x000001f8a69cc000 JavaThread "Unconstrained build operations Thread 6" [_thread_blocked, id=18980, stack(0x0000008909a00000,0x0000008909b00000)]
  0x000001f8a12fc000 JavaThread "Unconstrained build operations Thread 7" [_thread_blocked, id=15204, stack(0x0000008909b00000,0x0000008909c00000)]
  0x000001f8a12f6000 JavaThread "Unconstrained build operations Thread 8" [_thread_blocked, id=12548, stack(0x0000008909c00000,0x0000008909d00000)]
  0x000001f8a12fa800 JavaThread "Unconstrained build operations Thread 9" [_thread_blocked, id=16820, stack(0x0000008909d00000,0x0000008909e00000)]
  0x000001f8a12f8000 JavaThread "Unconstrained build operations Thread 10" [_thread_blocked, id=9604, stack(0x0000008909e00000,0x0000008909f00000)]
  0x000001f8a12fd000 JavaThread "Unconstrained build operations Thread 11" [_thread_blocked, id=3276, stack(0x0000008909f00000,0x000000890a000000)]
  0x000001f8a12f7000 JavaThread "Unconstrained build operations Thread 12" [_thread_blocked, id=11464, stack(0x000000890a000000,0x000000890a100000)]
  0x000001f8a12fd800 JavaThread "Unconstrained build operations Thread 13" [_thread_blocked, id=17496, stack(0x000000890a100000,0x000000890a200000)]
  0x000001f8a12fe800 JavaThread "Unconstrained build operations Thread 14" [_thread_blocked, id=5896, stack(0x000000890a200000,0x000000890a300000)]
  0x000001f8a12f8800 JavaThread "Unconstrained build operations Thread 15" [_thread_blocked, id=17136, stack(0x000000890a300000,0x000000890a400000)]
  0x000001f8a12ff000 JavaThread "Unconstrained build operations Thread 16" [_thread_blocked, id=4568, stack(0x000000890a400000,0x000000890a500000)]
  0x000001f8a12f9800 JavaThread "Unconstrained build operations Thread 17" [_thread_blocked, id=6012, stack(0x000000890a500000,0x000000890a600000)]
  0x000001f8a1301000 JavaThread "Unconstrained build operations Thread 18" [_thread_blocked, id=428, stack(0x000000890a600000,0x000000890a700000)]
  0x000001f8a1300000 JavaThread "Unconstrained build operations Thread 19" [_thread_blocked, id=18352, stack(0x000000890a700000,0x000000890a800000)]
  0x000001f8a12fb000 JavaThread "Unconstrained build operations Thread 20" [_thread_blocked, id=19384, stack(0x000000890a800000,0x000000890a900000)]
  0x000001f8a1303800 JavaThread "Unconstrained build operations Thread 21" [_thread_blocked, id=11120, stack(0x000000890a900000,0x000000890aa00000)]
  0x000001f8a1304000 JavaThread "Unconstrained build operations Thread 22" [_thread_blocked, id=14300, stack(0x000000890aa00000,0x000000890ab00000)]
  0x000001f8a1305000 JavaThread "Unconstrained build operations Thread 23" [_thread_blocked, id=360, stack(0x000000890ab00000,0x000000890ac00000)]
  0x000001f8a1301800 JavaThread "Unconstrained build operations Thread 24" [_thread_blocked, id=9560, stack(0x000000890ac00000,0x000000890ad00000)]
  0x000001f8a1302800 JavaThread "Unconstrained build operations Thread 25" [_thread_blocked, id=16884, stack(0x000000890ad00000,0x000000890ae00000)]
  0x000001f8a5fe2000 JavaThread "Unconstrained build operations Thread 26" [_thread_blocked, id=18208, stack(0x000000890ae00000,0x000000890af00000)]
  0x000001f8a5fe2800 JavaThread "Unconstrained build operations Thread 27" [_thread_blocked, id=7972, stack(0x000000890af00000,0x000000890b000000)]
  0x000001f8a5fe3800 JavaThread "Unconstrained build operations Thread 28" [_thread_blocked, id=16124, stack(0x000000890b000000,0x000000890b100000)]
  0x000001f8a5fe1000 JavaThread "Unconstrained build operations Thread 29" [_thread_blocked, id=12528, stack(0x000000890b100000,0x000000890b200000)]
  0x000001f8a5fe4800 JavaThread "Unconstrained build operations Thread 30" [_thread_blocked, id=13956, stack(0x000000890b200000,0x000000890b300000)]
  0x000001f8a5fe5000 JavaThread "Unconstrained build operations Thread 31" [_thread_blocked, id=1824, stack(0x000000890b300000,0x000000890b400000)]
  0x000001f8a5fe6000 JavaThread "Unconstrained build operations Thread 32" [_thread_blocked, id=14472, stack(0x000000890b400000,0x000000890b500000)]
  0x000001f8a5fe0000 JavaThread "Unconstrained build operations Thread 33" [_thread_blocked, id=2160, stack(0x000000890b500000,0x000000890b600000)]
  0x000001f8a5fe7800 JavaThread "Unconstrained build operations Thread 34" [_thread_blocked, id=2108, stack(0x000000890b600000,0x000000890b700000)]
  0x000001f8a5fe8800 JavaThread "Unconstrained build operations Thread 35" [_thread_blocked, id=10040, stack(0x000000890b700000,0x000000890b800000)]
  0x000001f8a5fe9000 JavaThread "Unconstrained build operations Thread 36" [_thread_blocked, id=12204, stack(0x000000890b800000,0x000000890b900000)]
  0x000001f8a5fea000 JavaThread "Unconstrained build operations Thread 37" [_thread_blocked, id=7420, stack(0x000000890b900000,0x000000890ba00000)]
  0x000001f8a5fe6800 JavaThread "Unconstrained build operations Thread 38" [_thread_blocked, id=2704, stack(0x000000890ba00000,0x000000890bb00000)]
  0x000001f8a5fec800 JavaThread "Unconstrained build operations Thread 39" [_thread_blocked, id=18136, stack(0x000000890bb00000,0x000000890bc00000)]
  0x000001f8a5fed800 JavaThread "Unconstrained build operations Thread 40" [_thread_blocked, id=11940, stack(0x000000890bc00000,0x000000890bd00000)]
  0x000001f8a5fee000 JavaThread "Unconstrained build operations Thread 41" [_thread_blocked, id=13348, stack(0x000000890bd00000,0x000000890be00000)]
  0x000001f8a5fef000 JavaThread "Unconstrained build operations Thread 42" [_thread_blocked, id=11408, stack(0x000000890be00000,0x000000890bf00000)]
  0x000001f8a5feb000 JavaThread "Unconstrained build operations Thread 43" [_thread_blocked, id=4208, stack(0x000000890bf00000,0x000000890c000000)]
  0x000001f8a5feb800 JavaThread "Unconstrained build operations Thread 44" [_thread_blocked, id=288, stack(0x000000890c000000,0x000000890c100000)]
  0x000001f8a353d800 JavaThread "Unconstrained build operations Thread 45" [_thread_blocked, id=16312, stack(0x000000890c100000,0x000000890c200000)]
  0x000001f8a353a800 JavaThread "Unconstrained build operations Thread 46" [_thread_blocked, id=15656, stack(0x000000890c200000,0x000000890c300000)]
  0x000001f8a3538000 JavaThread "Unconstrained build operations Thread 47" [_thread_blocked, id=1216, stack(0x000000890c300000,0x000000890c400000)]
  0x000001f8a353b000 JavaThread "Unconstrained build operations Thread 48" [_thread_blocked, id=13628, stack(0x000000890c400000,0x000000890c500000)]
  0x000001f8a353c000 JavaThread "Unconstrained build operations Thread 49" [_thread_blocked, id=11412, stack(0x000000890c500000,0x000000890c600000)]
  0x000001f8a353e800 JavaThread "Unconstrained build operations Thread 50" [_thread_blocked, id=2960, stack(0x000000890c600000,0x000000890c700000)]
  0x000001f8a3539000 JavaThread "Unconstrained build operations Thread 51" [_thread_blocked, id=17416, stack(0x000000890c700000,0x000000890c800000)]
  0x000001f8a353d000 JavaThread "Unconstrained build operations Thread 52" [_thread_blocked, id=19412, stack(0x000000890c800000,0x000000890c900000)]
  0x000001f8a353f800 JavaThread "Unconstrained build operations Thread 53" [_thread_blocked, id=9944, stack(0x000000890c900000,0x000000890ca00000)]
  0x000001f8a3539800 JavaThread "Unconstrained build operations Thread 54" [_thread_blocked, id=3060, stack(0x000000890ca00000,0x000000890cb00000)]
  0x000001f8a3541000 JavaThread "Unconstrained build operations Thread 55" [_thread_blocked, id=2124, stack(0x000000890cb00000,0x000000890cc00000)]
  0x000001f8a3544000 JavaThread "Unconstrained build operations Thread 56" [_thread_blocked, id=7928, stack(0x000000890cc00000,0x000000890cd00000)]
  0x000001f8a3542000 JavaThread "Unconstrained build operations Thread 57" [_thread_blocked, id=16056, stack(0x000000890cd00000,0x000000890ce00000)]
  0x000001f8a3545000 JavaThread "Unconstrained build operations Thread 58" [_thread_blocked, id=15792, stack(0x000000890ce00000,0x000000890cf00000)]
  0x000001f8a3546000 JavaThread "Unconstrained build operations Thread 59" [_thread_blocked, id=15948, stack(0x000000890cf00000,0x000000890d000000)]
  0x000001f8a3542800 JavaThread "Unconstrained build operations Thread 60" [_thread_blocked, id=3040, stack(0x000000890d000000,0x000000890d100000)]
  0x000001f8a3543800 JavaThread "Unconstrained build operations Thread 61" [_thread_blocked, id=12596, stack(0x000000890d100000,0x000000890d200000)]
  0x000001f8a3540000 JavaThread "Unconstrained build operations Thread 62" [_thread_blocked, id=8360, stack(0x000000890d200000,0x000000890d300000)]
  0x000001f8a3340000 JavaThread "Unconstrained build operations Thread 63" [_thread_blocked, id=3728, stack(0x000000890d300000,0x000000890d400000)]
  0x000001f8a333e000 JavaThread "Unconstrained build operations Thread 64" [_thread_blocked, id=17724, stack(0x000000890d400000,0x000000890d500000)]
  0x000001f8a333b800 JavaThread "Unconstrained build operations Thread 65" [_thread_blocked, id=9516, stack(0x000000890d500000,0x000000890d600000)]
  0x000001f8a333c800 JavaThread "Unconstrained build operations Thread 66" [_thread_blocked, id=9316, stack(0x000000890d600000,0x000000890d700000)]
  0x000001f8a3341800 JavaThread "Unconstrained build operations Thread 67" [_thread_blocked, id=5340, stack(0x000000890d700000,0x000000890d800000)]
  0x000001f8a3342000 JavaThread "Unconstrained build operations Thread 68" [_thread_blocked, id=13848, stack(0x000000890d800000,0x000000890d900000)]
  0x000001f8a333f000 JavaThread "Unconstrained build operations Thread 69" [_thread_blocked, id=3980, stack(0x000000890d900000,0x000000890da00000)]
  0x000001f8a3343000 JavaThread "Unconstrained build operations Thread 70" [_thread_blocked, id=10432, stack(0x000000890da00000,0x000000890db00000)]
  0x000001f8a333d800 JavaThread "Unconstrained build operations Thread 71" [_thread_blocked, id=12044, stack(0x000000890db00000,0x000000890dc00000)]
  0x000001f8a3344000 JavaThread "Unconstrained build operations Thread 72" [_thread_blocked, id=12056, stack(0x000000890dc00000,0x000000890dd00000)]
  0x000001f8a3345800 JavaThread "Unconstrained build operations Thread 73" [_thread_blocked, id=5020, stack(0x000000890dd00000,0x000000890de00000)]
  0x000001f8a3344800 JavaThread "Unconstrained build operations Thread 74" [_thread_blocked, id=9956, stack(0x000000890de00000,0x000000890df00000)]
  0x000001f8a3346800 JavaThread "Unconstrained build operations Thread 75" [_thread_blocked, id=3536, stack(0x000000890df00000,0x000000890e000000)]
  0x000001f8a3340800 JavaThread "Unconstrained build operations Thread 76" [_thread_blocked, id=13164, stack(0x000000890e000000,0x000000890e100000)]
  0x000001f8a3347000 JavaThread "Unconstrained build operations Thread 77" [_thread_blocked, id=7784, stack(0x000000890e100000,0x000000890e200000)]
  0x000001f8a3348000 JavaThread "Unconstrained build operations Thread 78" [_thread_blocked, id=956, stack(0x000000890e200000,0x000000890e300000)]
  0x000001f8a334a800 JavaThread "Unconstrained build operations Thread 79" [_thread_blocked, id=19188, stack(0x000000890e300000,0x000000890e400000)]
  0x000001f8a3348800 JavaThread "Unconstrained build operations Thread 80" [_thread_blocked, id=16236, stack(0x000000890e400000,0x000000890e500000)]
  0x000001f8a3349800 JavaThread "jar transforms Thread 4" [_thread_blocked, id=17244, stack(0x000000890e500000,0x000000890e600000)]
  0x000001f8a3546800 JavaThread "jar transforms Thread 5" [_thread_blocked, id=17356, stack(0x000000890e600000,0x000000890e700000)]
  0x000001f8a4906800 JavaThread "jar transforms Thread 6" [_thread_blocked, id=2752, stack(0x000000890e700000,0x000000890e800000)]
  0x000001f8a4909000 JavaThread "jar transforms Thread 7" [_thread_blocked, id=16636, stack(0x000000890e800000,0x000000890e900000)]
  0x000001f8a490a800 JavaThread "jar transforms Thread 8" [_thread_blocked, id=10920, stack(0x000000890e900000,0x000000890ea00000)]
  0x000001f8a1c1c000 JavaThread "C2 CompilerThread1" daemon [_thread_blocked, id=16180, stack(0x0000008907e00000,0x0000008907f00000)]
  0x000001f8a4907000 JavaThread "Memory manager" [_thread_blocked, id=6808, stack(0x000000890ea00000,0x000000890eb00000)]

Other Threads:
=>0x000001f8a04a7800 VMThread "VM Thread" [stack: 0x0000008906700000,0x0000008906800000] [id=18884]
  0x000001f8a0fcb800 WatcherThread [stack: 0x0000008907100000,0x0000008907200000] [id=10596]
  0x000001f88603e800 GCTaskThread "GC Thread#0" [stack: 0x0000008906200000,0x0000008906300000] [id=1748]
  0x000001f8a1ee7000 GCTaskThread "GC Thread#1" [stack: 0x0000008907400000,0x0000008907500000] [id=10336]
  0x000001f8a1d3e800 GCTaskThread "GC Thread#2" [stack: 0x0000008907500000,0x0000008907600000] [id=9456]
  0x000001f8a2e7c800 GCTaskThread "GC Thread#3" [stack: 0x0000008907f00000,0x0000008908000000] [id=2872]
  0x000001f8a2c59800 GCTaskThread "GC Thread#4" [stack: 0x0000008908000000,0x0000008908100000] [id=18984]
  0x000001f8a1c62800 GCTaskThread "GC Thread#5" [stack: 0x0000008908100000,0x0000008908200000] [id=12352]
  0x000001f8a3769000 GCTaskThread "GC Thread#6" [stack: 0x0000008908200000,0x0000008908300000] [id=16748]
  0x000001f8a3764000 GCTaskThread "GC Thread#7" [stack: 0x0000008908300000,0x0000008908400000] [id=10536]
  0x000001f88606e000 ConcurrentGCThread "G1 Main Marker" [stack: 0x0000008906300000,0x0000008906400000] [id=11692]
  0x000001f886070000 ConcurrentGCThread "G1 Conc#0" [stack: 0x0000008906400000,0x0000008906500000] [id=15052]
  0x000001f8a3fe1800 ConcurrentGCThread "G1 Conc#1" [stack: 0x0000008908700000,0x0000008908800000] [id=16380]
  0x000001f8a02f4800 ConcurrentGCThread "G1 Refine#0" [stack: 0x0000008906500000,0x0000008906600000] [id=8524]
  0x000001f8a02f5000 ConcurrentGCThread "G1 Young RemSet Sampling" [stack: 0x0000008906600000,0x0000008906700000] [id=18148]

Threads with active compile tasks:
C2 CompilerThread0  13432 6069       4       java.net.URLClassLoader$1::run (5 bytes)
C2 CompilerThread1  13432 6245       4       org.objectweb.asm.ByteVector::putByteArray (49 bytes)

VM state:at safepoint (normal execution)

VM Mutex/Monitor currently owned by a thread:  ([mutex/lock_event])
[0x000001f8860238b0] Threads_lock - owner thread: 0x000001f8a04a7800
[0x000001f886023f70] Heap_lock - owner thread: 0x000001f8a0f88000

Heap address: 0x0000000080000000, size: 2048 MB, Compressed Oops mode: 32-bit
Narrow klass base: 0x0000000000000000, Narrow klass shift: 3
Compressed class space size: 1073741824 Address: 0x0000000100000000

Heap:
 garbage-first heap   total 189440K, used 51750K [0x0000000080000000, 0x0000000100000000)
  region size 1024K, 7 young (7168K), 7 survivors (7168K)
 Metaspace       used 64469K, capacity 65996K, committed 66056K, reserved 1105920K
  class space    used 8212K, capacity 8770K, committed 8784K, reserved 1048576K
Heap Regions: E=young(eden), S=young(survivor), O=old, HS=humongous(starts), HC=humongous(continues), CS=collection set, F=free, A=archive, TAMS=top-at-mark-start (previous, next)
|   0|0x0000000080000000, 0x0000000080100000, 0x0000000080100000|100%| O|  |TAMS 0x0000000080100000, 0x0000000080100000| Untracked 
|   1|0x0000000080100000, 0x0000000080200000, 0x0000000080200000|100%| O|  |TAMS 0x0000000080200000, 0x0000000080200000| Untracked 
|   2|0x0000000080200000, 0x0000000080300000, 0x0000000080300000|100%| O|  |TAMS 0x0000000080300000, 0x0000000080300000| Untracked 
|   3|0x0000000080300000, 0x0000000080400000, 0x0000000080400000|100%|HS|  |TAMS 0x0000000080400000, 0x0000000080400000| Complete 
|   4|0x0000000080400000, 0x0000000080500000, 0x0000000080500000|100%|HC|  |TAMS 0x0000000080500000, 0x0000000080500000| Complete 
|   5|0x0000000080500000, 0x0000000080600000, 0x0000000080600000|100%|HC|  |TAMS 0x0000000080600000, 0x0000000080600000| Complete 
|   6|0x0000000080600000, 0x0000000080700000, 0x0000000080700000|100%| O|  |TAMS 0x0000000080700000, 0x0000000080700000| Untracked 
|   7|0x0000000080700000, 0x0000000080800000, 0x0000000080800000|100%| O|  |TAMS 0x0000000080800000, 0x0000000080800000| Untracked 
|   8|0x0000000080800000, 0x0000000080900000, 0x0000000080900000|100%| O|  |TAMS 0x0000000080900000, 0x0000000080900000| Untracked 
|   9|0x0000000080900000, 0x0000000080a00000, 0x0000000080a00000|100%| O|  |TAMS 0x0000000080a00000, 0x0000000080a00000| Untracked 
|  10|0x0000000080a00000, 0x0000000080b00000, 0x0000000080b00000|100%| O|  |TAMS 0x0000000080b00000, 0x0000000080b00000| Untracked 
|  11|0x0000000080b00000, 0x0000000080c00000, 0x0000000080c00000|100%| O|  |TAMS 0x0000000080c00000, 0x0000000080c00000| Untracked 
|  12|0x0000000080c00000, 0x0000000080d00000, 0x0000000080d00000|100%| O|  |TAMS 0x0000000080d00000, 0x0000000080d00000| Untracked 
|  13|0x0000000080d00000, 0x0000000080e00000, 0x0000000080e00000|100%| O|  |TAMS 0x0000000080e00000, 0x0000000080e00000| Untracked 
|  14|0x0000000080e00000, 0x0000000080f00000, 0x0000000080f00000|100%| O|  |TAMS 0x0000000080f00000, 0x0000000080f00000| Untracked 
|  15|0x0000000080f00000, 0x0000000081000000, 0x0000000081000000|100%| O|  |TAMS 0x0000000081000000, 0x0000000081000000| Untracked 
|  16|0x0000000081000000, 0x0000000081100000, 0x0000000081100000|100%| O|  |TAMS 0x0000000081100000, 0x0000000081100000| Untracked 
|  17|0x0000000081100000, 0x0000000081200000, 0x0000000081200000|100%|HS|  |TAMS 0x0000000081200000, 0x0000000081200000| Complete 
|  18|0x0000000081200000, 0x0000000081300000, 0x0000000081300000|100%| O|  |TAMS 0x0000000081300000, 0x0000000081300000| Untracked 
|  19|0x0000000081300000, 0x0000000081400000, 0x0000000081400000|100%| O|  |TAMS 0x0000000081400000, 0x0000000081400000| Untracked 
|  20|0x0000000081400000, 0x0000000081500000, 0x0000000081500000|100%| O|  |TAMS 0x0000000081500000, 0x0000000081500000| Untracked 
|  21|0x0000000081500000, 0x0000000081600000, 0x0000000081600000|100%| O|  |TAMS 0x0000000081600000, 0x0000000081600000| Untracked 
|  22|0x0000000081600000, 0x0000000081700000, 0x0000000081700000|100%| O|  |TAMS 0x0000000081700000, 0x0000000081700000| Untracked 
|  23|0x0000000081700000, 0x0000000081800000, 0x0000000081800000|100%| O|  |TAMS 0x0000000081800000, 0x0000000081800000| Untracked 
|  24|0x0000000081800000, 0x0000000081900000, 0x0000000081900000|100%|HS|  |TAMS 0x0000000081900000, 0x0000000081900000| Complete 
|  25|0x0000000081900000, 0x0000000081a00000, 0x0000000081a00000|100%|HS|  |TAMS 0x0000000081a00000, 0x0000000081a00000| Complete 
|  26|0x0000000081a00000, 0x0000000081b00000, 0x0000000081b00000|100%|HC|  |TAMS 0x0000000081b00000, 0x0000000081b00000| Complete 
|  27|0x0000000081b00000, 0x0000000081c00000, 0x0000000081c00000|100%| O|  |TAMS 0x0000000081c00000, 0x0000000081c00000| Untracked 
|  28|0x0000000081c00000, 0x0000000081d00000, 0x0000000081d00000|100%| O|  |TAMS 0x0000000081d00000, 0x0000000081d00000| Untracked 
|  29|0x0000000081d00000, 0x0000000081e00000, 0x0000000081e00000|100%| O|  |TAMS 0x0000000081e00000, 0x0000000081e00000| Untracked 
|  30|0x0000000081e00000, 0x0000000081f00000, 0x0000000081f00000|100%| O|  |TAMS 0x0000000081f00000, 0x0000000081f00000| Untracked 
|  31|0x0000000081f00000, 0x0000000082000000, 0x0000000082000000|100%| O|  |TAMS 0x0000000082000000, 0x0000000082000000| Untracked 
|  32|0x0000000082000000, 0x0000000082100000, 0x0000000082100000|100%| O|  |TAMS 0x0000000082100000, 0x0000000082100000| Untracked 
|  33|0x0000000082100000, 0x0000000082200000, 0x0000000082200000|100%| O|  |TAMS 0x0000000082200000, 0x0000000082200000| Untracked 
|  34|0x0000000082200000, 0x0000000082300000, 0x0000000082300000|100%| O|  |TAMS 0x0000000082300000, 0x0000000082300000| Untracked 
|  35|0x0000000082300000, 0x0000000082400000, 0x0000000082400000|100%| O|  |TAMS 0x0000000082400000, 0x0000000082400000| Untracked 
|  36|0x0000000082400000, 0x0000000082500000, 0x0000000082500000|100%| O|  |TAMS 0x0000000082500000, 0x0000000082500000| Untracked 
|  37|0x0000000082500000, 0x0000000082600000, 0x0000000082600000|100%| O|  |TAMS 0x0000000082600000, 0x0000000082600000| Untracked 
|  38|0x0000000082600000, 0x0000000082700000, 0x0000000082700000|100%| O|  |TAMS 0x0000000082700000, 0x0000000082700000| Untracked 
|  39|0x0000000082700000, 0x0000000082800000, 0x0000000082800000|100%| O|  |TAMS 0x0000000082800000, 0x0000000082800000| Untracked 
|  40|0x0000000082800000, 0x0000000082900000, 0x0000000082900000|100%| O|  |TAMS 0x0000000082900000, 0x0000000082900000| Untracked 
|  41|0x0000000082900000, 0x0000000082a00000, 0x0000000082a00000|100%| O|  |TAMS 0x0000000082a00000, 0x0000000082a00000| Untracked 
|  42|0x0000000082a00000, 0x0000000082b00000, 0x0000000082b00000|100%| O|  |TAMS 0x0000000082b00000, 0x0000000082b00000| Untracked 
|  43|0x0000000082b00000, 0x0000000082bcc800, 0x0000000082c00000| 79%| O|  |TAMS 0x0000000082bcc800, 0x0000000082bcc800| Untracked 
|  44|0x0000000082c00000, 0x0000000082c00000, 0x0000000082d00000|  0%| F|  |TAMS 0x0000000082c00000, 0x0000000082c00000| Untracked 
|  45|0x0000000082d00000, 0x0000000082d00000, 0x0000000082e00000|  0%| F|  |TAMS 0x0000000082d00000, 0x0000000082d00000| Untracked 
|  46|0x0000000082e00000, 0x0000000082e00000, 0x0000000082f00000|  0%| F|  |TAMS 0x0000000082e00000, 0x0000000082e00000| Untracked 
|  47|0x0000000082f00000, 0x0000000082f00000, 0x0000000083000000|  0%| F|  |TAMS 0x0000000082f00000, 0x0000000082f00000| Untracked 
|  48|0x0000000083000000, 0x0000000083000000, 0x0000000083100000|  0%| F|  |TAMS 0x0000000083000000, 0x0000000083000000| Untracked 
|  49|0x0000000083100000, 0x0000000083100000, 0x0000000083200000|  0%| F|  |TAMS 0x0000000083100000, 0x0000000083100000| Untracked 
|  50|0x0000000083200000, 0x0000000083200000, 0x0000000083300000|  0%| F|  |TAMS 0x0000000083200000, 0x0000000083200000| Untracked 
|  51|0x0000000083300000, 0x0000000083300000, 0x0000000083400000|  0%| F|  |TAMS 0x0000000083300000, 0x0000000083300000| Untracked 
|  52|0x0000000083400000, 0x0000000083400000, 0x0000000083500000|  0%| F|  |TAMS 0x0000000083400000, 0x0000000083400000| Untracked 
|  53|0x0000000083500000, 0x0000000083500000, 0x0000000083600000|  0%| F|  |TAMS 0x0000000083500000, 0x0000000083500000| Untracked 
|  54|0x0000000083600000, 0x0000000083600000, 0x0000000083700000|  0%| F|  |TAMS 0x0000000083600000, 0x0000000083600000| Untracked 
|  55|0x0000000083700000, 0x0000000083700000, 0x0000000083800000|  0%| F|  |TAMS 0x0000000083700000, 0x0000000083700000| Untracked 
|  56|0x0000000083800000, 0x0000000083800000, 0x0000000083900000|  0%| F|  |TAMS 0x0000000083800000, 0x0000000083800000| Untracked 
|  57|0x0000000083900000, 0x0000000083900000, 0x0000000083a00000|  0%| F|  |TAMS 0x0000000083900000, 0x0000000083900000| Untracked 
|  58|0x0000000083a00000, 0x0000000083a00000, 0x0000000083b00000|  0%| F|  |TAMS 0x0000000083a00000, 0x0000000083a00000| Untracked 
|  59|0x0000000083b00000, 0x0000000083b00000, 0x0000000083c00000|  0%| F|  |TAMS 0x0000000083b00000, 0x0000000083b00000| Untracked 
|  60|0x0000000083c00000, 0x0000000083c00000, 0x0000000083d00000|  0%| F|  |TAMS 0x0000000083c00000, 0x0000000083c00000| Untracked 
|  61|0x0000000083d00000, 0x0000000083d00000, 0x0000000083e00000|  0%| F|  |TAMS 0x0000000083d00000, 0x0000000083d00000| Untracked 
|  62|0x0000000083e00000, 0x0000000083e00000, 0x0000000083f00000|  0%| F|  |TAMS 0x0000000083e00000, 0x0000000083e00000| Untracked 
|  63|0x0000000083f00000, 0x0000000083f00000, 0x0000000084000000|  0%| F|  |TAMS 0x0000000083f00000, 0x0000000083f00000| Untracked 
|  64|0x0000000084000000, 0x0000000084000000, 0x0000000084100000|  0%| F|  |TAMS 0x0000000084000000, 0x0000000084000000| Untracked 
|  65|0x0000000084100000, 0x0000000084100000, 0x0000000084200000|  0%| F|  |TAMS 0x0000000084100000, 0x0000000084100000| Untracked 
|  66|0x0000000084200000, 0x0000000084200000, 0x0000000084300000|  0%| F|  |TAMS 0x0000000084200000, 0x0000000084200000| Untracked 
|  67|0x0000000084300000, 0x0000000084300000, 0x0000000084400000|  0%| F|  |TAMS 0x0000000084300000, 0x0000000084300000| Untracked 
|  68|0x0000000084400000, 0x0000000084400000, 0x0000000084500000|  0%| F|  |TAMS 0x0000000084400000, 0x0000000084400000| Untracked 
|  69|0x0000000084500000, 0x0000000084500000, 0x0000000084600000|  0%| F|  |TAMS 0x0000000084500000, 0x0000000084500000| Untracked 
|  70|0x0000000084600000, 0x0000000084600000, 0x0000000084700000|  0%| F|  |TAMS 0x0000000084600000, 0x0000000084600000| Untracked 
|  71|0x0000000084700000, 0x0000000084700000, 0x0000000084800000|  0%| F|  |TAMS 0x0000000084700000, 0x0000000084700000| Untracked 
|  72|0x0000000084800000, 0x0000000084800000, 0x0000000084900000|  0%| F|  |TAMS 0x0000000084800000, 0x0000000084800000| Untracked 
|  73|0x0000000084900000, 0x0000000084900000, 0x0000000084a00000|  0%| F|  |TAMS 0x0000000084900000, 0x0000000084900000| Untracked 
|  74|0x0000000084a00000, 0x0000000084a00000, 0x0000000084b00000|  0%| F|  |TAMS 0x0000000084a00000, 0x0000000084a00000| Untracked 
|  75|0x0000000084b00000, 0x0000000084b00000, 0x0000000084c00000|  0%| F|  |TAMS 0x0000000084b00000, 0x0000000084b00000| Untracked 
|  76|0x0000000084c00000, 0x0000000084c00000, 0x0000000084d00000|  0%| F|  |TAMS 0x0000000084c00000, 0x0000000084c00000| Untracked 
|  77|0x0000000084d00000, 0x0000000084d00000, 0x0000000084e00000|  0%| F|  |TAMS 0x0000000084d00000, 0x0000000084d00000| Untracked 
|  78|0x0000000084e00000, 0x0000000084e00000, 0x0000000084f00000|  0%| F|  |TAMS 0x0000000084e00000, 0x0000000084e00000| Untracked 
|  79|0x0000000084f00000, 0x0000000084f00000, 0x0000000085000000|  0%| F|  |TAMS 0x0000000084f00000, 0x0000000084f00000| Untracked 
|  80|0x0000000085000000, 0x0000000085000000, 0x0000000085100000|  0%| F|  |TAMS 0x0000000085000000, 0x0000000085000000| Untracked 
|  81|0x0000000085100000, 0x0000000085100000, 0x0000000085200000|  0%| F|  |TAMS 0x0000000085100000, 0x0000000085100000| Untracked 
|  82|0x0000000085200000, 0x0000000085200000, 0x0000000085300000|  0%| F|  |TAMS 0x0000000085200000, 0x0000000085200000| Untracked 
|  83|0x0000000085300000, 0x00000000853bd000, 0x0000000085400000| 73%| S|CS|TAMS 0x0000000085300000, 0x0000000085300000| Complete 
|  84|0x0000000085400000, 0x0000000085500000, 0x0000000085500000|100%| S|CS|TAMS 0x0000000085400000, 0x0000000085400000| Complete 
|  85|0x0000000085500000, 0x0000000085600000, 0x0000000085600000|100%| S|CS|TAMS 0x0000000085500000, 0x0000000085500000| Complete 
|  86|0x0000000085600000, 0x0000000085700000, 0x0000000085700000|100%| S|CS|TAMS 0x0000000085600000, 0x0000000085600000| Complete 
|  87|0x0000000085700000, 0x0000000085800000, 0x0000000085800000|100%| S|CS|TAMS 0x0000000085700000, 0x0000000085700000| Complete 
|  88|0x0000000085800000, 0x0000000085900000, 0x0000000085900000|100%| S|CS|TAMS 0x0000000085800000, 0x0000000085800000| Complete 
|  89|0x0000000085900000, 0x0000000085a00000, 0x0000000085a00000|100%| S|CS|TAMS 0x0000000085900000, 0x0000000085900000| Complete 
|  90|0x0000000085a00000, 0x0000000085a00000, 0x0000000085b00000|  0%| F|  |TAMS 0x0000000085a00000, 0x0000000085a00000| Untracked 
|  91|0x0000000085b00000, 0x0000000085b00000, 0x0000000085c00000|  0%| F|  |TAMS 0x0000000085b00000, 0x0000000085b00000| Untracked 
|  92|0x0000000085c00000, 0x0000000085c00000, 0x0000000085d00000|  0%| F|  |TAMS 0x0000000085c00000, 0x0000000085c00000| Untracked 
|  93|0x0000000085d00000, 0x0000000085d00000, 0x0000000085e00000|  0%| F|  |TAMS 0x0000000085d00000, 0x0000000085d00000| Untracked 
|  94|0x0000000085e00000, 0x0000000085e00000, 0x0000000085f00000|  0%| F|  |TAMS 0x0000000085e00000, 0x0000000085e00000| Untracked 
|  95|0x0000000085f00000, 0x0000000085f00000, 0x0000000086000000|  0%| F|  |TAMS 0x0000000085f00000, 0x0000000085f00000| Untracked 
|  96|0x0000000086000000, 0x0000000086000000, 0x0000000086100000|  0%| F|  |TAMS 0x0000000086000000, 0x0000000086000000| Untracked 
|  97|0x0000000086100000, 0x0000000086100000, 0x0000000086200000|  0%| F|  |TAMS 0x0000000086100000, 0x0000000086100000| Untracked 
|  98|0x0000000086200000, 0x0000000086200000, 0x0000000086300000|  0%| F|  |TAMS 0x0000000086200000, 0x0000000086200000| Untracked 
|  99|0x0000000086300000, 0x0000000086300000, 0x0000000086400000|  0%| F|  |TAMS 0x0000000086300000, 0x0000000086300000| Untracked 
| 100|0x0000000086400000, 0x0000000086400000, 0x0000000086500000|  0%| F|  |TAMS 0x0000000086400000, 0x0000000086400000| Untracked 
| 101|0x0000000086500000, 0x0000000086500000, 0x0000000086600000|  0%| F|  |TAMS 0x0000000086500000, 0x0000000086500000| Untracked 
| 102|0x0000000086600000, 0x0000000086600000, 0x0000000086700000|  0%| F|  |TAMS 0x0000000086600000, 0x0000000086600000| Untracked 
| 103|0x0000000086700000, 0x0000000086700000, 0x0000000086800000|  0%| F|  |TAMS 0x0000000086700000, 0x0000000086700000| Untracked 
| 104|0x0000000086800000, 0x0000000086800000, 0x0000000086900000|  0%| F|  |TAMS 0x0000000086800000, 0x0000000086800000| Untracked 
| 105|0x0000000086900000, 0x0000000086900000, 0x0000000086a00000|  0%| F|  |TAMS 0x0000000086900000, 0x0000000086900000| Untracked 
| 106|0x0000000086a00000, 0x0000000086a00000, 0x0000000086b00000|  0%| F|  |TAMS 0x0000000086a00000, 0x0000000086a00000| Untracked 
| 107|0x0000000086b00000, 0x0000000086b00000, 0x0000000086c00000|  0%| F|  |TAMS 0x0000000086b00000, 0x0000000086b00000| Untracked 
| 108|0x0000000086c00000, 0x0000000086c00000, 0x0000000086d00000|  0%| F|  |TAMS 0x0000000086c00000, 0x0000000086c00000| Untracked 
| 109|0x0000000086d00000, 0x0000000086d00000, 0x0000000086e00000|  0%| F|  |TAMS 0x0000000086d00000, 0x0000000086d00000| Untracked 
| 110|0x0000000086e00000, 0x0000000086e00000, 0x0000000086f00000|  0%| F|  |TAMS 0x0000000086e00000, 0x0000000086e00000| Untracked 
| 111|0x0000000086f00000, 0x0000000086f00000, 0x0000000087000000|  0%| F|  |TAMS 0x0000000086f00000, 0x0000000086f00000| Untracked 
| 112|0x0000000087000000, 0x0000000087000000, 0x0000000087100000|  0%| F|  |TAMS 0x0000000087000000, 0x0000000087000000| Untracked 
| 113|0x0000000087100000, 0x0000000087100000, 0x0000000087200000|  0%| F|  |TAMS 0x0000000087100000, 0x0000000087100000| Untracked 
| 114|0x0000000087200000, 0x0000000087200000, 0x0000000087300000|  0%| F|  |TAMS 0x0000000087200000, 0x0000000087200000| Untracked 
| 115|0x0000000087300000, 0x0000000087300000, 0x0000000087400000|  0%| F|  |TAMS 0x0000000087300000, 0x0000000087300000| Untracked 
| 116|0x0000000087400000, 0x0000000087400000, 0x0000000087500000|  0%| F|  |TAMS 0x0000000087400000, 0x0000000087400000| Untracked 
| 117|0x0000000087500000, 0x0000000087500000, 0x0000000087600000|  0%| F|  |TAMS 0x0000000087500000, 0x0000000087500000| Untracked 
| 118|0x0000000087600000, 0x0000000087600000, 0x0000000087700000|  0%| F|  |TAMS 0x0000000087600000, 0x0000000087600000| Untracked 
| 119|0x0000000087700000, 0x0000000087700000, 0x0000000087800000|  0%| F|  |TAMS 0x0000000087700000, 0x0000000087700000| Untracked 
| 120|0x0000000087800000, 0x0000000087800000, 0x0000000087900000|  0%| F|  |TAMS 0x0000000087800000, 0x0000000087800000| Untracked 
| 121|0x0000000087900000, 0x0000000087900000, 0x0000000087a00000|  0%| F|  |TAMS 0x0000000087900000, 0x0000000087900000| Untracked 
| 122|0x0000000087a00000, 0x0000000087a00000, 0x0000000087b00000|  0%| F|  |TAMS 0x0000000087a00000, 0x0000000087a00000| Untracked 
| 123|0x0000000087b00000, 0x0000000087b00000, 0x0000000087c00000|  0%| F|  |TAMS 0x0000000087b00000, 0x0000000087b00000| Untracked 
| 124|0x0000000087c00000, 0x0000000087c00000, 0x0000000087d00000|  0%| F|  |TAMS 0x0000000087c00000, 0x0000000087c00000| Untracked 
| 125|0x0000000087d00000, 0x0000000087d00000, 0x0000000087e00000|  0%| F|  |TAMS 0x0000000087d00000, 0x0000000087d00000| Untracked 
| 126|0x0000000087e00000, 0x0000000087e00000, 0x0000000087f00000|  0%| F|  |TAMS 0x0000000087e00000, 0x0000000087e00000| Untracked 
| 127|0x0000000087f00000, 0x0000000087f00000, 0x0000000088000000|  0%| F|  |TAMS 0x0000000087f00000, 0x0000000087f00000| Untracked 
| 128|0x0000000088000000, 0x0000000088000000, 0x0000000088100000|  0%| F|  |TAMS 0x0000000088000000, 0x0000000088000000| Untracked 
| 129|0x0000000088100000, 0x0000000088100000, 0x0000000088200000|  0%| F|  |TAMS 0x0000000088100000, 0x0000000088100000| Untracked 
| 130|0x0000000088200000, 0x0000000088200000, 0x0000000088300000|  0%| F|  |TAMS 0x0000000088200000, 0x0000000088200000| Untracked 
| 131|0x0000000088300000, 0x0000000088300000, 0x0000000088400000|  0%| F|  |TAMS 0x0000000088300000, 0x0000000088300000| Untracked 
| 132|0x0000000088400000, 0x0000000088400000, 0x0000000088500000|  0%| F|  |TAMS 0x0000000088400000, 0x0000000088400000| Untracked 
| 133|0x0000000088500000, 0x0000000088500000, 0x0000000088600000|  0%| F|  |TAMS 0x0000000088500000, 0x0000000088500000| Untracked 
| 134|0x0000000088600000, 0x0000000088600000, 0x0000000088700000|  0%| F|  |TAMS 0x0000000088600000, 0x0000000088600000| Untracked 
| 135|0x0000000088700000, 0x0000000088700000, 0x0000000088800000|  0%| F|  |TAMS 0x0000000088700000, 0x0000000088700000| Untracked 
| 136|0x0000000088800000, 0x0000000088800000, 0x0000000088900000|  0%| F|  |TAMS 0x0000000088800000, 0x0000000088800000| Untracked 
| 137|0x0000000088900000, 0x0000000088900000, 0x0000000088a00000|  0%| F|  |TAMS 0x0000000088900000, 0x0000000088900000| Untracked 
| 138|0x0000000088a00000, 0x0000000088a00000, 0x0000000088b00000|  0%| F|  |TAMS 0x0000000088a00000, 0x0000000088a00000| Untracked 
| 139|0x0000000088b00000, 0x0000000088b00000, 0x0000000088c00000|  0%| F|  |TAMS 0x0000000088b00000, 0x0000000088b00000| Untracked 
| 140|0x0000000088c00000, 0x0000000088c00000, 0x0000000088d00000|  0%| F|  |TAMS 0x0000000088c00000, 0x0000000088c00000| Untracked 
| 141|0x0000000088d00000, 0x0000000088d00000, 0x0000000088e00000|  0%| F|  |TAMS 0x0000000088d00000, 0x0000000088d00000| Untracked 
| 142|0x0000000088e00000, 0x0000000088e00000, 0x0000000088f00000|  0%| F|  |TAMS 0x0000000088e00000, 0x0000000088e00000| Untracked 
| 143|0x0000000088f00000, 0x0000000088f00000, 0x0000000089000000|  0%| F|  |TAMS 0x0000000088f00000, 0x0000000088f00000| Untracked 
| 144|0x0000000089000000, 0x0000000089000000, 0x0000000089100000|  0%| F|  |TAMS 0x0000000089000000, 0x0000000089000000| Untracked 
| 145|0x0000000089100000, 0x0000000089100000, 0x0000000089200000|  0%| F|  |TAMS 0x0000000089100000, 0x0000000089100000| Untracked 
| 146|0x0000000089200000, 0x0000000089200000, 0x0000000089300000|  0%| F|  |TAMS 0x0000000089200000, 0x0000000089200000| Untracked 
| 147|0x0000000089300000, 0x0000000089300000, 0x0000000089400000|  0%| F|  |TAMS 0x0000000089300000, 0x0000000089300000| Untracked 
| 148|0x0000000089400000, 0x0000000089400000, 0x0000000089500000|  0%| F|  |TAMS 0x0000000089400000, 0x0000000089400000| Untracked 
| 149|0x0000000089500000, 0x0000000089500000, 0x0000000089600000|  0%| F|  |TAMS 0x0000000089500000, 0x0000000089500000| Untracked 
| 150|0x0000000089600000, 0x0000000089600000, 0x0000000089700000|  0%| F|  |TAMS 0x0000000089600000, 0x0000000089600000| Untracked 
| 151|0x0000000089700000, 0x0000000089700000, 0x0000000089800000|  0%| F|  |TAMS 0x0000000089700000, 0x0000000089700000| Untracked 
| 152|0x0000000089800000, 0x0000000089800000, 0x0000000089900000|  0%| F|  |TAMS 0x0000000089800000, 0x0000000089800000| Untracked 
| 153|0x0000000089900000, 0x0000000089900000, 0x0000000089a00000|  0%| F|  |TAMS 0x0000000089900000, 0x0000000089900000| Untracked 

Card table byte_map: [0x000001f899260000,0x000001f899660000] _byte_map_base: 0x000001f898e60000

Marking Bits (Prev, Next): (CMBitMap*) 0x000001f886064fc0, (CMBitMap*) 0x000001f886064f88
 Prev Bits: [0x000001f89ba60000, 0x000001f89da60000)
 Next Bits: [0x000001f899a60000, 0x000001f89ba60000)

Polling page: 0x000001f883ee0000

Metaspace:

Usage:
  Non-class:     55.88 MB capacity,    54.94 MB ( 98%) used,   804.20 KB (  1%) free+waste,   164.88 KB ( <1%) overhead. 
      Class:      8.56 MB capacity,     8.02 MB ( 94%) used,   479.79 KB (  5%) free+waste,    77.50 KB ( <1%) overhead. 
       Both:     64.45 MB capacity,    62.96 MB ( 98%) used,     1.25 MB (  2%) free+waste,   242.38 KB ( <1%) overhead. 

Virtual space:
  Non-class space:       56.00 MB reserved,      55.93 MB (>99%) committed 
      Class space:        1.00 GB reserved,       8.58 MB ( <1%) committed 
             Both:        1.05 GB reserved,      64.51 MB (  6%) committed 

Chunk freelists:
   Non-Class:  46.00 KB
       Class:  0 bytes
        Both:  46.00 KB

MaxMetaspaceSize: 17179869184.00 GB
CompressedClassSpaceSize: 1.00 GB
Initial GC threshold: 20.80 MB
Current GC threshold: 98.97 MB
CDS: off

CodeHeap 'non-profiled nmethods': size=120000Kb used=3452Kb max_used=3452Kb free=116547Kb
 bounds [0x000001f891600000, 0x000001f891960000, 0x000001f898b30000]
CodeHeap 'profiled nmethods': size=120000Kb used=13241Kb max_used=13241Kb free=106758Kb
 bounds [0x000001f88a0d0000, 0x000001f88adc0000, 0x000001f891600000]
CodeHeap 'non-nmethods': size=5760Kb used=2356Kb max_used=2378Kb free=3403Kb
 bounds [0x000001f889b30000, 0x000001f889da0000, 0x000001f88a0d0000]
 total_blobs=7084 nmethods=6231 adapters=763
 compilation: enabled
              stopped_count=0, restarted_count=0
 full_count=0

Compilation events (20 events):
Event: 13.377 Thread 0x000001f8a0e32800 6273       3       org.gradle.api.Namer$Comparator::compare (24 bytes)
Event: 13.377 Thread 0x000001f8a0e32800 nmethod 6273 0x000001f88adbc890 code [0x000001f88adbca60, 0x000001f88adbcd48]
Event: 13.377 Thread 0x000001f8a0e32800 6271       3       org.gradle.api.internal.DefaultDomainObjectCollection$1::<init> (15 bytes)
Event: 13.377 Thread 0x000001f8a0e32800 nmethod 6271 0x000001f88adbce90 code [0x000001f88adbd040, 0x000001f88adbd258]
Event: 13.377 Thread 0x000001f8a0e32800 6272       3       org.gradle.api.internal.DefaultDomainObjectCollection::<init> (16 bytes)
Event: 13.377 Thread 0x000001f8a0e32800 nmethod 6272 0x000001f88adbd310 code [0x000001f88adbd520, 0x000001f88adbda88]
Event: 13.377 Thread 0x000001f8a0e32800 6275       1       org.gradle.api.internal.DefaultCollectionCallbackActionDecorator::access$100 (5 bytes)
Event: 13.377 Thread 0x000001f8a0e32800 nmethod 6275 0x000001f89195d490 code [0x000001f89195d640, 0x000001f89195d6d8]
Event: 13.377 Thread 0x000001f8a0e32800 6276       1       org.gradle.api.internal.DefaultCollectionCallbackActionDecorator$BuildOperationEmittingAction::access$000 (5 bytes)
Event: 13.377 Thread 0x000001f8a0e32800 nmethod 6276 0x000001f89195d790 code [0x000001f89195d940, 0x000001f89195d9d8]
Event: 13.377 Thread 0x000001f8a0e32800 6274       1       org.gradle.api.internal.project.DefaultProjectStateRegistry$ProjectStateImpl::getProjectPath (5 bytes)
Event: 13.377 Thread 0x000001f8a0e32800 nmethod 6274 0x000001f89195da90 code [0x000001f89195dc40, 0x000001f89195dcf8]
Event: 13.377 Thread 0x000001f8a0e32800 6277       1       org.gradle.api.internal.collections.DefaultCollectionEventRegister::getDecorator (5 bytes)
Event: 13.377 Thread 0x000001f8a0e32800 nmethod 6277 0x000001f89195dd90 code [0x000001f89195df40, 0x000001f89195dff8]
Event: 13.378 Thread 0x000001f8a0e32800 6278       1       org.gradle.api.internal.project.DefaultProjectStateRegistry$ProjectStateImpl::getIdentityPath (5 bytes)
Event: 13.378 Thread 0x000001f8a0e32800 nmethod 6278 0x000001f89195e090 code [0x000001f89195e240, 0x000001f89195e2f8]
Event: 13.378 Thread 0x000001f8a0e32800 6279       3       org.gradle.internal.operations.DefaultBuildOperationListenerManager$1::finished (48 bytes)
Event: 13.378 Thread 0x000001f8a0e32800 nmethod 6279 0x000001f88adbdc90 code [0x000001f88adbde80, 0x000001f88adbe3a8]
Event: 13.388 Thread 0x000001f8a1c1c000 nmethod 6262 0x000001f89195e390 code [0x000001f89195e560, 0x000001f89195ee98]
Event: 13.388 Thread 0x000001f8a1c1c000 6245       4       org.objectweb.asm.ByteVector::putByteArray (49 bytes)

GC Heap History (20 events):
Event: 1.293 GC heap after
{Heap after GC invocations=1 (full 0):
 garbage-first heap   total 131072K, used 9130K [0x0000000080000000, 0x0000000100000000)
  region size 1024K, 3 young (3072K), 3 survivors (3072K)
 Metaspace       used 9872K, capacity 10114K, committed 10368K, reserved 1058816K
  class space    used 1027K, capacity 1102K, committed 1152K, reserved 1048576K
}
Event: 1.864 GC heap before
{Heap before GC invocations=1 (full 0):
 garbage-first heap   total 131072K, used 30634K [0x0000000080000000, 0x0000000100000000)
  region size 1024K, 24 young (24576K), 3 survivors (3072K)
 Metaspace       used 10804K, capacity 11005K, committed 11264K, reserved 1058816K
  class space    used 1129K, capacity 1207K, committed 1280K, reserved 1048576K
}
Event: 1.870 GC heap after
{Heap after GC invocations=2 (full 0):
 garbage-first heap   total 131072K, used 10245K [0x0000000080000000, 0x0000000100000000)
  region size 1024K, 1 young (1024K), 1 survivors (1024K)
 Metaspace       used 10804K, capacity 11005K, committed 11264K, reserved 1058816K
  class space    used 1129K, capacity 1207K, committed 1280K, reserved 1048576K
}
Event: 4.316 GC heap before
{Heap before GC invocations=2 (full 0):
 garbage-first heap   total 131072K, used 63493K [0x0000000080000000, 0x0000000100000000)
  region size 1024K, 52 young (53248K), 1 survivors (1024K)
 Metaspace       used 17569K, capacity 17967K, committed 18176K, reserved 1064960K
  class space    used 2077K, capacity 2209K, committed 2304K, reserved 1048576K
}
Event: 4.343 GC heap after
{Heap after GC invocations=3 (full 0):
 garbage-first heap   total 131072K, used 16612K [0x0000000080000000, 0x0000000100000000)
  region size 1024K, 7 young (7168K), 7 survivors (7168K)
 Metaspace       used 17569K, capacity 17967K, committed 18176K, reserved 1064960K
  class space    used 2077K, capacity 2209K, committed 2304K, reserved 1048576K
}
Event: 4.815 GC heap before
{Heap before GC invocations=3 (full 0):
 garbage-first heap   total 131072K, used 46308K [0x0000000080000000, 0x0000000100000000)
  region size 1024K, 37 young (37888K), 7 survivors (7168K)
 Metaspace       used 20772K, capacity 21149K, committed 21296K, reserved 1069056K
  class space    used 2562K, capacity 2716K, committed 2816K, reserved 1048576K
}
Event: 4.830 GC heap after
{Heap after GC invocations=4 (full 0):
 garbage-first heap   total 131072K, used 17717K [0x0000000080000000, 0x0000000100000000)
  region size 1024K, 2 young (2048K), 2 survivors (2048K)
 Metaspace       used 20772K, capacity 21149K, committed 21296K, reserved 1069056K
  class space    used 2562K, capacity 2716K, committed 2816K, reserved 1048576K
}
Event: 5.841 GC heap before
{Heap before GC invocations=5 (full 0):
 garbage-first heap   total 131072K, used 70965K [0x0000000080000000, 0x0000000100000000)
  region size 1024K, 54 young (55296K), 2 survivors (2048K)
 Metaspace       used 26545K, capacity 27165K, committed 27264K, reserved 1073152K
  class space    used 3464K, capacity 3668K, committed 3712K, reserved 1048576K
}
Event: 5.848 GC heap after
{Heap after GC invocations=6 (full 0):
 garbage-first heap   total 131072K, used 19506K [0x0000000080000000, 0x0000000100000000)
  region size 1024K, 3 young (3072K), 3 survivors (3072K)
 Metaspace       used 26545K, capacity 27165K, committed 27264K, reserved 1073152K
  class space    used 3464K, capacity 3668K, committed 3712K, reserved 1048576K
}
Event: 7.166 GC heap before
{Heap before GC invocations=6 (full 0):
 garbage-first heap   total 131072K, used 77874K [0x0000000080000000, 0x0000000100000000)
  region size 1024K, 61 young (62464K), 3 survivors (3072K)
 Metaspace       used 35004K, capacity 35835K, committed 35920K, reserved 1081344K
  class space    used 4557K, capacity 4879K, committed 4944K, reserved 1048576K
}
Event: 7.182 GC heap after
{Heap after GC invocations=7 (full 0):
 garbage-first heap   total 131072K, used 22905K [0x0000000080000000, 0x0000000100000000)
  region size 1024K, 7 young (7168K), 7 survivors (7168K)
 Metaspace       used 35004K, capacity 35835K, committed 35920K, reserved 1081344K
  class space    used 4557K, capacity 4879K, committed 4944K, reserved 1048576K
}
Event: 8.274 GC heap before
{Heap before GC invocations=8 (full 0):
 garbage-first heap   total 131072K, used 86393K [0x0000000080000000, 0x0000000100000000)
  region size 1024K, 67 young (68608K), 7 survivors (7168K)
 Metaspace       used 39790K, capacity 40710K, committed 40784K, reserved 1085440K
  class space    used 5106K, capacity 5433K, committed 5456K, reserved 1048576K
}
Event: 8.289 GC heap after
{Heap after GC invocations=9 (full 0):
 garbage-first heap   total 157696K, used 28094K [0x0000000080000000, 0x0000000100000000)
  region size 1024K, 9 young (9216K), 9 survivors (9216K)
 Metaspace       used 39790K, capacity 40710K, committed 40784K, reserved 1085440K
  class space    used 5106K, capacity 5433K, committed 5456K, reserved 1048576K
}
Event: 9.790 GC heap before
{Heap before GC invocations=9 (full 0):
 garbage-first heap   total 157696K, used 107966K [0x0000000080000000, 0x0000000100000000)
  region size 1024K, 87 young (89088K), 9 survivors (9216K)
 Metaspace       used 46656K, capacity 47830K, committed 47952K, reserved 1091584K
  class space    used 6018K, capacity 6412K, committed 6480K, reserved 1048576K
}
Event: 9.804 GC heap after
{Heap after GC invocations=10 (full 0):
 garbage-first heap   total 157696K, used 31043K [0x0000000080000000, 0x0000000100000000)
  region size 1024K, 9 young (9216K), 9 survivors (9216K)
 Metaspace       used 46656K, capacity 47830K, committed 47952K, reserved 1091584K
  class space    used 6018K, capacity 6412K, committed 6480K, reserved 1048576K
}
Event: 11.546 GC heap before
{Heap before GC invocations=10 (full 0):
 garbage-first heap   total 157696K, used 118083K [0x0000000080000000, 0x0000000100000000)
  region size 1024K, 90 young (92160K), 9 survivors (9216K)
 Metaspace       used 51001K, capacity 52377K, committed 52688K, reserved 1095680K
  class space    used 6514K, capacity 6995K, committed 7120K, reserved 1048576K
}
Event: 11.564 GC heap after
{Heap after GC invocations=11 (full 0):
 garbage-first heap   total 157696K, used 44817K [0x0000000080000000, 0x0000000100000000)
  region size 1024K, 12 young (12288K), 12 survivors (12288K)
 Metaspace       used 51001K, capacity 52377K, committed 52688K, reserved 1095680K
  class space    used 6514K, capacity 6995K, committed 7120K, reserved 1048576K
}
Event: 12.541 GC heap before
{Heap before GC invocations=11 (full 0):
 garbage-first heap   total 157696K, used 94993K [0x0000000080000000, 0x0000000100000000)
  region size 1024K, 62 young (63488K), 12 survivors (12288K)
 Metaspace       used 58640K, capacity 60107K, committed 60296K, reserved 1101824K
  class space    used 7474K, capacity 8009K, committed 8144K, reserved 1048576K
}
Event: 12.561 GC heap after
{Heap after GC invocations=12 (full 0):
 garbage-first heap   total 157696K, used 47509K [0x0000000080000000, 0x0000000100000000)
  region size 1024K, 3 young (3072K), 3 survivors (3072K)
 Metaspace       used 58640K, capacity 60107K, committed 60296K, reserved 1101824K
  class space    used 7474K, capacity 8009K, committed 8144K, reserved 1048576K
}
Event: 13.390 GC heap before
{Heap before GC invocations=13 (full 0):
 garbage-first heap   total 157696K, used 108949K [0x0000000080000000, 0x0000000100000000)
  region size 1024K, 64 young (65536K), 3 survivors (3072K)
 Metaspace       used 64469K, capacity 65996K, committed 66056K, reserved 1105920K
  class space    used 8212K, capacity 8770K, committed 8784K, reserved 1048576K
}

Deoptimization events (20 events):
Event: 12.819 Thread 0x000001f8a0f88000 Uncommon trap: trap_request=0xffffff4d fr.pc=0x000001f8918d91bc relative=0x000000000000009c
Event: 12.819 Thread 0x000001f8a0f88000 Uncommon trap: reason=unstable_if action=reinterpret pc=0x000001f8918d91bc method=java.security.CodeSource.matchCerts(Ljava/security/CodeSource;Z)Z @ 11 c2
Event: 12.819 Thread 0x000001f8a0f88000 DEOPT PACKING pc=0x000001f8918d91bc sp=0x0000008907af1040
Event: 12.819 Thread 0x000001f8a0f88000 DEOPT UNPACKING pc=0x000001f889b7a1af sp=0x0000008907af0fd8 mode 2
Event: 13.320 Thread 0x000001f8a0f88000 Uncommon trap: trap_request=0xffffff4d fr.pc=0x000001f8918b941c relative=0x000000000000033c
Event: 13.320 Thread 0x000001f8a0f88000 Uncommon trap: reason=unstable_if action=reinterpret pc=0x000001f8918b941c method=org.gradle.internal.reflect.PropertyAccessorType.of(Ljava/lang/reflect/Method;)Lorg/gradle/internal/reflect/PropertyAccessorType; @ 56 c2
Event: 13.320 Thread 0x000001f8a0f88000 DEOPT PACKING pc=0x000001f8918b941c sp=0x0000008907af77c0
Event: 13.320 Thread 0x000001f8a0f88000 DEOPT UNPACKING pc=0x000001f889b7a1af sp=0x0000008907af7780 mode 2
Event: 13.361 Thread 0x000001f8a0f88000 Uncommon trap: trap_request=0xffffff4d fr.pc=0x000001f891954ae0 relative=0x0000000000000b00
Event: 13.361 Thread 0x000001f8a0f88000 Uncommon trap: reason=unstable_if action=reinterpret pc=0x000001f891954ae0 method=org.objectweb.asm.Label.resolve([BI)Z @ 80 c2
Event: 13.361 Thread 0x000001f8a0f88000 DEOPT PACKING pc=0x000001f891954ae0 sp=0x0000008907af6140
Event: 13.361 Thread 0x000001f8a0f88000 DEOPT UNPACKING pc=0x000001f889b7a1af sp=0x0000008907af6060 mode 2
Event: 13.361 Thread 0x000001f8a0f88000 Uncommon trap: trap_request=0xffffff4d fr.pc=0x000001f8918ef0a4 relative=0x0000000000000204
Event: 13.361 Thread 0x000001f8a0f88000 Uncommon trap: reason=unstable_if action=reinterpret pc=0x000001f8918ef0a4 method=org.objectweb.asm.Label.resolve([BI)Z @ 80 c2
Event: 13.361 Thread 0x000001f8a0f88000 DEOPT PACKING pc=0x000001f8918ef0a4 sp=0x0000008907af60d0
Event: 13.361 Thread 0x000001f8a0f88000 DEOPT UNPACKING pc=0x000001f889b7a1af sp=0x0000008907af6050 mode 2
Event: 13.371 Thread 0x000001f8a0f88000 Uncommon trap: trap_request=0xffffff4d fr.pc=0x000001f8918dd02c relative=0x0000000000000bac
Event: 13.371 Thread 0x000001f8a0f88000 Uncommon trap: reason=unstable_if action=reinterpret pc=0x000001f8918dd02c method=java.util.concurrent.ConcurrentHashMap.addCount(JI)V @ 110 c2
Event: 13.371 Thread 0x000001f8a0f88000 DEOPT PACKING pc=0x000001f8918dd02c sp=0x0000008907af70a0
Event: 13.371 Thread 0x000001f8a0f88000 DEOPT UNPACKING pc=0x000001f889b7a1af sp=0x0000008907af6f78 mode 2

Classes redefined (0 events):
No events

Internal exceptions (20 events):
Event: 11.507 Thread 0x000001f8a0f88000 Exception <a 'java/lang/NoSuchMethodError'{0x0000000084117390}: 'java.lang.Object java.lang.invoke.DirectMethodHandle$Holder.invokeStatic(java.lang.Object, java.lang.Object, java.lang.Object, java.lang.Object, int)'> (0x0000000084117390) thrown at [./src/hotspot/share/interpreter/linkResolver.cpp, line 773]
Event: 11.507 Thread 0x000001f8a0f88000 Exception <a 'java/lang/NoSuchMethodError'{0x000000008411bd88}: 'java.lang.Object java.lang.invoke.DirectMethodHandle$Holder.invokeSpecial(java.lang.Object, java.lang.Object, java.lang.Object, java.lang.Object, java.lang.Object, int)'> (0x000000008411bd88) thrown at [./src/hotspot/share/interpreter/linkResolver.cpp, line 773]
Event: 11.508 Thread 0x000001f8a0f88000 Exception <a 'java/lang/NoSuchMethodError'{0x00000000841203c8}: 'java.lang.Object java.lang.invoke.Invokers$Holder.linkToTargetMethod(java.lang.Object, java.lang.Object, java.lang.Object, int, java.lang.Object)'> (0x00000000841203c8) thrown at [./src/hotspot/share/interpreter/linkResolver.cpp, line 773]
Event: 11.868 Thread 0x000001f8a0f88000 Exception <a 'java/lang/NoSuchMethodError'{0x0000000088d5c380}: 'java.lang.Object java.lang.invoke.DirectMethodHandle$Holder.invokeSpecial(java.lang.Object, java.lang.Object, int, int, java.lang.Object, java.lang.Object, java.lang.Object)'> (0x0000000088d5c380) thrown at [./src/hotspot/share/interpreter/linkResolver.cpp, line 773]
Event: 11.868 Thread 0x000001f8a0f88000 Exception <a 'java/lang/NoSuchMethodError'{0x0000000088d60900}: 'java.lang.Object java.lang.invoke.DelegatingMethodHandle$Holder.reinvoke_L(java.lang.Object, int, int, java.lang.Object, java.lang.Object, java.lang.Object)'> (0x0000000088d60900) thrown at [./src/hotspot/share/interpreter/linkResolver.cpp, line 773]
Event: 12.123 Thread 0x000001f8a0f88000 Exception <a 'java/lang/NoSuchMethodError'{0x000000008804a718}: 'int java.lang.invoke.DirectMethodHandle$Holder.invokeInterface(java.lang.Object, java.lang.Object, java.lang.Object, java.lang.Object)'> (0x000000008804a718) thrown at [./src/hotspot/share/interpreter/linkResolver.cpp, line 773]
Event: 12.404 Thread 0x000001f8a0f88000 Exception <a 'java/lang/NoSuchMethodError'{0x00000000871ebff8}: 'void java.lang.invoke.DirectMethodHandle$Holder.invokeInterface(java.lang.Object, java.lang.Object, java.lang.Object, java.lang.Object)'> (0x00000000871ebff8) thrown at [./src/hotspot/share/interpreter/linkResolver.cpp, line 773]
Event: 12.521 Thread 0x000001f8a0f88000 Exception <a 'java/lang/IncompatibleClassChangeError'{0x00000000868715f8}: Found class java.lang.Object, but interface was expected> (0x00000000868715f8) thrown at [./src/hotspot/share/interpreter/linkResolver.cpp, line 839]
Event: 12.614 Thread 0x000001f8a0f88000 Implicit null exception at 0x000001f8918ca2d2 to 0x000001f8918cac68
Event: 12.691 Thread 0x000001f8a0f88000 Implicit null exception at 0x000001f89178688b to 0x000001f891786964
Event: 12.736 Thread 0x000001f8a0f88000 Implicit null exception at 0x000001f89177c52c to 0x000001f89177c6da
Event: 12.856 Thread 0x000001f8a0f88000 Exception <a 'sun/nio/fs/WindowsException'{0x00000000884c3d90}> (0x00000000884c3d90) thrown at [./src/hotspot/share/prims/jni.cpp, line 615]
Event: 13.229 Thread 0x000001f8a0f88000 Exception <a 'java/lang/ClassNotFoundException'{0x0000000086b1ebd8}: org/gradle/api/plugins/internal/DefaultBasePluginConventionBeanInfo> (0x0000000086b1ebd8) thrown at [./src/hotspot/share/classfile/systemDictionary.cpp, line 231]
Event: 13.231 Thread 0x000001f8a0f88000 Exception <a 'java/lang/ClassNotFoundException'{0x0000000086b5a3b8}: org/gradle/api/plugins/BasePluginConventionBeanInfo> (0x0000000086b5a3b8) thrown at [./src/hotspot/share/classfile/systemDictionary.cpp, line 231]
Event: 13.232 Thread 0x000001f8a0f88000 Exception <a 'java/lang/ClassNotFoundException'{0x0000000086b95fd0}: org/gradle/api/plugins/BasePluginConventionCustomizer> (0x0000000086b95fd0) thrown at [./src/hotspot/share/classfile/systemDictionary.cpp, line 231]
Event: 13.235 Thread 0x000001f8a0f88000 Exception <a 'java/lang/ClassNotFoundException'{0x0000000086be2e98}: org/gradle/api/plugins/internal/DefaultBasePluginConventionCustomizer> (0x0000000086be2e98) thrown at [./src/hotspot/share/classfile/systemDictionary.cpp, line 231]
Event: 13.238 Thread 0x000001f8a0f88000 Exception <a 'java/lang/ClassNotFoundException'{0x0000000086a62cf8}: org/gradle/api/plugins/internal/DefaultJavaPluginConventionBeanInfo> (0x0000000086a62cf8) thrown at [./src/hotspot/share/classfile/systemDictionary.cpp, line 231]
Event: 13.240 Thread 0x000001f8a0f88000 Exception <a 'java/lang/ClassNotFoundException'{0x0000000086a9e758}: org/gradle/api/plugins/JavaPluginConventionBeanInfo> (0x0000000086a9e758) thrown at [./src/hotspot/share/classfile/systemDictionary.cpp, line 231]
Event: 13.241 Thread 0x000001f8a0f88000 Exception <a 'java/lang/ClassNotFoundException'{0x0000000086ada130}: org/gradle/api/plugins/JavaPluginConventionCustomizer> (0x0000000086ada130) thrown at [./src/hotspot/share/classfile/systemDictionary.cpp, line 231]
Event: 13.242 Thread 0x000001f8a0f88000 Exception <a 'java/lang/ClassNotFoundException'{0x0000000086931130}: org/gradle/api/plugins/internal/DefaultJavaPluginConventionCustomizer> (0x0000000086931130) thrown at [./src/hotspot/share/classfile/systemDictionary.cpp, line 231]

Events (20 events):
Event: 13.384 loading class com/android/tools/build/jetifier/processor/Processor done
Event: 13.385 loading class com/android/tools/build/jetifier/processor/archive/ArchiveItemVisitor
Event: 13.385 loading class com/android/tools/build/jetifier/processor/archive/ArchiveItemVisitor done
Event: 13.386 loading class com/android/tools/build/jetifier/processor/Processor$Companion
Event: 13.386 loading class com/android/tools/build/jetifier/processor/Processor$Companion done
Event: 13.387 loading class com/android/tools/build/jetifier/core/config/ConfigParser
Event: 13.387 loading class com/android/tools/build/jetifier/core/config/ConfigParser done
Event: 13.388 loading class com/android/tools/build/jetifier/core/utils/Log
Event: 13.388 loading class com/android/tools/build/jetifier/core/utils/Log done
Event: 13.388 loading class com/android/tools/build/jetifier/core/utils/LogLevel
Event: 13.388 loading class com/android/tools/build/jetifier/core/utils/LogLevel done
Event: 13.388 loading class com/android/tools/build/jetifier/core/utils/StdOutLogConsumer
Event: 13.388 loading class com/android/tools/build/jetifier/core/utils/StdOutLogConsumer done
Event: 13.389 loading class com/android/tools/build/jetifier/core/utils/LogConsumer
Event: 13.389 loading class com/android/tools/build/jetifier/core/utils/LogConsumer done
Event: 13.390 loading class kotlin/text/Charsets
Event: 13.390 loading class kotlin/text/Charsets done
Event: 13.390 loading class kotlin/text/Charsets
Event: 13.390 loading class kotlin/text/Charsets done
Event: 13.390 Executing VM operation: G1CollectForAllocation


Dynamic libraries:
0x00007ff66bff0000 - 0x00007ff66bffa000 	C:\Program Files\Android\Android Studio\jre\bin\java.exe
0x00007ffd6e470000 - 0x00007ffd6e668000 	C:\WINDOWS\SYSTEM32\ntdll.dll
0x00007ffd24c80000 - 0x00007ffd24c97000 	C:\Program Files\AVG\Antivirus\aswhook.dll
0x00007ffd6c670000 - 0x00007ffd6c72d000 	C:\WINDOWS\System32\KERNEL32.DLL
0x00007ffd6bdd0000 - 0x00007ffd6c09e000 	C:\WINDOWS\System32\KERNELBASE.dll
0x00007ffd6c1e0000 - 0x00007ffd6c2e0000 	C:\WINDOWS\System32\ucrtbase.dll
0x00007ffd4fa20000 - 0x00007ffd4fa39000 	C:\Program Files\Android\Android Studio\jre\bin\jli.dll
0x00007ffd35e70000 - 0x00007ffd35e87000 	C:\Program Files\Android\Android Studio\jre\bin\VCRUNTIME140.dll
0x00007ffd6c4d0000 - 0x00007ffd6c670000 	C:\WINDOWS\System32\USER32.dll
0x00007ffd50b50000 - 0x00007ffd50dea000 	C:\WINDOWS\WinSxS\amd64_microsoft.windows.common-controls_6595b64144ccf1df_6.0.19041.1110_none_60b5254171f9507e\COMCTL32.dll
0x00007ffd6c1b0000 - 0x00007ffd6c1d2000 	C:\WINDOWS\System32\win32u.dll
0x00007ffd6c740000 - 0x00007ffd6c76a000 	C:\WINDOWS\System32\GDI32.dll
0x00007ffd6e240000 - 0x00007ffd6e2de000 	C:\WINDOWS\System32\msvcrt.dll
0x00007ffd6c0a0000 - 0x00007ffd6c1ab000 	C:\WINDOWS\System32\gdi32full.dll
0x00007ffd6c3a0000 - 0x00007ffd6c43d000 	C:\WINDOWS\System32\msvcp_win.dll
0x00007ffd6e350000 - 0x00007ffd6e380000 	C:\WINDOWS\System32\IMM32.DLL
0x00007ffd28040000 - 0x00007ffd280dd000 	C:\Program Files\Android\Android Studio\jre\bin\msvcp140.dll
0x00007ffd1bd90000 - 0x00007ffd1c875000 	C:\Program Files\Android\Android Studio\jre\bin\server\jvm.dll
0x00007ffd6e060000 - 0x00007ffd6e10e000 	C:\WINDOWS\System32\ADVAPI32.dll
0x00007ffd6cf40000 - 0x00007ffd6cfdc000 	C:\WINDOWS\System32\sechost.dll
0x00007ffd6cb30000 - 0x00007ffd6cc55000 	C:\WINDOWS\System32\RPCRT4.dll
0x00007ffd6c730000 - 0x00007ffd6c738000 	C:\WINDOWS\System32\PSAPI.DLL
0x00007ffd53210000 - 0x00007ffd53237000 	C:\WINDOWS\SYSTEM32\WINMM.dll
0x00007ffd52db0000 - 0x00007ffd52db9000 	C:\WINDOWS\SYSTEM32\WSOCK32.dll
0x00007ffd5b750000 - 0x00007ffd5b75a000 	C:\WINDOWS\SYSTEM32\VERSION.dll
0x00007ffd6e2e0000 - 0x00007ffd6e34b000 	C:\WINDOWS\System32\WS2_32.dll
0x00007ffd6a3e0000 - 0x00007ffd6a3f2000 	C:\WINDOWS\SYSTEM32\kernel.appcore.dll
0x00007ffd61800000 - 0x00007ffd61811000 	C:\Program Files\Android\Android Studio\jre\bin\verify.dll
0x00007ffd6a110000 - 0x00007ffd6a2f4000 	C:\WINDOWS\SYSTEM32\DBGHELP.DLL
0x00007ffd56f20000 - 0x00007ffd56f4c000 	C:\WINDOWS\SYSTEM32\dbgcore.DLL
0x00007ffd6c440000 - 0x00007ffd6c4c2000 	C:\WINDOWS\System32\bcryptPrimitives.dll
0x00007ffd3bf40000 - 0x00007ffd3bf69000 	C:\Program Files\Android\Android Studio\jre\bin\java.dll
0x00007ffd67340000 - 0x00007ffd6734b000 	C:\Program Files\Android\Android Studio\jre\bin\jimage.dll
0x00007ffd3bf20000 - 0x00007ffd3bf38000 	C:\Program Files\Android\Android Studio\jre\bin\zip.dll
0x00007ffd6d160000 - 0x00007ffd6d8a4000 	C:\WINDOWS\System32\SHELL32.dll
0x00007ffd698a0000 - 0x00007ffd6a034000 	C:\WINDOWS\SYSTEM32\windows.storage.dll
0x00007ffd6c7d0000 - 0x00007ffd6cb24000 	C:\WINDOWS\System32\combase.dll
0x00007ffd6b440000 - 0x00007ffd6b470000 	C:\WINDOWS\SYSTEM32\Wldp.dll
0x00007ffd6e380000 - 0x00007ffd6e42d000 	C:\WINDOWS\System32\SHCORE.dll
0x00007ffd6cd40000 - 0x00007ffd6cd95000 	C:\WINDOWS\System32\shlwapi.dll
0x00007ffd6bad0000 - 0x00007ffd6baef000 	C:\WINDOWS\SYSTEM32\profapi.dll
0x00007ffd3bf00000 - 0x00007ffd3bf1a000 	C:\Program Files\Android\Android Studio\jre\bin\net.dll
0x00007ffd5c190000 - 0x00007ffd5c29a000 	C:\WINDOWS\SYSTEM32\WINHTTP.dll
0x00007ffd6b220000 - 0x00007ffd6b28a000 	C:\WINDOWS\system32\mswsock.dll
0x00007ffd3bee0000 - 0x00007ffd3bef4000 	C:\Program Files\Android\Android Studio\jre\bin\nio.dll
0x00007ffd22a40000 - 0x00007ffd22a67000 	C:\Users\HP\.gradle\native\e1d6ef7f7dcc3fd88c89a11ec53ec762bb8ba0a96d01ffa2cd45eb1d1d8dd5c5\windows-amd64\native-platform.dll
0x00007ffd22200000 - 0x00007ffd22344000 	C:\Users\HP\.gradle\native\5664cfc778a61ccfe75a443a1ab52a65af34e5dc3c78e0209fed803814484fcb\windows-amd64\native-platform-file-events.dll
0x00007ffd672c0000 - 0x00007ffd672ca000 	C:\Program Files\Android\Android Studio\jre\bin\management.dll
0x00007ffd615d0000 - 0x00007ffd615dd000 	C:\Program Files\Android\Android Studio\jre\bin\management_ext.dll
0x00007ffd6b480000 - 0x00007ffd6b498000 	C:\WINDOWS\SYSTEM32\CRYPTSP.dll
0x00007ffd6abc0000 - 0x00007ffd6abf4000 	C:\WINDOWS\system32\rsaenh.dll
0x00007ffd6bcf0000 - 0x00007ffd6bd17000 	C:\WINDOWS\System32\bcrypt.dll
0x00007ffd6ba50000 - 0x00007ffd6ba7e000 	C:\WINDOWS\SYSTEM32\USERENV.dll
0x00007ffd6b3b0000 - 0x00007ffd6b3bc000 	C:\WINDOWS\SYSTEM32\CRYPTBASE.dll
0x00007ffd6af30000 - 0x00007ffd6af6b000 	C:\WINDOWS\SYSTEM32\IPHLPAPI.DLL
0x00007ffd6dea0000 - 0x00007ffd6dea8000 	C:\WINDOWS\System32\NSI.dll
0x00007ffd57610000 - 0x00007ffd57627000 	C:\WINDOWS\SYSTEM32\dhcpcsvc6.DLL
0x00007ffd5b7f0000 - 0x00007ffd5b80d000 	C:\WINDOWS\SYSTEM32\dhcpcsvc.DLL
0x00007ffd6af70000 - 0x00007ffd6b03a000 	C:\WINDOWS\SYSTEM32\DNSAPI.dll

dbghelp: loaded successfully - version: 4.0.5 - missing functions: none
symbol engine: initialized successfully - sym options: 0x614 - pdb path: .;C:\Program Files\Android\Android Studio\jre\bin;C:\WINDOWS\SYSTEM32;C:\Program Files\AVG\Antivirus;C:\WINDOWS\WinSxS\amd64_microsoft.windows.common-controls_6595b64144ccf1df_6.0.19041.1110_none_60b5254171f9507e;C:\Program Files\Android\Android Studio\jre\bin\server;C:\Users\HP\.gradle\native\e1d6ef7f7dcc3fd88c89a11ec53ec762bb8ba0a96d01ffa2cd45eb1d1d8dd5c5\windows-amd64;C:\Users\HP\.gradle\native\5664cfc778a61ccfe75a443a1ab52a65af34e5dc3c78e0209fed803814484fcb\windows-amd64

VM Arguments:
jvm_args: --add-opens=java.base/java.util=ALL-UNNAMED --add-opens=java.base/java.lang=ALL-UNNAMED --add-opens=java.base/java.lang.invoke=ALL-UNNAMED --add-opens=java.base/java.util=ALL-UNNAMED --add-opens=java.prefs/java.util.prefs=ALL-UNNAMED --add-opens=java.prefs/java.util.prefs=ALL-UNNAMED --add-opens=java.base/java.nio.charset=ALL-UNNAMED --add-opens=java.base/java.net=ALL-UNNAMED --add-opens=java.base/java.util.concurrent.atomic=ALL-UNNAMED -Xmx2048m -Dfile.encoding=UTF-8 -Duser.country=US -Duser.language=en -Duser.variant 
java_command: org.gradle.launcher.daemon.bootstrap.GradleDaemon 7.3.3
java_class_path (initial): C:\Users\HP\.gradle\wrapper\dists\gradle-7.3.3-bin\6a41zxkdtcxs8rphpq6y0069z\gradle-7.3.3\lib\gradle-launcher-7.3.3.jar
Launcher Type: SUN_STANDARD

[Global flags]
     intx CICompilerCount                          = 4                                         {product} {ergonomic}
     uint ConcGCThreads                            = 2                                         {product} {ergonomic}
     uint G1ConcRefinementThreads                  = 8                                         {product} {ergonomic}
   size_t G1HeapRegionSize                         = 1048576                                   {product} {ergonomic}
    uintx GCDrainStackTargetSize                   = 64                                        {product} {ergonomic}
   size_t InitialHeapSize                          = 134217728                                 {product} {ergonomic}
   size_t MarkStackSize                            = 4194304                                   {product} {ergonomic}
   size_t MaxHeapSize                              = 2147483648                                {product} {command line}
   size_t MaxNewSize                               = 1287651328                                {product} {ergonomic}
   size_t MinHeapDeltaBytes                        = 1048576                                   {product} {ergonomic}
    uintx NonNMethodCodeHeapSize                   = 5836300                                {pd product} {ergonomic}
    uintx NonProfiledCodeHeapSize                  = 122910970                              {pd product} {ergonomic}
    uintx ProfiledCodeHeapSize                     = 122910970                              {pd product} {ergonomic}
    uintx ReservedCodeCacheSize                    = 251658240                              {pd product} {ergonomic}
     bool SegmentedCodeCache                       = true                                      {product} {ergonomic}
     bool UseCompressedClassPointers               = true                                 {lp64_product} {ergonomic}
     bool UseCompressedOops                        = true                                 {lp64_product} {ergonomic}
     bool UseG1GC                                  = true                                      {product} {ergonomic}
     bool UseLargePagesIndividualAllocation        = false                                  {pd product} {ergonomic}

Logging:
Log output configuration:
 #0: stdout all=warning uptime,level,tags
 #1: stderr all=off uptime,level,tags

Environment Variables:
JAVA_HOME=C:\Program Files\Java\jdk-18.0.1.1
PATH=;;;;;C:\Program Files\Common Files\Oracle\Java\javapath;C:\Program Files (x86)\Common Files\Intel\Shared Libraries\redist\intel64_win\compiler;C:\Windows\system32;C:\Windows;C:\Windows\System32\Wbem;C:\Windows\System32\WindowsPowerShell\v1.0\;C:\Windows\System32\OpenSSH\;C:\Program Files\NVIDIA Corporation\NVIDIA NvDLISR;C:\Users\HP\anaconda3;C:\Users\HP\anaconda3\Library\mingw-w64\bin;C:\Users\HP\anaconda3\Library\usr\bin;C:\Users\HP\anaconda3\Library\bin;C:\Users\HP\anaconda3\Scripts;C:\Program Files (x86)\Microsoft Visual Studio\Shared\Python37_64;C:\adb;C:\Program Files\Java\jdk-15.0.2\bin;C:\Program Files\Git\cmd;C:\WINDOWS\system32;C:\WINDOWS;C:\WINDOWS\System32\Wbem;C:\WINDOWS\System32\WindowsPowerShell\v1.0\;C:\WINDOWS\System32\OpenSSH\;C:\Program Files\Docker\Docker\resources\bin;C:\ProgramData\DockerDesktop\version-bin;C:\Program Files\MongoDB\Server\5.0\bin;C:\Users\HP\AppData\Local\Programs\Python\Python310\Scripts;C:\Program Files\dotnet\;C:\Program Files\Cloudflare\Cloudflare WARP\;C:\Program Files\JetBrains\IntelliJ IDEA Community Edition 2020.3.2\bin;;C:\Users\HP\AppData\Local\Microsoft\WindowsApps;C:\AdditionalPackages\protoc\bin;C:\Program Files (x86)\Dev-Cpp\MinGW64\bin;C:\Program Files\heroku\bin;C:\Program Files (x86)\Java\jre1.8.0_331\bin;C:\Program Files (x86)\Java\jre1.8.0_202\bin;C:\Users\HP\.dotnet\tools;C:\Program Files\Java\jdk-18.0.1.1\bin;C:\Users\HP\AppData\Roaming\Microsoft\Windows\Start Menu\Programs\Python 3.9;C:\Users\HP\AppData\Local\Programs\Python\Python39\;C:\Users\HP\AppData\Local\Programs\Python\Python39\Scripts\;
USERNAME=HP
OS=Windows_NT
PROCESSOR_IDENTIFIER=Intel64 Family 6 Model 142 Stepping 10, GenuineIntel



---------------  S Y S T E M  ---------------

OS: Windows 10 , 64 bit Build 19041 (10.0.19041.1889)
OS uptime: 3 days 10:35 hours
Hyper-V role detected

CPU:total 8 (initial active 8) (4 cores per cpu, 2 threads per core) family 6 model 142 stepping 10 microcode 0xe0, cmov, cx8, fxsr, mmx, sse, sse2, sse3, ssse3, sse4.1, sse4.2, popcnt, avx, avx2, aes, clmul, erms, 3dnowpref, lzcnt, ht, tsc, tscinvbit, bmi1, bmi2, adx, fma

Memory: 4k page, system-wide physical 8083M (488M free)
TotalPageFile size 29887M (AvailPageFile size 36M)
current process WorkingSet (physical memory assigned to process): 350M, peak: 352M
current process commit charge ("private bytes"): 397M, peak: 431M

vm_info: OpenJDK 64-Bit Server VM (11.0.12+7-b1504.28-7817840) for windows-amd64 JRE (11.0.12+7-b1504.28-7817840), built on Oct 13 2021 22:12:33 by "builder" with MS VC++ 14.0 (VS2015)

END.
